# INSTANCE: InstancesTDTSP/inst_50_7_TW.txt InstancesTDTSP/tdtsp_bench_255_6h00_12h30_mirrored.txt
# ALGORITHM: TSP MEDIAN NOOVERLAP RESTART
# NUMBER OF VISITS: 50
# NUMBER OF TIME WINDOWS: 130
# TIME LIMIT: 7200
* 0.01 23986 25195
* 0.02 23885 25061
* 0.11 23848 25027
* 0.11 23757 24999
* 0.15 23707 24895
* 0.19 23601 24612
* 0.21 23577 24583
* 0.22 23267 24341
* 0.22 23258 24396
* 0.23 23221 24361
* 0.23 23208 24315
* 0.26 23193 24298
* 0.26 23116 24169
* 1.6 23105 24218
* 677.59 23101 24359
* 677.69 23045 24292
* 677.76 23022 24291
* 677.79 23015 24288
* 677.84 22998 24280
* 677.89 22985 24230
* 683.01 22981 24224
* 686.82 22975 24227
# SOLUTION FOUND
# OPTIMALITY NOT PROVED
# BEST TSP SOLUTION: 22975
# NUMBER OF BRANCHES: 230518285
# END TIME: 7200.01
## Solution with TDTSP times: 
50
121 0
46 189
38 533
229 837
42 1176
120 1536
216 2052
30 2303
119 2553
215 3005
26 3459
245 3784
237 4217
207 5565
66 6646
209 7202
128 7654
210 8101
84 8286
67 8887
71 9309
77 9629
83 9997
149 10343
158 10426
145 10885
153 11169
146 11366
160 11697
152 12068
48 12925
124 13248
36 13675
64 13938
232 14148
35 14699
87 15448
102 16305
249 17151
139 18494
9 19057
110 19404
113 19918
13 20251
2 20616
17 21101
0 21512
247 21835
11 23090
54 23971
# BEST TD SOLUTION: 24227
