# INSTANCE: InstancesTDTSP/inst_100_15_TW.txt InstancesTDTSP/tdtsp_bench_255_6h00_12h30_mirrored.txt
# ALGORITHM: TSP MEDIAN NOOVERLAP RESTART
# NUMBER OF VISITS: 100
# NUMBER OF TIME WINDOWS: 130
# TIME LIMIT: 7200
* 0.01 45044 46800
* 0.02 44821 46800
* 0.06 44563 46800
* 0.21 43625 45975
* 0.3 43585 45835
* 9.71 43553 45835
* 9.71 43513 45835
* 9.72 43510 45835
* 9.72 43508 45835
* 9.72 43492 45835
* 9.73 43478 45835
* 9.73 43467 45835
* 9.74 43461 45835
* 9.76 43360 45803
* 9.77 43335 45807
* 9.77 43220 45803
* 9.78 43110 45648
* 9.78 43091 45629
* 9.8 43070 45629
* 9.8 43067 45629
* 9.82 43037 45629
* 9.83 43035 45629
* 9.86 43024 45521
* 10.01 43019 45629
* 10.01 42895 45518
* 10.06 42851 45393
* 10.11 42830 45151
* 10.15 42791 45156
* 10.22 42700 45014
* 10.65 42668 45057
* 10.89 42662 45040
* 11.24 42610 45047
* 11.78 42590 45051
* 11.81 42556 44904
* 11.82 42550 44904
* 12.12 42413 44725
* 12.13 42405 44676
* 12.29 42352 44538
* 13.13 42228 44425
* 13.19 42223 44614
* 13.48 42172 44490
* 13.49 42153 44400
* 13.49 42151 44380
* 13.5 42149 44374
* 18.5 42096 44086
* 18.61 42092 44050
# SOLUTION FOUND
# OPTIMALITY NOT PROVED
# BEST TSP SOLUTION: 42092
# NUMBER OF BRANCHES: 210631122
# END TIME: 7200
## Solution with TDTSP times: 
100
209 0
205 336
202 679
82 1034
69 1328
70 1589
78 1964
85 2203
81 2474
75 2811
131 3277
71 3764
183 4171
221 4630
226 5156
240 5329
68 5923
66 6260
241 6723
203 7209
206 7745
211 8182
235 8568
22 9127
118 9437
233 9729
25 10027
246 10549
29 10964
30 11446
216 11599
220 12018
119 12233
252 12664
93 13123
238 13477
90 13568
97 13915
105 14213
91 14792
101 15266
98 15617
100 15835
88 16195
99 16752
57 17165
124 17464
36 17781
64 17995
59 18420
123 18955
45 19278
19 19594
219 19949
61 20524
230 20642
39 20898
127 21302
121 21693
40 21980
31 22225
86 22338
34 22547
54 22803
166 23194
37 23547
167 23772
156 24084
163 24354
146 24831
147 25155
181 25705
186 26107
173 26490
182 26892
184 27401
178 28022
180 28229
179 28561
18 28989
113 29238
7 29604
12 29903
108 30065
8 30301
115 30668
4 31224
247 31953
109 32190
239 32772
138 33493
250 34252
114 34619
224 35479
117 37333
196 37950
199 39997
51 40942
227 41286
35 41585
# BEST TD SOLUTION: 44050
