# INSTANCE: InstancesTDTSP/inst_20_9_TW.txt InstancesTDTSP/tdtsp_bench_255_6h00_12h30_mirrored.txt
# ALGORITHM: TSP MEDIAN NOOVERLAP RESTART
# NUMBER OF VISITS: 20
# NUMBER OF TIME WINDOWS: 130
# TIME LIMIT: 3600
* 0.01 26791 -1
* 0.01 17006 -1
* 0.01 15725 -1
* 0.01 15319 -1
* 0.02 15196 -1
* 0.02 15148 -1
* 0.02 15119 -1
* 0.02 15051 -1
* 0.03 15050 -1
* 0.03 14824 -1
* 0.03 14807 -1
* 0.28 14735 -1
* 0.51 14655 -1
# SOLUTION FOUND
# OPTIMALITY PROVED
# BEST TSP SOLUTION: 14655
# NUMBER OF BRANCHES: 87100
# END TIME: 1.85
## Solution with TDTSP times: 
20
34 0
65 472
72 950
70 1399
77 1922
49 2764
39 3082
119 3747
22 4371
218 4898
