# INSTANCE: InstancesTDTSP/inst_100_20_TW.txt InstancesTDTSP/tdtsp_bench_255_6h00_12h30_10p_ti_mirrored.txt
# ALGORITHM: TSP MEDIAN NOOVERLAP RESTART
# NUMBER OF VISITS: 100
# NUMBER OF TIME WINDOWS: 130
# TIME LIMIT: 7200
* 0.01 70591 50088
* 0.01 58070 48425
* 0.02 47719 50139
* 0.02 47179 49333
* 0.02 46876 49203
* 0.05 45927 48199
* 0.06 45554 48199
* 0.08 45519 48199
* 0.09 45301 48199
* 0.11 45292 48199
* 0.11 45216 48176
* 0.13 44720 46800
* 0.13 44669 46800
* 0.14 44593 46800
* 0.2 44578 46800
* 1.11 44474 46800
* 1.11 44438 46800
* 1.12 44315 46800
* 1.12 44208 46800
* 1.14 43709 46496
* 1.14 43703 46568
* 1.15 43504 46496
* 1.15 43486 46306
* 1.15 43394 46306
* 1.18 43353 46306
* 1.2 43284 46221
* 1.23 43252 46185
* 1.24 43232 46239
* 1.26 43156 46170
* 1.27 42998 46170
* 1.27 42952 45796
* 1.28 42896 45833
* 1.3 42541 45633
* 1.31 42446 45428
* 1.31 42346 45265
* 1.32 42294 45209
* 1.35 42274 45209
* 1.35 42252 45209
* 1.4 42251 45209
* 1.41 42216 45209
* 1.41 42204 45209
* 1.47 42046 44830
* 1.52 41954 44746
* 1.64 41952 44746
* 1.67 41790 44396
* 1.75 41788 44399
* 1.8 41786 44394
* 1.8 41784 44381
* 1.84 41751 44344
* 1.94 41711 44391
* 2 41709 44391
* 2.13 41686 44307
* 2.16 41667 44296
* 2.31 41621 44217
* 2.35 41584 44053
* 2.35 41583 44027
* 2.37 41562 44028
* 2.38 41465 43897
* 2.42 41373 43797
* 2.43 41371 43839
* 2.46 41369 43830
* 2.53 41276 43687
* 2.55 41233 43515
* 8.07 41191 43516
* 8.12 41178 43302
* 8.75 41100 42936
* 8.81 41098 42936
* 8.92 41074 42876
* 9.04 41022 42817
* 9.11 40982 42769
* 9.12 40978 42763
* 9.13 40969 42784
* 9.46 40926 42817
* 9.52 40913 42841
* 10.64 40863 42660
* 10.71 40862 42453
* 10.78 40826 42482
* 10.8 40786 42450
* 10.81 40782 42448
* 10.84 40767 42426
* 10.85 40685 41953
* 10.92 40566 42003
* 11.11 40545 42023
* 11.16 40520 41952
* 11.63 40518 41939
* 12.27 40476 41813
* 12.53 40469 41748
* 13.13 40286 41245
* 13.22 40241 41218
* 174.06 40227 41319
* 174.06 40192 41086
* 174.06 40158 41132
* 174.09 40070 41221
* 174.16 40062 41221
* 174.2 40060 41221
* 174.23 39994 41127
* 174.25 39723 40834
* 174.54 39682 40917
* 174.56 39680 40911
* 174.61 39671 41034
# SOLUTION FOUND
# OPTIMALITY NOT PROVED
# BEST TSP SOLUTION: 39671
# NUMBER OF BRANCHES: 199580148
# END TIME: 7200
## Solution with TDTSP times: 
100
101 0
134 345
105 606
87 833
97 1227
89 1632
91 1950
133 2790
103 3600
199 4347
35 5343
228 6039
33 6231
64 6592
232 6953
62 7616
135 8043
57 8239
123 8811
23 9149
231 9722
49 9950
140 10277
167 10651
163 10978
165 11308
156 11917
151 12493
162 12731
153 13071
154 13327
149 13668
158 13907
191 14170
46 14549
229 14844
122 14956
47 15254
40 15586
44 15795
52 16115
127 16462
86 16982
34 17207
63 17477
53 17673
75 18002
81 18220
79 18379
74 18677
213 18945
84 19366
78 19611
206 19890
82 20224
69 20379
73 20763
76 21068
209 21387
202 21656
222 22075
224 22828
9 23595
250 23736
10 24095
112 24454
7 24678
12 25065
6 25353
4 25602
106 26012
107 26287
136 26667
0 27331
247 27627
225 28810
18 29148
179 29506
193 29885
176 30064
182 30437
195 30690
212 31122
129 31921
128 32249
120 32693
220 33003
252 33189
251 33504
216 33781
118 34138
25 34544
233 34774
244 35123
249 35947
93 37178
200 38072
29 38488
117 39044
94 39707
# BEST TD SOLUTION: 41034
