# INSTANCE: InstancesTDTSP/inst_50_16_TW.txt InstancesTDTSP/tdtsp_bench_255_6h00_12h30_10p_ti_mirrored.txt
# ALGORITHM: TSP MEDIAN NOOVERLAP RESTART
# NUMBER OF VISITS: 50
# NUMBER OF TIME WINDOWS: 130
# TIME LIMIT: 7200
* 0 26897 28296
* 0.01 26684 28083
* 0.04 26500 28006
* 0.21 26464 28029
* 0.21 26285 27841
* 0.21 26145 27639
* 0.22 25619 26888
* 0.22 25586 26875
* 0.22 25555 26566
* 0.23 25471 26774
* 0.23 25437 26677
* 0.24 25420 26416
* 0.24 25399 26285
* 0.24 25055 26389
* 0.24 24956 26283
* 0.25 23788 25416
* 0.26 23343 24769
* 0.28 23338 24769
* 0.28 23334 24755
* 0.42 23174 24621
* 0.42 23085 24583
* 0.44 23078 24605
* 0.44 23007 24543
# SOLUTION FOUND
# OPTIMALITY NOT PROVED
# BEST TSP SOLUTION: 23007
# NUMBER OF BRANCHES: 315825481
# END TIME: 7200
## Solution with TDTSP times: 
50
163 0
160 318
162 556
122 980
231 1362
61 1629
42 2125
254 2625
31 2888
217 3293
118 3728
245 4221
252 4848
251 5294
253 5779
23 6496
97 7349
104 7775
100 8525
227 9302
232 10227
56 10835
49 11258
157 11790
149 12072
189 12309
24 12893
85 13435
77 13751
213 14017
183 14424
169 14736
194 15475
113 15854
10 16204
5 16479
110 16656
2 17057
107 17429
109 18018
106 18459
138 19087
205 20154
206 20453
235 20825
21 21231
249 21869
197 22559
93 23422
19 23950
# BEST TD SOLUTION: 24543
