# INSTANCE: InstancesTDTSP/inst_20_15_TW.txt InstancesTDTSP/tdtsp_bench_255_6h00_12h30_mirrored.txt
# ALGORITHM: TSP MEDIAN NOOVERLAP RESTART
# NUMBER OF VISITS: 20
# NUMBER OF TIME WINDOWS: 130
# TIME LIMIT: 3600
* 0 17471 -1
* 0.01 16229 -1
* 0.03 16028 -1
* 0.05 15999 -1
* 0.07 15974 -1
# SOLUTION FOUND
# OPTIMALITY PROVED
# BEST TSP SOLUTION: 15974
# NUMBER OF BRANCHES: 23762
# END TIME: 0.19
## Solution with TDTSP times: 
20
234 0
62 647
124 1013
119 1737
200 2198
37 3097
156 3841
160 4297
145 4994
176 5784
247 7383
226 9074
222 9546
