# INSTANCE: InstancesTDTSP/inst_20_11_TW.txt InstancesTDTSP/tdtsp_bench_255_6h00_12h30_10p_ti_mirrored.txt
# ALGORITHM: TSP MEDIAN NOOVERLAP RESTART
# NUMBER OF VISITS: 20
# NUMBER OF TIME WINDOWS: 130
# TIME LIMIT: 3600
* 0 16285 16963
# SOLUTION FOUND
# OPTIMALITY PROVED
# BEST TSP SOLUTION: 16285
# NUMBER OF BRANCHES: 1327
# END TIME: 0.01
## Solution with TDTSP times: 
20
215 0
233 332
120 695
44 941
38 1356
43 1561
81 2110
75 2434
241 3223
68 3714
129 4823
74 5282
153 6276
48 7695
250 9987
137 10841
88 12864
101 13465
11 15089
177 15946
# BEST TD SOLUTION: 16963
