Horizon 148320
# INSTANCE: InstancesTDTSP/inst_20_4_TW.txt DATA_TDTSP/tdtsp_bench_255_6h00_12h30_10p_ti_mirrored.txt
# ALGORITHM: TSP MEDIAN NOOVERLAP RESTART
# NUMBER OF VISITS: 20
# NUMBER OF TIME WINDOWS: 130
# TIME LIMIT: 3600
* 0.002 75379 78206
* 0.002 12512 74160
# SOLUTION FOUND
# OPTIMALITY PROVED
# BEST TSP SOLUTION: 12512
# NUMBER OF BRANCHES: 261534
# END TIME: 4.8
## Solution with TDTSP times: 
20
198 0
118 694
254 1036
42 1490
38 1732
40 2108
187 2628
155 2926
79 3512
71 3908
206 4839
203 5677
240 6526
108 7836
6 8252
136 9203
152 11337
88 12502
199 12990
91 13790
# BEST TD SOLUTION: 74160
