# INSTANCE: InstancesTDTSP/inst_30_17_TW.txt InstancesTDTSP/tdtsp_bench_255_6h00_12h30_10p_ti_mirrored.txt
# ALGORITHM: TSP MEDIAN NOOVERLAP RESTART
# NUMBER OF VISITS: 30
# NUMBER OF TIME WINDOWS: 130
# TIME LIMIT: 3600
* 0.01 18450 -1
* 0.01 17493 -1
* 0.01 17090 -1
* 0.02 17035 -1
* 0.03 16964 -1
* 2467.27 16876 -1
* 2467.65 16784 -1
* 2467.68 16724 -1
* 2467.75 16716 -1
* 2467.75 16644 -1
* 2679.03 16546 -1
* 2679.03 16518 -1
* 2679.04 16472 -1
* 2679.05 16464 -1
# SOLUTION FOUND
# OPTIMALITY PROVED
# BEST TSP SOLUTION: 16464
# NUMBER OF BRANCHES: 166959693
# END TIME: 3128.43
## Solution with TDTSP times: 
30
27 0
86 398
47 660
45 1161
219 1509
35 2357
51 2599
55 3462
90 4260
246 5578
233 6105
198 7059
207 8153
209 8967
85 9503
80 9719
189 10159
159 11252
150 11861
