# INSTANCE: InstancesTDTSP/inst_50_1_TW.txt InstancesTDTSP/tdtsp_bench_255_6h00_12h30_10p_ti_mirrored.txt
# ALGORITHM: TSP MEDIAN NOOVERLAP RESTART
# NUMBER OF VISITS: 50
# NUMBER OF TIME WINDOWS: 130
# TIME LIMIT: 7200
* 0.01 23985 25184
* 0.01 23261 24454
* 0.02 23210 24362
* 0.02 23168 24337
* 0.04 23146 24293
* 0.06 23104 24315
* 0.06 22987 24235
* 0.06 22958 24245
* 0.07 22848 24141
* 0.07 22801 24093
* 0.07 22796 24049
* 0.08 22756 23999
# SOLUTION FOUND
# OPTIMALITY PROVED
# BEST TSP SOLUTION: 22756
# NUMBER OF BRANCHES: 3969
# END TIME: 0.08
## Solution with TDTSP times: 
50
231 0
58 317
123 608
19 787
124 1070
36 1446
64 1658
62 1952
99 2516
105 3229
119 4389
215 4938
233 5416
26 5868
237 6507
22 7034
27 7519
52 8345
43 8655
126 9043
46 9399
140 9951
167 10413
163 10786
141 11204
165 11521
151 12122
158 12512
75 13044
210 13334
214 13633
208 13888
213 14154
183 14427
169 14903
178 15168
181 15534
212 15962
185 16500
113 17480
10 17868
16 18202
4 18654
1 18913
136 19516
132 20421
203 20849
73 21274
204 21556
227 23044
# BEST TD SOLUTION: 23999
