# INSTANCE: InstancesTDTSP/inst_20_10_TW.txt InstancesTDTSP/tdtsp_bench_255_6h00_12h30_20p_ti_mirrored.txt
# ALGORITHM: TSP MEDIAN NOOVERLAP RESTART
# NUMBER OF VISITS: 20
# NUMBER OF TIME WINDOWS: 130
# TIME LIMIT: 3600
* 0.01 71594 19121
* 0.01 15719 33194
# SOLUTION FOUND
# OPTIMALITY PROVED
# BEST TSP SOLUTION: 15719
# NUMBER OF BRANCHES: 1341
# END TIME: 0.01
## Solution with TDTSP times: 
20
60 0
231 435
123 737
23 1082
135 1429
48 1772
55 2179
134 3043
105 3277
100 4455
50 5727
228 6617
142 11830
216 12710
153 13323
4 14445
89 27359
91 27765
196 30822
182 32142
# BEST TD SOLUTION: 33194
