# INSTANCE: InstancesTDTSP/inst_50_9_TW.txt InstancesTDTSP/tdtsp_bench_255_6h00_12h30_20p_ti_mirrored.txt
# ALGORITHM: TSP MEDIAN NOOVERLAP RESTART
# NUMBER OF VISITS: 50
# NUMBER OF TIME WINDOWS: 130
# TIME LIMIT: 7200
* 0.01 181592 24275
* 0.01 23791 25582
* 0.01 23120 24945
* 0.02 23035 24814
* 0.02 22901 24661
* 0.03 22782 24615
* 0.03 22737 24636
* 0.18 22709 24572
* 0.18 22635 24673
* 0.18 22616 24705
* 0.19 22598 24670
* 0.2 22583 24657
* 0.21 22531 24491
* 0.21 22517 24412
* 0.22 22298 24244
* 0.23 22297 24239
* 0.24 22266 24239
* 0.26 22111 24111
* 0.27 22110 24017
* 0.28 21844 23824
* 0.32 21809 23865
* 0.34 21795 23812
* 0.35 21731 23568
* 1.52 21678 23433
* 1.56 21665 23537
* 1.56 21643 23489
* 1.58 21638 23491
* 1.58 21624 23481
* 1.62 21619 23631
* 1.64 21579 23664
* 1.65 21447 23686
* 1.85 21444 23624
* 1.85 21370 23532
* 1.93 21241 23367
* 1.94 21158 23222
* 1.94 21144 23133
* 1.95 21124 23253
* 2.59 21116 23305
* 2.61 21091 23252
* 2.64 20954 23119
* 2.64 20940 23067
* 2.65 20859 22933
* 17.38 20829 22751
* 17.39 20776 22751
* 17.42 20686 22434
* 18.9 20653 22664
* 19.06 20643 22502
# SOLUTION FOUND
# OPTIMALITY NOT PROVED
# BEST TSP SOLUTION: 20643
# NUMBER OF BRANCHES: 206715209
# END TIME: 7200
## Solution with TDTSP times: 
50
36 0
232 429
51 921
199 1368
100 1642
103 2049
104 2974
89 3821
105 4441
92 5298
55 5802
135 6022
219 6688
45 7402
42 7824
38 8406
121 8700
65 9046
63 9531
226 10621
129 11515
79 11899
74 12212
213 12383
208 12648
189 12947
155 13281
151 13626
162 14053
146 14306
190 14919
186 15601
195 15853
11 16073
176 16246
193 16554
181 16887
175 17285
18 17817
194 18053
113 18453
3 18614
137 19134
115 19735
132 20522
236 21058
237 21251
215 21538
217 21734
61 22123
# BEST TD SOLUTION: 22502
