Horizon 128800
# INSTANCE: InstancesTDTSP/inst_20_18_TW.txt DATA_TDTSP/tdtsp_bench_255_6h00_12h30_mirrored.txt
# ALGORITHM: TSP MEDIAN NOOVERLAP RESTART
# NUMBER OF VISITS: 20
# NUMBER OF TIME WINDOWS: 130
# TIME LIMIT: 3600
* 0.002 12493 70840
* 0.003 12304 70840
* 0.003 12301 70840
* 0.006 12019 71564
* 0.042 12006 71564
* 0.044 12003 71564
* 0.051 12001 71564
# SOLUTION FOUND
# OPTIMALITY PROVED
# BEST TSP SOLUTION: 12001
# NUMBER OF BRANCHES: 74306
# END TIME: 1.379
## Solution with TDTSP times: 
20
202 0
221 393
81 934
208 1265
130 1548
131 1847
83 2101
189 2586
161 3150
176 4131
172 4332
171 4655
239 5975
17 6565
9 7658
200 9066
98 10635
87 11146
230 12074
31 70840
# BEST TD SOLUTION: 71564
