# INSTANCE: InstancesTDTSP/inst_20_5_TW.txt InstancesTDTSP/tdtsp_bench_255_6h00_12h30_20p_ti_mirrored.txt
# ALGORITHM: TSP MEDIAN NOOVERLAP RESTART
# NUMBER OF VISITS: 20
# NUMBER OF TIME WINDOWS: 130
# TIME LIMIT: 3600
* 0 72269 33967
* 0 14210 32527
* 0 13866 32825
# SOLUTION FOUND
# OPTIMALITY PROVED
# BEST TSP SOLUTION: 13866
# NUMBER OF BRANCHES: 129
# END TIME: 0
## Solution with TDTSP times: 
20
82 0
204 248
241 713
211 1165
81 1673
213 2107
170 2513
40 3429
27 4024
21 4572
118 5218
215 5699
164 7256
144 7792
88 9703
16 11512
110 24857
249 30331
2 31371
137 31901
# BEST TD SOLUTION: 32825
