# INSTANCE: InstancesTDTSP/inst_100_16_TW.txt InstancesTDTSP/tdtsp_bench_255_6h00_12h30_20p_ti_mirrored.txt
# ALGORITHM: TDNOOVERLAP RESTART
# NUMBER OF VISITS: 100
# NUMBER OF TIME WINDOWS: 130
# TIME LIMIT: 7200
# EXTRACTION TIME: 284.81
* 0.09 387377
* 0.13 387372
* 2.99 387226
* 3.12 387160
* 3.22 387142
* 3.32 387118
* 3.61 386720
* 3.67 386679
* 3.75 386666
* 3.84 386638
* 3.87 386355
* 3.98 57607
* 4.13 49125
* 4.17 48544
* 4.21 48518
* 4.32 47566
* 4.46 47511
* 5.09 47406
* 5.44 47267
* 5.56 47266
* 5.72 47248
* 5.87 47245
* 6.07 46822
* 6.48 46664
* 6.86 46633
* 6.97 46591
* 7.09 46491
* 7.93 46434
* 7.99 45730
* 8.03 45382
* 8.2 45362
* 92.38 45338
* 92.43 45304
* 92.5 45084
* 92.6 45026
* 132.44 44950
* 132.48 44924
* 132.58 44773
* 132.63 44743
* 132.72 44698
* 136.63 44581
* 144.45 44554
* 144.48 44438
* 154.66 44404
* 164.49 44301
* 165.56 44290
* 177.53 44288
* 203.06 44038
* 203.24 44034
* 208.09 44030
* 297.56 43962
* 297.59 43935
* 298.06 43929
* 298.23 43924
* 298.79 43886
* 298.86 43881
* 300.19 43870
* 300.35 43770
* 301.16 43642
* 301.43 43613
* 301.73 43587
* 302.16 43572
* 302.8 43452
* 323.83 43344
* 324.07 42643
* 324.1 42633
* 324.14 42572
* 324.34 42387
* 324.41 42275
* 324.45 41780
* 324.58 41764
* 324.73 41730
* 324.85 41681
* 324.93 41674
* 325.05 41638
* 325.32 41272
* 325.36 41066
* 325.56 41045
* 325.97 40992
* 326.38 40853
* 326.46 40807
* 326.64 40653
* 326.73 40580
* 326.94 40465
* 327.46 40453
* 327.56 40440
* 327.58 40402
* 327.62 40361
* 327.84 40325
* 332.06 40323
* 332.7 40310
* 333.51 40302
* 336.45 40185
* 358.19 40153
* 358.29 40152
* 417.78 40135
* 418.1 40066
* 418.93 40013
* 418.97 39990
* 419.19 39985
* 419.4 39966
* 419.96 39925
* 420.77 39887
* 424.4 39879
* 425.18 39876
* 439.6 39858
* 467.97 39855
* 468.58 39854
* 469.52 39849
* 469.77 39848
* 474.7 39828
* 511.01 39782
* 524.93 39675
* 525.14 39647
* 529.11 39633
* 529.3 39601
* 529.33 39565
# SOLUTION FOUND
# OPTIMALITY NOT PROVED
# BEST SOLUTION: 39565
# NUMBER OF BRANCHES: 28671469
# END TIME: 7484.81
## Solution: 
100
172 0
176 208
180 629
181 1129
208 1539
131 1831
80 2063
74 2386
85 2656
210 2977
79 3365
70 3992
128 4359
24 4997
54 5432
53 5570
157 5770
149 6168
189 6394
155 6730
187 7063
151 7610
163 8084
141 8350
142 8673
152 9115
49 9615
231 9925
127 10212
43 10616
47 11036
126 11399
121 11541
65 11848
46 12086
40 12456
34 12891
76 13414
211 13610
206 13743
202 14146
66 14408
209 14781
235 15212
129 15517
254 16087
116 16318
120 16522
123 16977
45 17157
23 17482
124 17801
36 18149
125 18456
248 18639
232 18880
59 19328
48 19630
57 19944
62 20318
97 20710
105 21024
96 21687
41 22296
227 22442
50 22743
35 23111
133 23478
88 23840
90 24559
102 25001
20 25422
25 25818
244 25987
237 26164
246 26511
201 26941
207 27597
197 28539
29 28945
218 29217
253 29475
251 29820
28 30160
56 30658
162 31388
195 31981
212 32226
18 32949
14 33279
114 33511
108 33691
224 34407
12 35094
5 35595
2 36027
107 36361
1 36664
17 37386
247 37920
# BEST TD SOLUTION: 39565
