# INSTANCE: InstancesTDTSP/inst_50_14_TW.txt InstancesTDTSP/tdtsp_bench_255_6h00_12h30_mirrored.txt
# ALGORITHM: TSP MEDIAN NOOVERLAP RESTART
# NUMBER OF VISITS: 50
# NUMBER OF TIME WINDOWS: 130
# TIME LIMIT: 7200
* 0 24234 -1
* 0.01 23680 -1
* 0.02 23679 -1
* 0.26 23666 -1
* 0.28 23640 -1
* 0.29 23627 -1
* 1.71 23623 -1
* 1.72 23569 -1
* 1.73 23531 -1
* 1.75 23496 -1
* 1.77 23495 -1
# SOLUTION FOUND
# OPTIMALITY NOT PROVED
# BEST TSP SOLUTION: 23495
# NUMBER OF BRANCHES: 238076252
# END TIME: 7200
## Solution with TDTSP times: 
50
140 0
49 410
61 745
127 1142
43 1529
47 1916
126 2260
32 2597
187 3037
145 3470
153 3830
146 4225
188 4690
152 5092
53 5886
75 6193
85 6527
81 6795
80 7031
83 7391
76 8042
211 8241
73 8603
204 8818
132 9309
68 9785
240 10390
224 11297
8 12081
10 12534
112 12782
13 13120
106 13634
17 14189
111 14722
247 15147
143 16453
182 17261
178 17519
71 18105
129 18893
215 19564
119 19874
251 20085
118 20368
249 21226
20 21840
89 22647
234 23294
219 23873
73
