# INSTANCE: InstancesTDTSP/inst_20_3_TW.txt InstancesTDTSP/tdtsp_bench_255_6h00_12h30_10p_ti_mirrored.txt
# ALGORITHM: TSP MEDIAN NOOVERLAP RESTART
# NUMBER OF VISITS: 20
# NUMBER OF TIME WINDOWS: 130
# TIME LIMIT: 3600
* 0 15493 -1
* 0 15284 -1
# SOLUTION FOUND
# OPTIMALITY PROVED
# BEST TSP SOLUTION: 15284
# NUMBER OF BRANCHES: 1358
# END TIME: 0.01
## Solution with TDTSP times: 
20
199 0
48 871
242 1415
40 1786
147 2243
168 2868
177 4122
114 4825
17 5722
216 7987
200 8468
26 8686
237 9345
245 9854
29 10203
249 10881
204 11753
15 12790
139 13623
71 14567
