# INSTANCE: InstancesTDTSP/inst_100_6_TW.txt InstancesTDTSP/tdtsp_bench_255_6h00_12h30_10p_ti_mirrored.txt
# ALGORITHM: TSP MEDIAN NOOVERLAP RESTART
# NUMBER OF VISITS: 100
# NUMBER OF TIME WINDOWS: 130
# TIME LIMIT: 7200
* 0.01 59891 -1
* 0.01 59284 -1
* 0.02 58455 -1
* 0.03 41836 -1
* 0.04 41831 -1
* 0.07 41786 -1
* 0.15 41703 -1
* 0.18 41664 -1
* 0.24 41644 -1
* 0.26 41576 -1
* 0.27 41556 -1
* 0.3 41534 -1
* 0.3 41527 -1
* 0.31 41520 -1
* 0.33 41487 -1
* 0.34 41467 -1
* 0.36 41460 -1
* 0.36 41409 -1
* 0.36 41370 -1
* 0.37 41287 -1
* 0.43 41238 -1
* 0.45 41198 -1
* 0.46 41173 -1
* 0.47 41016 -1
* 0.49 40961 -1
* 0.54 40960 -1
* 0.55 40940 -1
* 0.59 40911 -1
* 0.6 40909 -1
* 0.61 40903 -1
* 0.66 40900 -1
* 0.69 40830 -1
* 0.71 40815 -1
* 1.56 40710 -1
* 1.57 40662 -1
* 1.72 40556 -1
* 1.75 40553 -1
* 1.76 40512 -1
* 1.83 40425 -1
* 1.93 40414 -1
* 7.06 40398 -1
* 7.09 40348 -1
* 7.11 40310 -1
* 7.13 40053 -1
* 7.14 40045 -1
* 7.36 40043 -1
* 7.56 40007 -1
* 7.58 39935 -1
* 7.58 39923 -1
* 7.6 39880 -1
* 7.61 39848 -1
* 7.67 39829 -1
* 7.69 39810 -1
* 7.69 39680 -1
* 7.83 39666 -1
* 7.86 39627 -1
* 8.15 39581 -1
* 8.26 39531 -1
* 8.35 39467 -1
* 8.42 39462 -1
* 8.72 39446 -1
* 8.78 39430 -1
* 9.39 39420 -1
* 9.41 39408 -1
* 9.5 39337 -1
* 9.7 39321 -1
* 9.76 39319 -1
* 9.83 39286 -1
* 11.54 39271 -1
* 12.64 39250 -1
* 14.45 39209 -1
* 17.9 39183 -1
* 19.68 39174 -1
* 78.3 39159 -1
* 96.58 39123 -1
* 115.03 39099 -1
* 256.14 39084 -1
* 265.63 39046 -1
* 266.74 39032 -1
# SOLUTION FOUND
# OPTIMALITY NOT PROVED
# BEST TSP SOLUTION: 39032
# NUMBER OF BRANCHES: 144948259
# END TIME: 7200
## Solution with TDTSP times: 
100
79 0
81 277
80 477
210 814
84 1210
70 1560
204 1779
205 1966
82 2327
221 2837
74 3528
214 3761
83 4048
128 4577
63 5228
53 5720
157 5995
189 6510
191 6998
126 7444
40 7750
47 8020
122 8283
58 8866
61 9104
230 9350
243 9580
49 9695
56 10297
36 10694
64 10919
125 11068
33 11588
228 11865
35 12428
51 12662
62 13327
55 13719
92 14105
97 14514
105 14698
133 15248
59 15783
48 16153
123 16606
220 17026
252 17340
216 17812
116 18004
86 18355
27 18633
22 18846
215 19044
118 19276
26 19535
246 19949
236 20231
237 20529
249 21200
20 21805
117 22182
89 22788
91 23285
96 23896
88 24614
234 24947
156 25798
142 26022
163 26185
188 26381
164 26613
165 26935
146 27281
161 27628
129 28534
72 28966
211 29325
203 29632
207 30135
114 31024
108 31129
2 31449
6 31605
4 31808
1 32079
139 32749
8 33362
250 33556
16 33956
13 34297
15 34670
184 35538
180 36116
178 36419
172 36774
169 37104
11 37499
174 37749
195 38061
208 38760
