Horizon 156560
# INSTANCE: InstancesTDTSP/inst_20_11_TW.txt DATA_TDTSP/tdtsp_bench_255_6h00_12h30_20p_ti_mirrored.txt
# ALGORITHM: TSP MEDIAN NOOVERLAP RESTART
# NUMBER OF VISITS: 20
# NUMBER OF TIME WINDOWS: 130
# TIME LIMIT: 3600
* 0.002 72437 78416
* 0.002 15937 76109
# SOLUTION FOUND
# OPTIMALITY PROVED
# BEST TSP SOLUTION: 15937
# NUMBER OF BRANCHES: 1361
# END TIME: 0.009
## Solution with TDTSP times: 
20
215 0
233 321
120 655
44 911
38 1308
43 1518
81 2021
75 2434
241 3275
68 3785
129 4961
74 5442
153 6509
250 8641
137 9613
48 71760
88 72409
101 72968
11 74404
177 75187
# BEST TD SOLUTION: 76109
