# INSTANCE: InstancesTDTSP/inst_10_4_TW.txt DATA_TDTSP/tdtsp_bench_255_6h00_12h30_20p_ti_mirrored.txt
# ALGORITHM: TDNOOVERLAP RESTART
# NUMBER OF VISITS: 10
# NUMBER OF TIME WINDOWS: 130
# TIME LIMIT: 60
# EXTRACTION TIME: 0.125
* 0 9111
* 0 8949
* 0 8838
* 0 8828
* 0 8788
* 0 8748
* 0 8680
* 0 8661
* 0 8016
* 0 7738
* 0 7703
* 0 7470
* 0 7455
* 0 7448
* 0 7395
# SOLUTION FOUND
# OPTIMALITY PROVED
# BEST SOLUTION: 7395
# NUMBER OF BRANCHES: 982
# END TIME: 0.125
## Solution: 
10
168 0
11 364
153 991
161 1188
155 1642
69 2101
70 2278
89 4388
39 5918
38 6295
# BEST TD SOLUTION: 7395
