# INSTANCE: InstancesTDTSP/inst_50_8_TW.txt InstancesTDTSP/tdtsp_bench_255_6h00_12h30_mirrored.txt
# ALGORITHM: TSP MEDIAN NOOVERLAP RESTART
# NUMBER OF VISITS: 50
# NUMBER OF TIME WINDOWS: 130
# TIME LIMIT: 7200
* 0.01 26218 -1
* 0.02 26117 -1
* 0.13 26064 -1
* 0.13 26049 -1
* 0.14 26033 -1
* 0.16 26002 -1
* 0.16 25855 -1
* 0.17 25854 -1
* 0.18 25759 -1
* 0.19 24587 -1
* 0.19 24243 -1
* 0.19 24154 -1
* 0.2 24125 -1
* 0.2 24124 -1
* 0.21 23992 -1
* 0.21 23905 -1
* 0.38 23860 -1
* 0.45 23808 -1
* 0.45 23674 -1
* 0.46 23646 -1
* 0.48 23613 -1
* 2.03 23611 -1
* 2.06 23471 -1
* 2.8 23463 -1
* 33.56 23460 -1
* 34.16 23458 -1
* 34.17 23393 -1
* 35.65 23391 -1
* 35.73 23390 -1
# SOLUTION FOUND
# OPTIMALITY NOT PROVED
# BEST TSP SOLUTION: 23390
# NUMBER OF BRANCHES: 228462322
# END TIME: 7200
## Solution with TDTSP times: 
50
206 0
202 369
222 782
66 1314
69 1621
129 2362
74 2637
83 3036
34 3587
53 3944
47 4637
122 4903
43 5326
229 5608
39 6018
231 6290
56 6759
60 7115
59 7829
33 8634
199 9578
96 10156
98 10875
89 11413
220 12233
216 12702
237 13093
21 13362
236 13507
201 13890
29 14305
200 14749
86 15279
164 16043
165 16338
163 16686
162 16961
192 17269
212 17699
172 18353
225 18958
18 19271
3 19621
107 20124
1 20368
115 20782
6 21183
4 21377
109 22093
143 23395
