# INSTANCE: InstancesTDTSP/inst_50_11_TW.txt InstancesTDTSP/tdtsp_bench_255_6h00_12h30_mirrored.txt
# ALGORITHM: TSP MEDIAN NOOVERLAP RESTART
# NUMBER OF VISITS: 50
# NUMBER OF TIME WINDOWS: 130
# TIME LIMIT: 7200
* 0 26100 27295
* 0.01 25559 26877
* 0.05 25229 26369
* 0.27 25184 26408
* 0.29 25126 26424
* 0.29 25052 26337
* 0.31 25029 26339
* 1.93 24896 26137
* 1.97 24845 26109
* 2.26 24819 25858
* 2.36 24640 25854
# SOLUTION FOUND
# OPTIMALITY NOT PROVED
# BEST TSP SOLUTION: 24640
# NUMBER OF BRANCHES: 254677879
# END TIME: 7200
## Solution with TDTSP times: 
50
102 0
93 188
90 331
135 948
57 1233
64 1706
228 1979
35 2396
199 3122
101 3840
91 4543
134 5201
252 6225
254 6792
24 7253
54 7661
157 7889
47 8477
127 8639
122 8880
229 9222
230 9524
152 10009
150 10441
192 10996
208 11499
168 11740
173 12181
175 12767
183 13158
78 13726
72 14106
206 14374
205 14606
22 15315
29 15981
198 16459
207 17209
223 18847
9 19710
14 20245
114 20412
7 20705
18 21214
194 21540
239 21883
17 22378
15 22901
247 23268
56 24810
# BEST TD SOLUTION: 25854
