# INSTANCE: InstancesTDTSP/inst_30_12_TW.txt InstancesTDTSP/tdtsp_bench_255_6h00_12h30_mirrored.txt
# ALGORITHM: TSP MEDIAN NOOVERLAP RESTART
# NUMBER OF VISITS: 30
# NUMBER OF TIME WINDOWS: 130
# TIME LIMIT: 3600
* 0.01 17437 18346
* 0.01 16906 18173
* 3.19 16874 18155
* 3.2 16803 17954
* 3.2 16594 17785
# SOLUTION FOUND
# OPTIMALITY PROVED
# BEST TSP SOLUTION: 16594
# NUMBER OF BRANCHES: 8501673
# END TIME: 239.85
## Solution with TDTSP times: 
30
219 0
57 441
60 729
33 1184
243 1997
37 2417
150 2735
144 3189
146 3469
212 4374
174 4910
182 5288
178 5726
130 6734
81 7045
77 7513
63 8015
24 8336
200 9173
246 9771
223 11464
10 12518
7 12939
13 13293
2 13587
1 13905
15 14357
199 16142
103 16564
88 16969
# BEST TD SOLUTION: 17785
