# INSTANCE: InstancesTDTSP/inst_30_6_TW.txt InstancesTDTSP/tdtsp_bench_255_6h00_12h30_10p_ti_mirrored.txt
# ALGORITHM: TSP MEDIAN NOOVERLAP RESTART
# NUMBER OF VISITS: 30
# NUMBER OF TIME WINDOWS: 130
# TIME LIMIT: 3600
* 0.01 16866 19077
* 0.01 16687 18817
* 0.03 16645 18799
* 0.04 16581 18766
* 0.04 16516 18770
* 0.04 16307 18488
* 0.04 16291 18335
* 1.47 16217 18266
# SOLUTION FOUND
# OPTIMALITY PROVED
# BEST TSP SOLUTION: 16217
# NUMBER OF BRANCHES: 17364800
# END TIME: 460.21
## Solution with TDTSP times: 
30
230 0
37 394
43 727
42 1042
124 1541
60 1927
64 2276
159 2987
160 3712
147 4218
145 4649
170 5251
131 5737
81 6198
206 6928
82 7276
132 7803
244 8494
249 9504
26 10568
53 11380
143 12140
195 12795
11 13054
240 13851
108 14540
6 14867
103 16613
199 17154
58 18039
# BEST TD SOLUTION: 18266
