# INSTANCE: InstancesTDTSP/inst_20_3_TW.txt InstancesTDTSP/tdtsp_bench_255_6h00_12h30_mirrored.txt
# ALGORITHM: TSP MEDIAN NOOVERLAP RESTART
# NUMBER OF VISITS: 20
# NUMBER OF TIME WINDOWS: 130
# TIME LIMIT: 3600
* 0 19801 -1
* 0 16276 -1
* 0 15887 -1
* 0.01 15787 -1
# SOLUTION FOUND
# OPTIMALITY PROVED
# BEST TSP SOLUTION: 15787
# NUMBER OF BRANCHES: 4104
# END TIME: 0.05
## Solution with TDTSP times: 
20
199 0
48 941
242 1523
40 1922
216 2331
245 2740
200 3050
26 3267
29 3940
249 4729
168 6344
147 7198
237 8366
114 9815
177 10397
204 11436
17 12647
15 13039
139 13944
71 15030
