# INSTANCE: InstancesTDTSP/inst_100_7_TW.txt InstancesTDTSP/tdtsp_bench_255_6h00_12h30_mirrored.txt
# ALGORITHM: TSP MEDIAN NOOVERLAP RESTART
# NUMBER OF VISITS: 100
# NUMBER OF TIME WINDOWS: 130
# TIME LIMIT: 7200
* 0.02 70757 -1
* 0.02 47189 -1
* 0.03 47111 -1
* 0.03 47044 -1
* 0.04 47028 -1
* 0.1 46964 -1
* 0.11 46729 -1
* 0.11 46690 -1
* 0.12 46619 -1
* 0.12 46356 -1
* 0.13 46227 -1
* 0.14 46213 -1
* 0.14 45915 -1
* 0.14 45874 -1
* 0.14 45772 -1
* 0.14 45725 -1
* 0.15 45719 -1
* 0.15 45459 -1
* 0.16 45393 -1
* 0.22 45348 -1
* 0.22 45234 -1
* 0.23 45170 -1
* 0.23 45105 -1
* 0.23 44928 -1
* 0.26 44386 -1
* 0.26 44279 -1
* 0.28 44191 -1
* 0.29 44179 -1
* 0.32 44093 -1
* 0.32 44088 -1
* 0.32 43864 -1
* 0.33 43845 -1
* 0.33 43752 -1
* 0.34 43750 -1
* 0.44 43735 -1
* 0.47 43728 -1
* 0.49 43544 -1
* 0.6 43527 -1
* 0.65 43518 -1
* 0.65 43484 -1
* 0.66 43461 -1
* 0.67 43410 -1
* 0.71 43225 -1
* 6.68 43221 -1
* 6.69 43181 -1
* 7.31 43169 -1
* 7.36 43126 -1
* 8.46 43098 -1
* 8.48 43096 -1
* 8.49 43063 -1
* 8.53 43046 -1
* 8.78 43026 -1
* 8.8 42912 -1
* 9.4 42814 -1
* 9.89 42779 -1
* 9.9 42769 -1
* 11.23 42757 -1
* 11.26 42679 -1
* 11.26 42676 -1
* 11.27 42645 -1
* 11.29 42533 -1
* 11.81 42524 -1
* 12.01 42443 -1
* 29.87 42417 -1
* 29.97 42407 -1
* 37.83 42371 -1
* 38.03 42369 -1
* 38.05 42354 -1
* 38.53 42349 -1
* 38.62 42344 -1
* 52.84 42342 -1
* 52.93 42236 -1
* 228.4 42160 -1
* 228.48 42129 -1
* 228.5 42127 -1
* 228.55 42069 -1
* 228.57 42056 -1
* 228.79 42035 -1
* 228.81 42005 -1
* 236.57 41996 -1
* 236.57 41981 -1
* 236.58 41955 -1
* 236.59 41917 -1
* 254.22 41902 -1
* 254.99 41875 -1
* 255.01 41856 -1
* 255.41 41855 -1
* 255.66 41850 -1
* 255.67 41848 -1
* 256.32 41829 -1
* 256.42 41814 -1
* 256.55 41795 -1
* 257.45 41686 -1
# SOLUTION FOUND
# OPTIMALITY NOT PROVED
# BEST TSP SOLUTION: 41686
# NUMBER OF BRANCHES: 230138703
# END TIME: 7200
## Solution with TDTSP times: 
100
246 0
21 242
233 617
200 1071
26 1348
217 1727
216 2108
30 2438
220 2740
252 3075
93 3815
238 4167
23 4876
124 5256
60 5639
248 5934
228 6501
51 7059
50 7693
88 8570
96 9431
91 10175
234 10819
39 11838
242 12049
49 12390
122 12795
121 13194
65 13381
166 13685
32 13823
149 14001
155 14200
187 14505
148 14815
37 15228
167 15436
156 15864
152 16157
144 16522
161 16789
154 17180
212 17593
131 17911
84 18369
78 18715
204 19076
73 19370
211 19736
235 20115
72 20413
209 20712
202 20911
82 21043
85 21307
