# INSTANCE: InstancesTDTSP/inst_50_7_TW.txt InstancesTDTSP/tdtsp_bench_255_6h00_12h30_20p_ti_mirrored.txt
# ALGORITHM: TSP MEDIAN NOOVERLAP RESTART
# NUMBER OF VISITS: 50
# NUMBER OF TIME WINDOWS: 130
# TIME LIMIT: 7200
* 0.01 22758 25258
* 0.01 22647 25062
* 0.02 22554 24662
* 0.12 22447 24456
* 0.14 22368 24175
* 0.14 22359 24184
* 0.15 22349 24769
* 0.29 22314 24633
* 0.3 22305 24654
* 0.32 22210 24145
* 1.24 22207 24251
* 1.26 22197 24184
* 1.3 22180 24659
* 1.31 22176 24201
* 2.56 22159 24247
* 2.88 22152 24669
* 3.1 22126 27064
* 3.13 22112 27062
* 3.14 22089 27062
# SOLUTION FOUND
# OPTIMALITY PROVED
# BEST TSP SOLUTION: 22089
# NUMBER OF BRANCHES: 78254
# END TIME: 3.15
## Solution with TDTSP times: 
50
121 0
46 175
38 502
42 900
119 1296
216 1655
30 1909
26 2351
245 2655
237 3079
215 3746
120 9241
54 9954
210 10404
83 10695
84 10956
77 11395
71 11777
67 12258
113 12722
110 13130
66 13733
209 14159
128 14391
149 14844
158 14913
145 15267
153 15502
146 15646
160 15931
152 16223
229 16446
48 17083
124 17371
36 17747
64 18002
232 18196
35 18673
87 19361
102 20145
249 20860
207 21795
139 22827
9 23305
2 23610
13 23866
17 24452
0 24927
247 25236
11 26256
# BEST TD SOLUTION: 27062
