# INSTANCE: InstancesTDTSP/inst_50_20_TW.txt InstancesTDTSP/tdtsp_bench_255_6h00_12h30_mirrored.txt
# ALGORITHM: TSP MEDIAN NOOVERLAP RESTART
# NUMBER OF VISITS: 50
# NUMBER OF TIME WINDOWS: 130
# TIME LIMIT: 7200
* 0 25307 -1
* 0 25206 -1
* 0.01 24846 -1
* 0.02 24620 -1
* 0.05 24535 -1
* 0.14 23513 -1
* 0.19 23439 -1
* 0.27 23269 -1
* 0.44 23223 -1
* 0.5 23216 -1
# SOLUTION FOUND
# OPTIMALITY NOT PROVED
# BEST TSP SOLUTION: 23216
# NUMBER OF BRANCHES: 237433294
# END TIME: 7200
## Solution with TDTSP times: 
50
190 0
161 420
144 861
163 1254
160 1417
164 1756
56 2281
61 2599
39 2918
45 3227
123 3363
19 3717
124 4115
57 4780
99 5213
97 5743
95 6551
199 7392
228 8363
64 8701
24 9768
149 10157
80 10727
214 10944
69 11535
221 11761
67 12261
225 12527
18 12903
113 13207
10 13714
16 13906
108 14147
7 14613
222 15250
68 15589
202 16179
204 16564
235 16842
129 17269
169 18035
180 18314
182 18898
237 20314
233 20729
197 21490
20 21974
200 22416
253 22951
216 23241
