Horizon 133160
# INSTANCE: InstancesTDTSP/inst_20_11_TW.txt DATA_TDTSP/tdtsp_bench_255_6h00_12h30_mirrored.txt
# ALGORITHM: TSP MEDIAN NOOVERLAP RESTART
# NUMBER OF VISITS: 20
# NUMBER OF TIME WINDOWS: 130
# TIME LIMIT: 3600
* 0.001 73843 73739
* 0.001 16956 75578
# SOLUTION FOUND
# OPTIMALITY PROVED
# BEST TSP SOLUTION: 16956
# NUMBER OF BRANCHES: 1357
# END TIME: 0.012
## Solution with TDTSP times: 
20
215 0
233 344
120 752
44 989
43 1394
38 1566
81 2145
75 2434
241 3171
68 3643
74 4721
129 5649
153 6600
48 7935
250 10065
137 10857
88 26398
101 71760
177 73503
11 74312
# BEST TD SOLUTION: 75578
