# INSTANCE: InstancesTDTSP/inst_100_19_TW.txt InstancesTDTSP/tdtsp_bench_255_6h00_12h30_mirrored.txt
# ALGORITHM: TSP MEDIAN NOOVERLAP RESTART
# NUMBER OF VISITS: 100
# NUMBER OF TIME WINDOWS: 130
# TIME LIMIT: 7200
* 0.02 60293 50364
* 0.03 49389 51069
* 0.03 48920 51059
* 0.05 48778 50944
* 0.17 48742 49773
* 0.19 46603 48904
* 0.2 46569 49242
* 0.21 46423 48656
* 0.21 46387 48056
* 0.22 46305 48056
* 0.22 46139 48056
* 0.25 45576 48152
* 0.27 45270 47376
* 0.29 45152 47376
* 0.29 44753 47312
* 0.29 44747 46800
* 0.33 44717 46800
* 0.35 44635 46800
* 0.37 44603 46800
* 0.43 44411 46764
* 0.44 44079 46483
* 0.47 44074 46741
* 0.49 44039 46707
* 0.55 44028 46543
* 0.56 43862 46463
* 0.56 43649 46346
* 0.57 43642 46050
* 0.62 43285 45644
* 0.63 43185 45829
* 0.63 43170 45830
* 0.64 43159 45804
* 0.64 43074 45735
* 0.69 43031 45611
* 0.71 42928 45444
* 0.74 42893 45439
* 0.78 42812 45263
* 0.82 42668 45171
* 0.93 42630 45191
* 0.99 42580 45081
* 1.02 42571 45077
* 1.16 42538 45032
* 7.81 42528 45080
* 8.83 42378 44904
* 8.85 42373 44845
* 8.87 42340 44829
* 8.88 42329 44674
* 8.91 42324 44674
* 8.99 42310 44674
* 9.01 42271 44618
* 9.32 42231 44745
* 9.72 42208 44715
* 10.3 42195 44672
* 15.22 42166 44542
* 15.45 42157 44542
* 15.47 42153 44483
* 16.22 42150 44478
* 16.22 42130 44445
* 22.08 42078 44317
* 22.41 42050 44134
* 51.85 41988 44092
* 52 41962 44086
* 52.17 41937 44061
# SOLUTION FOUND
# OPTIMALITY NOT PROVED
# BEST TSP SOLUTION: 41937
# NUMBER OF BRANCHES: 210105348
# END TIME: 7200
## Solution with TDTSP times: 
100
106 0
239 284
4 581
12 1041
2 1302
16 1743
7 2097
194 2536
177 2712
179 3197
178 4100
176 4308
171 4582
174 4968
186 5332
83 6004
74 6413
213 6772
168 7003
69 7637
78 8037
206 8439
128 8895
221 9436
226 9951
240 10103
157 11075
54 11363
65 11730
121 12016
40 12158
126 12402
229 12788
122 13112
39 13506
231 13687
61 13929
49 14268
140 14526
152 15016
163 15286
160 15591
153 15864
192 16262
145 16458
154 16875
155 17258
44 17894
52 18170
45 18443
56 19013
60 19250
125 19648
64 20011
228 20285
35 20823
227 21096
103 21451
88 22001
100 22354
199 22780
96 23320
89 24132
238 24498
102 25061
20 25463
117 25827
196 26410
198 26889
29 27369
233 27684
218 28016
252 28345
119 28741
215 29082
217 29418
254 29643
116 29721
31 30111
129 30659
181 31358
173 31759
195 32133
184 32723
0 33657
247 33851
17 34266
136 34892
207 36217
201 37040
246 37391
244 37618
124 38752
57 39383
55 39974
135 40243
159 41125
156 41426
225 42996
18 43408
# BEST TD SOLUTION: 44061
