Horizon 109280
# INSTANCE: InstancesTDTSP/inst_20_19_TW.txt DATA_TDTSP/tdtsp_bench_255_6h00_12h30_mirrored.txt
# ALGORITHM: TSP MEDIAN NOOVERLAP RESTART
# NUMBER OF VISITS: 20
# NUMBER OF TIME WINDOWS: 130
# TIME LIMIT: 3600
* 0.001 61748 64536
* 0.002 12970 57820
* 0.002 12547 57820
* 0.006 12273 57820
# SOLUTION FOUND
# OPTIMALITY PROVED
# BEST TSP SOLUTION: 12273
# NUMBER OF BRANCHES: 29207
# END TIME: 0.591
## Solution with TDTSP times: 
20
147 0
153 307
142 838
140 1327
43 1610
39 1797
231 2068
242 2390
37 2953
54 3468
210 4049
67 4614
178 5330
212 5975
128 6902
30 7694
23 8330
201 9667
223 11460
1 12661
# BEST TD SOLUTION: 57820
