# INSTANCE: InstancesTDTSP/inst_30_13_TW.txt InstancesTDTSP/tdtsp_bench_255_6h00_12h30_10p_ti_mirrored.txt
# ALGORITHM: TSP MEDIAN NOOVERLAP RESTART
# NUMBER OF VISITS: 30
# NUMBER OF TIME WINDOWS: 130
# TIME LIMIT: 3600
* 0 21788 -1
* 0 21552 -1
* 0 21487 -1
* 0.01 21397 -1
* 0.12 21114 -1
# SOLUTION FOUND
# OPTIMALITY PROVED
# BEST TSP SOLUTION: 21114
# NUMBER OF BRANCHES: 6419
# END TIME: 0.12
## Solution with TDTSP times: 
30
108 0
250 347
110 573
111 1136
193 2104
195 2680
143 3434
214 4881
60 17513
70 23502
68 24068
240 24607
