# INSTANCE: InstancesTDTSP/inst_100_13_TW.txt InstancesTDTSP/tdtsp_bench_255_6h00_12h30_10p_ti_mirrored.txt
# ALGORITHM: TSP MEDIAN NOOVERLAP RESTART
# NUMBER OF VISITS: 100
# NUMBER OF TIME WINDOWS: 130
# TIME LIMIT: 7200
* 0.02 69033 -1
* 0.03 58492 -1
* 0.03 57616 -1
* 0.04 45336 -1
* 0.06 45323 -1
* 0.1 45263 -1
* 0.1 45247 -1
* 0.11 45023 -1
* 0.11 44951 -1
* 0.12 44670 -1
* 0.14 44581 -1
* 0.15 44486 -1
* 0.16 44319 -1
* 0.19 44251 -1
* 0.22 44241 -1
* 0.22 44227 -1
* 0.26 44050 -1
* 0.29 44015 -1
* 0.3 43950 -1
* 0.31 43914 -1
* 0.31 43878 -1
* 7.85 43666 -1
* 7.85 43643 -1
* 7.89 43603 -1
* 7.91 43600 -1
* 7.97 43599 -1
* 8 43441 -1
* 8 43432 -1
* 8.02 43420 -1
* 8.07 43351 -1
* 8.48 43309 -1
* 8.51 43231 -1
* 8.59 43106 -1
* 8.59 43055 -1
* 8.59 43051 -1
* 8.6 43049 -1
* 8.64 42984 -1
* 8.66 42982 -1
* 8.67 42975 -1
* 8.69 42973 -1
* 8.7 42967 -1
* 8.71 42945 -1
* 8.71 42943 -1
* 9.36 42925 -1
* 9.4 42922 -1
* 9.41 42739 -1
* 10.07 42232 -1
* 10.08 41556 -1
* 10.09 41553 -1
* 10.12 41511 -1
* 10.16 41501 -1
* 10.17 41486 -1
* 10.17 41472 -1
* 10.18 41409 -1
* 10.18 41383 -1
* 10.18 41341 -1
* 10.24 41331 -1
* 10.37 41289 -1
* 10.38 41251 -1
* 10.4 41241 -1
* 10.41 41236 -1
* 10.99 41181 -1
* 11.01 41066 -1
* 11.03 41012 -1
* 11.09 40979 -1
* 11.79 40934 -1
* 11.82 40923 -1
* 11.89 40916 -1
* 11.95 40913 -1
* 13.01 40848 -1
* 13.74 40818 -1
* 14.06 40796 -1
* 14.2 40709 -1
* 14.2 40694 -1
* 14.21 40636 -1
* 14.22 40609 -1
* 14.22 40607 -1
* 14.23 40533 -1
* 14.23 40528 -1
* 14.6 40460 -1
* 15.08 40455 -1
* 15.16 40252 -1
* 15.26 40159 -1
* 16.31 40157 -1
* 16.44 40009 -1
* 16.5 39922 -1
* 16.61 39902 -1
* 16.82 39848 -1
* 16.92 39826 -1
* 16.95 39821 -1
* 16.97 39749 -1
* 17.05 39730 -1
* 17.76 39715 -1
* 18.76 39703 -1
* 18.8 39684 -1
* 18.92 39666 -1
* 19.18 39618 -1
* 19.89 39616 -1
* 19.95 39596 -1
* 20.14 39578 -1
* 20.15 39569 -1
* 20.4 39531 -1
* 22.6 39515 -1
* 22.61 39509 -1
* 22.74 39491 -1
* 22.76 39468 -1
* 23.25 39450 -1
# SOLUTION FOUND
# OPTIMALITY NOT PROVED
# BEST TSP SOLUTION: 39450
# NUMBER OF BRANCHES: 134899397
# END TIME: 7200.01
## Solution with TDTSP times: 
100
27 0
22 376
215 702
218 1030
119 1525
31 1890
254 2113
116 2441
47 2987
40 3269
126 3656
46 3886
37 4144
229 4603
42 4971
123 5511
19 5936
92 6369
99 6651
55 7095
57 7460
48 7734
125 8356
248 8779
33 9304
59 9906
238 10748
87 11411
133 11885
96 12593
98 13221
41 13798
35 14253
159 14880
164 15364
165 15515
142 15814
163 16149
188 16335
160 16552
162 16775
153 16888
161 17098
192 17377
191 17933
149 18146
187 18229
53 18539
85 18992
79 19277
81 19581
74 19729
213 20025
170 20267
83 20504
130 20884
235 21387
72 21757
206 22026
76 22391
241 22666
68 23013
205 23535
202 23719
70 23840
24 24303
242 24789
152 25324
147 25846
154 26043
212 26617
175 27025
11 27403
169 27586
184 28124
194 28811
113 29214
13 29633
7 29730
110 29980
16 30152
115 30587
12 30901
4 31080
107 31406
106 31660
247 32202
0 32631
17 32993
138 33728
224 34683
244 35748
237 35958
236 36141
25 36585
200 37129
20 37751
117 37993
102 38454
251 39182
454
251 39182
