# INSTANCE: InstancesTDTSP/inst_50_5_TW.txt InstancesTDTSP/tdtsp_bench_255_6h00_12h30_20p_ti_mirrored.txt
# ALGORITHM: TSP MEDIAN NOOVERLAP RESTART
# NUMBER OF VISITS: 50
# NUMBER OF TIME WINDOWS: 130
# TIME LIMIT: 7200
* 0 21099 46394
* 0.01 21041 46315
* 0.01 20931 46300
* 0.11 20890 46174
* 0.95 20878 46300
* 0.98 20788 46174
* 1.09 20775 46174
* 1.12 20745 22475
* 1.15 20384 45468
* 1.2 20285 45468
* 1.21 20162 45468
* 1.42 20117 45468
* 1.92 20090 45468
* 1.97 20027 45734
# SOLUTION FOUND
# OPTIMALITY NOT PROVED
# BEST TSP SOLUTION: 20027
# NUMBER OF BRANCHES: 222265813
# END TIME: 7200
## Solution with TDTSP times: 
50
175 0
184 575
172 1054
169 1161
173 1437
195 1759
182 2152
11 2294
212 2797
192 3389
145 3696
147 4179
154 4342
43 5199
229 5467
38 5762
40 6297
39 20061
58 27364
61 27585
242 27844
243 28040
56 28340
125 28767
234 29508
105 30032
93 30691
217 32224
24 32576
85 33028
74 33389
81 33547
80 33731
128 34086
69 34628
225 35183
194 35726
7 36416
112 36695
106 37437
17 38129
138 39137
139 39663
245 41496
253 42232
127 43305
152 44118
141 44500
163 44821
160 45016
# BEST TD SOLUTION: 45734
