# INSTANCE: InstancesTDTSP/inst_100_10_TW.txt InstancesTDTSP/tdtsp_bench_255_6h00_12h30_mirrored.txt
# ALGORITHM: TSP MEDIAN NOOVERLAP RESTART
# NUMBER OF VISITS: 100
# NUMBER OF TIME WINDOWS: 130
# TIME LIMIT: 7200
* 0.01 69453 -1
* 0.01 57732 -1
* 0.01 42885 -1
* 0.02 42724 -1
* 0.02 42661 -1
* 0.03 42390 -1
* 0.04 42306 -1
* 0.06 42195 -1
* 0.09 42178 -1
* 0.09 42027 -1
* 0.1 41974 -1
* 0.1 41863 -1
* 0.11 41695 -1
* 0.16 41647 -1
* 0.17 41644 -1
* 0.2 41590 -1
* 0.26 41551 -1
* 0.28 41541 -1
* 0.29 41493 -1
* 0.3 41217 -1
* 0.3 41215 -1
* 0.31 41182 -1
* 0.34 41162 -1
* 0.36 41141 -1
* 0.4 41005 -1
* 0.45 40871 -1
* 0.45 40837 -1
* 1.34 40830 -1
* 11.21 40771 -1
* 13.59 40753 -1
* 20.59 40582 -1
* 20.68 40456 -1
* 20.74 40433 -1
* 197.79 40405 -1
* 198.05 40393 -1
* 1169.91 40388 -1
* 1169.95 40363 -1
* 1169.99 40356 -1
* 1170.54 40311 -1
* 1170.88 40299 -1
# SOLUTION FOUND
# OPTIMALITY NOT PROVED
# BEST TSP SOLUTION: 40299
# NUMBER OF BRANCHES: 184146212
# END TIME: 7200
## Solution with TDTSP times: 
100
108 0
9 285
250 640
16 1071
112 1290
13 1663
7 1810
114 2133
4 2602
3 3237
239 3738
109 4700
17 5533
136 6471
139 7056
132 8155
241 8431
203 8849
76 9241
73 9439
206 9701
78 9893
69 10227
70 10463
84 10868
79 11269
210 11628
77 11942
83 12137
170 12623
208 12882
158 13244
155 13471
189 13826
32 14275
191 14593
37 14883
38 15161
127 15285
231 15648
58 15853
243 16119
49 16298
140 16496
151 16799
163 17044
160 17135
146 17355
162 17572
153 17821
161 18169
157 18774
34 19215
54 19430
121 19880
46 20058
45 20636
123 20793
220 21107
251 21296
217 21667
27 22190
237 22623
236 22926
201 23289
246 23711
29 24147
196 24593
20 25322
26 25654
