# INSTANCE: InstancesTDTSP/inst_100_3_TW.txt InstancesTDTSP/tdtsp_bench_255_6h00_12h30_mirrored.txt
# ALGORITHM: TDNOOVERLAP RESTART
# NUMBER OF VISITS: 100
# NUMBER OF TIME WINDOWS: 130
# TIME LIMIT: 7200
# EXTRACTION TIME: 236.57
* 0.24 56088
* 0.28 49389
* 0.31 48314
* 0.35 48107
* 0.39 48003
* 0.84 47775
* 0.88 47315
* 0.9 47248
* 1.09 46916
* 1.3 46725
* 1.33 46724
* 14.03 46512
* 14.4 46480
* 14.91 46470
* 15.05 46460
* 15.32 46379
* 15.35 46369
* 15.44 46299
* 15.75 46285
* 15.89 46200
* 15.96 46187
* 15.99 46169
* 16.71 46163
* 17.29 46112
* 149.72 46077
* 149.77 46031
* 150.26 45862
* 155.62 45805
* 157.01 45766
* 157.16 45753
* 157.52 45746
* 167.05 45668
* 189.21 45544
* 189.66 45396
* 190.2 45389
* 190.26 45384
* 190.28 45233
* 205.63 45207
* 205.72 45199
* 205.77 45190
* 231.52 45132
* 231.73 45116
* 231.77 45114
* 254.6 45111
* 254.87 44956
* 265.1 43690
* 265.13 43602
* 265.17 43492
* 283.21 43468
* 283.23 43428
* 283.28 43399
* 291.8 43376
* 294.74 43373
* 308.03 43188
* 308.08 43039
* 308.19 42960
* 315.95 42938
* 316.08 42787
* 316.09 42751
* 343.39 42739
* 343.47 42644
* 343.5 42616
* 343.54 42600
* 343.77 42425
* 349.02 42325
* 349.12 42317
* 370.69 42298
* 372.12 42293
* 373.94 42219
* 389.46 42123
* 389.49 42088
* 390.03 42067
* 396.27 42040
* 407.96 42032
* 415.24 42030
* 427.83 41928
* 431.2 41853
* 431.73 41829
* 456.18 41828
* 456.74 41826
* 458.73 41800
* 469.23 41771
* 469.29 41770
* 469.88 41738
* 471.48 41729
* 473.14 41665
* 473.16 41638
* 512.17 41625
* 512.64 41622
* 513.69 41553
* 515.28 41550
* 535.22 41546
* 550.57 41545
* 550.72 41533
* 560.69 41529
* 560.73 41520
* 643.46 41492
* 644.55 41420
* 645.66 41398
* 647.15 41395
* 676.88 41382
* 676.93 41375
* 676.95 41331
* 676.97 41324
* 677.2 41185
* 677.22 41177
* 677.23 41128
* 677.8 41123
* 678.39 40961
* 692.08 40933
* 694.53 40925
* 694.58 40907
* 694.65 40906
* 695.28 40893
# SOLUTION FOUND
# OPTIMALITY NOT PROVED
# BEST SOLUTION: 40893
# NUMBER OF BRANCHES: 24068321
# END TIME: 7436.58
## Solution: 
100
225 0
18 312
113 527
6 1072
108 1298
250 1589
10 2070
5 2396
112 2572
114 3117
2 3438
0 4293
109 4702
111 5189
239 5683
177 6383
179 6910
67 7631
183 8000
71 8327
213 8538
168 8775
208 9018
75 9438
81 9787
85 10062
210 10233
221 10634
226 11006
69 11577
204 11811
209 12138
241 12349
129 13038
187 13452
166 13749
32 14081
148 14324
191 14598
47 14871
52 15065
229 15420
231 15557
61 15627
230 15782
49 16136
140 16396
56 17036
58 17429
45 17771
123 17989
220 18297
252 18394
251 18668
30 18869
217 19181
120 19463
44 19650
86 20064
24 20376
53 20627
63 20907
22 21310
200 21670
233 22084
25 22279
21 22437
246 22783
29 23234
238 23761
105 24264
134 24482
87 24723
234 25178
99 25503
55 25948
57 26270
48 26379
62 26856
41 27533
50 28075
228 28768
248 29104
232 29339
188 30260
144 30509
192 30948
145 31154
212 31517
169 32039
11 32372
173 32609
174 32774
186 32967
190 33688
117 35222
197 35714
139 37269
224 38389
223 38996
# BEST TD SOLUTION: 40893
