# INSTANCE: InstancesTDTSP/inst_100_20_TW.txt InstancesTDTSP/tdtsp_bench_255_6h00_12h30_20p_ti_mirrored.txt
# ALGORITHM: TSP MEDIAN NOOVERLAP RESTART
# NUMBER OF VISITS: 100
# NUMBER OF TIME WINDOWS: 130
# TIME LIMIT: 7200
* 0.01 392982 49891
* 0.02 392855 47241
* 0.02 392628 48437
* 0.03 392049 47241
* 0.13 391617 47241
* 0.14 390975 46667
* 0.15 390700 47241
* 0.15 390543 45182
* 0.16 390429 77813
* 0.18 389313 71099
* 0.21 57939 79158
* 0.22 45049 78905
* 0.22 44413 78353
* 0.26 44398 78353
* 0.27 44347 78679
* 0.27 44145 78530
* 0.28 44042 78415
* 0.28 43996 78415
* 0.3 43993 78415
* 0.31 43879 78251
* 0.33 43832 78203
* 0.37 43771 78203
* 0.38 43767 78052
* 0.43 43757 78048
* 0.44 43716 78048
* 0.45 43655 78728
* 0.49 43519 78728
* 0.49 43494 78728
* 0.56 42975 77333
* 0.56 42948 77333
* 0.6 42929 77333
* 0.6 42814 77205
* 0.61 42699 77205
* 0.61 42680 77209
* 0.61 42590 77109
* 0.61 42462 76865
* 0.61 42388 77340
* 0.65 42364 77340
* 0.66 42028 76603
* 0.66 42000 76551
* 0.67 41601 76260
* 0.67 41564 45576
* 0.69 41559 76260
* 0.7 41540 76264
* 0.72 41522 76264
* 0.72 41405 76122
* 0.74 41402 45511
* 0.75 41333 45495
* 0.77 41195 45294
* 0.78 41174 45294
* 0.82 41124 45112
* 1.6 41087 45087
* 1.75 41025 45082
* 1.79 40965 45058
* 1.8 40698 44854
* 6.74 40657 44854
* 7.24 40342 44380
* 7.32 40296 44239
* 7.41 40275 44238
* 7.46 40206 44155
* 7.46 40175 44111
* 7.46 40133 44049
* 7.98 40107 44082
* 8.03 40102 44103
* 96.01 40025 76434
* 96.06 39991 76434
* 96.08 39989 76434
* 96.13 39984 76434
* 96.23 39891 76434
* 96.26 39803 76434
* 96.3 39750 76434
* 96.33 39743 76434
* 96.33 39734 76434
* 96.4 39721 75490
* 96.68 39684 75490
* 96.76 39667 75490
* 96.79 39645 75490
* 96.84 39620 75490
* 97 39572 75490
* 97.04 39554 75631
# SOLUTION FOUND
# OPTIMALITY NOT PROVED
# BEST TSP SOLUTION: 39554
# NUMBER OF BRANCHES: 229419320
# END TIME: 7200
## Solution with TDTSP times: 
100
101 0
134 315
105 577
87 810
97 1183
89 1555
91 1845
133 2749
103 3614
199 4414
35 5489
228 6215
33 6417
64 6792
232 7165
62 7865
135 8308
57 8513
123 9111
120 9612
44 9902
40 10290
191 10668
46 11122
231 11588
49 11812
140 12134
167 12495
163 12816
165 13066
162 13646
153 13948
154 14162
149 14456
158 14695
151 14992
122 15224
47 15518
52 15863
127 16200
86 16691
34 16908
53 17183
63 17482
128 17776
74 18048
75 18277
79 18457
81 18734
84 18962
78 19193
206 19484
82 19808
69 19963
73 20332
76 20630
129 21021
213 45833
209 46383
202 46666
222 47066
224 47633
10 48375
112 48740
7 48956
12 49357
6 56685
4 56943
107 57270
247 57718
0 57940
106 58400
136 58882
9 59359
250 59511
179 60185
193 60532
176 60716
195 61157
182 61463
212 61798
225 62433
18 62757
249 63932
244 64709
233 65039
25 69435
29 69779
200 70098
252 70416
23 70836
156 71449
229 72050
220 72415
251 72605
216 72851
118 73193
93 73833
117 74432
94 74837
# BEST TD SOLUTION: 75631
