# INSTANCE: InstancesTDTSP/inst_20_7_TW.txt DATA_TDTSP/tdtsp_bench_255_6h00_12h30_mirrored.txt
# ALGORITHM: TSP MEDIAN NOOVERLAP RESTART
# NUMBER OF VISITS: 20
# NUMBER OF TIME WINDOWS: 130
# TIME LIMIT: 3600
* 0.002 13445 -1
* 0.007 13163 -1
* 0.026 13138 -1
* 0.431 13133 -1
* 0.436 13059 -1
* 0.437 13023 -1
* 0.437 12953 -1
* 0.443 12851 -1
* 0.452 12835 -1
# SOLUTION FOUND
# OPTIMALITY PROVED
# BEST TSP SOLUTION: 12835
# NUMBER OF BRANCHES: 539016
# END TIME: 10.431
## Solution with TDTSP times: 
20
88 0
216 882
244 1404
222 2184
209 2981
210 3738
181 4354
145 4997
190 5789
161 6514
158 7216
54 7769
76 8544
110 9488
111 10174
156 11926
150 12308
140 15917
122 16170
97 17181
