# INSTANCE: InstancesTDTSP/inst_20_4_TW.txt InstancesTDTSP/tdtsp_bench_255_6h00_12h30_mirrored.txt
# ALGORITHM: TSP MEDIAN NOOVERLAP RESTART
# NUMBER OF VISITS: 20
# NUMBER OF TIME WINDOWS: 130
# TIME LIMIT: 3600
* 0.01 13835 15132
* 0.01 13652 14957
* 0.06 13568 14839
* 0.1 13510 14716
# SOLUTION FOUND
# OPTIMALITY PROVED
# BEST TSP SOLUTION: 13510
# NUMBER OF BRANCHES: 286119
# END TIME: 6.33
## Solution with TDTSP times: 
20
198 0
118 744
254 1105
42 1584
38 1845
40 2207
187 2705
155 2992
79 3542
71 3907
206 4777
240 5564
108 6810
6 7215
136 8143
203 9516
152 10702
88 12038
199 12584
91 13465
# BEST TD SOLUTION: 14716
