# INSTANCE: InstancesTDTSP/inst_20_6_TW.txt InstancesTDTSP/tdtsp_bench_255_6h00_12h30_mirrored.txt
# ALGORITHM: TSP MEDIAN NOOVERLAP RESTART
# NUMBER OF VISITS: 20
# NUMBER OF TIME WINDOWS: 130
# TIME LIMIT: 3600
* 0 26112 -1
* 0 16006 -1
* 0.01 15409 -1
* 0.02 15305 16592
* 0.33 15302 -1
* 0.34 14817 -1
# SOLUTION FOUND
# OPTIMALITY PROVED
# BEST TSP SOLUTION: 14817
# NUMBER OF BRANCHES: 34095
# END TIME: 0.63
## Solution with TDTSP times: 
20
244 0
217 410
86 693
84 1249
46 1978
58 2480
199 3965
248 5514
243 6390
146 7095
162 7283
