# INSTANCE: InstancesTDTSP/inst_20_9_TW.txt InstancesTDTSP/tdtsp_bench_255_6h00_12h30_10p_ti_mirrored.txt
# ALGORITHM: TSP MEDIAN NOOVERLAP RESTART
# NUMBER OF VISITS: 20
# NUMBER OF TIME WINDOWS: 130
# TIME LIMIT: 3600
* 0.01 14498 -1
* 0.01 14170 -1
* 0.03 14041 -1
* 1.91 13990 -1
* 1.91 13881 -1
* 1.95 13723 -1
# SOLUTION FOUND
# OPTIMALITY PROVED
# BEST TSP SOLUTION: 13723
# NUMBER OF BRANCHES: 329782
# END TIME: 6.27
## Solution with TDTSP times: 
20
34 0
129 565
70 1121
72 1579
137 3153
22 5250
218 5794
119 6511
39 7513
49 16341
65 16658
77 17029
