# INSTANCE: InstancesTDTSP/inst_20_13_TW.txt InstancesTDTSP/tdtsp_bench_255_6h00_12h30_10p_ti_mirrored.txt
# ALGORITHM: TSP MEDIAN NOOVERLAP RESTART
# NUMBER OF VISITS: 20
# NUMBER OF TIME WINDOWS: 130
# TIME LIMIT: 3600
* 0 15929 -1
* 0 15102 -1
* 0 14712 -1
# SOLUTION FOUND
# OPTIMALITY PROVED
# BEST TSP SOLUTION: 14712
# NUMBER OF BRANCHES: 1371
# END TIME: 0.02
## Solution with TDTSP times: 
20
79 0
166 412
126 685
53 870
34 1311
43 1753
49 2108
151 2595
192 3065
30 4651
209 5640
108 7188
2 7690
184 8867
