# INSTANCE: InstancesTDTSP/inst_30_7_TW.txt InstancesTDTSP/tdtsp_bench_255_6h00_12h30_mirrored.txt
# ALGORITHM: TSP MEDIAN NOOVERLAP RESTART
# NUMBER OF VISITS: 30
# NUMBER OF TIME WINDOWS: 130
# TIME LIMIT: 3600
* 0 16673 18057
* 0 16501 17845
* 0.01 16243 17641
* 0.04 16143 17500
* 0.18 16033 17471
* 0.18 15939 17279
* 0.18 15932 17223
* 2.9 15929 17199
* 7.65 15877 17217
# SOLUTION FOUND
# OPTIMALITY PROVED
# BEST TSP SOLUTION: 15877
# NUMBER OF BRANCHES: 2569732
# END TIME: 70.97
## Solution with TDTSP times: 
30
106 0
107 404
250 1007
14 1409
7 1822
66 2582
132 3188
27 4099
217 4530
116 4930
120 5104
63 5598
47 6101
140 6615
167 6970
188 7286
165 7645
162 8038
208 8650
214 8969
171 9675
195 10121
159 11531
48 12247
55 12676
105 13342
238 13762
93 14297
197 15275
198 15713
# BEST TD SOLUTION: 17217
