# INSTANCE: InstancesTDTSP/inst_100_2_TW.txt InstancesTDTSP/tdtsp_bench_255_6h00_12h30_10p_ti_mirrored.txt
# ALGORITHM: TSP MEDIAN NOOVERLAP RESTART
# NUMBER OF VISITS: 100
# NUMBER OF TIME WINDOWS: 130
# TIME LIMIT: 7200
* 0.02 51247 40048
* 0.02 41937 41021
* 0.02 39498 40612
* 0.03 39414 40514
* 0.06 39342 40142
* 0.08 39197 39978
* 0.09 39113 39888
* 0.14 38962 39683
* 0.15 38961 39801
* 0.16 38945 39810
* 0.16 38884 39712
* 0.17 38738 39495
* 0.25 38725 39742
* 0.26 38606 39601
* 0.26 38599 39655
* 0.32 38497 39499
* 0.37 38375 39140
* 0.37 38091 38356
* 0.38 37882 38221
* 0.38 37881 38235
* 0.39 37853 38213
* 0.41 37805 38065
* 0.45 37802 38024
* 0.53 37570 37887
* 0.54 37568 37864
* 0.62 37456 37690
* 7.48 37424 37475
* 7.56 37321 37729
* 10.52 37317 37464
* 10.68 37308 37464
* 12.11 37306 37243
* 15.15 37252 37379
* 15.22 37173 37217
* 15.25 37158 37216
* 15.37 37097 37202
* 21.25 37085 37344
* 21.27 37071 37316
* 21.34 36989 37220
* 21.37 36987 37205
* 24.27 36949 37174
* 24.28 36928 37157
* 43.96 36925 37174
* 43.98 36914 37174
* 43.98 36910 37016
# SOLUTION FOUND
# OPTIMALITY NOT PROVED
# BEST TSP SOLUTION: 36910
# NUMBER OF BRANCHES: 142365376
# END TIME: 7200
## Solution with TDTSP times: 
100
80 0
79 301
75 647
210 843
77 1133
131 1348
208 1654
155 2144
189 2390
154 2821
145 3178
192 3538
161 4063
162 4457
160 4978
144 5293
151 5748
38 6225
122 6446
47 6659
126 6845
121 7071
40 7369
65 7763
46 7972
37 8344
61 8713
230 8806
43 9168
229 9418
52 9709
123 10052
45 10341
124 10765
125 11163
232 11426
62 11843
55 12167
135 12441
48 12775
220 13429
218 13679
94 14473
90 15055
238 15234
105 15721
234 16126
104 16721
95 17045
103 17442
50 17912
35 18312
159 19039
156 19347
164 19746
34 20576
85 20940
70 21293
204 21625
73 21858
76 22186
209 22397
205 22477
69 22618
221 23006
240 23360
68 23682
118 24231
254 24483
116 24688
27 25032
215 25296
233 25635
245 25804
26 26026
117 26550
197 26985
198 27394
249 27806
9 28872
110 29123
5 29411
112 29653
14 30096
12 30232
106 30575
1 30942
137 31308
136 31792
17 32434
247 32802
109 32994
111 33326
179 33990
183 34411
182 34883
11 35223
173 35465
195 35813
186 36257
# BEST TD SOLUTION: 37016
