# INSTANCE: InstancesTDTSP/inst_50_6_TW.txt InstancesTDTSP/tdtsp_bench_255_6h00_12h30_mirrored.txt
# ALGORITHM: TSP MEDIAN NOOVERLAP RESTART
# NUMBER OF VISITS: 50
# NUMBER OF TIME WINDOWS: 130
# TIME LIMIT: 7200
* 0 24573 25698
* 0.01 24367 25477
* 0.06 24281 25369
* 0.06 24230 25248
* 0.07 24214 25246
* 0.07 24115 25210
* 0.08 24103 25183
* 0.08 24049 25133
* 0.09 23740 24799
* 0.09 23727 24808
* 0.1 23605 24587
* 0.11 23443 24302
* 0.11 22979 24148
* 0.13 22967 24002
* 2.36 22693 23868
* 2.37 22439 23634
* 2.41 22336 23388
# SOLUTION FOUND
# OPTIMALITY NOT PROVED
# BEST TSP SOLUTION: 22336
# NUMBER OF BRANCHES: 179915682
# END TIME: 7200
## Solution with TDTSP times: 
50
105 0
104 438
234 766
135 1214
60 1610
125 1831
232 2053
33 2372
228 2539
50 3378
231 4948
230 5203
243 5373
229 5766
42 6041
44 6532
40 6957
86 7366
24 7762
63 7977
34 8482
27 9080
217 9506
26 10119
21 10690
246 11142
201 11563
209 12415
210 13006
77 13199
170 13436
187 13799
166 13999
46 14473
37 14590
152 14970
162 15379
212 15950
181 16213
180 16663
184 17201
106 18003
239 18453
4 18833
115 19412
112 19713
18 20347
194 20596
240 21641
97 23197
# BEST TD SOLUTION: 23388
