Horizon 142160
# INSTANCE: InstancesTDTSP/inst_20_10_TW.txt DATA_TDTSP/tdtsp_bench_255_6h00_12h30_10p_ti_mirrored.txt
# ALGORITHM: TSP MEDIAN NOOVERLAP RESTART
# NUMBER OF VISITS: 20
# NUMBER OF TIME WINDOWS: 130
# TIME LIMIT: 3600
* 0.002 71650 79078
* 0.002 16101 78771
# SOLUTION FOUND
# OPTIMALITY PROVED
# BEST TSP SOLUTION: 16101
# NUMBER OF BRANCHES: 1340
# END TIME: 0.01
## Solution with TDTSP times: 
20
60 0
231 454
123 775
23 1138
48 1452
135 1667
55 2188
105 3007
134 3211
100 4325
50 5531
228 6371
142 11830
216 71080
153 71750
4 72973
89 74566
91 74873
196 76049
182 77539
# BEST TD SOLUTION: 78771
