# INSTANCE: InstancesTDTSP/inst_100_18_TW.txt InstancesTDTSP/tdtsp_bench_255_6h00_12h30_10p_ti_mirrored.txt
# ALGORITHM: TSP MEDIAN NOOVERLAP RESTART
# NUMBER OF VISITS: 100
# NUMBER OF TIME WINDOWS: 130
# TIME LIMIT: 7200
* 0.03 68890 51952
* 0.03 47259 50324
* 0.04 46836 49675
* 0.1 46690 49504
* 0.1 46600 49481
* 0.13 46537 49649
* 0.14 46252 49481
* 0.15 46233 49481
* 0.16 46208 49113
* 0.16 46192 49208
* 0.16 46168 48859
* 0.16 46140 48859
* 0.17 45949 47944
* 0.2 45924 47944
* 0.21 45834 47944
* 0.23 45786 47944
* 0.24 45362 48206
* 0.24 45305 48159
* 0.25 45292 48127
* 0.27 45029 47615
* 0.27 44888 46800
* 0.29 44879 46800
* 0.29 44868 46800
* 0.32 44754 46800
* 0.35 44694 46800
* 0.37 44683 46800
* 0.4 44591 46800
* 0.42 44539 46800
* 0.43 44521 46800
* 0.43 44513 46800
* 0.49 44426 46800
* 0.5 44417 46800
* 0.52 44036 46244
* 0.52 44035 46240
* 0.53 44026 46227
* 0.56 44009 46334
* 0.57 43915 46300
* 0.59 43857 46302
* 0.59 43848 46290
* 0.71 43808 46185
* 0.78 43792 46199
* 0.79 43791 46200
* 0.84 43782 46187
* 0.85 43752 46505
* 0.86 43750 46475
* 0.87 43717 46544
* 0.91 43679 46409
* 0.93 43675 46371
* 1.01 43616 46335
* 1.02 43579 46335
* 1.04 43548 46330
* 1.05 43535 46316
* 1.99 43524 46310
* 2.02 43360 46157
* 2.03 43352 46125
* 2.11 43337 46079
* 2.25 43322 46078
* 2.34 43300 46079
* 2.57 43218 46078
* 2.6 43149 46050
* 2.73 43148 46050
* 2.81 43134 46008
* 2.89 43133 46010
* 9.09 43090 45921
* 9.13 43087 46062
* 9.2 42995 45727
* 9.22 41936 44254
* 10.74 41920 44214
* 10.8 41561 43438
* 10.88 41404 43375
* 10.89 41325 43358
* 10.92 41289 42952
* 10.92 41258 43009
* 11.01 41253 42888
* 11.28 41249 43039
* 11.51 41244 42764
* 11.53 41231 42846
* 12.01 41222 42802
* 12.05 41197 42654
* 12.9 41192 42768
* 12.92 41166 42681
* 12.96 41112 42681
* 13.16 41085 42628
* 13.21 41046 42650
* 13.51 41040 42681
* 13.52 40936 42444
* 13.58 40931 42373
* 13.63 40927 42350
* 13.63 40910 42302
* 13.67 40905 42355
* 13.73 40889 42351
* 13.89 40877 42303
* 13.9 40868 42339
* 13.9 40863 42333
* 14.5 40849 42302
* 14.53 40800 41877
* 14.57 40652 41572
* 14.58 40642 41542
* 15.01 40636 41459
* 15.03 40603 41136
* 15.25 40598 41036
* 15.81 40585 40978
* 15.96 40548 40978
* 16.08 40537 41061
* 16.86 40443 41181
* 86.18 40428 41052
* 96.63 40419 41044
* 118.64 40336 41005
# SOLUTION FOUND
# OPTIMALITY NOT PROVED
# BEST TSP SOLUTION: 40336
# NUMBER OF BRANCHES: 131134519
# END TIME: 7200
## Solution with TDTSP times: 
100
67 0
175 248
171 660
185 1084
195 1574
173 1903
212 2280
208 2705
130 3087
79 3537
85 3769
84 4136
70 4456
128 4923
24 5372
54 5800
149 6286
158 6492
189 6701
148 7141
191 7437
65 7852
122 8244
52 8649
45 9124
123 9451
61 9791
242 9887
243 10186
49 10462
167 10929
163 11288
188 11433
160 11630
146 12065
153 12462
161 12693
190 13199
192 13607
213 14175
221 14653
226 15084
240 15392
68 15727
66 15978
209 16398
205 16587
241 16945
207 17344
132 17737
211 18174
129 18485
34 18969
254 19312
217 19619
216 19828
220 20123
251 20217
119 20494
28 20873
25 21182
245 21514
244 21731
236 21962
246 22224
201 22515
198 23160
93 23833
90 24026
92 24416
99 24640
124 25030
60 25495
228 26046
41 26677
50 26951
96 27698
89 28318
91 28712
88 29358
159 30314
152 30876
150 31142
179 31949
194 32402
239 32737
111 33220
106 33626
14 34016
12 34195
114 34408
6 34704
107 35057
1 35362
137 35830
224 37288
8 38384
9 38720
115 38898
18 39935
# BEST TD SOLUTION: 41005
