# INSTANCE: InstancesTDTSP/inst_50_9_TW.txt InstancesTDTSP/tdtsp_bench_255_6h00_12h30_10p_ti_mirrored.txt
# ALGORITHM: TSP MEDIAN NOOVERLAP RESTART
# NUMBER OF VISITS: 50
# NUMBER OF TIME WINDOWS: 130
# TIME LIMIT: 7200
* 0.01 23327 -1
* 0.02 23173 -1
* 0.02 23010 -1
* 0.03 22893 -1
* 0.05 22883 -1
* 3.64 22832 -1
* 3.66 22793 -1
* 34.22 22791 -1
* 34.23 22760 -1
* 34.26 22607 -1
* 34.27 22552 -1
* 34.35 22446 -1
* 34.4 22347 -1
* 34.41 22241 -1
* 34.43 22158 -1
* 34.5 22152 -1
* 34.52 22048 -1
* 34.53 22005 -1
* 34.54 21971 -1
* 34.58 21938 -1
* 34.59 21888 -1
* 34.6 21784 -1
* 34.63 21666 -1
* 34.7 21490 -1
* 35.03 21475 -1
* 35.09 21469 -1
* 35.82 21390 -1
* 44.63 21386 -1
# SOLUTION FOUND
# OPTIMALITY NOT PROVED
# BEST TSP SOLUTION: 21386
# NUMBER OF BRANCHES: 218572850
# END TIME: 7200
## Solution with TDTSP times: 
50
36 0
232 446
51 977
199 1457
100 1754
103 2141
104 2974
89 3773
105 4362
92 5165
55 5634
135 5848
219 6475
45 7159
42 7569
121 8159
65 8499
63 8962
226 20720
129 21345
79 21652
74 21918
213 27902
208 28090
