# INSTANCE: InstancesTDTSP/inst_20_8_TW.txt InstancesTDTSP/tdtsp_bench_255_6h00_12h30_mirrored.txt
# ALGORITHM: TSP MEDIAN NOOVERLAP RESTART
# NUMBER OF VISITS: 20
# NUMBER OF TIME WINDOWS: 130
# TIME LIMIT: 3600
* 0 11944 -1
* 0.02 11797 -1
* 0.24 11753 -1
* 0.25 11638 -1
* 0.26 11595 -1
# SOLUTION FOUND
# OPTIMALITY PROVED
# BEST TSP SOLUTION: 11595
# NUMBER OF BRANCHES: 44297
# END TIME: 1.09
## Solution with TDTSP times: 
20
160 0
164 232
192 613
158 1144
32 1480
31 2045
120 2263
19 2739
45 3297
42 3592
130 4648
3 6040
226 7160
118 8283
