# INSTANCE: InstancesTDTSP/inst_100_17_TW.txt InstancesTDTSP/tdtsp_bench_255_6h00_12h30_mirrored.txt
# ALGORITHM: TDNOOVERLAP RESTART
# NUMBER OF VISITS: 100
# NUMBER OF TIME WINDOWS: 130
# TIME LIMIT: 7200
# EXTRACTION TIME: 211.96
* 0.27 71684
* 0.3 70284
* 0.33 50689
* 0.48 50369
* 0.58 50151
* 1.02 49911
* 1.54 49830
* 2 49558
* 2.03 49499
* 2.33 49408
* 2.46 49235
* 2.48 49089
* 3.32 49088
* 3.4 49015
* 3.46 48998
* 3.66 48947
* 3.7 48670
* 3.77 48449
* 3.82 48432
* 3.85 48389
* 4.01 47720
* 4.04 47441
* 4.09 47436
* 4.1 47332
* 4.16 47212
* 4.36 47029
* 4.41 46986
* 4.73 46984
* 4.86 46958
* 4.99 46880
* 5.03 46822
* 5.07 46819
* 5.55 46622
* 5.6 46187
* 5.68 46025
* 5.76 46019
* 5.98 45893
* 6.06 45886
* 6.48 45692
* 6.8 45559
* 6.89 45421
* 7.17 45206
* 16.31 45191
* 16.37 45169
* 72.54 45144
* 73.57 45126
* 83.4 44988
* 84.64 44987
* 84.68 44929
* 99.86 44890
* 100.62 44844
* 138.83 44839
* 141.43 44820
* 160.47 44747
* 161.13 44644
* 214.13 44557
* 229.43 44523
* 229.54 44472
* 271.3 44457
* 271.43 44451
* 283.56 44432
* 3982.33 44323
* 3982.61 44320
* 3982.65 44318
* 3983.09 44313
* 4047.28 44310
* 4047.4 44290
* 4074.17 44279
* 4074.99 44277
* 4081.1 44251
* 4081.36 44173
* 4081.95 44142
* 4082.24 44107
* 4082.32 44036
* 4084.03 44031
* 4085.26 44030
* 4087.59 44008
* 4116.53 44001
* 4223.67 43990
* 4227.36 43952
* 4227.93 43949
* 4228.85 43909
* 4239.21 43888
* 4239.64 43871
* 4304.38 43730
* 4305.11 43717
# SOLUTION FOUND
# OPTIMALITY NOT PROVED
# BEST SOLUTION: 43717
# NUMBER OF BRANCHES: 27294330
# END TIME: 7411.96
## Solution: 
100
78 0
211 281
206 518
85 898
79 1152
80 1461
131 1784
71 2202
183 2647
171 3074
11 3304
178 3772
176 3910
172 4144
185 4795
182 5256
195 5791
161 6557
144 7041
188 7634
160 7835
150 8233
38 8647
122 8783
121 9137
46 9361
32 9852
54 10358
44 10747
28 11263
30 11502
218 11846
252 12128
220 12436
119 12707
215 13154
233 13512
25 13697
244 13891
237 14008
236 14130
29 14582
26 14937
200 15036
217 15458
19 16022
124 16329
36 16770
125 17032
248 17376
232 17718
33 17964
227 18476
41 18612
199 18894
96 19328
98 19852
100 20227
88 20592
104 21044
94 21772
238 22218
97 22692
87 23041
92 23640
99 23996
56 24811
159 25245
164 25767
162 26014
143 26586
168 27562
225 28058
3 28651
177 29020
179 29657
16 30361
10 30646
112 31010
14 31452
108 31733
6 32157
239 32635
0 33180
247 33425
109 33621
15 34189
137 34866
66 35800
222 36261
223 37275
226 38456
241 39150
132 39432
201 40179
246 40533
249 41276
207 42226
203 43075
204 43543
# BEST TD SOLUTION: 43717
