# EXTRACTION TIME: 0.031
* 0 949
* 0 865
* 0.015 863
* 0.125 860
* 0.125 858
* 0.889 857
* 0.92 856
* 0.936 853
* 0.983 851
* 0.983 840
* 0.983 831
* 0.983 825
* 0.998 813
* 1.092 811
* 1.092 804
* 1.107 800
* 1.139 788
* 1.326 787
* 1.638 784
* 1.731 783
* 2.979 782
* 3.213 781
# SOLUTION FOUND
# OPTIMALITY PROVED
# BEST SOLUTION: 781
# NUMBER OF BRANCHES: 109711
# END TIME: 4.477
## Solution: 
15
0 0
5 308
15 343
1 378
14 420
3 439
13 464
9 480
8 524
12 553
4 572
2 591
10 611
11 633
6 658
7 684
# BEST TD SOLUTION: 781
