# EXTRACTION TIME: 0.062
* 0.016 1045
* 0.016 1044
* 0.016 1041
* 0.031 1038
* 0.109 1033
* 2.714 1031
* 2.761 1024
* 2.761 1016
* 2.761 1008
* 2.761 989
* 2.761 988
* 2.792 981
* 2.792 976
* 3.011 974
* 3.136 970
* 3.136 968
* 3.136 967
* 3.323 959
* 8.471 957
* 8.939 956
* 8.954 955
# SOLUTION FOUND
# OPTIMALITY PROVED
# BEST SOLUTION: 955
# NUMBER OF BRANCHES: 556348
# END TIME: 30.061
## Solution: 
20
0 0
20 353
10 373
18 390
9 444
6 477
14 500
4 544
16 587
19 612
15 633
7 670
17 684
13 694
2 717
11 736
8 764
1 789
12 815
5 843
3 868
# BEST TD SOLUTION: 955
