# EXTRACTION TIME: 0.046
* 0 1011
* 0 943
* 0 942
* 0.016 939
* 0.016 938
* 0.032 937
* 0.063 936
* 0.11 935
* 0.125 933
* 0.141 932
* 0.219 909
* 0.219 907
* 0.234 899
* 0.234 896
* 0.25 890
* 0.468 889
* 2.153 888
* 2.2 886
* 2.262 885
* 3.401 884
* 5.024 883
* 5.445 882
* 5.476 881
* 6.194 879
* 12.449 878
# SOLUTION FOUND
# OPTIMALITY PROVED
# BEST SOLUTION: 878
# NUMBER OF BRANCHES: 1434232
# END TIME: 64.381
## Solution: 
20
0 0
8 320
4 342
16 374
2 406
7 430
19 449
12 468
9 485
3 505
13 524
6 542
18 565
1 584
15 599
17 617
5 639
14 668
10 685
11 702
20 747
# BEST TD SOLUTION: 878
