# EXTRACTION TIME: 0.07
* 0.001 1143
* 0.002 1108
* 0.01 1098
* 0.117 1095
* 0.122 1091
* 0.124 1088
* 0.128 1085
* 0.146 1084
* 0.161 1083
* 0.175 1075
* 3.46 1074
* 3.564 1072
* 3.667 1071
* 3.671 1069
* 3.672 1066
* 3.888 1065
* 3.889 1057
* 3.906 1056
* 3.91 1055
* 4.17 1051
* 17.733 1050
* 17.769 1049
* 17.773 1048
* 64.636 1045
* 67.724 1042
# SOLUTION FOUND
# OPTIMALITY PROVED
# BEST SOLUTION: 1042
# NUMBER OF BRANCHES: 13520854
# END TIME: 574.405
## Solution: 
20
0 0
18 422
12 471
14 502
11 525
20 544
3 562
17 580
6 601
2 657
15 702
5 728
16 775
13 816
7 836
1 859
19 903
8 922
10 940
9 966
4 979
# BEST TD SOLUTION: 1042
