# EXTRACTION TIME: 0.062
* 0 1068
* 0 1005
* 0 1000
* 0.094 997
* 0.109 989
* 0.109 985
* 0.125 984
* 1.233 981
* 1.311 975
* 1.311 970
* 1.311 967
* 1.577 966
* 1.577 961
* 2.091 957
* 2.123 955
* 2.684 952
* 2.762 943
* 2.778 942
* 3.464 941
* 3.464 940
* 268.853 937
* 286.278 936
# SOLUTION FOUND
# OPTIMALITY PROVED
# BEST SOLUTION: 936
# NUMBER OF BRANCHES: 10354180
# END TIME: 422.145
## Solution: 
20
0 0
18 295
12 329
14 361
3 384
20 404
11 425
17 446
6 469
2 523
15 568
5 594
13 637
16 676
7 696
1 717
19 759
8 777
10 794
9 827
4 849
# BEST TD SOLUTION: 936
