# EXTRACTION TIME: 0.08
* 0.001 1319
* 0.005 1269
* 0.01 1196
* 0.018 1188
* 0.041 1183
* 0.046 1182
* 0.052 1180
* 0.063 1179
* 0.067 1177
* 0.071 1176
* 0.089 1167
* 0.093 1163
* 0.097 1158
* 0.101 1151
* 2.069 1150
* 2.172 1148
* 2.175 1145
* 2.438 1140
* 2.674 1137
* 2.794 1128
* 2.802 1119
* 77.91 1118
* 81.829 1117
# SOLUTION FOUND
# OPTIMALITY PROVED
# BEST SOLUTION: 1117
# NUMBER OF BRANCHES: 2834905
# END TIME: 120.485
## Solution: 
20
0 0
8 329
6 366
2 467
13 521
7 552
12 578
17 599
15 634
9 658
1 707
11 758
20 824
3 870
14 901
18 919
16 943
19 989
4 1014
10 1031
5 1051
# BEST TD SOLUTION: 1117
