# EXTRACTION TIME: 0.062
* 0 1043
* 0 1021
* 0 995
* 0.016 994
* 0.016 992
* 0.016 985
* 0.016 976
* 0.031 970
* 0.031 969
* 0.031 968
* 0.031 963
* 0.031 954
* 0.031 951
* 0.047 940
* 0.312 933
* 0.328 918
* 0.328 914
* 0.343 912
* 3.978 911
* 4.976 907
* 4.992 906
* 13.026 905
* 28.423 904
# SOLUTION FOUND
# OPTIMALITY PROVED
# BEST SOLUTION: 904
# NUMBER OF BRANCHES: 1602389
# END TIME: 61.231
## Solution: 
20
0 0
9 283
3 296
14 316
20 366
7 408
8 453
19 473
10 490
5 513
11 538
17 573
6 597
1 616
16 647
15 680
12 708
4 730
18 767
13 799
2 819
# BEST TD SOLUTION: 904
