# EXTRACTION TIME: 0.062
* 0 1194
* 0 1189
* 0 1087
* 0 1076
* 0 1062
* 0.016 1057
* 0.078 1050
* 0.078 1047
* 0.094 1041
* 0.109 1034
* 1.248 1032
* 1.31 1028
* 1.31 1027
* 1.326 1026
* 1.576 1024
* 1.592 1010
* 1.592 1002
* 1.592 1001
* 1.67 994
* 1.763 992
* 12.496 990
# SOLUTION FOUND
# OPTIMALITY PROVED
# BEST SOLUTION: 990
# NUMBER OF BRANCHES: 2085970
# END TIME: 77.82
## Solution: 
20
0 0
8 243
6 280
4 321
2 355
13 401
7 437
12 467
17 492
15 525
9 545
1 585
11 636
20 690
3 728
14 753
18 768
16 788
19 826
10 870
5 898
# BEST TD SOLUTION: 990
