# EXTRACTION TIME: 0.135
* 0.002 1185
* 0.004 1184
* 0.01 1142
* 0.014 1085
* 0.019 1081
* 0.111 1070
* 0.114 1060
* 0.176 1054
* 0.197 1048
* 0.202 1041
* 0.208 1036
* 0.214 1034
* 0.215 1033
* 0.259 1028
* 0.304 1027
* 7.077 1024
* 7.126 1023
* 7.137 1016
* 7.225 1013
* 22.739 1009
* 22.898 1008
* 22.907 1006
* 23.03 999
* 28.316 997
* 28.684 993
* 28.688 992
* 28.695 987
* 28.7 986
* 28.701 983
# SOLUTION FOUND
# OPTIMALITY NOT PROVED
# BEST SOLUTION: 983
# NUMBER OF BRANCHES: 403656
# END TIME: 30.14
## Solution: 
25
0 0
2 264
19 292
24 306
15 340
16 426
13 440
14 471
25 497
11 520
20 544
8 575
5 594
22 627
3 645
9 668
17 689
4 715
21 732
12 756
23 774
10 796
6 816
1 839
18 858
7 892
# BEST TD SOLUTION: 983
