# EXTRACTION TIME: 0.136
* 0.002 1314
* 0.004 1305
* 0.013 1295
* 0.018 1263
* 0.025 1260
* 0.057 1254
* 0.115 1246
* 0.118 1240
* 0.119 1219
* 0.121 1208
* 0.121 1204
* 0.128 1184
* 0.176 1180
* 0.233 1176
* 0.244 1175
* 0.246 1162
* 0.251 1159
* 0.256 1138
* 0.302 1137
* 0.33 1128
* 2.061 1123
* 2.094 1117
* 3.813 1114
* 3.838 1111
* 3.839 1105
* 3.859 1100
* 4.541 1088
* 4.542 1078
* 5.394 1076
* 5.43 1073
* 16.073 1072
# SOLUTION FOUND
# OPTIMALITY NOT PROVED
# BEST SOLUTION: 1072
# NUMBER OF BRANCHES: 506716
# END TIME: 30.14
## Solution: 
25
0 0
23 205
11 226
5 249
16 291
6 342
17 388
24 449
13 489
15 516
4 537
25 566
12 596
2 608
8 629
21 650
3 694
19 718
10 743
14 816
9 851
18 861
7 882
20 915
1 941
22 983
# BEST TD SOLUTION: 1072
