# EXTRACTION TIME: 0.109
* 0.002 1492
* 0.003 1485
* 0.009 1408
* 0.012 1367
* 0.017 1360
* 0.069 1356
* 0.072 1353
* 0.093 1352
* 0.108 1351
* 0.148 1348
* 0.159 1347
* 0.17 1346
* 0.192 1341
* 0.222 1337
* 0.314 1318
* 0.34 1314
* 0.355 1309
* 2.176 1307
* 16.09 1305
* 91.895 1304
* 98.055 1302
* 98.073 1299
* 870.228 1298
* 870.24 1294
* 878.808 1293
* 889.538 1287
# SOLUTION FOUND
# OPTIMALITY PROVED
# BEST SOLUTION: 1287
# NUMBER OF BRANCHES: 17000898
# END TIME: 1168.41
## Solution: 
25
0 0
25 240
10 285
15 300
23 325
1 455
18 619
3 666
7 685
24 714
14 746
5 772
11 794
20 816
4 850
2 885
12 919
17 947
6 966
8 1026
9 1091
21 1132
13 1149
19 1183
16 1191
22 1209
# BEST TD SOLUTION: 1287
