# EXTRACTION TIME: 0.167
* 0.003 1327
* 0.005 1325
* 0.013 1316
* 0.017 1307
* 0.022 1304
* 0.123 1303
* 0.131 1302
* 0.135 1290
* 0.144 1283
* 0.157 1282
* 0.16 1281
* 0.177 1280
* 0.213 1279
* 0.218 1276
* 0.23 1274
* 0.236 1269
* 0.239 1259
* 0.241 1256
* 0.247 1246
* 0.283 1240
* 0.357 1238
* 0.829 1236
* 0.918 1224
* 0.928 1223
* 0.94 1222
* 0.976 1220
* 0.979 1219
* 1.093 1214
* 1.097 1208
* 1.101 1195
* 1.106 1193
* 1.157 1191
* 1.206 1188
* 1.218 1184
* 1.23 1170
* 1.245 1166
* 1.252 1165
* 1.27 1162
# SOLUTION FOUND
# OPTIMALITY NOT PROVED
# BEST SOLUTION: 1162
# NUMBER OF BRANCHES: 402255
# END TIME: 30.172
## Solution: 
30
0 0
29 197
12 271
2 294
23 389
16 409
25 431
8 452
28 485
20 519
22 540
13 583
11 610
30 641
19 696
5 739
24 790
27 812
3 837
9 857
17 893
26 912
15 930
1 948
18 963
4 979
14 998
21 1018
7 1038
6 1048
10 1072
# BEST TD SOLUTION: 1162
