# EXTRACTION TIME: 0.179
* 0.002 1525
* 0.012 1522
* 0.018 1520
* 0.145 1487
* 0.151 1464
* 0.154 1454
* 0.162 1424
* 0.167 1420
* 0.169 1405
* 0.206 1399
* 0.211 1329
* 0.222 1328
* 0.228 1325
* 0.251 1323
* 0.268 1320
* 0.299 1318
* 0.336 1311
* 0.347 1310
* 0.362 1308
* 0.389 1307
* 0.409 1303
* 0.488 1299
* 0.503 1298
* 0.525 1292
* 0.64 1291
* 0.65 1284
* 0.74 1283
* 0.76 1260
* 0.798 1259
* 0.816 1252
* 0.867 1251
* 8.943 1248
# SOLUTION FOUND
# OPTIMALITY NOT PROVED
# BEST SOLUTION: 1248
# NUMBER OF BRANCHES: 400538
# END TIME: 30.186
## Solution: 
30
0 0
28 223
17 263
25 284
5 314
29 341
23 365
9 389
24 420
15 442
27 476
30 504
20 543
2 581
26 604
8 662
14 706
21 727
13 783
4 843
18 878
12 899
16 933
22 980
19 1014
7 1040
11 1097
1 1117
10 1143
6 1153
3 1164
# BEST TD SOLUTION: 1248
