# EXTRACTION TIME: 0.432
* 0.006 1498
* 0.009 1488
* 0.025 1383
* 0.032 1370
* 0.039 1366
* 0.054 1360
* 0.059 1359
* 0.082 1355
* 0.091 1350
* 0.129 1348
* 0.14 1347
* 0.144 1340
* 0.157 1318
* 0.166 1302
* 0.259 1293
* 1.193 1284
* 1.216 1283
* 1.251 1279
* 1.273 1277
* 1.287 1271
* 1.366 1268
* 1.375 1267
* 1.444 1265
* 1.477 1253
* 1.551 1252
* 1.554 1249
* 1.585 1240
* 1.672 1238
* 1.691 1237
* 1.863 1236
* 7.013 1233
* 7.201 1231
* 7.621 1230
* 7.667 1229
* 7.92 1224
* 8.523 1209
* 13.694 1204
* 22.019 1203
* 22.8 1201
* 22.929 1198
* 24.596 1196
# SOLUTION FOUND
# OPTIMALITY NOT PROVED
# BEST SOLUTION: 1196
# NUMBER OF BRANCHES: 385326
# END TIME: 30.439
## Solution: 
40
0 0
27 179
35 254
23 288
21 324
18 342
6 364
30 396
31 422
11 450
26 472
34 511
9 526
38 557
15 570
32 598
24 623
19 647
40 678
5 721
28 730
10 741
20 765
36 788
8 819
17 847
16 872
37 889
14 914
13 928
39 954
3 972
25 995
12 1013
33 1028
22 1048
4 1056
1 1066
2 1084
7 1095
29 1107
# BEST TD SOLUTION: 1196
