# INSTANCE: InstancesTDTSP/inst_100_6_TW.txt InstancesTDTSP/tdtsp_bench_255_6h00_12h30_mirrored.txt
# ALGORITHM: TSP MEDIAN NOOVERLAP RESTART
# NUMBER OF VISITS: 100
# NUMBER OF TIME WINDOWS: 130
# TIME LIMIT: 7200
* 0.02 70133 51207
* 0.17 51255 51181
* 0.18 48402 50464
* 0.18 48267 50464
* 0.21 47843 50164
* 0.22 47552 50164
* 0.24 47375 50106
* 0.25 47263 49754
* 0.26 47180 49359
* 0.29 47143 49359
* 0.3 46814 49359
* 0.38 46560 48607
* 0.38 46135 47858
* 0.38 46085 47858
* 0.43 46083 47858
* 0.45 46021 47858
* 0.47 45997 47858
* 0.5 45962 47858
* 0.5 44258 46714
* 0.51 44249 46338
* 0.53 44185 46707
* 0.54 44161 46628
* 0.54 44060 46404
* 0.54 43852 46195
* 0.55 43807 46088
* 0.59 43802 46053
* 0.59 43786 46033
* 0.61 43743 46002
* 0.63 43706 45971
* 0.65 43454 45701
* 0.66 43429 45701
* 0.66 43392 45701
* 0.66 43338 45430
* 0.67 43284 45526
* 0.68 43278 45502
* 0.72 43186 45630
* 0.73 42891 45187
* 0.73 42783 45064
* 0.73 42662 45027
* 0.76 42617 44953
* 0.77 42615 44948
* 0.86 42529 44970
* 1.88 42526 44888
* 1.9 42501 44828
* 1.9 42499 44826
* 1.91 42475 44673
* 8.19 42449 44917
* 8.5 42296 44621
* 8.65 42217 44517
* 8.66 42165 44443
* 9.13 42162 44441
* 10.48 42037 44041
* 11.8 42009 43805
* 11.88 41684 43703
* 12.77 41584 43530
* 12.78 41422 43245
* 12.78 41336 43193
* 12.78 41318 43127
* 12.81 41203 43084
* 12.81 41160 42966
* 12.83 41108 42892
* 12.83 41068 42806
* 12.84 41061 42804
* 12.88 41056 42804
* 12.95 41013 42804
* 13.07 40884 42779
* 13.12 40872 42687
* 13.12 40850 42686
* 13.13 40794 42651
* 13.13 40741 42615
* 13.13 40557 42355
* 13.14 40549 42377
* 13.15 40542 42276
* 13.17 40393 42041
* 13.25 40381 42071
* 13.4 40380 42080
* 13.48 40327 41869
* 13.48 40266 41757
* 13.48 40117 41664
* 13.67 40105 41624
* 15.44 40091 41609
* 15.59 40068 41601
* 15.62 39945 41445
* 17.57 39916 41406
* 17.9 39914 41350
* 18 39894 41367
* 18.06 39850 41303
* 18.36 39838 41306
* 18.55 39802 41275
* 19.05 39795 41258
* 19.45 39788 41290
* 19.46 39752 41257
* 20.97 39734 41246
* 22.25 39632 41073
* 22.41 39611 41033
# SOLUTION FOUND
# OPTIMALITY NOT PROVED
# BEST TSP SOLUTION: 39611
# NUMBER OF BRANCHES: 212660763
# END TIME: 7200.01
## Solution with TDTSP times: 
100
79 0
81 270
80 468
128 918
210 1321
84 1709
70 2052
204 2270
205 2455
82 2818
221 3327
83 4077
74 4451
214 4683
208 5020
157 5517
53 5977
63 6363
40 6928
47 7195
122 7452
126 7777
191 8110
189 8513
164 9083
165 9453
56 10005
58 10328
61 10551
230 10793
243 11014
49 11122
36 11802
64 12004
125 12142
33 12624
228 12889
35 13414
51 13637
62 14244
92 14806
97 15241
105 15444
234 15863
133 16262
59 16835
48 17228
123 17702
220 18158
252 18475
216 18970
215 19178
26 19462
237 19842
236 20052
22 20479
27 20661
86 20998
116 21314
118 21838
246 22222
249 22904
20 23542
117 23930
89 24595
91 25052
96 25711
88 26484
55 26941
156 27813
142 28053
163 28220
188 28416
146 28728
161 29090
129 30071
72 30465
211 30891
203 31244
207 31786
139 32781
8 33435
250 33619
16 34003
2 34282
6 34468
4 34702
1 35010
15 35536
13 36026
114 36251
108 36396
184 37509
180 38094
172 38378
169 38709
178 38920
11 39516
174 39767
195 40079
# BEST TD SOLUTION: 41033
