# INSTANCE: InstancesTDTSP/inst_50_17_TW.txt InstancesTDTSP/tdtsp_bench_255_6h00_12h30_10p_ti_mirrored.txt
# ALGORITHM: TSP MEDIAN NOOVERLAP RESTART
# NUMBER OF VISITS: 50
# NUMBER OF TIME WINDOWS: 130
# TIME LIMIT: 7200
* 0 25551 28563
* 0.01 25240 28563
* 0.06 25078 28563
* 0.17 24822 28563
* 0.67 24751 28563
* 0.68 24726 28563
* 0.68 24264 28563
* 0.69 24204 28563
* 0.69 24188 28563
* 0.7 24036 28563
* 0.7 24018 28563
* 0.7 23954 28563
* 0.7 23927 28563
* 0.71 23894 28563
* 0.71 23884 28563
* 0.72 23846 28563
* 0.72 23812 28563
* 0.73 23761 28563
* 0.76 23687 28563
* 0.76 23653 28563
* 0.8 23602 28563
* 0.82 23598 28563
* 0.83 23586 28563
* 10.27 23535 28563
* 10.3 23534 28563
* 10.32 23524 28563
* 10.42 23482 28563
* 10.43 23467 28563
* 10.86 23450 28563
* 10.88 23441 28563
* 10.95 23439 28563
# SOLUTION FOUND
# OPTIMALITY NOT PROVED
# BEST TSP SOLUTION: 23439
# NUMBER OF BRANCHES: 236912363
# END TIME: 7200
## Solution with TDTSP times: 
50
44 0
254 320
30 607
252 950
253 1433
90 1890
99 2318
135 2668
123 3329
230 3816
61 4173
242 4402
243 4577
159 5505
163 6328
164 6734
165 6933
146 7508
192 7892
155 8395
74 9072
214 9210
77 9476
131 9720
70 10210
72 10578
73 10946
223 12080
8 13004
14 13567
2 13706
1 13943
17 14393
0 14712
18 15662
225 16359
178 16849
173 17089
195 17477
212 17808
24 18412
21 19064
200 19598
251 19934
248 20696
36 21063
59 21505
100 22373
103 22727
94 23744
# BEST TD SOLUTION: 28563
