# INSTANCE: InstancesTDTSP/inst_100_14_TW.txt InstancesTDTSP/tdtsp_bench_255_6h00_12h30_10p_ti_mirrored.txt
# ALGORITHM: TSP MEDIAN NOOVERLAP RESTART
# NUMBER OF VISITS: 100
# NUMBER OF TIME WINDOWS: 130
# TIME LIMIT: 7200
* 0.03 41834 -1
* 0.03 41798 -1
* 0.06 41764 -1
* 0.07 41725 -1
* 0.09 41723 -1
* 0.2 41658 -1
* 0.24 41618 -1
* 0.24 41560 -1
* 0.25 41555 -1
* 0.26 41537 -1
* 0.27 41522 -1
* 0.28 41405 -1
* 0.3 41300 -1
* 0.31 41271 -1
* 0.32 41249 -1
* 0.34 41194 -1
* 0.35 41158 -1
* 0.38 41137 -1
* 0.41 41017 -1
* 0.42 40079 -1
* 0.42 40024 -1
* 0.44 39977 -1
* 0.45 39463 -1
* 0.53 39413 -1
* 0.53 39390 -1
* 0.62 39371 -1
* 0.72 39243 -1
* 0.74 39163 -1
* 0.79 39162 -1
* 0.81 39114 -1
* 0.87 39053 -1
* 6.19 38802 -1
* 6.27 38787 -1
* 6.98 38742 -1
* 6.98 38734 -1
* 7.14 38719 -1
* 7.18 38700 -1
* 7.51 38692 -1
* 7.63 38642 -1
* 7.77 38627 -1
* 7.88 38569 -1
* 7.88 38523 -1
* 8.51 38492 -1
* 8.58 38490 -1
* 8.85 38489 -1
* 9.05 38452 -1
* 9.09 38425 -1
* 9.64 38417 -1
* 10.09 38414 -1
* 10.37 38279 -1
* 10.53 38210 -1
* 10.62 38066 -1
* 10.65 38017 -1
* 11.07 37989 -1
* 11.15 37971 -1
* 11.27 37922 -1
* 11.49 37889 -1
* 11.87 37855 -1
* 16.89 37812 -1
* 17.37 37798 -1
* 17.62 377* 90.4* 90.66 377* 187.* 187.9 37778 -1
* 187.9 37775* 30* 306.49 37771 -1
* 306.6 37742 -1
* 306.75 37708 # S# SOLUTION FOUND
# OPTIMALITY NOT PROVED
# BEST TSP SOLUTION: 37708
# NUMBER OF BRANCHES: 131395136
# END TIME: 7200
## Solution with TDTSP times: 
100
32 0
53 283
157 472
63 823
86 1155
65 1592
40 1915
44 2251
52 2595
127 3016
242 3500
243 3660
43 4114
229 4257
123 4699
120 5431
251 5982
216 6412
30 6604
218 6966
252 7368
253 7828
102 8595
89 9421
105 9844
87 10026
55 10507
99 10879
92 11195
60 11794
64 12227
232 12484
228 12905
35 13411
51 13704
41 13957
199 14413
100 14826
101 15353
96 15671
197 16654
196 16997
245 17696
26 17840
21 18100
244 18358
201 18802
246 19098
236 19279
22 19658
72 20024
206 20224
78 20455
211 20778
73 21136
204 21243
241 21479
132 21571
209 21925
202 22120
70 22431
214 22862
168 23140
130 23407
83 23787
75 24056
167 24735
146 25121
192 25521
145 25779
190 26330
173 26992
11 27403
169 27597
178 27780
176 27910
172 28204
193 28417
194 29053
113 29416
3 29728
16 30201
5 30529
10 30868
115 31135
14 31423
114 31572
2 31647
4 31790
1 32074
17 32975
247 33350
111 33870
15 34202
12 34847
8 35189
9 35440
250 35681
68 36747
226 37294
