# INSTANCE: InstancesTDTSP/inst_30_7_TW.txt InstancesTDTSP/tdtsp_bench_255_6h00_12h30_20p_ti_mirrored.txt
# ALGORITHM: TSP MEDIAN NOOVERLAP RESTART
# NUMBER OF VISITS: 30
# NUMBER OF TIME WINDOWS: 130
# TIME LIMIT: 3600
* 0 15306 17851
* 0 15159 17678
* 0.47 15065 17726
* 0.49 15026 17557
* 3.98 14877 17991
* 4.22 14861 18033
* 4.28 14797 17985
* 4.33 14777 17756
* 4.61 14771 18025
* 4.62 14770 18037
# SOLUTION FOUND
# OPTIMALITY PROVED
# BEST TSP SOLUTION: 14770
# NUMBER OF BRANCHES: 56549422
# END TIME: 1266.99
## Solution with TDTSP times: 
30
106 0
107 365
7 852
14 1237
66 1970
132 2611
27 3520
217 4015
93 5275
105 6282
116 7568
120 7745
63 8264
47 8786
140 9306
167 9666
188 9988
208 10741
214 11069
171 11809
195 12265
162 12826
165 13180
159 13679
48 14247
55 14588
238 15118
198 16020
197 16408
250 17625
# BEST TD SOLUTION: 18037
