# INSTANCE: InstancesTDTSP/inst_100_1_TW.txt InstancesTDTSP/tdtsp_bench_255_6h00_12h30_10p_ti_mirrored.txt
# ALGORITHM: TSP MEDIAN NOOVERLAP RESTART
# NUMBER OF VISITS: 100
# NUMBER OF TIME WINDOWS: 130
# TIME LIMIT: 7200
* 0.02 57357 -1
* 0.03 44431 -1
* 0.03 44345 -1
* 0.04 44322 -1
* 0.05 44249 -1
* 0.09 44214 -1
* 0.1 44085 -1
* 0.1 44083 -1
* 0.1 43931 -1
* 0.11 43798 -1
* 0.11 43769 -1
* 0.11 43738 -1
* 0.13 43580 -1
* 0.13 43544 -1
* 0.14 43422 -1
* 0.14 43420 -1
* 0.16 43353 -1
* 0.2 43321 -1
* 0.27 43309 -1
* 0.27 43186 -1
* 0.34 43167 -1
* 0.34 43165 -1
* 0.35 43153 -1
* 0.36 43150 -1
* 0.39 43005 -1
* 0.47 42998 -1
* 0.5 42996 -1
* 0.51 42939 -1
* 0.55 42865 -1
* 0.64 42838 -1
* 0.65 42836 -1
* 0.67 42813 -1
* 0.7 42765 -1
* 0.73 42759 -1
* 0.78 42562 -1
* 0.78 42500 -1
* 0.8 42473 -1
* 0.81 42463 -1
* 0.82 42434 -1
* 0.82 42410 -1
* 0.84 42399 -1
* 0.92 42370 -1
* 1.03 42336 -1
* 3.55 42312 -1
* 3.6 42286 -1
* 3.61 42216 -1
* 3.68 42150 -1
* 3.79 42134 -1
* 3.86 42120 -1
* 3.92 42119 -1
* 5.09 41896 -1
* 7.23 41890 -1
* 7.32 41823 -1
* 7.94 41786 -1
* 8.03 41771 -1
* 8.06 41747 -1
* 8.3 41685 -1
* 8.37 41672 -1
* 8.45 41665 -1
* 8.56 41618 -1
* 8.89 41598 -1
* 9.22 41484 -1
* 9.26 41469 -1
* 9.69 41319 -1
* 9.74 41247 -1
* 10.28 41230 -1
* 10.45 41192 -1
* 10.54 41144 -1
* 10.59 41115 -1
* 10.63 41100 -1
* 10.67 41067 -1
* 10.71 41019 -1
* 10.82 41014 -1
* 10.87 40994 -1
* 10.99 40980 -1
* 12.81 40953 -1
* 12.97 40950 -1
* 13.09 40886 -1
* 15.04 40874 -1
* 15.05 40841 -1
* 15.63 40770 -1
* 33.02 40758 -1
* 40.44 40754 -1
* 40.63 40703 -1
* 41.04 40696 -1
* 41.17 40691 -1
* 41.46 40689 -1
* 43.5 40677 -1
# SOLUTION FOUND
# OPTIMALITY NOT PROVED
# BEST TSP SOLUTION: 40677
# NUMBER OF BRANCHES: 208149522
# END TIME: 7200
## Solution with TDTSP times: 
100
231 0
230 267
140 528
167 921
141 1246
163 1478
164 1877
165 2099
162 2688
151 3172
126 3873
121 4227
32 4527
158 4949
75 5698
81 5986
74 6280
214 6593
