# INSTANCE: InstancesTDTSP/inst_20_14_TW.txt InstancesTDTSP/tdtsp_bench_255_6h00_12h30_20p_ti_mirrored.txt
# ALGORITHM: TSP MEDIAN NOOVERLAP RESTART
# NUMBER OF VISITS: 20
# NUMBER OF TIME WINDOWS: 130
# TIME LIMIT: 3600
* 0 71185 21170
* 0 11490 15113
* 0 11474 15638
# SOLUTION FOUND
# OPTIMALITY PROVED
# BEST TSP SOLUTION: 11474
# NUMBER OF BRANCHES: 120
# END TIME: 0
## Solution with TDTSP times: 
20
33 0
228 174
64 447
41 936
53 2166
54 2490
155 2925
208 3439
128 4157
78 4782
72 5078
7 8555
153 10279
195 11100
171 11613
113 12600
108 13033
6 13317
110 13795
14 14090
# BEST TD SOLUTION: 15638
