# INSTANCE: InstancesTDTSP/inst_50_12_TW.txt InstancesTDTSP/tdtsp_bench_255_6h00_12h30_20p_ti_mirrored.txt
# ALGORITHM: TSP MEDIAN NOOVERLAP RESTART
# NUMBER OF VISITS: 50
# NUMBER OF TIME WINDOWS: 130
# TIME LIMIT: 7200
* 0.01 187559 28214
* 0.01 186714 27437
* 0.01 185444 27356
* 0.02 24941 26620
* 0.03 24930 26600
* 0.05 24898 26535
* 0.22 24884 26535
* 0.23 24837 26626
* 0.23 24668 26466
* 0.23 24594 26300
* 0.25 24503 26220
* 0.4 24297 25957
* 0.4 24253 25857
* 1.4 24199 25789
* 1.44 24161 25806
* 1.47 23999 25789
* 1.47 23867 25404
* 4.32 23724 25185
* 4.33 23717 25229
* 4.36 23705 25170
* 4.49 23704 25388
* 4.49 23701 25063
* 4.51 23619 24926
* 4.53 23515 25663
* 4.55 23347 24813
* 4.56 23225 24880
* 4.67 23217 24776
* 2245.58 23211 24882
* 2245.62 23210 24957
# SOLUTION FOUND
# OPTIMALITY NOT PROVED
# BEST TSP SOLUTION: 23210
# NUMBER OF BRANCHES: 212060373
# END TIME: 7200
## Solution with TDTSP times: 
50
102 0
20 462
29 809
236 1171
217 1664
254 1964
86 2261
63 2700
54 2978
53 3261
168 4041
131 4499
75 4804
85 5117
82 5866
70 6020
76 6471
68 7235
205 7853
129 8644
170 9140
149 9640
65 10167
43 10439
230 10853
42 11431
19 12005
36 12532
64 12898
232 13140
133 13725
97 14158
89 14592
91 15066
101 15674
98 16142
199 16639
50 17157
163 18313
188 18582
11 19463
113 20175
3 20439
239 20777
138 21429
4 21995
106 22378
14 22763
108 23057
115 23518
# BEST TD SOLUTION: 24957
