# INSTANCE: InstancesTDTSP/inst_50_4_TW.txt InstancesTDTSP/tdtsp_bench_255_6h00_12h30_10p_ti_mirrored.txt
# ALGORITHM: TSP MEDIAN NOOVERLAP RESTART
# NUMBER OF VISITS: 50
# NUMBER OF TIME WINDOWS: 130
# TIME LIMIT: 7200
* 0.01 25636 28563
* 0.02 25464 28563
* 0.29 25278 28563
* 0.31 25154 28563
* 0.31 25125 28563
* 0.33 25100 28563
* 0.33 24999 28563
* 0.34 24978 28563
* 0.35 24956 28563
* 0.37 24954 28563
* 0.37 24879 28563
* 0.4 24805 28563
* 0.43 24758 28563
* 0.44 24737 28563
* 0.46 24626 28563
* 1.53 24605 28563
* 1.69 24536 28563
* 1.94 24436 28563
* 2.04 24419 28563
* 2.04 24402 28563
* 2.68 24400 28563
* 3.19 24359 28563
* 48.67 24349 28563
* 50.08 24347 28563
* 59.9 24296 28563
* 60.17 24292 28563
# SOLUTION FOUND
# OPTIMALITY NOT PROVED
# BEST TSP SOLUTION: 24292
# NUMBER OF BRANCHES: 233596113
# END TIME: 7200
## Solution with TDTSP times: 
50
120 0
44 327
63 594
121 1056
229 1383
122 1501
61 1930
39 2223
219 2822
135 3542
48 3905
251 4981
218 5288
102 6287
20 7089
197 7801
198 8490
249 8921
201 9579
25 10145
203 10785
204 11118
205 11417
235 11908
75 12328
71 12763
67 13116
18 13686
14 14015
12 14224
4 14493
109 15086
194 15923
177 16075
180 16598
193 16778
176 16946
149 17580
150 17875
146 18123
188 18448
60 19119
59 19654
227 20355
100 20966
89 21568
91 21969
134 22477
223 24258
226 25034
# BEST TD SOLUTION: 28563
