# INSTANCE: InstancesTDTSP/inst_50_20_TW.txt InstancesTDTSP/tdtsp_bench_255_6h00_12h30_10p_ti_mirrored.txt
# ALGORITHM: TSP MEDIAN NOOVERLAP RESTART
# NUMBER OF VISITS: 50
# NUMBER OF TIME WINDOWS: 130
# TIME LIMIT: 7200
* 0 24745 25961
* 0.01 24705 26028
* 0.07 24659 25976
* 0.08 24638 25979
* 0.09 24630 25945
* 0.09 24550 25871
* 0.28 24544 25774
* 0.29 24493 25769
* 0.34 24401 25766
* 0.34 24356 25791
* 0.36 24234 25550
* 0.37 24220 25596
* 0.37 24214 25532
* 0.38 24172 25488
* 0.38 24151 25361
* 0.39 23938 25110
* 0.39 23931 25091
* 0.39 23789 24966
* 0.42 23267 24477
* 0.43 23264 24353
* 0.46 23236 24464
* 0.51 23224 24609
* 0.52 23221 24592
* 0.56 23076 24285
* 0.57 23075 24288
* 0.57 23065 24236
* 0.58 23038 24252
* 0.58 23028 24295
* 0.59 22939 24295
* 0.6 22797 24147
* 0.64 22749 24053
* 0.69 22748 24074
* 2.01 22745 24060
* 2.28 22690 23814
* 3.28 22668 23914
* 3.31 22640 23872
* 3.54 22613 23886
* 3.64 22610 23866
* 3.89 22596 23872
* 3.89 22593 23845
# SOLUTION FOUND
# OPTIMALITY NOT PROVED
# BEST TSP SOLUTION: 22593
# NUMBER OF BRANCHES: 243479035
# END TIME: 7200
## Solution with TDTSP times: 
50
190 0
161 387
163 943
160 1111
144 1374
164 1698
56 2150
61 2485
39 2819
45 3152
123 3288
19 3662
124 4085
57 4798
99 5257
97 5820
95 6693
199 7588
228 8660
64 9016
24 10154
149 10565
80 11155
214 11399
204 12043
69 12310
221 12544
67 13010
225 13285
18 13682
113 13961
7 14278
10 14556
16 14738
108 14963
222 15782
68 16109
202 16648
235 17056
129 17468
169 18132
180 18378
182 18884
237 20056
233 20449
197 21158
20 21607
200 22000
216 22474
253 22853
# BEST TD SOLUTION: 23845
