# INSTANCE: InstancesTDTSP/inst_30_20_TW.txt InstancesTDTSP/tdtsp_bench_255_6h00_12h30_10p_ti_mirrored.txt
# ALGORITHM: TSP MEDIAN NOOVERLAP RESTART
# NUMBER OF VISITS: 30
# NUMBER OF TIME WINDOWS: 130
# TIME LIMIT: 3600
* 0 18605 -1
* 0 18508 -1
* 0.01 18104 -1
* 0.01 17906 -1
* 0.02 17800 -1
* 0.03 17798 -1
* 0.04 17650 -1
* 0.04 17362 -1
* 0.05 17320 -1
* 0.05 17308 -1
* 0.1 17221 -1
* 0.11 17205 -1
* 0.11 17144 -1
* 0.12 17114 -1
* 0.13 17107 -1
* 8.42 17081 -1
# SOLUTION FOUND
# OPTIMALITY PROVED
# BEST TSP SOLUTION: 17081
# NUMBER OF BRANCHES: 122908174
# END TIME: 2998.7
## Solution with TDTSP times: 
30
212 0
83 510
77 875
32 1249
49 1639
231 1938
156 2484
150 3117
47 3892
52 4334
120 4932
99 5880
102 7165
117 7836
244 8820
22 9125
70 9933
66 10558
8 11380
115 11626
5 11968
177 12574
247 13369
15 13854
106 14260
137 14744
138 15164
252 16523
91 17458
87 17930
