# INSTANCE: InstancesTDTSP/inst_50_18_TW.txt InstancesTDTSP/tdtsp_bench_255_6h00_12h30_20p_ti_mirrored.txt
# ALGORITHM: TSP MEDIAN NOOVERLAP RESTART
# NUMBER OF VISITS: 50
# NUMBER OF TIME WINDOWS: 130
# TIME LIMIT: 7200
* 0 177184 25406
* 0 177123 25150
* 0.03 176817 25207
* 0.04 22848 24960
* 0.04 22755 24971
* 0.05 22610 24900
* 0.05 22211 24717
* 0.05 22111 24389
* 0.07 21931 24164
* 0.07 21892 24162
* 0.07 21885 24251
* 0.22 21740 24155
* 0.24 21695 24114
* 0.24 21687 24022
* 0.25 21684 23950
* 0.26 21673 23837
* 0.26 21610 23922
* 0.26 21602 24000
* 0.3 21473 23834
* 0.3 21397 23709
* 0.35 21387 23711
* 0.35 21351 23692
* 0.35 21330 23711
* 0.42 21255 23708
* 0.43 21122 23693
* 0.49 21073 23717
* 0.49 20763 23159
* 0.49 20727 23145
* 0.49 20717 23139
* 0.49 20633 23030
* 1.41 20558 22543
* 1.43 20555 22586
* 1.43 20552 22528
* 1.68 20523 22595
* 1.69 20508 22610
* 2.5 20467 29531
* 3.05 20456 22588
* 3.4 20445 22577
# SOLUTION FOUND
# OPTIMALITY NOT PROVED
# BEST TSP SOLUTION: 20445
# NUMBER OF BRANCHES: 221218257
# END TIME: 7200
## Solution with TDTSP times: 
50
131 0
75 242
74 484
69 859
70 1039
211 1340
73 1709
204 1891
205 2141
68 2719
18 4252
194 4744
63 6655
34 7122
53 7491
157 7711
155 8089
189 8443
154 8755
145 9215
161 9640
162 10132
151 10459
49 10850
231 11093
56 11612
248 11890
135 12360
134 12936
91 13523
95 14028
227 14484
51 14841
104 15446
87 15759
90 16297
23 16721
120 17227
217 17566
216 17684
218 17866
253 18189
28 18480
25 18855
26 19110
244 19486
236 19580
4 20667
0 21252
183 22212
# BEST TD SOLUTION: 22577
