# INSTANCE: InstancesTDTSP/inst_100_12_TW.txt InstancesTDTSP/tdtsp_bench_255_6h00_12h30_mirrored.txt
# ALGORITHM: TSP MEDIAN NOOVERLAP RESTART
# NUMBER OF VISITS: 100
# NUMBER OF TIME WINDOWS: 130
# TIME LIMIT: 7200
* 0.01 60778 49315
* 0.02 55827 49231
* 0.03 46796 48438
* 0.09 46389 48182
* 0.09 46280 48182
* 0.1 46233 48182
* 0.1 46102 48182
* 0.13 45885 48182
* 0.17 45677 48077
* 0.17 45303 46800
* 0.18 45228 46800
* 0.21 45040 46800
* 0.23 45029 46800
* 0.24 44911 46800
* 0.29 44875 46800
* 0.34 44867 47415
* 0.38 44747 47415
* 0.38 44731 47415
* 0.42 44641 46800
* 0.44 44638 46800
* 0.44 44551 46800
* 7.59 44549 46800
* 7.61 44536 46800
* 7.67 44523 46800
* 7.7 44483 46800
* 7.72 44426 46800
* 7.95 44392 46800
* 7.96 44352 46800
* 8 44232 46800
* 8.05 44211 46753
* 8.47 44198 46800
* 8.48 44182 46800
* 8.49 44174 46800
* 8.56 44139 46764
* 8.62 44114 46771
* 8.63 44102 46556
* 9.56 44066 46628
* 9.61 44027 46579
* 9.62 44011 46557
* 9.65 43997 46513
* 9.68 43939 46475
* 9.69 43908 46244
* 10.03 43874 46119
* 10.03 43862 46082
* 10.05 43820 46054
* 10.05 43810 46108
* 10.05 43715 45998
* 10.08 43706 45994
* 10.16 43677 45976
* 10.19 43615 46060
* 10.62 43611 46072
* 10.63 43594 46072
* 10.66 43589 46072
* 10.71 43581 46072
* 11.14 43562 46062
* 11.15 43504 46062
* 11.15 43501 46062
* 11.19 43495 46062
* 11.28 43370 45825
* 12.41 43357 46017
* 12.49 43287 45958
* 12.53 43281 45926
# SOLUTION FOUND
# OPTIMALITY PROVED
# BEST TSP SOLUTION: 43281
# NUMBER OF BRANCHES: 212085
# END TIME: 12.54
## Solution with TDTSP times: 
100
235 0
72 345
206 564
82 805
128 1194
79 1575
83 1807
168 2221
71 2435
67 2870
175 3250
171 3852
11 4116
176 4544
172 4722
180 5185
184 5828
195 6545
212 7142
145 7644
162 8046
160 8418
150 8815
163 9260
188 9433
142 9724
141 9800
165 10163
156 10618
56 11147
60 11360
36 11636
64 11928
33 12153
228 12474
35 12982
50 13476
199 13893
95 14455
98 14783
96 15310
101 15627
105 16174
87 16300
97 16620
89 17109
90 17742
93 18263
102 18691
20 19250
29 19526
246 19974
237 20171
233 20471
200 20844
118 21224
216 21495
220 21877
86 22371
65 22718
166 23029
32 23160
149 23465
189 23652
121 24200
127 24544
140 24808
167 25064
49 25496
242 25728
243 25952
42 26436
123 26716
45 26991
19 27253
99 27709
48 28135
44 28820
27 29144
203 29712
211 30001
132 30368
66 30855
240 31358
207 32271
198 33097
197 33531
249 34287
13 35569
106 36051
136 36746
115 37564
2 38014
239 38303
15 38727
247 39226
190 41053
63 42182
23 43164
133 44059
# BEST TD SOLUTION: 45926
