Horizon 136680
# INSTANCE: InstancesTDTSP/inst_20_17_TW.txt DATA_TDTSP/tdtsp_bench_255_6h00_12h30_mirrored.txt
# ALGORITHM: TSP MEDIAN NOOVERLAP RESTART
# NUMBER OF VISITS: 20
# NUMBER OF TIME WINDOWS: 130
# TIME LIMIT: 3600
* 0.002 19686 82508
* 0.002 17631 72700
* 0.002 17419 72700
* 0.006 16762 81000
* 0.042 16739 81109
# SOLUTION FOUND
# OPTIMALITY PROVED
# BEST TSP SOLUTION: 16739
# NUMBER OF BRANCHES: 30214
# END TIME: 0.519
## Solution with TDTSP times: 
20
173 0
195 389
178 752
168 1529
214 2000
73 2631
129 3111
44 3873
227 5707
137 8452
12 72700
118 73750
251 73992
25 74378
14 75568
109 76232
51 77851
234 78440
104 79128
213 80649
# BEST TD SOLUTION: 81109
