# INSTANCE: InstancesTDTSP/inst_20_7_TW.txt InstancesTDTSP/tdtsp_bench_255_6h00_12h30_20p_ti_mirrored.txt
# ALGORITHM: TSP MEDIAN NOOVERLAP RESTART
# NUMBER OF VISITS: 20
# NUMBER OF TIME WINDOWS: 130
# TIME LIMIT: 3600
* 0.01 15052 17823
* 0.01 14195 15028
* 0.01 12541 16332
* 0.01 12345 16150
* 0.01 12261 15693
* 0.02 12145 15522
* 0.05 12132 15529
* 0.06 12113 15432
* 0.06 12098 15364
* 0.06 11990 14483
* 0.06 11765 14628
* 0.06 11736 14669
* 0.07 11645 14688
* 0.07 11550 14604
* 0.07 11453 14627
* 0.23 11415 14604
# SOLUTION FOUND
# OPTIMALITY PROVED
# BEST TSP SOLUTION: 11415
# NUMBER OF BRANCHES: 801090
# END TIME: 18.22
## Solution with TDTSP times: 
20
88 0
97 364
216 946
244 1414
222 2079
209 2969
76 3459
210 4002
181 4708
158 5662
156 6717
161 7565
190 8376
145 9154
54 9890
122 10565
140 11063
150 11451
111 12526
110 13194
# BEST TD SOLUTION: 14604
