# INSTANCE: InstancesTDTSP/inst_30_19_TW.txt InstancesTDTSP/tdtsp_bench_255_6h00_12h30_mirrored.txt
# ALGORITHM: TSP MEDIAN NOOVERLAP RESTART
# NUMBER OF VISITS: 30
# NUMBER OF TIME WINDOWS: 130
# TIME LIMIT: 3600
* 0 20047 -1
* 0 19653 -1
* 0.01 19626 -1
* 0.09 19571 -1
# SOLUTION FOUND
# OPTIMALITY PROVED
# BEST TSP SOLUTION: 19571
# NUMBER OF BRANCHES: 331777
# END TIME: 9.31
## Solution with TDTSP times: 
30
65 0
121 277
44 622
120 1070
217 1499
25 2013
253 2377
97 3089
104 3729
103 4608
50 5488
35 6122
125 6885
124 7453
159 8129
146 8930
161 9374
192 9587
225 10415
18 10818
194 11204
16 11778
1 12104
202 12970
72 13351
91 14966
197 16217
249 16861
