# INSTANCE: InstancesTDTSP/inst_30_10_TW.txt InstancesTDTSP/tdtsp_bench_255_6h00_12h30_mirrored.txt
# ALGORITHM: TSP MEDIAN NOOVERLAP RESTART
# NUMBER OF VISITS: 30
# NUMBER OF TIME WINDOWS: 130
# TIME LIMIT: 3600
* 0.01 16676 -1
# SOLUTION FOUND
# OPTIMALITY PROVED
# BEST TSP SOLUTION: 16676
# NUMBER OF BRANCHES: 65756
# END TIME: 1.89
## Solution with TDTSP times: 
30
56 0
243 429
38 752
121 1000
39 1504
42 1835
123 2080
19 2466
92 2774
135 3144
57 3550
64 4089
232 4455
50 5516
90 7162
252 7941
30 8423
26 8900
21 9426
244 9595
72 10283
79 10779
170 11317
181 11853
172 12315
184 12779
239 13434
250 14016
198 15606
190 17131
