# INSTANCE: InstancesTDTSP/inst_100_14_TW.txt InstancesTDTSP/tdtsp_bench_255_6h00_12h30_mirrored.txt
# ALGORITHM: TSP MEDIAN NOOVERLAP RESTART
# NUMBER OF VISITS: 100
# NUMBER OF TIME WINDOWS: 130
# TIME LIMIT: 7200
* 0.03 43789 46431
* 0.03 43606 46285
* 0.04 43502 46174
* 0.05 43461 46140
* 0.07 43426 46140
* 0.09 43360 45948
* 0.13 42829 45542
* 0.22 42825 45640
* 0.27 42320 44787
* 0.28 42315 44760
* 0.28 42279 44704
* 0.28 42050 44265
* 0.32 41914 44044
* 0.34 41901 43796
* 0.35 41831 43994
* 0.36 41779 44023
* 0.37 41520 43695
* 0.46 41511 43750
* 0.51 41315 43342
* 1.44 41179 43098
* 1.44 41166 42877
* 1.45 41129 42835
* 7.49 41041 42584
* 7.5 41035 42580
* 7.66 40923 42391
* 7.69 40916 42513
* 11.24 40912 42694
* 11.65 40867 42728
* 12.27 40840 42670
* 12.39 40835 42532
* 12.66 40811 42691
* 15.1 40697 42394
* 17.12 40693 42115
* 17.25 40689 42289
* 19.47 40665 42270
* 28.29 40588 42184
* 28.3 40585 42183
* 28.31 40583 42189
* 105.53 40539 42180
* 105.55 40314 41871
* 105.6 40293 41810
* 105.68 40166 41606
* 105.78 40161 41609
* 105.87 40159 41575
* 106.1 40154 41578
* 106.49 40144 41608
* 106.5 40136 41597
* 106.5 40115 41565
* 106.53 40102 41513
* 106.53 40036 41430
* 106.53 39908 41232
* 106.53 39392 40753
* 106.54 39387 40753
* 106.57 39270 40495
* 106.57 39264 40651
* 106.57 38644 39704
* 106.58 38620 39705
* 106.58 38587 39703
* 106.58 38519 39621
* 106.59 38502 39607
* 106.6 38477 39528
* 106.71 38432 39462
* 106.77 38423 39435
* 106.9 38335 39445
* 107.01 38284 39301
* 107.15 38270 39217
* 107.22 38234 39127
* 107.23 38125 39017
* 107.26 38121 39015
* 107.71 38097 38972
* 107.85 38085 38963
* 107.86 38054 38898
* 107.95 38051 38896
* 108.09 37978 38812
* 108.13 37976 38819
* 113.61 37965 38803
* 113.62 37959 38791
* 114.43 37948 38738
* 114.68 37944 38744
* 120.29 37933 38803
* 120.3 37931 38736
* 120.33 37838 38639
# SOLUTION FOUND
# OPTIMALITY NOT PROVED
# BEST TSP SOLUTION: 37838
# NUMBER OF BRANCHES: 141319727
# END TIME: 7200
## Solution with TDTSP times: 
100
32 0
157 254
53 593
63 858
86 1212
65 1633
40 1948
44 2287
52 2633
127 3056
43 3474
229 3610
242 3937
243 4095
123 4655
120 5344
216 5815
30 6003
251 6393
218 6784
252 7176
253 7608
102 8335
89 9122
105 9523
87 9699
55 10152
99 10513
92 10814
60 11383
64 11816
232 12066
228 12472
35 13005
51 13288
41 13589
199 14061
100 14497
101 15061
96 15396
197 16475
196 16836
245 17631
26 17797
244 18123
21 18327
201 18861
246 19174
236 19366
22 19758
72 20148
206 20349
78 20583
204 20873
73 21007
211 21189
241 21646
132 21739
209 22112
202 22311
70 22659
168 23187
83 23473
130 23830
75 24135
214 24456
167 25184
146 25634
192 26082
145 26346
190 26932
173 27652
11 28081
169 28286
176 28473
172 28767
178 28946
193 29166
194 29864
113 30243
3 30559
14 31029
12 31180
8 31489
9 31704
115 31909
16 32125
5 32459
10 32807
250 33098
114 33565
2 33671
4 33870
1 34187
15 34714
111 35014
247 35497
17 36140
68 37277
226 37792
# BEST TD SOLUTION: 38639
