# INSTANCE: InstancesTDTSP/inst_100_9_TW.txt InstancesTDTSP/tdtsp_bench_255_6h00_12h30_mirrored.txt
# ALGORITHM: TSP MEDIAN NOOVERLAP RESTART
# NUMBER OF VISITS: 100
# NUMBER OF TIME WINDOWS: 130
# TIME LIMIT: 7200
* 0.02 42624 45365
* 0.03 42615 45355
* 0.08 42559 45274
* 0.15 42494 45308
* 0.15 42413 44954
* 0.18 42409 44960
* 0.22 42073 44743
* 0.22 41992 44603
* 0.24 41955 44501
* 0.25 41915 44501
* 0.25 41913 44361
* 0.25 41863 44293
* 0.26 41860 44219
* 0.26 41743 44103
* 1.22 41699 43896
* 1.27 41694 43893
* 1.3 41690 43894
* 1.32 41650 43876
* 1.37 41595 43886
* 1.38 41576 43889
* 1.39 41530 43834
* 1.52 41493 43799
* 1.55 41452 43799
* 1.57 41443 43798
* 1.59 41427 43834
* 1.61 41417 43803
* 1.66 41397 43828
* 7.63 41327 43698
* 7.63 41303 43671
* 7.65 41233 43582
* 7.69 41228 43502
* 7.7 41218 43333
* 7.8 41206 43512
* 7.9 41168 43472
* 8.09 41158 43371
* 9.78 41101 43312
* 9.78 40999 42917
* 9.83 40954 42822
* 14.49 40829 42703
* 14.55 40799 42677
* 16.2 40754 42603
* 16.21 40727 42582
* 16.22 40698 42551
* 16.25 40693 42543
* 16.28 40676 42531
* 16.28 40568 42134
* 16.29 40566 42129
* 17.01 40500 42016
* 17.24 40475 41996
* 18.85 40463 42011
* 18.87 40460 42000
* 20.01 40440 41969
* 20.33 40435 41968
* 23.03 40424 41939
* 42.09 40389 41895
* 42.3 40380 41934
* 42.41 40375 41930
* 42.56 40370 41930
* 44.37 40367 41915
* 50.66 40357 41914
* 131.36 40352 41944
* 131.68 40332 41851
* 131.76 40315 41846
* 131.83 40303 41851
* 135.33 40300 41839
* 141.37 40294 41833
# SOLUTION FOUND
# OPTIMALITY NOT PROVED
# BEST TSP SOLUTION: 40294
# NUMBER OF BRANCHES: 190536494
# END TIME: 7200
## Solution with TDTSP times: 
100
243 0
49 167
140 393
38 790
43 929
122 1264
47 1548
126 1776
46 1973
37 2118
167 2496
151 2977
142 3360
164 3764
165 4067
160 4470
144 4710
162 4987
147 5389
154 5592
189 5958
166 6228
155 6518
53 6930
79 7282
74 7657
77 7994
130 8316
34 8760
254 9187
118 9739
200 10223
25 10544
215 11020
31 11517
44 11942
52 12221
61 12619
230 12938
56 13500
159 13977
36 14556
125 14965
232 15151
64 15456
135 15808
57 15945
102 16954
93 17155
238 17504
219 18133
23 18406
19 18698
234 19287
89 19871
94 20373
117 21007
20 21296
246 21740
198 22318
249 22625
132 23415
203 23856
76 24138
73 24436
204 24719
205 24997
202 25310
82 25637
226 26171
224 26910
8 27658
9 27986
250 28099
110 28366
16 28493
5 28693
14 29077
12 29327
1 29733
15 30323
0 30753
247 31051
109 31171
195 32375
174 32508
212 32833
171 33422
11 33741
178 33977
179 34403
194 34923
177 35093
108 35637
139 36316
50 38265
41 38834
96 39674
104 40372
55 41043
# BEST TD SOLUTION: 41833
