Horizon 142200
# INSTANCE: InstancesTDTSP/inst_20_6_TW.txt DATA_TDTSP/tdtsp_bench_255_6h00_12h30_10p_ti_mirrored.txt
# ALGORITHM: TSP MEDIAN NOOVERLAP RESTART
# NUMBER OF VISITS: 20
# NUMBER OF TIME WINDOWS: 130
# TIME LIMIT: 3600
* 0 71897 79193
* 0 14933 77967
* 0.016 14216 72138
* 0.315 14121 77993
* 0.315 14003 77827
# SOLUTION FOUND
# OPTIMALITY PROVED
# BEST TSP SOLUTION: 14003
# NUMBER OF BRANCHES: 21967
# END TIME: 0.315
## Solution with TDTSP times: 
20
244 0
217 366
254 586
86 762
157 1167
84 1542
46 2218
243 2700
58 3052
199 4763
248 6366
146 7885
162 8078
145 71100
186 71580
169 72011
113 72793
182 73545
98 75266
0 76683
# BEST TD SOLUTION: 77827
