# INSTANCE: InstancesTDTSP/inst_20_13_TW.txt InstancesTDTSP/tdtsp_bench_255_6h00_12h30_20p_ti_mirrored.txt
# ALGORITHM: TSP MEDIAN NOOVERLAP RESTART
# NUMBER OF VISITS: 20
# NUMBER OF TIME WINDOWS: 130
# TIME LIMIT: 3600
* 0 60991 18714
* 0 14692 15856
* 0 14482 15699
* 0 14450 15758
# SOLUTION FOUND
# OPTIMALITY PROVED
# BEST TSP SOLUTION: 14450
# NUMBER OF BRANCHES: 1385
# END TIME: 0.01
## Solution with TDTSP times: 
20
79 0
166 384
53 677
126 1118
43 1324
49 1640
151 2116
192 2580
34 3667
209 4652
30 6033
23 6749
159 7882
184 9865
108 10931
2 11402
3 11867
125 13324
114 14699
112 14958
# BEST TD SOLUTION: 15758
