# INSTANCE: InstancesTDTSP/inst_20_7_TW.txt InstancesTDTSP/tdtsp_bench_255_6h00_12h30_mirrored.txt
# ALGORITHM: TSP MEDIAN NOOVERLAP RESTART
# NUMBER OF VISITS: 20
# NUMBER OF TIME WINDOWS: 130
# TIME LIMIT: 3600
* 0 13445 14569
* 0 13163 14566
* 0.03 13138 14565
* 0.47 13133 14573
* 0.48 13059 14419
* 0.48 13023 14378
* 0.48 12953 14266
* 0.49 12851 14261
* 0.5 12835 14267
# SOLUTION FOUND
# OPTIMALITY PROVED
# BEST TSP SOLUTION: 12835
# NUMBER OF BRANCHES: 541470
# END TIME: 12.34
## Solution with TDTSP times: 
20
88 0
216 882
244 1404
222 2184
209 2981
210 3738
181 4354
145 4997
190 5789
161 6514
158 7216
54 7769
76 8544
110 9488
111 10174
156 11926
150 12308
140 12640
122 12903
97 13908
# BEST TD SOLUTION: 14267
