# INSTANCE: InstancesTDTSP/inst_100_4_TW.txt InstancesTDTSP/tdtsp_bench_255_6h00_12h30_20p_ti_mirrored.txt
# ALGORITHM: TSP MEDIAN NOOVERLAP RESTART
# NUMBER OF VISITS: 100
# NUMBER OF TIME WINDOWS: 130
# TIME LIMIT: 7200
* 0.01 394933 55519
* 0.02 393187 48971
* 0.03 392817 49691
* 0.19 392562 50472
* 0.22 392280 51495
* 0.23 392273 51373
* 0.24 392043 52261
* 0.25 391959 52193
* 0.27 391703 51919
* 0.29 391701 52019
* 0.3 391558 52898
* 0.33 391253 52397
* 0.34 391251 57062
* 0.35 390935 57616
* 0.36 390889 56219
* 0.37 390848 57689
* 0.38 390662 54968
* 0.4 390388 54637
* 0.4 389974 50199
* 0.41 389813 52421
* 0.42 389568 52221
* 0.43 389387 55613
* 0.44 70504 55745
* 0.44 69503 56204
* 0.45 52632 56649
* 0.47 49067 53435
* 0.48 48462 52641
* 0.49 47784 52586
* 0.51 46851 51252
* 0.52 46757 51050
* 0.53 46021 49669
* 0.56 45858 50068
* 0.57 45739 50051
* 0.57 45604 49605
* 0.58 45562 49730
* 0.63 45456 49605
* 0.65 45392 49605
* 0.68 45307 49584
* 7.35 45237 49165
* 7.39 45218 49471
* 7.39 45217 49443
* 7.5 45164 49165
* 7.51 45099 49165
* 7.59 45058 49165
* 7.6 45024 49491
* 7.6 44943 48171
* 7.69 44860 48171
* 7.94 44850 48171
* 8.71 44745 48171
* 9.02 44643 48171
* 9.22 44558 48171
* 9.56 44534 48171
* 9.56 44448 47457
* 9.56 44114 47457
* 9.57 44108 47457
* 9.58 44034 47809
* 9.62 43997 47809
* 9.62 43952 47809
* 9.67 43903 47809
* 9.68 43862 46800
* 9.7 43858 47731
* 9.7 43847 47702
* 9.84 43168 46800
* 10.13 43159 46800
* 10.65 43120 47412
* 10.73 42990 47232
* 10.75 42986 46741
* 10.75 42903 46669
* 10.75 42878 47124
* 10.76 42832 47197
* 10.76 42778 47192
* 10.82 42739 47077
* 10.82 42681 47217
* 10.83 42679 47023
* 11.11 42655 47217
* 11.16 42652 47151
* 11.16 42629 47151
* 11.35 42625 47217
* 11.39 42617 47217
* 11.76 42616 47217
* 11.79 42405 46618
* 12.42 42386 46618
* 12.42 42356 46618
* 12.43 42313 46618
* 12.45 42282 46618
* 12.46 42277 46618
* 12.47 42274 46618
* 12.5 42268 46618
* 12.7 42142 46618
* 12.93 42136 46618
* 12.94 42095 46618
* 12.94 42078 46618
* 12.95 42003 46618
* 12.95 41914 46618
* 13.13 41912 46618
* 14.1 41850 46618
* 14.57 41809 46433
* 15.63 41805 46388
* 15.98 41332 45499
* 16.08 41305 45499
* 17.04 41298 45448
* 17.17 41294 45499
* 17.81 41192 45448
* 19.76 41165 45499
* 45.61 41162 44932
* 45.9 41116 44957
* 46.06 41115 44932
* 46.11 41113 44919
* 46.16 41087 44932
* 46.17 41052 45107
* 46.19 41002 45034
* 46.74 40984 45097
* 46.95 40934 44932
* 47.23 40881 44978
* 47.31 40850 44725
* 48.1 40833 44796
* 48.23 40830 44932
* 48.33 40776 44932
* 48.4 40774 44932
* 48.53 40741 44932
* 48.56 40732 44932
* 48.78 40730 44932
* 49.16 40717 45190
# SOLUTION FOUND
# OPTIMALITY NOT PROVED
# BEST TSP SOLUTION: 40717
# NUMBER OF BRANCHES: 223005544
# END TIME: 7200
## Solution with TDTSP times: 
100
29 0
237 442
244 610
215 923
218 1148
220 1450
120 1756
47 2238
40 2553
229 2896
38 3094
49 3544
231 4004
61 4122
56 4579
64 5222
125 5478
159 6419
62 7378
57 7902
234 8664
45 9665
46 10297
37 10488
150 10955
154 11445
208 11896
32 12437
166 12621
34 13081
24 13436
85 13808
79 13954
80 14035
74 14329
214 14508
77 14699
148 15001
191 15311
163 15734
164 15870
152 16163
151 16412
181 16935
169 17239
176 17353
172 17512
180 17936
173 18285
195 18497
184 18971
15 19806
239 20218
1 20523
250 20848
10 21308
110 21516
16 21727
13 22119
14 22415
12 22604
2 22884
137 23300
139 23877
241 24628
132 24791
66 25147
72 25664
73 25856
205 26154
221 26389
183 26705
149 27061
145 27378
143 27866
190 28060
17 29054
224 30065
226 30813
240 31063
76 31481
203 31823
25 32446
196 33074
249 33818
117 34448
93 35154
90 35429
87 36107
88 36548
104 37126
105 37700
134 37982
101 38819
98 39449
100 39889
103 40383
199 41155
50 42053
94 44165
# BEST TD SOLUTION: 45190
