# INSTANCE: InstancesTDTSP/inst_30_19_TW.txt InstancesTDTSP/tdtsp_bench_255_6h00_12h30_10p_ti_mirrored.txt
# ALGORITHM: TSP MEDIAN NOOVERLAP RESTART
# NUMBER OF VISITS: 30
# NUMBER OF TIME WINDOWS: 130
# TIME LIMIT: 3600
* 0 18613 20542
* 0.03 18604 20469
* 162.86 18558 20425
* 165.99 18535 20448
# SOLUTION FOUND
# OPTIMALITY PROVED
# BEST TSP SOLUTION: 18535
# NUMBER OF BRANCHES: 10231227
# END TIME: 263.58
## Solution with TDTSP times: 
30
65 0
121 269
44 598
25 1200
197 1749
249 2464
253 3845
97 4723
104 5397
103 6295
50 7147
35 7790
125 8555
124 9125
159 9798
146 10590
161 11031
192 11245
225 11963
18 12366
194 12719
16 13220
1 13505
201 14480
91 15733
72 17081
202 17371
223 18380
217 19723
120 20040
# BEST TD SOLUTION: 20448
