# INSTANCE: InstancesTDTSP/inst_20_8_TW.txt InstancesTDTSP/tdtsp_bench_255_6h00_12h30_20p_ti_mirrored.txt
# ALGORITHM: TSP MEDIAN NOOVERLAP RESTART
# NUMBER OF VISITS: 20
# NUMBER OF TIME WINDOWS: 130
# TIME LIMIT: 3600
* 0 70893 16832
* 0 11370 14589
* 0 10996 14191
* 0.01 10964 14254
# SOLUTION FOUND
# OPTIMALITY PROVED
# BEST TSP SOLUTION: 10964
# NUMBER OF BRANCHES: 824
# END TIME: 0.01
## Solution with TDTSP times: 
20
160 0
164 200
192 526
158 1001
32 1306
130 1753
31 2468
120 2748
42 3286
19 3924
59 5022
45 6065
251 6748
118 7090
226 8393
3 9587
238 11275
96 12188
98 12591
227 13119
# BEST TD SOLUTION: 14254
