# INSTANCE: InstancesTDTSP/inst_30_14_TW.txt InstancesTDTSP/tdtsp_bench_255_6h00_12h30_mirrored.txt
# ALGORITHM: TSP MEDIAN NOOVERLAP RESTART
# NUMBER OF VISITS: 30
# NUMBER OF TIME WINDOWS: 130
# TIME LIMIT: 3600
* 0 18522 -1
* 0.01 18465 -1
* 0.08 18445 -1
* 0.79 18371 -1
# SOLUTION FOUND
# OPTIMALITY PROVED
# BEST TSP SOLUTION: 18371
# NUMBER OF BRANCHES: 1794055
# END TIME: 50.38
## Solution with TDTSP times: 
30
62 0
48 436
60 753
228 1351
90 2394
220 2993
120 3452
32 4096
166 4267
157 4797
130 5268
80 5564
70 6051
206 6591
240 7184
5 8273
239 8951
109 9858
174 11140
145 11659
142 12275
160 12497
46 13135
25 13937
207 14874
249 15733
198 16268
197 16584
