# INSTANCE: InstancesTDTSP/inst_50_7_TW.txt InstancesTDTSP/tdtsp_bench_255_6h00_12h30_10p_ti_mirrored.txt
# ALGORITHM: TSP MEDIAN NOOVERLAP RESTART
# NUMBER OF VISITS: 50
# NUMBER OF TIME WINDOWS: 130
# TIME LIMIT: 7200
* 0 23319 -1
* 0.04 23286 -1
* 0.04 23265 -1
* 0.2 23222 -1
* 0.25 23220 -1
* 0.31 23210 -1
* 0.33 23172 -1
* 0.33 23108 -1
* 0.38 23100 -1
* 0.38 23079 -1
* 0.4 23046 -1
* 1.48 22996 -1
* 1.52 22920 -1
* 1.52 22908 -1
* 1.53 22907 -1
* 1.57 22833 -1
* 1.66 22791 -1
* 1.66 22774 -1
* 1.67 22737 -1
* 1.84 22716 -1
* 1.85 22691 -1
* 1.85 22682 -1
* 828.18 22679 -1
* 828.21 22658 -1
# SOLUTION FOUND
# OPTIMALITY NOT PROVED
# BEST TSP SOLUTION: 22658
# NUMBER OF BRANCHES: 228575826
# END TIME: 7200
## Solution with TDTSP times: 
50
121 0
46 182
38 517
229 827
42 1154
120 1534
119 2103
30 2445
216 2700
215 3101
26 3601
245 3963
237 4420
66 5644
209 6245
67 6916
71 7373
77 7708
83 8103
210 8397
84 8590
128 9124
54 9730
149 10040
158 10124
145 10613
153 10915
146 11121
160 11468
152 11866
36 12523
64 12786
232 13021
35 13540
48 14225
124 14525
87 15329
102 16125
249 16901
207 17671
139 18781
9 19303
110 19609
13 19973
113 20337
2 20738
17 21185
0 21622
247 21938
11 23046
