# INSTANCE: InstancesTDTSP/inst_50_2_TW.txt InstancesTDTSP/tdtsp_bench_255_6h00_12h30_10p_ti_mirrored.txt
# ALGORITHM: TSP MEDIAN NOOVERLAP RESTART
# NUMBER OF VISITS: 50
# NUMBER OF TIME WINDOWS: 130
# TIME LIMIT: 7200
* 0 23881 -1
* 0.01 23630 -1
* 0.02 23444 -1
* 0.02 23394 -1
* 0.03 23359 -1
* 0.04 23325 -1
* 0.06 23294 -1
* 0.06 23267 -1
* 0.09 23228 -1
# SOLUTION FOUND
# OPTIMALITY PROVED
# BEST TSP SOLUTION: 23228
# NUMBER OF BRANCHES: 4380
# END TIME: 0.09
## Solution with TDTSP times: 
50
213 0
71 197
84 543
70 933
82 1338
85 1688
81 1928
75 2276
208 2751
158 3231
166 3643
191 4178
127 4819
39 5113
45 5575
31 6230
216 6743
30 6913
119 7203
217 7534
22 8055
21 8457
236 8759
200 9370
197 10234
238 11284
104 11964
199 12601
96 13207
98 13688
103 13974
62 14437
55 14738
36 15331
248 15639
140 16141
73 16896
241 17270
67 17920
169 18304
180 18724
193 18808
184 19348
109 20232
113 20943
14 21228
7 21624
226 22420
173 23083
143 23661
