# INSTANCE: InstancesTDTSP/inst_100_4_TW.txt InstancesTDTSP/tdtsp_bench_255_6h00_12h30_10p_ti_mirrored.txt
# ALGORITHM: TSP MEDIAN NOOVERLAP RESTART
# NUMBER OF VISITS: 100
# NUMBER OF TIME WINDOWS: 130
# TIME LIMIT: 7200
* 0.02 55721 -1
* 0.03 50467 -1
* 0.04 50331 -1
* 0.09 50240 -1
* 0.1 50095 -1
* 0.11 50092 -1
* 0.12 50001 -1
* 0.12 49590 -1
* 0.13 49521 -1
* 0.14 49148 -1
* 0.16 49143 -1
* 0.17 49092 -1
* 0.18 49087 -1
* 0.2 48878 -1
* 0.21 48770 -1
* 0.21 48654 -1
* 0.21 48588 -1
* 0.23 48164 -1
* 0.26 48152 -1
* 0.26 47955 -1
* 0.27 47951 -1
* 0.3 47916 -1
* 0.33 47852 -1
* 0.33 47807 -1
* 0.34 46853 -1
* 0.34 46850 -1
* 0.4 46831 -1
* 0.4 46742 -1
* 0.41 46457 -1
* 0.42 46275 -1
* 0.42 46246 -1
* 0.43 45776 -1
* 0.45 45657 -1
* 7.68 45416 -1
* 7.68 45267 -1
* 7.7 44686 -1
* 7.71 44259 -1
* 7.71 44182 -1
* 7.72 44147 -1
* 7.88 44144 -1
* 7.94 44062 -1
* 7.96 43967 -1
* 7.99 43956 -1
* 8.07 43798 -1
* 8.08 43732 -1
* 9.73 43681 -1
* 9.74 43485 -1
* 9.89 43417 -1
* 10.31 43342 -1
* 10.35 43273 -1
* 10.89 43234 -1
* 11.04 43189 -1
* 12.28 43185 -1
* 12.71 43184 -1
* 12.73 43180 -1
* 13.24 43148 -1
* 13.25 43071 -1
* 13.25 43047 -1
* 13.28 42934 -1
* 13.29 42842 -1
* 13.3 42768 -1
* 13.3 42606 -1
* 13.3 42446 -1
* 13.31 42200 -1
* 13.39 42081 -1
* 13.39 41720 -1
* 13.4 41592 -1
* 13.48 41578 -1
* 13.56 41569 -1
* 14.92 41534 -1
* 14.98 41529 -1
* 15.05 41459 -1
* 15.47 41448 -1
* 15.57 41379 -1
* 16.05 41375 -1
* 16.46 41349 -1
* 244.94 41286 -1
* 245.24 41251 -1
* 245.25 41205 -1
* 245.31 41197 -1
* 245.44 41175 -1
* 245.46 41137 -1
* 245.47 41131 -1
* 246.38 41087 -1
* 246.42 40973 -1
* 246.51 40969 -1
* 246.74 40926 -1
* 247.16 40906 -1
* 247.18 40899 -1
* 247.24 40871 -1
# SOLUTION FOUND
# OPTIMALITY NOT PROVED
# BEST TSP SOLUTION: 40871
# NUMBER OF BRANCHES: 202421872
# END TIME: 7200
## Solution with TDTSP times: 
100
29 0
25 424
244 794
237 949
215 1296
218 1532
220 1897
120 2269
47 2783
40 3107
46 3424
229 3638
38 3838
37 4199
49 4565
231 5000
61 5112
56 5524
125 6052
159 6909
64 7624
62 8111
57 8595
45 9238
24 9824
34 10145
85 10591
79 10788
80 10911
74 11227
214 11424
77 11657
149 11992
166 12299
32 12577
148 12787
191 13138
151 13467
163 13683
164 13824
152 14137
150 14406
154 14808
181 15361
173 15670
195 15893
169 16264
176 16381
172 16540
180 16974
184 17381
15 18040
17 18512
239 18890
13 19410
110 19753
16 19964
10 20283
250 20612
14 21113
12 21304
2 21586
1 21796
137 22158
139 22782
132 23517
241 23813
66 24060
205 24495
73 24635
76 24955
72 25262
145 25842
143 26336
190 26530
208 27263
183 27792
221 28057
240 28363
226 28458
224 29213
203 30330
249 31243
196 31892
117 32596
93 33165
90 33424
134 33963
105 34235
87 34578
234 34888
88 35318
104 35844
101 36438
98 37022
100 37424
103 37850
199 38511
50 39275
94 40920
