# INSTANCE: InstancesTDTSP/inst_100_15_TW.txt InstancesTDTSP/tdtsp_bench_255_6h00_12h30_mirrored.txt
# ALGORITHM: TDNOOVERLAP RESTART
# NUMBER OF VISITS: 100
# NUMBER OF TIME WINDOWS: 130
# TIME LIMIT: 7200
# EXTRACTION TIME: 224.05
* 0.26 57173
* 130.47 53203
* 130.5 53124
* 130.52 53117
* 130.92 52966
* 130.97 52785
* 130.99 52776
* 131.06 52707
* 131.12 52703
* 131.35 51606
* 131.45 51605
* 131.5 50964
* 131.75 50902
* 131.78 50626
* 131.84 50585
* 131.98 50413
* 132.15 50385
* 132.22 49928
* 132.24 49684
* 132.31 49431
* 132.37 49261
* 132.41 49240
* 132.44 49227
* 132.55 48914
* 132.58 48832
* 132.62 48755
* 206.91 48030
* 206.99 47709
* 207.02 47640
* 208.01 47639
* 208.05 47540
* 208.13 47501
* 208.25 47478
* 209.44 47306
* 209.53 47159
* 209.57 46718
* 210.2 46685
* 210.26 46056
* 210.42 45952
* 210.48 45835
* 211.97 45817
* 212.2 45738
* 212.87 45653
* 218.38 45651
* 219.1 45514
* 220.11 45447
* 297.93 45404
* 298.11 45391
* 298.25 45385
* 298.3 45384
* 298.53 45321
* 299.3 45293
* 302.37 45277
* 302.57 45233
* 302.74 45231
* 303.46 45104
* 303.88 45042
* 305.2 45012
* 305.29 44987
* 308.3 44960
* 308.53 44913
* 308.67 44771
* 310.86 44651
* 366.13 44554
* 378.34 44486
* 378.62 44281
* 379.14 43878
* 395.8 43853
* 402.61 43828
* 451.53 43803
* 637.24 43799
* 637.73 43781
* 637.94 43615
* 642.08 43604
* 1952.57 43571
* 1952.8 43543
* 1956.78 43542
* 1960.51 43536
* 1961.2 43517
* 3053.22 43460
* 3056.39 43391
* 3062.18 43387
* 3075.45 43353
* 3100.41 43350
* 3208.51 43333
* 3209.55 43331
* 3330.19 43327
* 3330.24 43309
# SOLUTION FOUND
# OPTIMALITY NOT PROVED
# BEST SOLUTION: 43309
# NUMBER OF BRANCHES: 22567368
# END TIME: 7424.06
## Solution: 
100
209 0
205 336
202 679
82 1034
69 1328
70 1589
78 1964
85 2203
81 2474
131 2899
75 3100
71 3701
183 4108
221 4567
226 5093
240 5266
68 5860
66 6197
241 6660
203 7146
211 7696
206 8031
235 8502
118 9105
25 9406
233 9710
29 10197
246 10517
22 10966
216 11291
30 11646
119 11813
220 12248
252 12461
93 12920
238 13274
90 13365
97 13712
105 14005
98 14633
100 14850
88 15216
99 15745
57 16150
124 16444
36 16751
64 16955
59 17378
123 17912
45 18236
19 18551
219 18909
61 19445
230 19563
39 19813
127 20217
121 20607
40 20894
31 21178
86 21291
34 21499
54 21755
166 22143
37 22495
167 22720
156 23032
163 23300
146 23778
147 24100
181 24652
186 25057
173 25422
182 25835
184 26334
178 26959
180 27168
179 27498
18 27944
113 28193
7 28604
114 28900
12 29096
108 29258
8 29497
115 29862
250 30457
4 30893
247 31622
109 31858
239 32443
138 33178
224 34436
196 36176
117 36953
91 38122
101 38672
199 39448
227 40180
35 40468
51 40890
# BEST TD SOLUTION: 43309
