# INSTANCE: InstancesTDTSP/inst_20_9_TW.txt InstancesTDTSP/tdtsp_bench_255_6h00_12h30_mirrored.txt
# ALGORITHM: TSP MEDIAN NOOVERLAP RESTART
# NUMBER OF VISITS: 20
# NUMBER OF TIME WINDOWS: 130
# TIME LIMIT: 3600
* 0.01 26791 19253
* 0.01 17006 18454
* 0.01 15725 17036
* 0.01 15319 16560
* 0.02 15196 16696
* 0.02 15148 16436
* 0.02 15119 16419
* 0.02 15051 16460
* 0.02 15050 16229
* 0.02 14824 15801
* 0.02 14807 15784
* 0.26 14735 15714
* 0.49 14655 15624
# SOLUTION FOUND
# OPTIMALITY PROVED
# BEST TSP SOLUTION: 14655
# NUMBER OF BRANCHES: 87100
# END TIME: 1.81
## Solution with TDTSP times: 
20
34 0
65 472
72 950
70 1399
77 1922
49 2764
39 3082
119 3747
22 4371
218 4898
129 6139
212 7102
195 7607
171 8057
5 9465
137 10397
4 10986
110 11517
165 13015
100 14381
# BEST TD SOLUTION: 15624
