# INSTANCE: InstancesTDTSP/inst_50_13_TW.txt InstancesTDTSP/tdtsp_bench_255_6h00_12h30_20p_ti_mirrored.txt
# ALGORITHM: TSP MEDIAN NOOVERLAP RESTART
# NUMBER OF VISITS: 50
# NUMBER OF TIME WINDOWS: 130
# TIME LIMIT: 7200
* 0 199599 69147
* 0 32815 69102
# SOLUTION FOUND
# OPTIMALITY PROVED
# BEST TSP SOLUTION: 32815
# NUMBER OF BRANCHES: 313
# END TIME: 0
## Solution with TDTSP times: 
50
193 0
71 601
79 797
81 985
166 1257
157 1510
191 1806
52 2170
3 4144
2 4711
9 5492
226 6966
76 7879
72 8402
116 9235
30 9684
218 9917
99 23507
87 23885
104 24429
144 25430
161 25753
235 27214
211 27522
78 27829
222 41854
223 43330
27 54359
44 54934
43 55233
219 55720
254 56343
68 56910
247 57908
96 59027
89 59711
61 60483
230 60569
243 60710
119 61359
118 61781
36 62465
228 62998
103 63553
124 64303
93 65116
97 65568
102 66293
134 66762
35 67589
# BEST TD SOLUTION: 69102
