# INSTANCE: InstancesTDTSP/inst_30_17_TW.txt InstancesTDTSP/tdtsp_bench_255_6h00_12h30_mirrored.txt
# ALGORITHM: TSP MEDIAN NOOVERLAP RESTART
# NUMBER OF VISITS: 30
# NUMBER OF TIME WINDOWS: 130
# TIME LIMIT: 3600
* 0.01 19203 20946
* 0.01 18633 20179
* 0.02 18377 19910
* 0.02 18224 19768
* 0.03 17873 19513
* 0.11 17841 30542
* 0.12 17818 30542
* 0.12 17781 30382
* 0.16 17306 18816
* 1.17 17250 29836
* 1.32 17052 18546
* 11.21 17044 18645
* 11.24 17034 18509
* 11.28 17019 18597
# SOLUTION FOUND
# OPTIMALITY PROVED
# BEST TSP SOLUTION: 17019
# NUMBER OF BRANCHES: 1991844
# END TIME: 51.11
## Solution with TDTSP times: 
30
27 0
86 419
47 699
45 1228
219 1594
35 2532
51 2775
55 3571
90 4311
233 5498
246 6065
198 6786
207 7814
209 8582
85 9110
80 9322
159 10286
150 10960
153 11364
189 11793
170 12399
221 12890
11 13634
175 14042
225 14406
194 14913
239 15313
136 15930
17 16707
7 17529
# BEST TD SOLUTION: 18597
