# INSTANCE: InstancesTDTSP/inst_50_18_TW.txt InstancesTDTSP/tdtsp_bench_255_6h00_12h30_mirrored.txt
# ALGORITHM: TSP MEDIAN NOOVERLAP RESTART
# NUMBER OF VISITS: 50
# NUMBER OF TIME WINDOWS: 130
# TIME LIMIT: 7200
* 0.01 23816 -1
* 0.01 23697 -1
* 0.02 23550 -1
* 0.03 23425 -1
* 0.04 23171 -1
* 0.14 23104 -1
* 0.15 23035 -1
* 0.15 23004 -1
* 0.16 22736 -1
* 0.17 22499 -1
* 0.17 22465 -1
* 0.18 22456 -1
* 0.21 22395 -1
* 0.23 22370 -1
* 0.23 22355 -1
* 0.23 22302 -1
* 1.55 22270 -1
* 1.56 22184 -1
* 1.58 22074 -1
* 1.6 22027 -1
* 1.61 21960 -1
* 1.64 21821 -1
* 1.65 21705 -1
# SOLUTION FOUND
# OPTIMALITY NOT PROVED
# BEST TSP SOLUTION: 21705
# NUMBER OF BRANCHES: 265785307
# END TIME: 7200
## Solution with TDTSP times: 
50
131 0
75 232
74 452
70 872
204 1113
73 1326
211 1552
205 1951
68 2480
69 3166
183 3729
63 4684
34 5129
53 5483
157 5698
155 6055
189 6402
154 6699
145 7147
161 7555
162 8036
151 8350
49 8726
231 8962
56 9468
248 9919
135 10435
87 11142
134 11526
91 12213
104 12664
95 13073
227 13620
51 14002
90 14966
23 32491
