# INSTANCE: InstancesTDTSP/inst_100_19_TW.txt InstancesTDTSP/tdtsp_bench_255_6h00_12h30_mirrored.txt
# ALGORITHM: TSP MEDIAN NOOVERLAP RESTART
# NUMBER OF VISITS: 100
# NUMBER OF TIME WINDOWS: 130
# TIME LIMIT: 7200
* 0.03 60293 -1
* 0.03 49389 -1
* 0.04 48920 -1
* 0.05 48778 -1
* 0.17 48742 -1
* 0.18 46603 -1
* 0.19 46569 -1
* 0.2 46423 -1
* 0.21 46387 -1
* 0.22 46305 -1
* 0.22 46139 -1
* 0.25 45576 -1
* 0.27 45270 -1
* 0.28 45152 -1
* 0.28 44753 -1
* 0.29 44747 -1
* 0.33 44717 -1
* 0.34 44635 -1
* 0.37 44603 -1
* 0.42 44411 -1
* 0.43 44079 -1
* 0.46 44074 -1
* 0.48 44039 -1
* 0.54 44028 -1
* 0.55 43862 -1
* 0.55 43649 -1
* 0.56 43642 -1
* 0.61 43285 -1
* 0.61 43185 -1
* 0.62 43170 -1
* 0.63 43159 -1
* 0.63 43074 -1
* 0.68 43031 -1
* 0.69 42928 -1
* 0.73 42893 -1
* 0.76 42812 -1
* 0.8 42668 -1
* 0.91 42630 -1
* 0.98 42580 -1
* 1 42571 -1
* 1.14 42538 -1
* 7.72 42528 -1
* 8.74 42378 -1
* 8.75 42373 -1
* 8.77 42340 -1
* 8.78 42329 -1
* 8.81 42324 -1
* 8.89 42310 -1
* 8.91 42271 -1
* 9.22 42231 -1
* 9.62 42208 -1
* 10.2 42195 -1
* 15.07 42166 -1
* 15.29 42157 -1
* 15.31 42153 -1
* 16.05 42150 -1
* 16.05 42130 -1
* 21.84 42078 -1
* 22.17 42050 -1
* 51.24 41988 -1
* 51.38 41962 -1
* 51.55 41937 -1
# SOLUTION FOUND
# OPTIMALITY NOT PROVED
# BEST TSP SOLUTION: 41937
# NUMBER OF BRANCHES: 214219569
# END TIME: 7200
## Solution with TDTSP times: 
100
106 0
239 284
4 581
12 1041
2 1302
16 1743
7 2097
194 2536
177 2712
179 3197
178 4100
176 4308
171 4582
174 4968
186 5332
83 6004
74 6413
213 6772
168 7003
69 7637
78 8037
206 8439
128 8895
221 9436
226 9951
240 10103
157 11075
54 11363
65 11730
121 12016
40 12158
126 12402
229 12788
122 13112
39 13506
231 13687
61 13929
49 14268
140 14526
152 15016
163 15286
160 15591
153 15864
192 16262
145 16458
154 16875
155 17258
44 17894
52 18170
45 18443
56 19013
60 19250
125 19648
64 20011
228 20285
35 20823
227 21096
103 21451
88 22001
100 22354
199 22780
96 23320
89 24132
238 24498
102 25061
20 25463
117 25827
196 26410
198 26889
29 27369
233 27684
218 28016
252 28345
119 28741
215 29082
217 29418
254 29643
116 29721
31 30111
129 30659
181 31358
173 31759
195 32133
184 32723
0 33657
247 33851
17 34266
136 34892
207 36217
201 37040
246 37391
244 37618
124 38752
57 39383
55 39974
135 40243
159 41125
156 41426
225 42996
18 43408
