# INSTANCE: InstancesTDTSP/inst_30_3_TW.txt InstancesTDTSP/tdtsp_bench_255_6h00_12h30_20p_ti_mirrored.txt
# ALGORITHM: TSP MEDIAN NOOVERLAP RESTART
# NUMBER OF VISITS: 30
# NUMBER OF TIME WINDOWS: 130
# TIME LIMIT: 3600
* 0 16146 18492
* 0.03 16110 18515
* 2.6 16081 18855
* 2.6 16036 18909
* 2.61 16018 27396
* 2.61 15993 27361
* 2.62 15794 27664
* 2.62 15780 27638
* 2.63 15754 27638
* 2.63 15439 27887
* 2.63 15356 18003
* 2.64 15342 27347
* 2.64 15283 17963
* 2.81 15278 18165
* 2.83 15113 27797
# SOLUTION FOUND
# OPTIMALITY NOT PROVED
# BEST TSP SOLUTION: 15113
# NUMBER OF BRANCHES: 144602563
# END TIME: 3600
## Solution with TDTSP times: 
30
66 0
68 305
223 1162
203 2163
22 3003
252 3578
216 4128
120 7977
47 8360
140 8858
151 9203
164 17660
142 18023
152 18273
191 18741
186 19313
77 19751
54 20907
229 21233
39 21540
92 22126
96 22920
87 23371
90 23942
29 24556
207 25276
16 26243
112 26366
18 26869
13 27288
# BEST TD SOLUTION: 27797
