# INSTANCE: InstancesTDTSP/inst_100_6_TW.txt InstancesTDTSP/tdtsp_bench_255_6h00_12h30_10p_ti_mirrored.txt
# ALGORITHM: TSP MEDIAN NOOVERLAP RESTART
# NUMBER OF VISITS: 100
# NUMBER OF TIME WINDOWS: 130
# TIME LIMIT: 7200
* 0.01 59891 46800
* 0.02 59284 46800
* 0.02 58455 46800
* 0.03 41836 44411
* 0.04 41831 44483
* 0.07 41786 44430
* 0.15 41703 44095
* 0.19 41664 44073
* 0.24 41644 44073
* 0.27 41576 43882
* 0.28 41556 43882
* 0.31 41534 43882
* 0.31 41527 43917
* 0.32 41520 43630
* 0.33 41487 43494
* 0.34 41467 43494
* 0.36 41460 43647
* 0.36 41409 43176
* 0.36 41370 43257
* 0.37 41287 42923
* 0.43 41238 42901
* 0.46 41198 42798
* 0.46 41173 42693
* 0.47 41016 42293
* 0.49 40961 42022
* 0.54 40960 41987
* 0.55 40940 41987
* 0.59 40911 41987
* 0.61 40909 41973
* 0.61 40903 41973
* 0.66 40900 42053
* 0.68 40830 42033
* 0.71 40815 42043
* 1.57 40710 41842
* 1.57 40662 41821
* 1.73 40556 41778
* 1.76 40553 41603
* 1.77 40512 41572
* 1.85 40425 41518
* 1.95 40414 41511
* 7.12 40398 41768
* 7.15 40348 41547
* 7.17 40310 41322
* 7.2 40053 40918
* 7.2 40045 40610
* 7.42 40043 40577
* 7.62 40007 40577
* 7.64 39935 40585
* 7.64 39923 40619
* 7.66 39880 40598
* 7.67 39848 40588
* 7.74 39829 40577
* 7.76 39810 40321
* 7.77 39680 40027
* 7.91 39666 40027
* 7.94 39627 39951
* 8.24 39581 39951
* 8.36 39531 39951
* 8.45 39467 39935
* 8.52 39462 39935
* 8.82 39446 39935
* 8.89 39430 39781
* 9.5 39420 39498
* 9.52 39408 39498
* 9.61 39337 39578
* 9.82 39321 39578
* 9.87 39319 39578
* 9.95 39286 39578
* 11.68 39271 39578
* 12.8 39250 39522
* 14.65 39209 39227
* 18.16 39183 39227
* 19.97 39174 39227
* 79.38 39159 39512
* 97.87 39123 39515
* 116.72 39099 39411
* 260.1 39084 39227
* 269.77 39046 39227
* 270.89 39032 39238
# SOLUTION FOUND
# OPTIMALITY NOT PROVED
# BEST TSP SOLUTION: 39032
# NUMBER OF BRANCHES: 142248030
# END TIME: 7200
## Solution with TDTSP times: 
100
79 0
81 277
80 477
210 814
84 1210
70 1560
204 1779
205 1966
82 2327
221 2837
74 3528
214 3761
83 4048
128 4577
63 5228
53 5720
157 5995
189 6510
191 6998
126 7444
40 7750
47 8020
122 8283
58 8866
61 9104
230 9350
243 9580
49 9695
56 10297
36 10694
64 10919
125 11068
33 11588
228 11865
35 12428
51 12662
62 13327
55 13719
92 14105
97 14514
105 14698
133 15248
59 15783
48 16153
123 16606
220 17026
252 17340
216 17812
116 18004
86 18355
27 18633
22 18846
215 19044
118 19276
26 19535
246 19949
236 20231
237 20529
249 21200
20 21805
117 22182
89 22788
91 23285
96 23896
88 24614
234 24947
156 25798
142 26022
163 26185
188 26381
164 26613
165 26935
146 27281
161 27628
129 28534
72 28966
211 29325
203 29632
207 30135
114 31024
108 31129
2 31449
6 31605
4 31808
1 32079
139 32749
8 33362
250 33556
16 33956
13 34297
15 34670
184 35538
180 36116
178 36419
172 36774
169 37104
11 37499
174 37749
195 38061
208 38760
# BEST TD SOLUTION: 39238
