# INSTANCE: InstancesTDTSP/inst_100_3_TW.txt InstancesTDTSP/tdtsp_bench_255_6h00_12h30_10p_ti_mirrored.txt
# ALGORITHM: TSP MEDIAN NOOVERLAP RESTART
# NUMBER OF VISITS: 100
# NUMBER OF TIME WINDOWS: 130
# TIME LIMIT: 7200
* 0.01 66985 48326
* 0.02 55991 46124
* 0.02 45993 49190
* 0.03 45115 46800
* 0.03 44663 46800
* 0.06 44638 46753
* 0.12 44381 46800
* 0.19 44256 46790
* 0.2 44123 46633
* 0.21 44094 46800
* 0.21 44039 46638
* 0.21 43680 45722
* 0.23 43326 45844
* 0.28 43279 45063
* 6.98 42960 44263
* 6.98 42872 45200
* 6.99 42699 45255
* 7 42685 45226
* 7 42681 45316
* 7 42646 44441
* 7 42589 44412
* 7.02 42559 44435
* 7.03 42557 44445
* 7.05 42528 44831
* 7.05 42519 44443
* 7.05 42444 44391
* 7.06 42370 44338
* 7.06 42295 44359
* 7.07 42273 44749
* 7.07 42264 45401
* 7.08 42253 45401
* 7.1 42180 45394
* 7.12 42149 45394
* 7.49 42083 45394
* 7.49 42006 44828
* 7.66 41705 44429
* 7.66 41648 44270
* 7.67 41640 44283
* 7.71 41626 44377
* 8.47 41624 44377
* 8.48 41619 44377
* 8.48 41548 44282
* 8.49 41490 44316
* 8.5 41341 44118
* 8.63 41331 44142
* 9.39 41322 44135
* 9.4 41258 43552
* 9.41 41250 43659
* 9.44 41243 43669
* 9.44 41178 43332
* 9.45 41124 43234
* 9.58 41105 43115
* 9.84 41040 42914
* 9.86 41001 42985
* 9.98 40999 42981
* 10.21 40484 41985
* 10.21 40294 41916
* 10.28 40292 41912
* 10.29 40261 41949
* 10.3 40204 41910
* 10.3 40197 41910
* 11.21 40164 41910
* 11.22 40160 41947
* 11.27 40149 41910
* 15.36 40127 41433
* 15.41 40112 41434
* 15.44 40098 41383
* 15.44 40068 41468
* 15.45 39985 41360
* 15.53 39984 41362
* 15.55 39936 41281
* 15.55 39932 41268
* 15.57 39875 41133
* 15.57 39840 40621
* 15.57 39815 40618
* 15.61 39812 40597
* 15.71 39806 40560
* 15.73 39789 40539
* 15.73 39788 40548
* 15.74 39781 41134
* 15.88 39774 41125
* 16.67 39770 41132
* 16.72 39740 41150
* 16.76 39736 41166
* 16.84 39731 41164
* 16.9 39730 41159
* 17 39713 40561
* 17.36 39648 40526
* 17.68 39639 40517
* 17.76 39629 40526
* 17.76 39581 40484
* 17.82 39565 40484
* 18.12 39556 40436
* 18.15 39486 40313
* 18.25 39483 40174
* 18.85 39481 40206
* 19.07 39462 40206
* 19.35 39412 40206
* 19.85 39388 40322
* 20.44 39383 40322
* 20.74 39365 40292
* 21.52 39317 40216
* 21.55 39308 40322
* 21.63 39286 40304
* 21.74 39229 40153
* 21.74 39225 40090
* 23.31 39189 40104
* 25.11 39187 40144
* 518.88 39176 40049
* 519.52 39158 40039
* 519.57 39107 39897
* 519.85 39093 39706
* 520.15 39037 39706
* 520.58 39027 39715
* 521.43 39016 40032
* 532.26 38997 39960
* 532.79 38978 39712
# SOLUTION FOUND
# OPTIMALITY NOT PROVED
# BEST TSP SOLUTION: 38978
# NUMBER OF BRANCHES: 153301898
# END TIME: 7200
## Solution with TDTSP times: 
100
225 0
18 292
113 497
177 904
239 1250
114 1606
108 1922
250 2242
10 2780
112 3141
5 3361
2 3896
6 4173
0 5083
109 5508
111 6020
179 7211
183 7939
67 8214
71 8695
213 8909
168 9149
208 9400
75 9832
81 10188
85 10477
210 10650
221 11071
226 11464
69 11970
204 12216
209 12556
241 12773
129 13422
187 13865
166 14156
32 14482
148 14720
191 14986
47 15250
52 15436
123 15750
45 15878
58 16288
231 16418
61 16488
230 16643
49 16951
140 17203
229 17610
44 17804
86 18200
24 18501
63 18676
53 18831
217 19378
120 19598
220 19911
251 20006
30 20202
25 20532
233 20630
200 20960
29 21415
246 21746
21 22110
22 22430
252 22775
238 23116
48 23598
57 23902
62 24174
55 24431
99 24776
134 25278
105 25482
87 25731
234 26201
41 26849
50 27358
228 28014
248 28317
232 28581
56 29108
188 29723
144 29918
192 30382
145 30584
190 31068
212 31532
169 32025
11 32316
173 32548
174 32708
186 32893
117 34274
197 34778
139 36078
223 37450
224 38085
# BEST TD SOLUTION: 39712
