# INSTANCE: InstancesTDTSP/inst_50_12_TW.txt InstancesTDTSP/tdtsp_bench_255_6h00_12h30_mirrored.txt
# ALGORITHM: TSP MEDIAN NOOVERLAP RESTART
# NUMBER OF VISITS: 50
# NUMBER OF TIME WINDOWS: 130
# TIME LIMIT: 7200
* 0 25480 26588
* 0.01 25346 26463
* 0.01 25321 26419
* 0.02 25303 26422
* 0.04 24890 25914
* 0.04 24837 25901
* 0.04 24796 25855
* 0.06 24689 25661
* 0.09 24671 25498
* 2.94 24577 25570
* 3.01 24485 25455
* 3.01 24458 25405
* 3.01 24416 25282
* 3.01 24403 25284
* 3.01 24395 25371
* 3.02 24382 25364
* 3.02 24351 25346
# SOLUTION FOUND
# OPTIMALITY NOT PROVED
# BEST TSP SOLUTION: 24351
# NUMBER OF BRANCHES: 193541076
# END TIME: 7200
## Solution with TDTSP times: 
50
102 0
20 526
29 909
236 1319
217 1881
254 2170
86 2459
63 2885
54 3148
53 3424
75 3859
168 4294
170 4588
131 4962
85 5420
82 6096
70 6237
205 6662
76 7098
129 7632
149 8071
65 8572
43 8827
230 9222
42 9776
19 10329
36 10935
64 11333
232 11565
133 12267
97 12802
89 13306
91 13844
101 14294
98 14806
199 15376
50 15984
163 17377
188 17646
11 18759
113 19655
3 19926
106 20298
239 20663
14 21198
108 21545
115 22056
4 22598
138 23205
68 24186
# BEST TD SOLUTION: 25346
