# INSTANCE: InstancesTDTSP/inst_20_1_TW.txt InstancesTDTSP/tdtsp_bench_255_6h00_12h30_10p_ti_mirrored.txt
# ALGORITHM: TSP MEDIAN NOOVERLAP RESTART
# NUMBER OF VISITS: 20
# NUMBER OF TIME WINDOWS: 130
# TIME LIMIT: 3600
* 0 13124 15282
* 0 12346 15244
* 0.03 12245 15244
* 0.15 12128 15244
* 0.16 12052 15244
* 0.33 12009 15244
* 11.95 11969 15244
* 12.05 11961 15244
# SOLUTION FOUND
# OPTIMALITY PROVED
# BEST TSP SOLUTION: 11961
# NUMBER OF BRANCHES: 886934
# END TIME: 17.12
## Solution with TDTSP times: 
20
30 0
245 294
236 631
207 1363
128 2269
130 2723
148 3465
185 4972
182 5411
181 5922
175 6262
170 6885
188 7665
164 8063
228 9506
87 10453
127 11565
44 11945
240 12808
8 13565
# BEST TD SOLUTION: 15244
