# INSTANCE: InstancesTDTSP/inst_20_6_TW.txt InstancesTDTSP/tdtsp_bench_255_6h00_12h30_20p_ti_mirrored.txt
# ALGORITHM: TSP MEDIAN NOOVERLAP RESTART
# NUMBER OF VISITS: 20
# NUMBER OF TIME WINDOWS: 130
# TIME LIMIT: 3600
* 0.01 71823 17852
* 0.01 13540 16502
# SOLUTION FOUND
# OPTIMALITY PROVED
# BEST TSP SOLUTION: 13540
# NUMBER OF BRANCHES: 1322
# END TIME: 0.02
## Solution with TDTSP times: 
20
244 0
217 335
254 549
86 712
157 1094
46 1401
243 1776
58 2068
162 2983
146 3336
145 3868
186 4700
169 5345
84 6542
248 8291
199 9712
113 11707
182 12421
98 14004
0 15395
# BEST TD SOLUTION: 16502
