# INSTANCE: InstancesTDTSP/inst_50_17_TW.txt InstancesTDTSP/tdtsp_bench_255_6h00_12h30_mirrored.txt
# ALGORITHM: TSP MEDIAN NOOVERLAP RESTART
# NUMBER OF VISITS: 50
# NUMBER OF TIME WINDOWS: 130
# TIME LIMIT: 7200
* 0 27104 28563
* 0.01 26753 28563
* 0.02 26605 28563
* 0.03 26558 28563
* 0.11 26405 28563
* 0.11 26303 28563
* 0.11 26059 28563
* 0.11 26049 28563
* 0.11 25994 28563
* 0.12 25991 28563
* 0.13 25965 28563
* 0.14 25944 28563
* 0.15 25905 28563
* 0.16 25825 28563
* 0.17 25755 28563
* 0.17 25124 -1
* 0.17 24938 28563
* 0.21 24836 28563
* 0.21 24826 28563
* 0.38 24765 28563
* 0.39 24743 28563
* 0.4 24727 28563
* 2.55 24676 -1
* 2.56 24641 -1
# SOLUTION FOUND
# OPTIMALITY NOT PROVED
# BEST TSP SOLUTION: 24641
# NUMBER OF BRANCHES: 271508857
# END TIME: 7200
## Solution with TDTSP times: 
50
44 0
254 338
30 644
251 955
252 1252
253 1757
90 2258
99 2696
135 3049
123 3709
61 4150
230 4371
242 4697
243 4865
163 5514
164 5911
165 6103
146 6657
192 7029
155 7515
77 8095
74 8305
214 8442
131 8781
72 9242
73 9606
70 10029
223 11331
8 12386
2 12900
1 13157
17 13657
0 13999
14 14664
