# INSTANCE: InstancesTDTSP/inst_100_10_TW.txt InstancesTDTSP/tdtsp_bench_255_6h00_12h30_10p_ti_mirrored.txt
# ALGORITHM: TSP MEDIAN NOOVERLAP RESTART
# NUMBER OF VISITS: 100
# NUMBER OF TIME WINDOWS: 130
# TIME LIMIT: 7200
* 0.01 70385 -1
* 0.02 69683 -1
* 0.02 69359 -1
* 0.03 42811 -1
* 0.03 42694 -1
* 0.04 42554 -1
* 0.05 42484 -1
* 0.07 42445 -1
* 0.09 42424 -1
* 0.15 42422 -1
* 0.15 42389 -1
* 0.15 42374 -1
* 0.18 42197 -1
* 0.19 41868 -1
* 0.25 41829 -1
* 0.26 41827 -1
* 0.26 41797 -1
* 0.34 41760 -1
* 0.37 41759 -1
* 0.38 41701 -1
* 0.4 41676 -1
* 1.21 41647 -1
* 1.25 41454 -1
* 1.33 41391 -1
* 1.33 41312 -1
* 1.37 41297 -1
* 1.4 41270 -1
* 1.41 41269 -1
* 1.46 41232 -1
* 1.49 41216 -1
* 1.5 41151 -1
* 1.6 41133 -1
* 1.65 41087 -1
* 1.66 41082 -1
* 1.66 40954 -1
* 1.68 40951 -1
* 1.68 40852 -1
* 1.72 40848 -1
* 1.88 40838 -1
* 7.33 40775 -1
* 8.43 40757 -1
* 8.46 40746 -1
* 9.17 40677 -1
* 9.34 40667 -1
* 10.4 40641 -1
* 11.46 40613 -1
* 12.15 40587 -1
* 13.14 40586 -1
* 13.88 40585 -1
* 14.57 40563 -1
* 15.04 40520 -1
* 16.17 40494 -1
* 16.76 40493 -1
* 17.22 40479 -1
* 17.31 40462 -1
* 18.02 40360 -1
* 18.24 40333 -1
* 19.88 40328 -1
* 19.94 40304 -1
* 21.12 40303 -1
* 98.08 40187 -1
* 98.44 40172 -1
* 98.87 40134 -1
* 107.87 40129 -1
* 109.19 40118 -1
* 112.33 40110 -1
# SOLUTION FOUND
# OPTIMALITY NOT PROVED
# BEST TSP SOLUTION: 40110
# NUMBER OF BRANCHES: 189511621
# END TIME: 7200
## Solution with TDTSP times: 
100
108 0
9 267
250 629
16 1045
112 1270
7 1634
13 1904
3 2151
239 2591
114 3046
4 3603
109 4844
17 5725
136 6733
139 7347
132 8504
241 8796
203 9235
76 9642
73 9846
206 10114
78 10311
69 10657
70 10896
84 11315
79 11726
210 12093
77 12411
83 12614
170 13075
208 13339
158 13720
155 13917
189 14266
32 14697
191 14981
37 15260
38 15515
127 15599
231 15954
243 16083
49 16261
140 16449
151 16735
163 16965
160 17053
146 17257
162 17467
153 17715
161 18046
157 18573
54 18885
121 19318
46 19492
123 19945
45 20075
220 20456
251 20642
217 20974
27 21508
237 21909
201 22424
246 22829
236 23138
25 23374
245 23695
26 23916
29 24294
20 24811
196 25116
102 25982
253 26535
234 27236
59 27645
135 27882
48 28240
99 28688
134 29133
89 29545
96 30107
101 30308
95 30744
199 31339
227 31929
50 32158
248 32883
58 33245
34 33766
209 34296
129 34824
67 35444
225 35795
193 36457
171 36823
11 37206
182 37615
181 38150
175 38559
226 39259
224 40365
