# INSTANCE: InstancesTDTSP/inst_30_9_TW.txt InstancesTDTSP/tdtsp_bench_255_6h00_12h30_20p_ti_mirrored.txt
# ALGORITHM: TSP MEDIAN NOOVERLAP RESTART
# NUMBER OF VISITS: 30
# NUMBER OF TIME WINDOWS: 130
# TIME LIMIT: 3600
* 0 14818 17281
* 0.07 14776 17682
* 0.08 14570 17415
* 0.09 14537 17304
* 0.09 14493 17444
* 0.09 14448 17419
* 0.09 14427 17372
* 0.1 14420 17330
# SOLUTION FOUND
# OPTIMALITY PROVED
# BEST TSP SOLUTION: 14420
# NUMBER OF BRANCHES: 8954463
# END TIME: 194.59
## Solution with TDTSP times: 
30
30 0
217 373
86 536
56 1002
32 1524
149 1870
210 2432
213 2786
71 2982
221 3695
204 4365
206 4606
85 5018
68 6053
225 7169
113 7786
247 8929
111 9455
15 9801
108 10448
250 10962
169 11962
157 12748
242 13274
39 13613
33 14196
35 14625
89 15477
253 16200
201 16883
# BEST TD SOLUTION: 17330
