# INSTANCE: InstancesTDTSP/inst_50_10_TW.txt InstancesTDTSP/tdtsp_bench_255_6h00_12h30_10p_ti_mirrored.txt
# ALGORITHM: TSP MEDIAN NOOVERLAP RESTART
# NUMBER OF VISITS: 50
# NUMBER OF TIME WINDOWS: 130
# TIME LIMIT: 7200
* 0 24081 -1
* 0 24021 -1
* 0 23725 -1
* 0.04 23545 -1
* 0.22 23436 -1
* 0.37 23416 -1
* 0.37 23288 -1
* 0.37 23273 -1
* 0.39 23251 -1
* 0.42 23219 -1
* 0.42 23096 -1
* 0.42 23046 -1
* 0.43 23033 -1
* 0.43 23005 -1
* 1.39 22893 -1
* 1.7 22774 -1
* 2.05 22740 -1
* 2.07 22738 -1
* 2.13 22580 -1
* 2.15 22545 -1
* 2.18 22509 -1
* 2.2 22477 -1
* 2.39 22457 -1
* 2.88 22435 -1
* 3.68 22398 -1
* 3.76 22362 -1
* 3.78 22221 -1
* 4.07 22103 -1
* 4.08 22080 -1
* 4.09 22072 -1
* 4.1 21957 -1
* 4.13 21868 -1
* 4.22 21866 -1
* 4.43 21847 -1
* 4.55 21768 -1
# SOLUTION FOUND
# OPTIMALITY NOT PROVED
# BEST TSP SOLUTION: 21768
# NUMBER OF BRANCHES: 230660113
# END TIME: 7200
## Solution with TDTSP times: 
50
93 0
216 460
236 777
237 898
22 1285
31 1759
54 2191
65 2584
191 3031
37 3517
152 4108
230 4797
58 5446
248 6030
228 6607
35 7242
62 8106
57 8595
48 8737
19 9439
88 10354
105 10923
91 11609
197 12616
198 13164
241 13957
132 14055
209 14355
202 14625
78 14866
210 15084
213 15330
168 15424
81 15832
84 16102
221 16386
225 16851
113 17363
7 17614
5 17811
110 18000
6 18217
1 18452
0 19145
106 19586
177 19983
176 20653
171 20856
11 21194
34 21938
