# INSTANCE: InstancesTDTSP/inst_50_16_TW.txt InstancesTDTSP/tdtsp_bench_255_6h00_12h30_20p_ti_mirrored.txt
# ALGORITHM: TSP MEDIAN NOOVERLAP RESTART
# NUMBER OF VISITS: 50
# NUMBER OF TIME WINDOWS: 130
# TIME LIMIT: 7200
* 0.01 184731 27386
* 0.01 184190 27521
* 0.01 184167 27592
* 0.01 26354 28385
* 0.02 26180 28244
* 0.02 26142 28199
* 0.03 25877 27755
* 0.03 25842 27756
* 0.04 25735 27882
* 0.04 25679 28190
* 0.05 25449 27324
* 0.05 25414 27373
* 0.06 25303 27452
* 0.06 25117 26887
* 0.07 24971 26764
* 0.09 24940 26794
* 0.09 24936 26794
* 0.1 24858 26799
* 0.11 24747 26903
* 0.12 24690 26903
* 0.12 23846 26146
* 0.12 23782 26159
* 0.12 23775 26085
* 0.14 23738 26028
* 0.16 23690 26028
* 0.17 23418 25510
* 0.17 23385 25510
* 0.18 23238 24903
* 0.18 23224 25148
* 0.19 23035 24979
* 0.2 22998 24909
* 0.2 22901 24780
* 0.2 22896 24778
* 0.22 22864 24661
* 0.23 22834 24585
* 1.65 22595 24742
* 1.67 22583 24570
* 1.68 22565 24628
* 1.68 22534 24518
* 1.69 22360 24213
* 1.7 22343 24160
* 1.7 22294 24298
* 1.7 22264 24040
* 1.71 22208 23808
* 1.71 22165 23839
* 1.73 22138 23793
* 1.73 22124 23816
* 1.74 22098 23798
* 1.74 22064 23773
* 1.76 22024 23505
* 1.8 22007 23510
* 1.83 21935 23505
* 1.86 21911 23505
* 1.86 21898 23489
* 1.86 21887 23336
* 1.88 21886 23380
* 1.88 21830 23380
* 1.91 21814 23469
* 2.01 21799 23381
* 2.26 21747 23426
* 2.69 21744 23552
* 9.03 21690 23635
# SOLUTION FOUND
# OPTIMALITY NOT PROVED
# BEST TSP SOLUTION: 21690
# NUMBER OF BRANCHES: 184971780
# END TIME: 7200
## Solution with TDTSP times: 
50
163 0
160 323
162 546
231 985
61 1254
122 1656
31 2186
245 2797
197 3737
249 4873
21 5918
118 6419
252 6948
251 7388
253 7871
93 8430
97 9092
104 9514
100 10257
227 11024
232 11712
56 12318
49 12678
157 13095
149 13382
189 13622
24 14122
85 14592
77 14886
213 15147
183 15539
169 15841
194 16525
113 16889
10 17214
110 17491
5 17804
2 18084
107 18439
109 18971
106 19373
138 19894
205 20842
206 21129
235 21483
217 21918
254 22043
19 22354
23 22624
42 23069
# BEST TD SOLUTION: 23635
