# INSTANCE: InstancesTDTSP/inst_50_8_TW.txt InstancesTDTSP/tdtsp_bench_255_6h00_12h30_10p_ti_mirrored.txt
# ALGORITHM: TSP MEDIAN NOOVERLAP RESTART
# NUMBER OF VISITS: 50
# NUMBER OF TIME WINDOWS: 130
# TIME LIMIT: 7200
* 0.01 25585 -1
* 0.12 25556 -1
* 0.12 25388 -1
* 0.13 24402 -1
* 0.14 24364 -1
* 0.14 23821 -1
* 0.17 23738 -1
* 0.17 23649 -1
* 0.33 23635 -1
* 0.34 23559 -1
* 0.37 23467 -1
* 1.36 23438 -1
* 1.36 23384 -1
* 1.36 23375 -1
* 5.73 23256 -1
* 5.73 23217 -1
* 5.74 23200 -1
* 5.75 22920 -1
* 5.78 22913 -1
* 5.83 22816 -1
* 5.96 22798 -1
* 5.97 22795 -1
* 6.06 22781 -1
* 6.06 22747 -1
* 6.1 22729 -1
* 6.1 22649 -1
* 6.14 22646 -1
* 8.62 22580 -1
* 8.66 22569 -1
* 9.02 22550 -1
* 9.11 22540 -1
* 9.58 22500 -1
* 9.64 22489 -1
* 9.88 22473 -1
* 9.88 22472 -1
* 10.27 22469 -1
* 946.42 22446 -1
* 946.42 22445 -1
# SOLUTION FOUND
# OPTIMALITY NOT PROVED
# BEST TSP SOLUTION: 22445
# NUMBER OF BRANCHES: 216904474
# END TIME: 7200
## Solution with TDTSP times: 
50
206 0
202 351
222 735
66 1242
69 1525
129 2178
74 2472
83 2876
34 3464
53 3842
43 4607
229 4895
122 5240
47 5630
39 5995
231 6279
56 6777
60 7151
59 7907
33 8771
199 9775
96 10386
98 11072
89 11643
220 12402
216 12850
201 13420
236 13737
237 13860
21 14120
29 14434
200 14824
86 15291
192 15804
162 16088
164 16407
165 16693
163 17017
212 17534
172 18097
225 18650
18 18942
3 19250
6 19654
4 19842
1 20022
115 20409
107 20838
109 21504
143 22685
