# INSTANCE: InstancesTDTSP/inst_20_17_TW.txt DATA_TDTSP/tdtsp_bench_255_6h00_12h30_20p_ti_mirrored.txt
# ALGORITHM: TSP MEDIAN NOOVERLAP RESTART
# NUMBER OF VISITS: 20
# NUMBER OF TIME WINDOWS: 130
# TIME LIMIT: 3600
* 0.001 16102 72700
# SOLUTION FOUND
# OPTIMALITY PROVED
# BEST TSP SOLUTION: 16102
# NUMBER OF BRANCHES: 21
# END TIME: 0.001
## Solution with TDTSP times: 
20
173 0
195 367
178 669
168 1323
213 1729
214 1947
73 2512
44 3470
129 4607
12 6607
118 8364
14 9954
251 11445
25 11896
137 13116
109 13836
227 15246
51 15583
234 16109
104 16722
# BEST TD SOLUTION: 72700
