Horizon 115640
# INSTANCE: InstancesTDTSP/inst_20_19_TW.txt DATA_TDTSP/tdtsp_bench_255_6h00_12h30_10p_ti_mirrored.txt
# ALGORITHM: TSP MEDIAN NOOVERLAP RESTART
# NUMBER OF VISITS: 20
# NUMBER OF TIME WINDOWS: 130
# TIME LIMIT: 3600
* 0.002 59194 64293
* 0.002 11969 57820
* 0.003 11677 57820
* 0.007 11629 57820
# SOLUTION FOUND
# OPTIMALITY PROVED
# BEST TSP SOLUTION: 11629
# NUMBER OF BRANCHES: 127906
# END TIME: 2.225
## Solution with TDTSP times: 
20
147 0
153 289
142 790
140 1250
43 1514
39 1695
231 1974
242 2300
37 2886
54 3430
210 4050
67 4657
178 5423
212 6122
128 7113
30 7944
23 8618
201 10075
223 11599
1 12708
# BEST TD SOLUTION: 57820
