# INSTANCE: InstancesTDTSP/inst_30_8_TW.txt InstancesTDTSP/tdtsp_bench_255_6h00_12h30_20p_ti_mirrored.txt
# ALGORITHM: TSP MEDIAN NOOVERLAP RESTART
# NUMBER OF VISITS: 30
# NUMBER OF TIME WINDOWS: 130
# TIME LIMIT: 3600
* 0 20728 22585
* 0.01 20570 22412
* 0.01 19566 22686
* 0.01 19552 22736
* 0.02 19300 22303
* 0.02 19231 22384
* 0.03 19225 22142
# SOLUTION FOUND
# OPTIMALITY PROVED
# BEST TSP SOLUTION: 19225
# NUMBER OF BRANCHES: 1986
# END TIME: 0.03
## Solution with TDTSP times: 
30
243 0
39 202
230 499
191 965
32 1298
121 1653
44 2109
45 2675
248 3500
141 4746
79 6214
81 6562
74 6876
214 7187
210 7698
211 8559
246 9583
12 11136
113 11761
223 12882
236 14121
21 14217
11 15123
180 15439
112 16113
96 17568
33 18441
106 20011
4 20268
0 20800
# BEST TD SOLUTION: 22142
