# INSTANCE: InstancesTDTSP/inst_100_13_TW.txt InstancesTDTSP/tdtsp_bench_255_6h00_12h30_mirrored.txt
# ALGORITHM: TDNOOVERLAP RESTART
# NUMBER OF VISITS: 100
# NUMBER OF TIME WINDOWS: 130
# TIME LIMIT: 7200
# EXTRACTION TIME: 241.08
* 0.29 47194
* 1.06 47099
* 1.74 47052
* 115.62 46992
* 116.01 46991
* 184.2 46720
* 184.44 46694
* 184.72 46656
* 184.76 46554
* 186.17 45395
* 186.64 45025
* 186.92 44935
* 186.97 44927
* 187.91 44863
* 189.61 44820
* 190.01 44812
* 191.84 44799
* 192.74 44689
* 192.78 44679
* 243.63 44600
* 243.7 44570
* 313.24 44421
* 314.51 44390
* 316.22 44353
* 324.98 44308
* 325.02 44272
* 325.05 44213
* 380.09 44054
* 380.46 44053
* 380.53 43985
* 380.97 43806
* 382.33 43776
* 382.36 42497
* 385.62 42354
* 407.38 42313
* 407.7 42117
* 434.99 42089
* 435.13 42086
* 435.18 42020
* 435.22 41973
* 435.48 41908
* 435.52 41906
* 435.75 41893
* 435.78 41867
* 435.88 41866
* 435.9 41783
* 449.74 41728
* 449.89 41723
* 459.74 41624
* 480.79 41598
* 511.29 41546
* 511.68 41541
* 514.61 41503
* 516.35 41501
* 538.54 41459
* 543.04 41454
* 543.07 41441
* 544.56 41433
* 581.2 41319
* 581.46 41318
* 581.76 41317
* 581.82 41306
* 597.71 41294
* 599.35 41289
* 602.86 41254
* 646.77 41181
* 646.89 41142
* 654.29 41137
* 674.16 41136
* 756.85 41118
* 759.89 41099
* 847.85 41034
* 857.52 40973
* 859.91 40952
* 1020.57 40920
* 1022.31 40899
* 1032.28 40897
* 1183 40895
* 1343.82 40892
# SOLUTION FOUND
# OPTIMALITY NOT PROVED
# BEST SOLUTION: 40892
# NUMBER OF BRANCHES: 19079256
# END TIME: 7441.09
## Solution: 
100
27 0
22 386
215 728
218 1068
119 1591
254 1960
116 2285
31 2660
40 3037
126 3413
46 3625
37 3874
229 4321
42 4674
123 5195
19 5601
92 6014
99 6286
55 6705
57 7055
48 7324
125 7919
248 8332
33 8843
59 9424
238 10236
87 10870
133 11317
96 12125
98 12764
41 13304
35 13791
159 14487
164 15003
165 15162
142 15469
163 15810
188 15996
160 16218
162 16457
153 16571
161 16791
192 17078
147 17478
191 17868
149 18119
187 18211
53 18545
85 19020
81 19358
79 19457
74 19784
213 20111
170 20394
130 20679
83 21043
235 21583
72 21965
206 22235
76 22611
241 22920
205 23312
202 23500
70 23658
24 24151
47 24545
242 24900
152 25502
154 26044
212 26656
175 27095
169 27414
11 27910
184 28285
106 29013
4 29350
107 29691
12 29930
115 30228
110 30493
16 30665
7 31039
13 31230
113 31488
194 31930
0 32704
247 32930
17 33551
138 34338
224 35393
68 36226
237 37066
244 37179
236 37457
25 37896
200 38437
20 39052
117 39290
102 39746
251 40454
# BEST TD SOLUTION: 40892
