# INSTANCE: InstancesTDTSP/inst_100_11_TW.txt InstancesTDTSP/tdtsp_bench_255_6h00_12h30_10p_ti_mirrored.txt
# ALGORITHM: TSP MEDIAN NOOVERLAP RESTART
# NUMBER OF VISITS: 100
# NUMBER OF TIME WINDOWS: 130
# TIME LIMIT: 7200
* 0.02 58454 55556
* 0.02 53722 55597
* 0.03 53596 55597
* 0.06 53531 55409
* 0.17 52899 55142
* 0.17 52844 55115
* 0.18 52662 54430
* 0.21 52588 54618
* 0.21 52558 54618
* 0.25 52535 54618
* 0.26 52496 54430
* 0.26 52466 54430
* 0.26 52328 54430
* 0.29 51912 54047
* 0.29 51908 54047
* 0.3 51878 54047
* 0.32 51791 54226
* 0.33 51643 53643
* 0.33 51574 53724
* 0.34 51530 53724
* 0.34 51328 53724
* 0.36 51317 53959
* 0.38 51112 53993
* 0.41 51036 53912
* 0.42 50975 53976
* 0.45 50924 53447
* 0.45 50918 53552
* 0.47 50912 53694
* 0.47 50693 53456
* 0.52 50043 53042
* 0.53 50021 52754
* 0.53 49985 52433
* 0.54 49870 52717
* 0.56 49821 52589
* 0.6 49818 52589
* 0.6 49765 52589
* 0.61 49636 52589
* 0.61 49613 52589
* 0.62 49593 52589
* 0.63 49590 52589
* 0.63 49478 52589
* 0.64 49170 51438
* 0.65 48199 50995
* 0.65 47964 50954
* 0.67 47941 50954
* 0.68 47915 50949
* 0.69 47868 50949
* 0.69 47815 50954
* 0.7 47653 50954
* 0.73 47627 50905
* 0.76 47522 50547
* 0.76 47391 50547
* 0.79 47344 50547
* 0.8 47330 50547
* 0.82 47322 50547
* 0.83 47296 50539
* 0.84 47279 49474
* 0.84 47268 49474
* 0.85 47251 49474
* 0.87 47204 49474
* 0.88 47055 49474
* 0.88 47002 49474
* 0.89 46979 49474
* 0.9 46914 49474
* 0.9 46799 49474
* 0.93 46674 49474
* 1.01 46627 49474
* 1.05 46563 48858
* 1.96 46560 48858
* 7.71 46479 48624
* 7.73 46471 48624
* 7.74 46468 48624
* 7.87 46421 48624
* 68.46 46407 48803
* 68.46 46377 48803
* 68.47 46362 48803
* 68.51 46342 48803
* 68.66 46255 48970
* 68.66 46240 48970
* 68.69 46229 48970
* 69.39 46176 49611
* 158.8 46164 48331
* 185.67 46119 48092
* 185.76 46113 48092
* 186.35 46108 49493
* 186.36 46083 49493
* 186.37 46011 48875
* 186.42 45771 48106
* 186.43 45724 48106
* 186.45 45655 48910
* 186.46 45643 48910
* 186.49 45589 48910
* 186.49 45542 48910
* 186.5 45503 48882
* 186.55 45346 48882
* 186.55 45341 48106
* 186.57 45317 48106
* 186.58 45202 46800
* 186.59 44838 47494
* 186.6 44820 47494
* 186.6 44715 47494
* 186.61 44594 46800
* 186.61 44525 46800
* 186.64 44401 46800
* 186.74 44383 46800
* 186.77 44172 46760
# SOLUTION FOUND
# OPTIMALITY PROVED
# BEST TSP SOLUTION: 44172
# NUMBER OF BRANCHES: 5171174
# END TIME: 186.78
## Solution with TDTSP times: 
100
63 0
53 251
158 516
187 839
155 1219
189 1527
147 1782
32 2028
46 2438
231 2842
58 3291
56 3747
60 4212
248 4499
125 4966
228 5643
51 6222
227 6549
41 6799
100 7666
98 8166
104 8508
105 9041
97 9372
88 9905
59 10426
135 10733
92 11065
55 11522
62 11974
123 12494
19 12893
219 13185
23 13355
44 13966
126 14237
31 14565
116 14697
120 15015
217 15277
28 15553
251 15779
252 16128
118 16611
233 16977
237 17210
215 17533
26 17948
20 18509
196 18874
198 19559
201 20012
203 20701
76 21111
205 21356
202 21504
84 21911
75 22256
81 22464
131 22674
208 23052
72 23560
68 23960
222 24189
240 24536
18 25155
3 25420
5 25673
10 26044
9 26434
2 26901
1 27225
4 27632
239 28025
14 28337
137 28808
247 29657
0 30018
111 30340
179 31171
193 31600
176 31938
178 32025
171 32184
182 32410
173 32743
195 33077
153 33747
190 34401
212 35132
188 35923
141 36306
165 36627
167 37498
102 38906
94 39533
89 40048
91 40629
207 43173
223 45425
# BEST TD SOLUTION: 46760
