# INSTANCE: InstancesTDTSP/inst_20_14_TW.txt DATA_TDTSP/tdtsp_bench_255_6h00_12h30_10p_ti_mirrored.txt
# ALGORITHM: TSP MEDIAN NOOVERLAP RESTART
# NUMBER OF VISITS: 20
# NUMBER OF TIME WINDOWS: 130
# TIME LIMIT: 3600
* 0.002 15992 -1
* 0.002 11718 -1
* 1.429 11665 -1
* 1.496 11652 -1
* 1.879 11640 -1
# SOLUTION FOUND
# OPTIMALITY PROVED
# BEST TSP SOLUTION: 11640
# NUMBER OF BRANCHES: 112549
# END TIME: 1.879
## Solution with TDTSP times: 
20
33 0
228 181
41 687
64 1434
153 2301
155 2961
54 3467
53 3607
128 4220
78 4797
72 5077
7 8555
113 9116
171 10200
