# INSTANCE: InstancesTDTSP/inst_30_10_TW.txt InstancesTDTSP/tdtsp_bench_255_6h00_12h30_10p_ti_mirrored.txt
# ALGORITHM: TSP MEDIAN NOOVERLAP RESTART
# NUMBER OF VISITS: 30
# NUMBER OF TIME WINDOWS: 130
# TIME LIMIT: 3600
* 0 16208 18671
* 0.01 16172 18488
# SOLUTION FOUND
# OPTIMALITY PROVED
# BEST TSP SOLUTION: 16172
# NUMBER OF BRANCHES: 4192863
# END TIME: 101.34
## Solution with TDTSP times: 
30
56 0
243 409
38 722
121 960
39 1441
42 1782
123 2042
19 2443
92 2773
135 3163
57 3582
64 4165
232 4544
50 5689
90 7430
252 8275
30 8780
26 9280
21 9827
244 9996
79 10925
72 11571
170 12235
181 12784
172 13185
184 13672
239 14255
250 14784
198 16255
190 17540
# BEST TD SOLUTION: 18488
