# INSTANCE: InstancesTDTSP/inst_20_2_TW.txt InstancesTDTSP/tdtsp_bench_255_6h00_12h30_mirrored.txt
# ALGORITHM: TSP MEDIAN NOOVERLAP RESTART
# NUMBER OF VISITS: 20
# NUMBER OF TIME WINDOWS: 130
# TIME LIMIT: 3600
* 0.01 16405 17391
# SOLUTION FOUND
# OPTIMALITY PROVED
# BEST TSP SOLUTION: 16405
# NUMBER OF BRANCHES: 61
# END TIME: 0.01
## Solution with TDTSP times: 
20
26 0
47 684
43 849
154 1309
147 1574
81 2068
235 2603
76 3028
67 3941
208 4610
173 5531
163 6789
232 7951
247 10272
110 11353
115 11848
139 12730
6 13414
2 13838
35 15703
# BEST TD SOLUTION: 17391
