# INSTANCE: InstancesTDTSP/inst_30_18_TW.txt InstancesTDTSP/tdtsp_bench_255_6h00_12h30_20p_ti_mirrored.txt
# ALGORITHM: TSP MEDIAN NOOVERLAP RESTART
# NUMBER OF VISITS: 30
# NUMBER OF TIME WINDOWS: 130
# TIME LIMIT: 3600
* 0 108529 28563
* 0 23296 28563
* 0 23150 28563
# SOLUTION FOUND
# OPTIMALITY PROVED
# BEST TSP SOLUTION: 23150
# NUMBER OF BRANCHES: 176
# END TIME: 0
## Solution with TDTSP times: 
30
229 0
127 217
140 453
163 870
156 1370
56 1832
52 2311
31 3026
79 3978
71 4444
82 5218
76 5719
115 7209
2 7785
211 9338
128 9809
182 10965
135 12294
205 13132
246 13755
173 14690
195 14983
227 16376
207 17843
249 18646
112 19641
96 21081
239 22722
6 23127
17 23734
# BEST TD SOLUTION: 28563
