# INSTANCE: InstancesTDTSP/NewTWinstances/inst_50_8_TW.txt InstancesTDTSP/tdtsp_bench_255_6h00_12h30_10p_ti_mirrored.txt
# ALGORITHM: TSP MEDIAN NOOVERLAP RESTART
# NUMBER OF VISITS: 50
# NUMBER OF TIME WINDOWS: 130
# TIME LIMIT: 300
* 0.004 48012 -1
* 0.005 47762 -1
* 0.006 47266 -1
* 0.009 27087 -1
* 0.082 27058 -1
* 0.083 27051 -1
* 0.095 26806 -1
* 0.098 26611 -1
* 0.098 26539 -1
* 0.119 26531 -1
* 0.132 26505 -1
* 0.152 26410 -1
* 0.153 26407 -1
* 0.161 26402 -1
* 0.169 26378 -1
* 0.173 26338 -1
* 0.195 26309 -1
* 0.214 26227 -1
* 0.393 26219 -1
* 0.406 26011 -1
* 0.406 25997 -1
* 0.431 25708 -1
* 0.451 25674 -1
* 0.469 25612 -1
* 0.484 25611 -1
* 0.493 25555 -1
* 1.464 25502 -1
* 1.481 25489 -1
* 1.5 25465 -1
* 1.541 25441 -1
* 1.553 25428 -1
* 1.568 25358 -1
* 1.569 25357 -1
* 1.58 25259 -1
* 1.612 25249 -1
* 1.613 25231 -1
* 1.617 25121 -1
* 1.619 25076 -1
* 1.622 25068 -1
* 1.96 25058 -1
* 1.973 25020 -1
* 2.076 24989 -1
* 2.077 24951 -1
* 2.08 24853 -1
* 2.083 24722 -1
* 2.117 23883 -1
* 2.435 23731 -1
* 2.444 23611 -1
* 2.447 23309 -1
* 2.507 23203 -1
* 2.57 23171 -1
* 2.606 23147 -1
# SOLUTION FOUND
# OPTIMALITY NOT PROVED
# BEST TSP SOLUTION: 23147
# NUMBER OF BRANCHES: 18333476
# END TIME: 300.002
## Solution with TDTSP times: 
50
206 0
69 295
202 764
66 1127
222 1406
74 2233
83 2621
34 3171
53 3535
43 4311
229 4599
122 4945
47 5338
39 5706
231 5992
56 6490
59 7267
60 7898
220 8794
216 9308
