# INSTANCE: InstancesTDTSP/NewTWinstances/inst_20_13_TW.txt InstancesTDTSP/tdtsp_bench_255_6h00_12h30_10p_ti_mirrored.txt
# ALGORITHM: TSP MEDIAN NOOVERLAP RESTART
# NUMBER OF VISITS: 20
# NUMBER OF TIME WINDOWS: 130
# TIME LIMIT: 3600
* 0.002 49852 -1
* 0.002 47695 -1
* 0.003 10867 -1
* 0.008 10751 -1
* 0.062 10709 -1
* 0.19 10696 -1
* 0.193 10679 -1
* 0.195 10589 -1
# SOLUTION FOUND
# OPTIMALITY PROVED
# BEST TSP SOLUTION: 10589
# NUMBER OF BRANCHES: 866808
# END TIME: 15.642
## Solution with TDTSP times: 
20
79 0
166 412
126 685
43 879
49 1207
151 1598
192 1933
53 2732
34 3311
209 4216
114 5818
108 5970
2 6485
3 7022
112 7573
30 9053
23 9622
