# INSTANCE: InstancesTDTSP/NewTWinstances/inst_50_6_TW.txt InstancesTDTSP/tdtsp_bench_255_6h00_12h30_20p_ti_mirrored.txt
# ALGORITHM: TSP MEDIAN NOOVERLAP RESTART
# NUMBER OF VISITS: 50
# NUMBER OF TIME WINDOWS: 130
# TIME LIMIT: 300
* 0.004 23114 -1
* 0.031 23094 -1
* 0.033 22943 -1
* 0.049 22924 -1
* 0.051 22863 -1
* 0.053 22832 -1
* 0.058 22671 -1
* 0.064 22659 -1
* 0.083 22430 -1
* 0.972 22416 -1
* 0.973 22404 -1
* 1.119 22389 -1
* 1.275 22288 -1
* 1.28 22275 -1
* 1.459 22261 -1
* 1.748 22260 -1
* 1.752 22254 -1
* 1.778 21998 -1
* 1.867 21947 -1
* 1.914 21879 -1
* 1.914 21858 -1
* 2.022 21818 -1
* 2.733 21747 -1
* 2.741 21732 -1
* 2.759 21690 -1
* 2.781 21603 -1
* 2.843 21585 -1
* 2.844 21557 -1
* 8.807 21482 -1
* 8.809 21480 -1
* 8.83 21398 -1
* 8.894 21393 -1
* 8.976 21350 -1
* 9.024 21333 -1
* 9.247 21326 -1
* 10.107 21300 -1
# SOLUTION FOUND
# OPTIMALITY NOT PROVED
# BEST TSP SOLUTION: 21300
# NUMBER OF BRANCHES: 9836208
# END TIME: 300.004
## Solution with TDTSP times: 
50
105 0
104 398
234 681
135 1071
232 1531
50 2208
228 2911
33 3199
125 3596
60 4203
231 4680
230 4946
243 5128
152 5815
162 6430
229 7158
42 7452
44 7964
40 8403
86 8835
24 9247
