# INSTANCE: InstancesTDTSP/NewTWinstances/inst_20_19_TW.txt InstancesTDTSP/tdtsp_bench_255_6h00_12h30_10p_ti_mirrored.txt
# ALGORITHM: TSP MEDIAN NOOVERLAP RESTART
# NUMBER OF VISITS: 20
# NUMBER OF TIME WINDOWS: 130
# TIME LIMIT: 3600
* 0.002 11969 -1
* 0.003 11677 -1
* 0.008 11409 -1
* 0.028 11374 -1
* 0.075 11209 -1
* 0.303 11165 -1
* 0.476 11051 -1
* 29.515 11027 -1
* 44.684 11020 -1
* 45.675 11013 -1
* 45.678 11000 -1
* 309.308 10979 -1
* 311.746 10952 -1
# SOLUTION FOUND
# OPTIMALITY PROVED
# BEST TSP SOLUTION: 10952
# NUMBER OF BRANCHES: 23692671
# END TIME: 432.833
## Solution with TDTSP times: 
20
147 0
142 410
43 961
39 1135
23 1587
231 1966
242 2292
140 2804
37 3218
54 3807
128 4491
30 5422
201 6389
223 8787
1 10284
210 11633
67 12099
178 12608
212 13040
153 13597
