# INSTANCE: InstancesTDTSP/NewTWinstances/inst_50_2_TW.txt InstancesTDTSP/tdtsp_bench_255_6h00_12h30_20p_ti_mirrored.txt
# ALGORITHM: TSP MEDIAN NOOVERLAP RESTART
# NUMBER OF VISITS: 50
# NUMBER OF TIME WINDOWS: 130
# TIME LIMIT: 300
* 0.004 49078 -1
* 0.005 48919 -1
* 0.029 48073 -1
* 0.031 47570 -1
* 0.036 47070 -1
* 0.042 25609 -1
* 0.043 25604 -1
* 0.044 25351 -1
* 0.05 24859 -1
* 0.051 24823 -1
* 0.053 24807 -1
* 0.054 24794 -1
* 0.056 24750 -1
* 0.078 24733 -1
* 0.08 24723 -1
* 0.089 24653 -1
* 0.102 24614 -1
* 0.103 24604 -1
* 0.115 24565 -1
* 0.121 24379 -1
* 0.14 24331 -1
* 0.143 24314 -1
* 0.145 24268 -1
* 0.164 24121 -1
* 0.166 24072 -1
* 0.167 23935 -1
* 0.171 23551 -1
* 0.173 23536 -1
* 0.18 23227 -1
* 0.208 23124 -1
* 24.029 23072 -1
* 24.039 23053 -1
* 24.044 23048 -1
* 24.048 23029 -1
* 24.063 23026 -1
* 24.133 23001 -1
* 24.529 22955 -1
* 24.566 22880 -1
* 24.567 22776 -1
* 24.572 22733 -1
* 24.573 22690 -1
* 24.59 22687 -1
* 24.591 22595 -1
* 24.593 22546 -1
* 24.602 22493 -1
* 24.604 22483 -1
* 24.606 22467 -1
* 24.636 22385 -1
* 24.64 22201 -1
* 24.641 22185 -1
* 24.654 22175 -1
* 24.669 22124 -1
* 24.671 22021 -1
* 24.706 22009 -1
* 24.708 21990 -1
* 38.036 21974 -1
* 130.726 21960 -1
* 130.754 21948 -1
* 135.158 21942 -1
* 135.179 21891 -1
* 135.287 21881 -1
* 137.593 21827 -1
# SOLUTION FOUND
# OPTIMALITY NOT PROVED
# BEST TSP SOLUTION: 21827
# NUMBER OF BRANCHES: 9732926
# END TIME: 300.002
## Solution with TDTSP times: 
50
213 0
71 193
84 527
70 927
85 1310
81 1514
75 1860
208 2324
166 2792
158 3189
191 3818
127 4499
39 4810
248 5618
36 19860
62 20194
55 20488
