# INSTANCE: InstancesTDTSP/NewTWinstances/inst_50_2_TW.txt InstancesTDTSP/tdtsp_bench_255_6h00_12h30_mirrored.txt
# ALGORITHM: TSP MEDIAN NOOVERLAP RESTART
# NUMBER OF VISITS: 50
# NUMBER OF TIME WINDOWS: 130
# TIME LIMIT: 300
* 0.004 48599 -1
* 0.005 48409 -1
* 0.009 48367 -1
* 0.012 47523 -1
* 0.015 31176 -1
* 0.022 31134 -1
* 0.026 31003 -1
* 0.031 30278 -1
* 0.035 30093 -1
* 0.043 30018 -1
* 0.046 30003 -1
* 0.05 30002 -1
* 0.055 29113 -1
* 0.056 28779 -1
* 0.058 28754 -1
* 0.059 28680 -1
* 0.066 28670 -1
* 0.069 28615 -1
* 0.071 28567 -1
* 0.072 28459 -1
* 0.075 28444 -1
* 0.076 27956 -1
* 0.086 27506 -1
* 0.087 27432 -1
* 0.089 27348 -1
* 0.102 27296 -1
* 0.108 27192 -1
* 0.143 27065 -1
* 0.15 26903 -1
* 0.162 26765 -1
* 0.164 26747 -1
* 0.175 26648 -1
* 0.184 26605 -1
* 0.186 26498 -1
* 0.206 26483 -1
* 0.207 25753 -1
* 0.208 25713 -1
* 0.209 25651 -1
* 0.217 25585 -1
* 0.229 25557 -1
* 0.244 25527 -1
* 0.247 25455 -1
* 0.266 25454 -1
* 0.274 25450 -1
* 2.937 25421 -1
* 2.96 25294 -1
* 2.966 25284 -1
* 3.013 25277 -1
* 3.04 25181 -1
* 3.047 25134 -1
* 3.091 25085 -1
* 3.101 25053 -1
* 3.192 25039 -1
* 3.194 25001 -1
* 3.363 24998 -1
* 3.374 24987 -1
* 3.467 24975 -1
* 3.482 24751 -1
* 4.047 24721 -1
* 4.124 24711 -1
* 4.306 24667 -1
* 15.885 24562 -1
* 15.92 24556 -1
* 15.928 24541 -1
* 15.929 24435 -1
* 15.944 24401 -1
* 16.43 24310 -1
* 16.431 24266 -1
* 16.586 24056 -1
* 16.589 23975 -1
* 16.727 23859 -1
# SOLUTION FOUND
# OPTIMALITY NOT PROVED
# BEST TSP SOLUTION: 23859
# NUMBER OF BRANCHES: 10209106
# END TIME: 300.003
## Solution with TDTSP times: 
50
213 0
71 201
84 560
70 941
73 1380
82 1788
85 2128
81 2384
75 2731
208 3235
158 3715
166 4122
191 4627
