# INSTANCE: InstancesTDTSP/NewTWinstances/inst_50_7_TW.txt InstancesTDTSP/tdtsp_bench_255_6h00_12h30_mirrored.txt
# ALGORITHM: TSP MEDIAN NOOVERLAP RESTART
# NUMBER OF VISITS: 50
# NUMBER OF TIME WINDOWS: 130
# TIME LIMIT: 300
* 0.007 23715 -1
* 0.019 23614 -1
* 0.119 23312 -1
* 0.127 23186 -1
* 0.138 23174 -1
* 0.139 23161 -1
* 0.149 23060 -1
* 0.174 22975 -1
* 2.092 22964 -1
* 2.814 22936 -1
* 2.968 22923 -1
# SOLUTION FOUND
# OPTIMALITY NOT PROVED
# BEST TSP SOLUTION: 22923
# NUMBER OF BRANCHES: 10875190
# END TIME: 300.002
## Solution with TDTSP times: 
50
121 0
46 189
38 533
229 837
42 1176
120 1536
216 2052
30 2303
119 2553
215 3005
26 3459
245 3784
237 4217
209 5370
66 5784
67 6524
71 6960
77 7288
83 7674
210 7952
84 8137
128 8648
54 9223
149 9522
158 9606
145 10076
153 10367
146 10567
160 10907
152 11291
124 11949
36 12385
48 12761
64 13179
232 13404
35 13964
87 14706
102 15578
249 16419
207 17235
139 18467
9 19030
110 19377
113 19891
13 20224
2 20589
17 21074
0 21457
247 21780
11 23035
