# INSTANCE: InstancesTDTSP/NewTWinstances/inst_100_14_TW.txt InstancesTDTSP/tdtsp_bench_255_6h00_12h30_mirrored.txt
# ALGORITHM: TSP MEDIAN NOOVERLAP RESTART
# NUMBER OF VISITS: 100
# NUMBER OF TIME WINDOWS: 130
# TIME LIMIT: 300
* 0.012 51376 -1
* 0.017 51306 -1
* 0.021 51174 -1
* 0.079 51018 -1
* 0.081 50942 -1
* 0.152 50838 -1
* 0.177 50344 -1
* 0.2 49815 -1
* 0.208 49811 -1
* 1.189 49312 -1
* 1.223 48958 -1
* 1.297 48532 -1
* 1.31 48298 -1
* 1.316 48236 -1
* 1.321 48216 -1
* 1.324 48211 -1
* 1.333 48092 -1
* 1.347 48058 -1
* 1.381 48006 -1
* 1.387 47532 -1
* 1.591 47440 -1
* 1.599 47111 -1
* 1.605 47077 -1
* 1.661 46991 -1
* 1.676 46826 -1
* 1.684 46652 -1
* 1.69 46093 -1
* 1.708 46074 -1
* 1.719 45857 -1
* 1.742 45803 -1
* 1.75 45355 -1
* 1.753 45328 -1
* 1.758 45217 -1
* 1.76 45098 -1
* 1.775 45080 -1
* 1.795 45061 -1
* 1.797 45051 -1
* 1.833 44937 -1
* 1.835 44930 -1
* 1.865 44861 -1
* 1.891 44441 -1
* 1.963 44438 -1
* 1.991 44421 -1
* 1.994 43897 -1
* 2.01 43849 -1
* 2.019 43824 -1
* 2.023 43770 -1
* 2.056 43749 -1
* 2.085 43493 -1
* 2.095 43469 -1
* 2.102 43155 -1
* 2.105 43117 -1
* 2.106 43056 -1
* 2.149 43039 -1
* 2.176 43010 -1
* 2.179 42900 -1
* 2.194 42856 -1
* 2.197 42746 -1
* 2.2 42729 -1
* 2.204 42639 -1
* 2.206 42543 -1
* 2.268 42516 -1
* 2.27 42500 -1
* 2.272 42354 -1
* 2.285 42327 -1
* 2.292 42317 -1
* 2.318 42301 -1
* 2.331 42281 -1
* 2.343 42151 -1
* 2.375 42139 -1
* 2.404 42079 -1
* 2.416 42071 -1
* 2.434 42068 -1
* 2.496 42067 -1
* 2.502 42039 -1
* 26.347 42028 -1
* 26.5 41518 -1
* 26.504 41321 -1
* 26.527 41318 -1
* 26.755 41238 -1
* 27.42 41038 -1
# SOLUTION FOUND
# OPTIMALITY NOT PROVED
# BEST TSP SOLUTION: 41038
# NUMBER OF BRANCHES: 15758480
# END TIME: 300.024
## Solution with TDTSP times: 
100
32 0
157 254
53 593
63 858
65 1196
40 1510
44 1836
52 2161
127 2552
43 2943
229 3076
242 3376
243 3530
123 4096
120 4793
86 5209
216 5943
30 6131
218 6488
252 6882
251 7318
253 7797
102 8514
89 9292
87 9758
105 10006
99 10506
92 10807
55 11222
60 11734
64 12162
228 12506
51 13036
41 13336
199 13823
100 14255
101 14819
96 15152
35 16138
