# INSTANCE: InstancesTDTSP/NewTWinstances/inst_20_9_TW.txt InstancesTDTSP/tdtsp_bench_255_6h00_12h30_mirrored.txt
# ALGORITHM: TSP MEDIAN NOOVERLAP RESTART
# NUMBER OF VISITS: 20
# NUMBER OF TIME WINDOWS: 130
# TIME LIMIT: 3600
* 0.002 47643 -1
* 0.002 19973 -1
* 0.003 14350 -1
* 0.007 13649 -1
* 0.024 13543 -1
* 0.033 13489 -1
* 0.105 13429 -1
* 0.107 13354 -1
* 0.112 13320 -1
* 0.118 13171 -1
* 0.123 13045 -1
* 0.132 12907 -1
* 0.136 12676 -1
# SOLUTION FOUND
# OPTIMALITY PROVED
# BEST TSP SOLUTION: 12676
# NUMBER OF BRANCHES: 879512
# END TIME: 15.879
## Solution with TDTSP times: 
20
34 0
65 472
72 950
70 1399
77 1922
171 2540
195 3057
212 3471
165 4554
49 5459
39 23382
100 24459
