# INSTANCE: InstancesTDTSP/NewTWinstances/inst_20_11_TW.txt InstancesTDTSP/tdtsp_bench_255_6h00_12h30_mirrored.txt
# ALGORITHM: TSP MEDIAN NOOVERLAP RESTART
# NUMBER OF VISITS: 20
# NUMBER OF TIME WINDOWS: 130
# TIME LIMIT: 3600
* 0.002 47743 -1
* 0.003 15348 -1
* 0.006 14326 17601
* 0.009 14229 17601
* 0.038 14200 17601
* 0.048 14142 17601
* 0.051 14138 17601
* 1.971 14101 17601
* 2.621 14067 -1
* 2.622 14042 -1
* 2.658 13914 -1
* 2.67 13895 -1
* 2.698 13890 -1
* 2.7 13848 -1
* 3.7 13764 17601
* 3.707 13754 17601
* 3.709 13650 17601
# SOLUTION FOUND
# OPTIMALITY PROVED
# BEST TSP SOLUTION: 13650
# NUMBER OF BRANCHES: 253917
# END TIME: 4.897
## Solution with TDTSP times: 
20
215 0
129 649
74 1011
241 1567
68 1975
11 3221
153 4323
38 4956
43 5178
48 6188
120 7138
44 7411
81 8159
75 8372
177 9548
137 10419
250 11134
233 12389
88 13412
101 14046
# BEST TD SOLUTION: 17601
