# INSTANCE: InstancesTDTSP/NewTWinstances/inst_100_16_TW.txt InstancesTDTSP/tdtsp_bench_255_6h00_12h30_20p_ti_mirrored.txt
# ALGORITHM: TSP MEDIAN NOOVERLAP RESTART
# NUMBER OF VISITS: 100
# NUMBER OF TIME WINDOWS: 130
# TIME LIMIT: 300
* 0.01 49587 -1
* 0.145 49576 -1
* 0.156 49523 -1
* 0.188 49296 -1
* 0.208 49279 -1
* 0.373 48872 -1
* 1.316 48701 -1
* 1.391 48257 -1
* 1.5 47935 -1
* 1.551 47420 -1
* 2.144 45654 -1
* 2.152 44467 -1
* 2.168 44362 -1
* 2.173 44060 -1
* 2.193 43994 -1
* 2.318 43887 -1
* 2.376 43871 -1
* 2.532 43809 -1
* 2.599 43300 -1
* 2.725 42700 -1
* 2.819 42574 -1
* 2.986 42329 -1
* 3.493 42287 -1
* 3.741 42174 -1
* 3.805 42167 -1
* 3.967 42144 -1
* 4.041 42138 -1
* 4.081 42112 -1
* 9.566 42042 -1
* 13.89 42008 -1
* 14.915 41992 -1
* 15.167 41927 -1
* 15.854 41875 -1
* 16.047 41773 -1
* 28.084 41771 -1
* 29.36 41746 -1
* 41.55 41722 -1
* 41.571 41711 -1
* 43.399 41699 -1
* 43.438 41688 -1
* 43.446 41683 -1
* 43.454 41672 -1
* 44.225 41631 -1
* 44.27 41622 -1
* 44.29 41600 -1
* 44.32 41453 -1
* 44.353 41444 -1
* 44.359 41425 -1
* 44.442 41418 -1
* 45.036 41324 -1
* 45.2 41306 -1
* 45.423 41297 -1
* 45.46 41293 -1
* 50.576 41237 -1
* 50.68 41210 -1
* 81.335 41181 -1
* 81.378 41167 -1
* 81.691 41157 -1
* 81.958 41083 -1
* 82.316 41069 -1
* 82.337 41039 -1
* 82.507 41013 -1
# SOLUTION FOUND
# OPTIMALITY NOT PROVED
# BEST TSP SOLUTION: 41013
# NUMBER OF BRANCHES: 9961547
# END TIME: 300.022
## Solution with TDTSP times: 
100
172 0
180 305
176 682
181 1129
208 1539
131 1831
80 2063
79 2365
74 2734
85 3084
210 3408
70 4078
76 4558
211 4765
206 4997
128 5526
53 6289
54 6598
157 6802
149 7193
187 7352
155 7717
189 8103
162 8679
