# INSTANCE: InstancesTDTSP/NewTWinstances/inst_20_1_TW.txt InstancesTDTSP/tdtsp_bench_255_6h00_12h30_10p_ti_mirrored.txt
# ALGORITHM: TSP MEDIAN NOOVERLAP RESTART
# NUMBER OF VISITS: 20
# NUMBER OF TIME WINDOWS: 130
# TIME LIMIT: 3600
* 0.003 13626 -1
* 0.006 13025 -1
* 0.008 12569 -1
* 0.011 12479 -1
* 0.071 12470 -1
* 0.071 12331 -1
* 0.073 12259 -1
* 0.074 12227 -1
* 0.076 12107 -1
* 0.083 11980 -1
* 0.107 11962 -1
* 7.602 11923 -1
* 8.044 11830 -1
* 8.068 11810 -1
# SOLUTION FOUND
# OPTIMALITY PROVED
# BEST TSP SOLUTION: 11810
# NUMBER OF BRANCHES: 1510940
# END TIME: 24.809
## Solution with TDTSP times: 
20
30 0
44 335
245 912
236 1249
207 1983
8 3608
240 5087
