# INSTANCE: InstancesTDTSP/NewTWinstances/inst_50_10_TW.txt InstancesTDTSP/tdtsp_bench_255_6h00_12h30_mirrored.txt
# ALGORITHM: TSP MEDIAN NOOVERLAP RESTART
# NUMBER OF VISITS: 50
# NUMBER OF TIME WINDOWS: 130
# TIME LIMIT: 300
* 0.005 48171 -1
* 0.006 27650 -1
* 0.01 25707 -1
* 0.016 25691 -1
* 0.022 25602 -1
* 0.034 25589 -1
* 0.085 25166 -1
* 0.113 25136 -1
* 0.142 25033 -1
* 0.148 24946 -1
* 0.173 24942 -1
* 0.185 24881 -1
* 0.188 24851 -1
* 0.194 24729 -1
* 0.202 24712 28834
* 0.227 24362 -1
* 0.234 24358 -1
* 0.264 24318 -1
* 0.269 24280 -1
* 0.279 24229 -1
* 0.28 24168 -1
* 0.3 24110 -1
* 0.301 24054 -1
* 0.305 23907 -1
* 1.606 23903 -1
* 2.528 23850 -1
* 2.53 23818 -1
* 2.531 23811 -1
* 2.543 23764 -1
* 2.544 23760 -1
* 2.545 23753 -1
* 2.56 23710 -1
* 2.564 23703 -1
* 2.568 23698 -1
* 2.963 23694 -1
# SOLUTION FOUND
# OPTIMALITY NOT PROVED
# BEST TSP SOLUTION: 23694
# NUMBER OF BRANCHES: 18706013
# END TIME: 300.002
## Solution with TDTSP times: 
50
93 0
216 496
237 838
236 1136
22 1363
31 1823
65 2206
191 2622
152 3259
37 3713
230 4281
58 4912
248 5466
228 6018
35 6630
62 7439
88 8031
91 9012
105 9443
19 10215
57 10739
48 10868
34 19547
54 19794
81 20229
