# INSTANCE: InstancesTDTSP/NewTWinstances/inst_50_12_TW.txt InstancesTDTSP/tdtsp_bench_255_6h00_12h30_mirrored.txt
# ALGORITHM: TSP MEDIAN NOOVERLAP RESTART
# NUMBER OF VISITS: 50
# NUMBER OF TIME WINDOWS: 130
# TIME LIMIT: 300
* 0.005 48824 -1
* 0.006 48655 -1
* 0.007 27098 27503
* 0.011 27035 27379
* 0.017 26987 27397
* 0.036 26964 27302
* 0.099 26939 27269
* 0.402 26608 -1
* 0.413 26501 -1
* 0.439 26370 -1
* 0.586 26344 -1
* 0.588 26308 -1
* 0.59 26306 -1
* 2.521 26281 27298
* 2.822 26280 27311
* 2.829 26238 27267
* 11.371 26233 27416
* 11.372 26225 27238
* 11.463 26148 -1
* 11.466 26132 -1
* 11.477 26107 -1
* 11.5 26091 -1
* 11.507 26078 -1
* 11.527 26036 -1
* 11.536 25971 27163
* 11.542 25966 -1
* 11.565 25931 -1
* 11.609 25929 -1
* 11.638 25872 -1
* 11.64 25401 -1
* 11.642 25316 -1
* 11.65 25288 -1
* 11.66 25268 -1
* 11.663 25264 -1
* 11.765 25238 -1
# SOLUTION FOUND
# OPTIMALITY NOT PROVED
# BEST TSP SOLUTION: 25238
# NUMBER OF BRANCHES: 15206795
# END TIME: 300.002
## Solution with TDTSP times: 
50
102 0
20 526
29 909
236 1319
217 1881
254 2170
86 2459
63 2885
54 3148
53 3424
149 3836
168 4417
170 4711
11 5506
131 6252
75 6534
85 6805
82 7456
70 7593
205 7997
68 8574
76 9160
129 9659
65 10279
43 10516
42 10883
230 11409
19 12076
36 12636
64 13024
232 13246
133 13935
97 14459
89 14963
91 15500
101 15999
98 16515
199 17086
50 17685
163 19093
188 24075
