# INSTANCE: InstancesTDTSP/NewTWinstances/inst_20_19_TW.txt InstancesTDTSP/tdtsp_bench_255_6h00_12h30_mirrored.txt
# ALGORITHM: TSP MEDIAN NOOVERLAP RESTART
# NUMBER OF VISITS: 20
# NUMBER OF TIME WINDOWS: 130
# TIME LIMIT: 3600
* 0.002 12970 -1
* 0.002 12547 -1
* 0.006 12048 -1
* 0.011 11997 -1
* 0.025 11853 -1
* 0.071 11831 -1
* 1.68 11707 -1
* 8.641 11635 -1
* 9.11 11588 -1
# SOLUTION FOUND
# OPTIMALITY PROVED
# BEST TSP SOLUTION: 11588
# NUMBER OF BRANCHES: 2411093
# END TIME: 49.401
## Solution with TDTSP times: 
20
147 0
153 307
142 838
140 1327
43 1610
242 1840
37 2348
54 2779
128 3379
210 3702
178 4554
212 5224
67 6060
223 8787
1 10172
201 11449
30 12286
23 12800
39 13236
231 13507
