# INSTANCE: InstancesTDTSP/NewTWinstances/inst_20_5_TW.txt InstancesTDTSP/tdtsp_bench_255_6h00_12h30_mirrored.txt
# ALGORITHM: TSP MEDIAN NOOVERLAP RESTART
# NUMBER OF VISITS: 20
# NUMBER OF TIME WINDOWS: 130
# TIME LIMIT: 3600
* 0.002 13167 -1
* 0.027 13103 -1
* 0.035 13019 -1
* 0.058 12924 -1
* 0.063 12907 -1
* 0.064 12810 -1
* 0.066 12774 -1
* 0.071 12700 -1
* 1.926 12684 -1
* 1.955 12622 -1
* 1.957 12578 -1
* 1.963 12552 -1
* 4.582 12542 14021
* 6.437 12515 14005
* 11.289 12415 -1
* 11.502 12396 -1
# SOLUTION FOUND
# OPTIMALITY PROVED
# BEST TSP SOLUTION: 12396
# NUMBER OF BRANCHES: 1209760
# END TIME: 21.768
## Solution with TDTSP times: 
20
82 0
40 597
88 1542
164 2794
144 3288
170 4065
213 4572
81 5004
27 5839
21 6302
215 6862
