# INSTANCE: InstancesTDTSP/NewTWinstances/inst_50_14_TW.txt InstancesTDTSP/tdtsp_bench_255_6h00_12h30_mirrored.txt
# ALGORITHM: TSP MEDIAN NOOVERLAP RESTART
# NUMBER OF VISITS: 50
# NUMBER OF TIME WINDOWS: 130
# TIME LIMIT: 300
* 0.004 47723 -1
* 0.005 40108 -1
* 0.006 32380 -1
* 0.009 31875 -1
* 0.012 31461 -1
* 0.051 30826 -1
* 0.061 30252 -1
* 0.066 29930 -1
* 0.082 29877 -1
* 0.083 29875 -1
* 0.092 29776 -1
* 0.115 29770 -1
* 0.118 29574 -1
* 1.242 29572 -1
* 1.245 29564 -1
* 1.255 29523 -1
* 1.255 29514 -1
* 1.256 29478 -1
* 1.258 29444 -1
* 1.261 29243 -1
* 1.262 29233 -1
* 1.264 29035 -1
* 1.267 28695 -1
* 1.538 28596 -1
* 1.539 28576 -1
* 1.546 28575 -1
* 1.556 28526 -1
* 1.578 28509 -1
* 1.579 28503 -1
* 1.615 28420 -1
* 1.625 28115 -1
* 1.628 28041 -1
* 1.634 28025 -1
* 1.637 28008 -1
* 1.961 27977 -1
* 1.965 27976 -1
* 1.969 27794 -1
* 1.974 27792 -1
* 1.986 27707 -1
* 2.022 27689 -1
* 2.381 27669 -1
* 2.389 27664 -1
* 2.429 27524 -1
* 2.432 27491 -1
* 2.901 27475 -1
* 2.913 27441 -1
* 2.948 27321 -1
* 2.977 27289 -1
* 2.989 27235 -1
* 2.997 27215 -1
* 3.13 27213 -1
* 3.134 27146 -1
* 3.141 27141 -1
* 3.145 27092 -1
* 3.231 26984 -1
* 3.412 26929 -1
* 3.415 26920 -1
* 3.562 26839 -1
* 115.52 26820 -1
# SOLUTION FOUND
# OPTIMALITY NOT PROVED
# BEST TSP SOLUTION: 26820
# NUMBER OF BRANCHES: 12496105
# END TIME: 300.002
## Solution with TDTSP times: 
50
140 0
49 410
43 767
127 1149
61 1542
47 1987
126 2331
187 2852
188 3449
153 3998
146 4393
152 4966
32 5558
53 6104
85 6535
81 6803
145 7563
143 8215
17 9652
247 10326
111 10822
106 11274
13 11812
112 12137
10 12416
224 30404
73 31531
