# INSTANCE: InstancesTDTSP/NewTWinstances/inst_100_3_TW.txt InstancesTDTSP/tdtsp_bench_255_6h00_12h30_mirrored.txt
# ALGORITHM: TSP MEDIAN NOOVERLAP RESTART
# NUMBER OF VISITS: 100
# NUMBER OF TIME WINDOWS: 130
# TIME LIMIT: 300
* 0.013 53592 -1
* 0.016 52501 -1
* 0.024 52352 -1
* 0.044 51767 -1
* 0.167 51749 -1
* 0.173 51742 -1
* 0.176 51650 -1
* 0.185 51627 -1
* 0.246 51426 -1
* 0.327 50876 -1
* 0.342 50772 -1
* 0.35 50765 -1
* 0.375 50566 -1
* 0.408 50462 -1
* 0.491 49668 -1
* 0.503 49666 -1
* 1.7 49005 -1
* 1.702 49004 -1
* 1.704 48597 -1
* 1.733 47838 -1
* 1.743 46292 -1
* 1.75 46260 -1
* 1.775 46018 -1
* 1.802 45990 -1
* 1.812 45533 -1
* 1.899 45509 -1
* 1.967 43982 -1
* 1.983 43975 -1
* 1.993 43938 -1
* 2.084 43804 -1
* 2.09 43695 -1
* 2.1 43676 -1
* 2.516 43635 -1
* 2.532 43415 -1
* 2.534 43016 -1
* 2.538 42939 -1
* 2.543 42832 -1
* 2.545 42731 -1
* 2.571 42628 -1
* 2.667 42575 -1
* 2.778 42557 -1
* 2.91 42555 -1
* 2.935 42407 -1
* 2.938 42349 -1
* 2.941 42309 -1
* 2.955 42286 -1
* 2.96 42277 -1
* 3.715 42263 -1
* 3.717 42195 -1
* 3.758 42177 -1
* 3.791 42169 -1
* 12.516 42151 -1
* 12.535 42069 -1
* 12.603 42064 -1
* 12.612 41954 -1
* 12.623 41928 -1
* 12.636 41852 -1
* 12.645 41676 -1
* 12.739 41664 -1
* 12.79 41598 -1
* 55.662 41587 -1
* 55.664 41581 -1
* 55.682 41577 -1
* 56.713 41570 -1
* 56.755 41548 -1
* 56.777 41518 -1
# SOLUTION FOUND
# OPTIMALITY NOT PROVED
# BEST TSP SOLUTION: 41518
# NUMBER OF BRANCHES: 11164487
# END TIME: 300.03
## Solution with TDTSP times: 
100
225 0
18 312
113 527
177 950
239 1325
6 1629
108 1855
250 2153
5 2612
112 2788
10 3155
114 3809
2 4134
111 4879
0 5340
109 23720
169 24723
173 25066
174 25231
208 25719
