This is pdfTeX, Version 3.1415926-2.5-1.40.14 (MiKTeX 2.9) (preloaded format=pdflatex 2013.10.30)  15 APR 2014 13:48
entering extended mode
**ecai2014.tex
(C:\MyOffice\OngoingWork\Conferences\ECAI-2014\ecai2014.tex
LaTeX2e <2011/06/27>
Babel <v3.8m> and hyphenation patterns for english, afrikaans, ancientgreek, arabic, armenian, assamese, basque, bengali
, bokmal, bulgarian, catalan, coptic, croatian, czech, danish, dutch, esperanto, estonian, farsi, finnish, french, galic
ian, german, german-x-2013-05-26, greek, gujarati, hindi, hungarian, icelandic, indonesian, interlingua, irish, italian,
 kannada, kurmanji, latin, latvian, lithuanian, malayalam, marathi, mongolian, mongolianlmc, monogreek, ngerman, ngerman
-x-2013-05-26, nynorsk, oriya, panjabi, pinyin, polish, portuguese, romanian, russian, sanskrit, serbian, slovak, sloven
ian, spanish, swedish, swissgerman, tamil, telugu, turkish, turkmen, ukenglish, ukrainian, uppersorbian, usenglishmax, w
elsh, loaded.
(C:\MyOffice\OngoingWork\Conferences\ECAI-2014\ecai2014.cls
Document Class: ecai2014 2002/03/06 v01 ECAI-2004 document class
\ftextheight=\dimen102
\ntextheight=\dimen103
\c@part=\count79
\c@section=\count80
\c@subsection=\count81
\c@subsubsection=\count82
\c@paragraph=\count83
\c@subparagraph=\count84
\c@figure=\count85
\c@table=\count86
\abovecaptionskip=\skip41
\belowcaptionskip=\skip42
\bibindent=\dimen104
\c@pageone=\count87
\c@theorem=\count88
\c@theoremlistno=\count89
) ("C:\Program Files (x86)\MiKTeX 2.9\tex\latex\psnfss\times.sty"
Package: times 2005/04/12 PSNFSS-v9.2a (SPQR) 
)
("C:\Program Files (x86)\MiKTeX 2.9\tex\latex\base\latexsym.sty"
Package: latexsym 1998/08/17 v2.2e Standard LaTeX package (lasy symbols)
\symlasy=\mathgroup4
LaTeX Font Info:    Overwriting symbol font `lasy' in version `bold'
(Font)                  U/lasy/m/n --> U/lasy/b/n on input line 47.
)
("C:\Program Files (x86)\MiKTeX 2.9\tex\latex\units\nicefrac.sty"
Package: nicefrac 1998/08/04 v0.9b Nice fractions
\L@UnitsRaiseDisplaystyle=\skip43
\L@UnitsRaiseTextstyle=\skip44
\L@UnitsRaiseScriptstyle=\skip45

("C:\Program Files (x86)\MiKTeX 2.9\tex\latex\base\ifthen.sty"
Package: ifthen 2001/05/26 v1.1c Standard LaTeX ifthen package (DPC)
))
("C:\Program Files (x86)\MiKTeX 2.9\tex\latex\psnfss\helvet.sty"
Package: helvet 2005/04/12 PSNFSS-v9.2a (WaS) 

("C:\Program Files (x86)\MiKTeX 2.9\tex\latex\graphics\keyval.sty"
Package: keyval 1999/03/16 v1.13 key=value parser (DPC)
\KV@toks@=\toks14
))
("C:\Program Files (x86)\MiKTeX 2.9\tex\latex\psnfss\courier.sty"
Package: courier 2005/04/12 PSNFSS-v9.2a (WaS) 
)
("C:\Program Files (x86)\MiKTeX 2.9\tex\latex\amsmath\amsmath.sty"
Package: amsmath 2013/01/14 v2.14 AMS math features
\@mathmargin=\skip46

For additional information on amsmath, use the `?' option.
("C:\Program Files (x86)\MiKTeX 2.9\tex\latex\amsmath\amstext.sty"
Package: amstext 2000/06/29 v2.01

("C:\Program Files (x86)\MiKTeX 2.9\tex\latex\amsmath\amsgen.sty"
File: amsgen.sty 1999/11/30 v2.0
\@emptytoks=\toks15
\ex@=\dimen105
))
("C:\Program Files (x86)\MiKTeX 2.9\tex\latex\amsmath\amsbsy.sty"
Package: amsbsy 1999/11/29 v1.2d
\pmbraise@=\dimen106
)
("C:\Program Files (x86)\MiKTeX 2.9\tex\latex\amsmath\amsopn.sty"
Package: amsopn 1999/12/14 v2.01 operator names
)
\inf@bad=\count90
LaTeX Info: Redefining \frac on input line 210.
\uproot@=\count91
\leftroot@=\count92
LaTeX Info: Redefining \overline on input line 306.
\classnum@=\count93
\DOTSCASE@=\count94
LaTeX Info: Redefining \ldots on input line 378.
LaTeX Info: Redefining \dots on input line 381.
LaTeX Info: Redefining \cdots on input line 466.
\Mathstrutbox@=\box26
\strutbox@=\box27
\big@size=\dimen107
LaTeX Font Info:    Redeclaring font encoding OML on input line 566.
LaTeX Font Info:    Redeclaring font encoding OMS on input line 567.
\macc@depth=\count95
\c@MaxMatrixCols=\count96
\dotsspace@=\muskip10
\c@parentequation=\count97
\dspbrk@lvl=\count98
\tag@help=\toks16
\row@=\count99
\column@=\count100
\maxfields@=\count101
\andhelp@=\toks17
\eqnshift@=\dimen108
\alignsep@=\dimen109
\tagshift@=\dimen110
\tagwidth@=\dimen111
\totwidth@=\dimen112
\lineht@=\dimen113
\@envbody=\toks18
\multlinegap=\skip47
\multlinetaggap=\skip48
\mathdisplay@stack=\toks19
LaTeX Info: Redefining \[ on input line 2665.
LaTeX Info: Redefining \] on input line 2666.
)
("C:\Program Files (x86)\MiKTeX 2.9\tex\latex\amsfonts\amssymb.sty"
Package: amssymb 2013/01/14 v3.01 AMS font symbols

("C:\Program Files (x86)\MiKTeX 2.9\tex\latex\amsfonts\amsfonts.sty"
Package: amsfonts 2013/01/14 v3.01 Basic AMSFonts support
\symAMSa=\mathgroup5
\symAMSb=\mathgroup6
LaTeX Font Info:    Overwriting math alphabet `\mathfrak' in version `bold'
(Font)                  U/euf/m/n --> U/euf/b/n on input line 106.
))
("C:\Program Files (x86)\MiKTeX 2.9\tex\latex\graphics\graphicx.sty"
Package: graphicx 1999/02/16 v1.0f Enhanced LaTeX Graphics (DPC,SPQR)

("C:\Program Files (x86)\MiKTeX 2.9\tex\latex\graphics\graphics.sty"
Package: graphics 2009/02/05 v1.0o Standard LaTeX Graphics (DPC,SPQR)

("C:\Program Files (x86)\MiKTeX 2.9\tex\latex\graphics\trig.sty"
Package: trig 1999/03/16 v1.09 sin cos tan (DPC)
)
("C:\Program Files (x86)\MiKTeX 2.9\tex\latex\00miktex\graphics.cfg"
File: graphics.cfg 2007/01/18 v1.5 graphics configuration of teTeX/TeXLive
)
Package graphics Info: Driver file: pdftex.def on input line 91.

("C:\Program Files (x86)\MiKTeX 2.9\tex\latex\pdftex-def\pdftex.def"
File: pdftex.def 2011/05/27 v0.06d Graphics/color for pdfTeX

("C:\Program Files (x86)\MiKTeX 2.9\tex\generic\oberdiek\infwarerr.sty"
Package: infwarerr 2010/04/08 v1.3 Providing info/warning/error messages (HO)
)
("C:\Program Files (x86)\MiKTeX 2.9\tex\generic\oberdiek\ltxcmds.sty"
Package: ltxcmds 2011/11/09 v1.22 LaTeX kernel commands for general use (HO)
)
\Gread@gobject=\count102
))
\Gin@req@height=\dimen114
\Gin@req@width=\dimen115
)
(C:\Users\IBM_ADMIN\AppData\Roaming\MiKTeX\2.9\tex\latex\algorithms\algorithm.sty
Package: algorithm 2009/08/24 v0.1 Document Style `algorithm' - floating environment

("C:\Program Files (x86)\MiKTeX 2.9\tex\latex\float\float.sty"
Package: float 2001/11/08 v1.3d Float enhancements (AL)
\c@float@type=\count103
\float@exts=\toks20
\float@box=\box28
\@float@everytoks=\toks21
\@floatcapt=\box29
)
\@float@every@algorithm=\toks22
\c@algorithm=\count104
)
(C:\Users\IBM_ADMIN\AppData\Roaming\MiKTeX\2.9\tex\latex\algorithmicx\algpseudocode.sty
Package: algpseudocode 

(C:\Users\IBM_ADMIN\AppData\Roaming\MiKTeX\2.9\tex\latex\algorithmicx\algorithmicx.sty
Package: algorithmicx 2005/04/27 v1.2 Algorithmicx

Document Style algorithmicx 1.2 - a greatly improved `algorithmic' style
\c@ALG@line=\count105
\c@ALG@rem=\count106
\c@ALG@nested=\count107
\ALG@tlm=\skip49
\ALG@thistlm=\skip50
\c@ALG@Lnr=\count108
\c@ALG@blocknr=\count109
\c@ALG@storecount=\count110
\c@ALG@tmpcounter=\count111
\ALG@tmplength=\skip51
)
Document Style - pseudocode environments for use with the `algorithmicx' style
) ("C:\Program Files (x86)\MiKTeX 2.9\tex\latex\graphics\color.sty"
Package: color 2005/11/14 v1.0j Standard LaTeX Color (DPC)

("C:\Program Files (x86)\MiKTeX 2.9\tex\latex\00miktex\color.cfg"
File: color.cfg 2007/01/18 v1.5 color configuration of teTeX/TeXLive
)
Package color Info: Driver file: pdftex.def on input line 130.
)
(C:\MyOffice\OngoingWork\Conferences\ECAI-2014\theomac.sty
Package: theomac 2006/07/29 v1.00beta1 Define macros from theorems.
)
\c@definition=\count112
\c@property=\count113
 (C:\MyOffice\OngoingWork\Conferences\ECAI-2014\ecai2014.aux)
LaTeX Font Info:    Checking defaults for OML/cmm/m/it on input line 36.
LaTeX Font Info:    ... okay on input line 36.
LaTeX Font Info:    Checking defaults for T1/cmr/m/n on input line 36.
LaTeX Font Info:    ... okay on input line 36.
LaTeX Font Info:    Checking defaults for OT1/cmr/m/n on input line 36.
LaTeX Font Info:    ... okay on input line 36.
LaTeX Font Info:    Checking defaults for OMS/cmsy/m/n on input line 36.
LaTeX Font Info:    ... okay on input line 36.
LaTeX Font Info:    Checking defaults for OMX/cmex/m/n on input line 36.
LaTeX Font Info:    ... okay on input line 36.
LaTeX Font Info:    Checking defaults for U/cmr/m/n on input line 36.
LaTeX Font Info:    ... okay on input line 36.
LaTeX Font Info:    Try loading font information for OT1+ptm on input line 36.
("C:\Program Files (x86)\MiKTeX 2.9\tex\latex\psnfss\ot1ptm.fd"
File: ot1ptm.fd 2001/06/04 font definitions for OT1/ptm.
)
("C:\Program Files (x86)\MiKTeX 2.9\tex\context\base\supp-pdf.mkii"
[Loading MPS to PDF converter (version 2006.09.02).]
\scratchcounter=\count114
\scratchdimen=\dimen116
\scratchbox=\box30
\nofMPsegments=\count115
\nofMParguments=\count116
\everyMPshowfont=\toks23
\MPscratchCnt=\count117
\MPscratchDim=\dimen117
\MPnumerator=\count118
\makeMPintoPDFobject=\count119
\everyMPtoPDFconversion=\toks24
)
LaTeX Font Info:    Font shape `OT1/ptm/bx/n' in size <20.74> not available
(Font)              Font shape `OT1/ptm/b/n' tried instead on input line 43.
LaTeX Font Info:    Font shape `OT1/ptm/bx/n' in size <10.95> not available
(Font)              Font shape `OT1/ptm/b/n' tried instead on input line 43.
LaTeX Font Info:    Try loading font information for U+lasy on input line 43.
 ("C:\Program Files (x86)\MiKTeX 2.9\tex\latex\base\ulasy.fd"
File: ulasy.fd 1998/08/17 v2.2e LaTeX symbol font definitions
)
LaTeX Font Info:    Try loading font information for U+msa on input line 43.

("C:\Program Files (x86)\MiKTeX 2.9\tex\latex\amsfonts\umsa.fd"
File: umsa.fd 2013/01/14 v3.01 AMS symbols A
)
LaTeX Font Info:    Try loading font information for U+msb on input line 43.

("C:\Program Files (x86)\MiKTeX 2.9\tex\latex\amsfonts\umsb.fd"
File: umsb.fd 2013/01/14 v3.01 AMS symbols B
)
LaTeX Font Info:    Font shape `OT1/ptm/bx/n' in size <9> not available
(Font)              Font shape `OT1/ptm/b/n' tried instead on input line 46.
LaTeX Font Info:    Try loading font information for OT1+pcr on input line 58.

("C:\Program Files (x86)\MiKTeX 2.9\tex\latex\psnfss\ot1pcr.fd"
File: ot1pcr.fd 2001/06/04 font definitions for OT1/pcr.
) [1{C:/Users/IBM_ADMIN/AppData/Local/MiKTeX/2.9/pdftex/config/pdftex.map}


] <notations.pdf, id=17, 455.7025pt x 313.17pt>
File: notations.pdf Graphic file (type pdf)
 <use notations.pdf>
Package pdftex.def Info: notations.pdf used on input line 104.
(pdftex.def)             Requested size: 170.71652pt x 117.32376pt.
LaTeX Font Info:    Font shape `OT1/ptm/bx/n' in size <8> not available
(Font)              Font shape `OT1/ptm/b/n' tried instead on input line 105.

<unique_subset_distance.pdf, id=19, 426.59375pt x 176.66pt>
File: unique_subset_distance.pdf Graphic file (type pdf)
 <use unique_subset_distance.pdf>
Package pdftex.def Info: unique_subset_distance.pdf used on input line 139.
(pdftex.def)             Requested size: 213.39566pt x 88.37291pt.

<random_subset_size.pdf, id=21, 355.3275pt x 170.6375pt>
File: random_subset_size.pdf Graphic file (type pdf)
 <use random_subset_size.pdf>
Package pdftex.def Info: random_subset_size.pdf used on input line 160.
(pdftex.def)             Requested size: 227.62204pt x 109.31177pt.

<random_subset_distance.pdf, id=23, 341.275pt x 162.6075pt>
File: random_subset_distance.pdf Graphic file (type pdf)
 <use random_subset_distance.pdf>
Package pdftex.def Info: random_subset_distance.pdf used on input line 169.
(pdftex.def)             Requested size: 213.39566pt x 101.67906pt.
 [2 <C:/MyOffice/OngoingWork/Conferences/ECAI-2014/notations.pdf, page is rotated 90 degrees> <C:/MyOffice/OngoingWork/C
onferences/ECAI-2014/unique_subset_distance.pdf, page is rotated 90 degrees>] <subsets.pdf, id=37, 455.7025pt x 313.17pt
>
File: subsets.pdf Graphic file (type pdf)
 <use subsets.pdf>
Package pdftex.def Info: subsets.pdf used on input line 220.
(pdftex.def)             Requested size: 170.71652pt x 117.32376pt.
 [3 <C:/MyOffice/OngoingWork/Conferences/ECAI-2014/random_subset_size.pdf, page is rotated 90 degrees> <C:/MyOffice/Ongo
ingWork/Conferences/ECAI-2014/random_subset_distance.pdf, page is rotated 90 degrees> <C:/MyOffice/OngoingWork/Conferenc
es/ECAI-2014/subsets.pdf, page is rotated 90 degrees>]
Underfull \hbox (badness 10000) in paragraph at lines 280--280
[]\OT1/ptm/m/it/9 In av-er-age, the di-chotomy al-go-rithm per-forms
 []

[4] <experiments_n2048.pdf, id=62, 370.38374pt x 198.7425pt>
File: experiments_n2048.pdf Graphic file (type pdf)
 <use experiments_n2048.pdf>
Package pdftex.def Info: experiments_n2048.pdf used on input line 371.
(pdftex.def)             Requested size: 241.84842pt x 129.77243pt.

<comparison_n2048_quickxplain.pdf, id=64, 370.38374pt x 176.66pt>
File: comparison_n2048_quickxplain.pdf Graphic file (type pdf)
 <use comparison_n2048_quickxplain.pdf>
Package pdftex.def Info: comparison_n2048_quickxplain.pdf used on input line 380.
(pdftex.def)             Requested size: 227.62204pt x 108.56842pt.

<experiments_m8.pdf, id=66, 299.1175pt x 213.79875pt>
File: experiments_m8.pdf Graphic file (type pdf)
 <use experiments_m8.pdf>
Package pdftex.def Info: experiments_m8.pdf used on input line 397.
(pdftex.def)             Requested size: 199.16928pt x 142.36032pt.
 [5 <C:/MyOffice/OngoingWork/Conferences/ECAI-2014/experiments_n2048.pdf, page is rotated 90 degrees> <C:/MyOffice/Ongoi
ngWork/Conferences/ECAI-2014/comparison_n2048_quickxplain.pdf, page is rotated 90 degrees>] <experiments_random_n2048.pd
f, id=81, 384.43625pt x 241.90375pt>
File: experiments_random_n2048.pdf Graphic file (type pdf)

<use experiments_random_n2048.pdf>
Package pdftex.def Info: experiments_random_n2048.pdf used on input line 408.
(pdftex.def)             Requested size: 241.84842pt x 152.18607pt.
 <comparison_random_n2048_quickxplain.pdf, id=83, 384.43625pt x 184.69pt>
File: comparison_random_n2048_quickxplain.pdf Graphic file (type pdf)

<use comparison_random_n2048_quickxplain.pdf>
Package pdftex.def Info: comparison_random_n2048_quickxplain.pdf used on input line 417.
(pdftex.def)             Requested size: 241.84842pt x 116.19185pt.
 (C:\MyOffice\OngoingWork\Conferences\ECAI-2014\ecai2014.bbl) [6 <C:/MyOffice/OngoingWork/Conferences/ECAI-2014/experime
nts_m8.pdf, page is rotated 90 degrees> <C:/MyOffice/OngoingWork/Conferences/ECAI-2014/experiments_random_n2048.pdf, pag
e is rotated 90 degrees> <C:/MyOffice/OngoingWork/Conferences/ECAI-2014/comparison_random_n2048_quickxplain.pdf, page is
 rotated 90 degrees>]
(C:\MyOffice\OngoingWork\Conferences\ECAI-2014\ecai2014.aux) ) 
Here is how much of TeX's memory you used:
 3024 strings out of 493921
 40869 string characters out of 3144863
 102039 words of memory out of 3000000
 6245 multiletter control sequences out of 15000+200000
 27679 words of font info for 70 fonts, out of 3000000 for 9000
 841 hyphenation exceptions out of 8191
 27i,18n,26p,1301b,286s stack positions out of 5000i,500n,10000p,200000b,50000s
{C:/Program Files (x86)/MiKTeX 2.9/fonts/enc/dvips/fontnam
e/8r.enc}<C:/Program Files (x86)/MiKTeX 2.9/fonts/type1/public/amsfonts/cmextra/cmex9.pfb><C:/Program Files (x86)/MiKTeX
 2.9/fonts/type1/public/amsfonts/cm/cmmi5.pfb><C:/Program Files (x86)/MiKTeX 2.9/fonts/type1/public/amsfonts/cm/cmmi6.pf
b><C:/Program Files (x86)/MiKTeX 2.9/fonts/type1/public/amsfonts/cm/cmmi8.pfb><C:/Program Files (x86)/MiKTeX 2.9/fonts/t
ype1/public/amsfonts/cm/cmmi9.pfb><C:/Program Files (x86)/MiKTeX 2.9/fonts/type1/public/amsfonts/cm/cmr6.pfb><C:/Program
 Files (x86)/MiKTeX 2.9/fonts/type1/public/amsfonts/cm/cmr8.pfb><C:/Program Files (x86)/MiKTeX 2.9/fonts/type1/public/am
sfonts/cm/cmr9.pfb><C:/Program Files (x86)/MiKTeX 2.9/fonts/type1/public/amsfonts/cm/cmsy6.pfb><C:/Program Files (x86)/M
iKTeX 2.9/fonts/type1/public/amsfonts/cm/cmsy8.pfb><C:/Program Files (x86)/MiKTeX 2.9/fonts/type1/public/amsfonts/cm/cms
y9.pfb><C:/Program Files (x86)/MiKTeX 2.9/fonts/type1/urw/courier/ucrr8a.pfb><C:/Program Files (x86)/MiKTeX 2.9/fonts/ty
pe1/urw/times/utmb8a.pfb><C:/Program Files (x86)/MiKTeX 2.9/fonts/type1/urw/times/utmr8a.pfb><C:/Program Files (x86)/MiK
TeX 2.9/fonts/type1/urw/times/utmri8a.pfb>
Output written on ecai2014.pdf (6 pages, 269005 bytes).
PDF statistics:
 147 PDF objects out of 1000 (max. 8388607)
 0 named destinations out of 1000 (max. 500000)
 111 words of extra memory for PDF output out of 10000 (max. 10000000)

