# EXTRACTION TIME: 0.078
* 0 1106
* 0 1044
* 0.015 1038
* 0.093 1030
* 1.826 1027
* 1.826 1026
* 1.826 1021
* 1.841 1020
* 1.841 1019
* 1.841 1018
* 2.044 1011
* 2.06 1010
* 2.231 1009
* 2.231 1003
* 2.231 1002
* 2.231 1000
* 2.512 999
* 2.512 998
* 4.135 996
* 4.166 994
* 4.571 984
# SOLUTION FOUND
# OPTIMALITY PROVED
# BEST SOLUTION: 984
# NUMBER OF BRANCHES: 9656757
# END TIME: 406.315
## Solution: 
20
0 0
18 369
12 412
14 451
11 480
20 497
3 513
17 529
6 548
2 598
15 643
5 669
16 711
13 748
7 766
1 786
19 825
8 842
10 858
9 889
4 909
# BEST TD SOLUTION: 984
