# EXTRACTION TIME: 0.062
* 0.016 1113
* 0.016 1077
* 0.016 1070
* 0.094 1062
* 0.406 1058
* 0.421 1052
* 0.421 1051
* 0.437 1049
* 0.437 1048
* 0.437 1041
* 0.468 1039
* 0.484 1033
* 0.484 1031
* 0.499 1030
* 0.499 1029
* 4.368 1028
* 19.094 1026
* 21.122 1024
* 21.122 1023
* 21.341 1022
* 26.208 1019
* 26.723 1016
* 32.62 1015
# SOLUTION FOUND
# OPTIMALITY PROVED
# BEST SOLUTION: 1015
# NUMBER OF BRANCHES: 10951313
# END TIME: 475.637
## Solution: 
20
0 0
18 393
12 439
14 480
11 501
20 519
3 536
17 553
6 573
2 626
15 671
5 697
13 740
7 759
16 779
1 820
8 844
19 862
10 897
9 930
4 952
# BEST TD SOLUTION: 1015
