# EXTRACTION TIME: 0.062
* 0 1027
* 0 971
* 0 965
* 0.078 964
* 0.094 958
* 1.123 956
* 3.697 954
* 3.869 953
* 3.9 951
* 4.009 950
* 4.056 949
* 4.103 946
* 4.103 945
* 4.103 927
* 4.118 926
* 4.118 919
* 4.118 918
* 4.118 916
* 4.664 909
* 4.727 908
* 5.429 898
* 5.491 897
* 5.507 896
# SOLUTION FOUND
# OPTIMALITY PROVED
# BEST SOLUTION: 896
# NUMBER OF BRANCHES: 9664985
# END TIME: 367.542
## Solution: 
20
0 0
18 295
12 329
14 361
3 384
20 404
11 425
17 446
6 469
2 517
5 541
15 594
1 626
7 645
13 662
16 696
8 716
19 732
10 762
9 790
4 809
# BEST TD SOLUTION: 896
