# EXTRACTION TIME: 0.062
* 0 1210
* 0 1140
* 0.078 1137
* 0.094 1132
* 0.094 1131
* 0.109 1127
* 0.109 1114
* 0.109 1112
* 0.312 1110
* 0.343 1107
* 0.343 1106
* 0.374 1102
* 1.295 1096
* 1.326 1091
* 1.591 1088
* 1.591 1085
* 1.716 1083
* 1.856 1077
* 54.506 1075
* 404.243 1074
* 1821.88 1073
# SOLUTION FOUND
# OPTIMALITY PROVED
# BEST SOLUTION: 1073
# NUMBER OF BRANCHES: 62866367
# END TIME: 2592.2
## Solution: 
20
0 0
6 270
18 304
11 325
20 371
17 411
14 449
15 515
3 536
8 562
9 596
7 632
19 646
5 668
10 732
13 788
16 842
4 873
2 910
1 946
12 961
# BEST TD SOLUTION: 1073
