# EXTRACTION TIME: 0.062
* 0 1037
* 0 1035
* 0.016 972
* 0.047 964
* 0.062 954
* 0.094 951
* 0.094 946
* 0.109 945
* 0.125 944
* 0.125 937
* 0.125 932
* 0.14 930
* 0.343 928
* 0.359 925
* 0.374 918
* 0.374 913
* 0.406 912
* 1.638 909
* 1.841 907
* 3.073 906
* 4.618 905
* 4.961 904
* 9.313 903
* 27.955 902
# SOLUTION FOUND
# OPTIMALITY PROVED
# BEST SOLUTION: 902
# NUMBER OF BRANCHES: 1407461
# END TIME: 65.301
## Solution: 
20
0 0
8 338
4 361
16 394
2 428
7 447
19 467
12 487
9 505
3 526
13 546
6 565
5 581
17 604
15 623
1 639
18 659
14 697
10 715
11 733
20 780
# BEST TD SOLUTION: 902
