# EXTRACTION TIME: 0.063
* 0 1286
* 0 1221
* 0.093 1209
* 0.093 1208
* 0.125 1205
* 0.171 1204
* 0.187 1191
* 0.203 1185
* 0.203 1184
* 0.203 1182
* 0.234 1181
* 0.468 1171
* 1.591 1169
* 1.622 1167
* 1.903 1166
* 1.919 1158
* 2.199 1157
* 2.293 1156
* 3.385 1155
* 109.184 1154
* 110.136 1153
# SOLUTION FOUND
# OPTIMALITY PROVED
# BEST SOLUTION: 1153
# NUMBER OF BRANCHES: 66721579
# END TIME: 3149.96
## Solution: 
20
0 0
6 270
16 326
13 392
11 427
18 448
3 481
15 502
8 550
9 593
14 640
17 679
20 721
19 775
7 789
5 824
10 906
4 951
2 999
1 1045
12 1060
# BEST TD SOLUTION: 1153
