# EXTRACTION TIME: 0.062
* 0 986
* 0.016 973
* 0.016 970
* 0.031 932
* 0.109 929
* 0.109 926
* 0.109 925
* 0.109 924
* 0.14 912
* 0.156 911
* 0.484 910
* 0.499 898
* 0.499 896
* 2.324 888
* 2.324 886
* 2.449 885
* 3.9 884
* 4.68 882
* 4.696 881
* 5.569 878
* 6.443 874
* 6.692 873
# SOLUTION FOUND
# OPTIMALITY PROVED
# BEST SOLUTION: 873
# NUMBER OF BRANCHES: 500851
# END TIME: 26.551
## Solution: 
20
0 0
20 291
10 311
18 328
9 372
6 402
4 430
14 481
16 520
19 542
15 561
7 594
17 608
13 618
2 641
11 660
8 688
1 710
12 733
5 758
3 780
# BEST TD SOLUTION: 873
