# EXTRACTION TIME: 0.062
* 0 1108
* 0 1008
* 0.047 994
* 0.468 979
* 3.198 978
* 3.214 975
* 3.214 974
* 3.214 969
* 3.323 960
* 3.323 955
* 3.338 953
* 3.354 948
* 3.604 945
* 3.604 941
* 3.604 940
* 3.619 937
* 3.619 932
* 4.352 931
* 4.774 923
* 4.774 920
* 7.223 919
# SOLUTION FOUND
# OPTIMALITY PROVED
# BEST SOLUTION: 919
# NUMBER OF BRANCHES: 351914
# END TIME: 17.659
## Solution: 
20
0 0
6 270
11 294
17 315
4 336
20 387
10 410
1 444
13 464
3 495
12 536
14 563
18 583
19 603
2 641
8 664
9 711
16 745
5 763
7 779
15 823
# BEST TD SOLUTION: 919
