# EXTRACTION TIME: 0.062
* 0 985
* 0 976
* 0.016 946
* 0.016 943
* 0.016 936
* 0.016 928
* 0.031 922
* 0.031 914
* 0.031 911
* 0.047 904
* 0.218 899
* 1.357 896
* 1.388 895
* 1.482 893
* 1.482 890
* 1.513 888
* 1.529 886
* 1.529 876
* 1.529 868
* 1.544 857
* 2.948 851
* 3.198 848
* 24.149 844
* 28.953 840
# SOLUTION FOUND
# OPTIMALITY PROVED
# BEST SOLUTION: 840
# NUMBER OF BRANCHES: 1075307
# END TIME: 43.024
## Solution: 
20
0 0
9 226
3 239
14 259
20 299
7 332
8 371
19 396
10 417
5 445
11 470
17 505
6 529
1 548
16 579
15 612
12 640
4 662
18 699
13 731
2 751
# BEST TD SOLUTION: 840
