# EXTRACTION TIME: 0.078
* 0 1455
* 0 1366
* 0 1351
* 0.109 1347
* 0.109 1340
* 0.14 1336
* 0.14 1328
* 0.171 1324
* 0.171 1321
* 0.171 1317
* 0.171 1307
* 0.187 1306
* 0.249 1300
* 0.249 1290
* 2.48 1288
* 5.148 1285
* 5.241 1284
* 6.895 1280
* 6.942 1274
* 7.02 1271
* 7.035 1268
# SOLUTION FOUND
# OPTIMALITY PROVED
# BEST SOLUTION: 1268
# NUMBER OF BRANCHES: 533803
# END TIME: 30.139
## Solution: 
20
0 0
4 440
13 544
16 605
19 642
5 695
10 756
20 787
11 814
15 852
14 890
9 924
3 983
7 1037
6 1064
1 1087
8 1134
17 1152
2 1166
12 1181
18 1212
# BEST TD SOLUTION: 1268
