# EXTRACTION TIME: 0.095
* 0.001 1053
* 0.003 1049
* 0.005 1048
* 0.011 1026
* 0.017 1024
* 0.072 1021
* 0.081 1019
* 0.294 1014
* 0.296 1013
* 0.315 1006
* 0.591 1004
* 0.603 990
* 0.628 989
* 0.644 986
* 0.658 983
* 0.687 978
* 0.703 977
* 3.049 976
* 4.215 960
* 4.228 957
* 4.431 954
* 4.449 952
* 4.605 945
* 6.58 944
* 6.585 943
* 6.74 938
* 7.241 937
# SOLUTION FOUND
# OPTIMALITY NOT PROVED
# BEST SOLUTION: 937
# NUMBER OF BRANCHES: 639479
# END TIME: 30.096
## Solution: 
25
0 0
16 251
3 311
7 334
8 358
2 383
4 406
1 429
24 454
12 475
25 495
17 517
19 545
22 568
10 597
18 636
13 667
6 683
23 699
5 722
14 740
11 758
9 778
20 798
15 815
21 848
# BEST TD SOLUTION: 937
