# EXTRACTION TIME: 0.103
* 0.001 1435
* 0.001 1422
* 0.007 1396
* 0.017 1382
* 0.021 1362
* 0.025 1356
* 0.037 1297
* 0.046 1296
* 0.097 1288
* 0.106 1277
* 0.109 1268
* 0.11 1266
* 0.113 1259
* 0.121 1257
* 0.179 1256
* 0.202 1241
* 0.203 1240
* 0.533 1229
* 0.547 1227
* 0.574 1215
* 0.616 1213
* 0.629 1212
* 0.636 1211
* 11.563 1208
* 11.753 1205
* 17.594 1203
* 17.891 1201
* 17.939 1196
* 17.955 1184
* 17.991 1181
* 18.018 1177
# SOLUTION FOUND
# OPTIMALITY NOT PROVED
# BEST SOLUTION: 1177
# NUMBER OF BRANCHES: 450848
# END TIME: 30.106
## Solution: 
25
0 0
22 132
20 315
17 380
9 398
1 413
18 445
23 482
16 507
5 528
21 580
14 615
25 635
3 660
12 703
6 791
4 833
2 860
10 894
19 954
8 973
15 994
24 1021
11 1054
7 1081
13 1091
# BEST TD SOLUTION: 1177
