# EXTRACTION TIME: 0.122
* 0.001 1346
* 0.007 1281
* 0.01 1259
* 0.092 1249
* 0.1 1247
* 0.106 1238
* 0.134 1215
* 0.146 1212
* 0.151 1209
* 0.18 1206
* 0.197 1204
* 0.208 1198
* 0.245 1194
* 0.251 1191
* 0.264 1184
* 0.268 1181
* 0.282 1179
* 0.285 1175
* 0.303 1168
* 0.327 1161
* 0.349 1156
* 0.356 1153
* 0.361 1146
* 0.367 1140
* 0.387 1139
* 0.399 1137
* 0.404 1136
# SOLUTION FOUND
# OPTIMALITY NOT PROVED
# BEST SOLUTION: 1136
# NUMBER OF BRANCHES: 597136
# END TIME: 30.124
## Solution: 
25
0 0
12 244
6 286
3 308
10 338
23 393
13 443
25 473
8 498
14 548
20 573
9 643
4 699
19 740
18 760
15 797
7 826
22 860
1 876
21 895
2 921
24 948
11 965
17 1012
16 1049
5 1061
# BEST TD SOLUTION: 1136
