# INSTANCE: InstancesTDTSP/NewTWinstances/inst_50_19_TW.txt InstancesTDTSP/tdtsp_bench_255_6h00_12h30_mirrored.txt
# ALGORITHM: TSP MEDIAN NOOVERLAP RESTART
# NUMBER OF VISITS: 50
# NUMBER OF TIME WINDOWS: 130
# TIME LIMIT: 300
* 0.004 47746 -1
* 0.005 47549 -1
* 0.006 31523 -1
* 0.008 29561 -1
* 0.012 29480 -1
* 0.016 29242 -1
* 0.027 29080 -1
* 0.029 28790 -1
* 0.031 28770 -1
* 0.031 28668 -1
* 0.033 28231 -1
* 0.036 28222 -1
* 0.036 28129 -1
* 0.045 28120 -1
* 0.068 28030 -1
* 0.081 28021 -1
* 0.083 28012 -1
* 0.101 27680 -1
* 0.107 27602 -1
* 0.112 27573 -1
* 0.124 27564 -1
* 0.125 27551 -1
* 0.126 27519 -1
* 0.166 27465 -1
* 0.172 27396 -1
* 0.175 27343 -1
* 2.613 26664 38182
* 2.618 26261 -1
* 2.621 26056 -1
* 2.648 25845 -1
* 2.784 25820 -1
* 2.898 25725 -1
* 2.91 25721 -1
* 2.98 25604 -1
* 3.26 25468 -1
* 3.271 25399 -1
* 3.304 25368 -1
* 3.345 25348 -1
* 3.36 25242 -1
* 3.675 25241 -1
* 3.752 25198 -1
# SOLUTION FOUND
# OPTIMALITY NOT PROVED
# BEST TSP SOLUTION: 25198
# NUMBER OF BRANCHES: 14193332
# END TIME: 300.002
## Solution with TDTSP times: 
50
155 0
187 223
157 485
54 915
40 1259
24 1661
31 2095
217 2551
216 2751
251 3260
119 3615
244 4319
20 5183
94 6130
91 7154
41 24208
87 24882
