# INSTANCE: InstancesTDTSP/NewTWinstances/inst_100_6_TW.txt InstancesTDTSP/tdtsp_bench_255_6h00_12h30_mirrored.txt
# ALGORITHM: TSP MEDIAN NOOVERLAP RESTART
# NUMBER OF VISITS: 100
# NUMBER OF TIME WINDOWS: 130
# TIME LIMIT: 300
* 0.012 40202 -1
* 0.027 40105 -1
* 0.104 40093 -1
* 0.51 40082 -1
* 0.537 40028 -1
* 0.539 40016 -1
* 0.54 39907 -1
* 0.548 39870 -1
* 0.579 39851 -1
* 0.584 39835 -1
* 0.603 39741 -1
* 0.625 39672 -1
* 0.627 39637 -1
* 0.726 39476 -1
* 0.775 39417 -1
* 0.776 39378 -1
* 0.779 39287 -1
* 0.848 39252 -1
* 0.884 39216 -1
* 0.891 39150 -1
* 0.903 39122 -1
* 0.952 39112 -1
* 1.098 39102 -1
* 1.255 39027 -1
* 1.309 38989 -1
* 1.33 38958 -1
* 1.346 38956 -1
* 9.848 38900 -1
* 9.85 38897 -1
* 9.886 38895 -1
* 9.931 38858 -1
* 10.153 38793 -1
* 10.257 38773 -1
* 119.167 38723 -1
# SOLUTION FOUND
# OPTIMALITY NOT PROVED
# BEST TSP SOLUTION: 38723
# NUMBER OF BRANCHES: 7671065
# END TIME: 300.016
## Solution with TDTSP times: 
100
79 0
81 270
80 468
210 796
84 1184
70 1525
72 1793
204 2108
205 2293
82 2642
221 3151
74 3850
214 4082
208 4416
83 4751
53 5423
157 5693
63 6200
86 6769
40 7109
47 7374
122 7631
126 7956
191 8289
189 8688
146 9144
