# INSTANCE: InstancesTDTSP/NewTWinstances/inst_50_3_TW.txt InstancesTDTSP/tdtsp_bench_255_6h00_12h30_mirrored.txt
# ALGORITHM: TSP MEDIAN NOOVERLAP RESTART
# NUMBER OF VISITS: 50
# NUMBER OF TIME WINDOWS: 130
# TIME LIMIT: 300
* 0.005 50112 -1
* 0.006 49701 -1
* 0.007 49441 -1
* 0.011 48926 -1
* 0.015 48684 -1
* 0.02 48621 -1
* 0.03 48597 -1
* 0.032 48448 -1
* 0.049 48063 -1
* 0.063 47366 -1
* 0.088 27736 -1
* 0.089 27734 -1
* 0.093 27710 -1
* 0.095 27194 -1
* 0.098 27150 -1
* 0.102 26870 -1
* 0.116 26858 27961
* 0.117 26816 -1
* 0.128 26590 -1
* 0.13 26526 -1
* 0.131 26257 -1
* 0.132 26216 -1
* 0.141 25961 -1
* 0.149 25839 -1
* 0.16 25817 -1
* 0.177 25792 -1
* 0.178 25701 -1
* 0.179 25668 -1
* 0.18 24730 -1
* 0.189 24523 -1
* 0.191 24458 -1
* 0.208 24378 -1
* 6.432 24361 -1
* 6.466 24239 -1
# SOLUTION FOUND
# OPTIMALITY NOT PROVED
# BEST TSP SOLUTION: 24239
# NUMBER OF BRANCHES: 7729968
# END TIME: 300.004
## Solution with TDTSP times: 
50
13 0
16 367
107 712
137 1152
138 1503
139 1944
68 2661
241 3128
202 3673
82 3976
210 4369
79 4546
211 5127
73 5475
183 6379
225 6907
194 7535
180 8470
11 8938
176 9237
181 9623
189 10150
154 10544
31 11374
65 11638
46 12000
231 12280
127 12636
56 13086
36 23196
135 23661
125 24057
