# INSTANCE: InstancesTDTSP/NewTWinstances/inst_100_9_TW.txt InstancesTDTSP/tdtsp_bench_255_6h00_12h30_20p_ti_mirrored.txt
# ALGORITHM: TSP MEDIAN NOOVERLAP RESTART
# NUMBER OF VISITS: 100
# NUMBER OF TIME WINDOWS: 130
# TIME LIMIT: 300
* 0.01 53442 -1
* 0.037 53420 -1
* 0.105 53369 -1
* 0.115 53234 -1
* 0.128 53212 -1
* 0.13 52615 -1
* 0.156 52270 -1
* 0.164 51919 -1
* 0.202 51895 -1
* 0.375 51553 -1
* 0.486 51516 -1
* 0.56 51230 -1
* 0.562 50940 -1
* 0.583 50654 -1
* 0.592 49970 -1
* 0.67 49596 -1
* 0.821 49165 -1
* 2.377 49155 -1
* 2.382 49140 -1
* 2.387 48827 -1
* 2.42 48453 -1
* 2.444 48240 -1
* 2.45 47447 -1
* 2.492 44775 -1
* 2.5 44773 -1
* 2.506 44416 -1
* 2.535 44260 -1
* 2.557 44200 -1
* 2.562 44057 -1
* 2.565 44006 -1
* 2.578 43780 -1
* 2.581 43606 -1
* 2.593 43541 -1
* 2.602 43330 -1
* 2.638 43266 -1
* 2.643 43220 -1
* 2.646 42903 -1
* 2.652 42793 -1
* 2.657 42640 -1
* 2.661 42583 -1
* 2.679 42307 -1
* 2.681 42253 -1
* 2.685 42161 -1
* 2.688 42151 -1
* 2.733 42112 -1
* 2.755 42094 -1
* 2.819 42044 -1
* 2.829 41953 -1
* 2.864 41924 -1
* 2.869 41921 -1
* 2.924 41777 -1
* 2.96 41756 -1
* 2.962 41633 -1
* 2.969 41351 -1
* 2.976 41247 -1
* 2.98 41211 -1
* 2.995 41144 -1
* 3.083 41087 -1
* 3.105 40879 -1
* 3.107 40751 -1
* 3.14 40731 -1
* 3.18 40672 -1
* 3.267 40630 -1
* 3.394 40567 -1
* 3.428 40494 -1
* 4.003 40377 -1
* 4.03 40353 -1
* 4.034 40347 -1
* 4.037 40313 -1
* 4.05 40305 -1
* 4.063 40294 -1
* 4.102 40265 -1
* 4.19 40264 -1
* 4.371 40242 -1
* 11.177 40191 -1
* 11.279 40161 -1
* 11.735 40155 -1
* 11.822 40062 -1
* 12.249 40027 -1
* 12.399 40012 -1
* 12.577 39996 -1
* 12.948 39970 -1
* 12.953 39852 -1
* 13.089 39837 -1
* 13.188 39671 -1
* 13.719 39576 -1
* 13.929 39567 -1
* 19.249 39533 -1
* 19.405 39518 -1
* 20.038 39487 -1
* 20.12 39447 -1
* 20.215 39387 -1
* 24.648 39334 -1
* 89.117 39329 -1
# SOLUTION FOUND
# OPTIMALITY NOT PROVED
# BEST TSP SOLUTION: 39329
# NUMBER OF BRANCHES: 7984256
# END TIME: 300.028
## Solution with TDTSP times: 
100
243 0
49 160
38 349
122 481
47 752
126 991
46 1173
37 1331
140 1649
167 2116
142 2518
164 2920
165 3226
144 3809
154 4118
155 4539
189 4836
166 5156
147 5604
162 6125
160 6539
151 6928
43 7508
230 8022
61 8513
56 9094
36 24365
64 24783
125 24969
232 25133
55 29153
135 29274
