# INSTANCE: InstancesTDTSP/NewTWinstances/inst_50_2_TW.txt InstancesTDTSP/tdtsp_bench_255_6h00_12h30_mirrored.txt
# ALGORITHM: TDNOOVERLAP RESTART
# NUMBER OF VISITS: 50
# NUMBER OF TIME WINDOWS: 130
# TIME LIMIT: 300
# EXTRACTION TIME: 17.907
* 0.01 50850 -1

* 0.018 50826
* 0.025 50529
* 0.029 50473
* 0.136 50354
* 0.174 49977
* 0.185 48389
* 0.196 48278
* 0.25 47694
* 18.551 47485
* 18.56 32098
* 18.591 31279
* 18.597 28646
* 18.627 28271
* 18.706 28157
* 18.753 28119
* 18.827 27979
* 18.856 27942
* 18.865 27924
* 18.871 27869
* 18.888 27728
* 18.925 27512
* 19.038 27416
* 19.391 27303
* 19.397 27285
* 19.492 27237
* 19.507 27226
* 19.516 27145
* 19.967 27101
* 20.826 26961
* 20.836 26952
* 20.863 26900
* 20.873 26725
* 21.117 26682
* 21.145 26650
* 21.16 26457
* 21.536 26311
* 21.685 26268
* 21.703 26162
* 21.734 26111
* 24.533 25905
* 25.497 25895
* 25.506 25878
* 25.552 25598
* 28.217 25567
* 28.293 25563
* 31.109 25524
* 31.17 25427
* 32.784 25417
* 32.86 25321
* 38.934 25302
* 39.298 25199
* 39.307 25136
* 39.406 25134
* 41.338 25122
* 41.571 25039
* 41.607 24997
* 42.917 24930
* 118.935 24848
* 124.57 24846
# SOLUTION FOUND
# OPTIMALITY NOT PROVED
# BEST SOLUTION: 24846
# NUMBER OF BRANCHES: 1008516
# END TIME: 317.919
## Solution: 
50
213 0
71 201
84 560
70 941
85 1347
81 1575
75 1911
208 2333
158 2736
166 3117
191 3617
127 4237
140 4579
39 5066
45 5502
31 6109
217 6570
216 6839
30 7001
119 7279
21 7773
236 8071
73 8888
82 9304
67 9804
169 10276
184 10886
180 11349
193 11470
173 12032
143 12701
109 13874
113 14620
14 14964
7 15376
226 16221
241 16630
22 17240
200 17627
197 18336
238 19217
104 19812
96 20300
98 20833
199 21313
103 21869
62 22381
55 22692
36 23420
248 23748
# BEST TD SOLUTION: 24846
