# INSTANCE: InstancesTDTSP/NewTWinstances/inst_20_15_TW.txt InstancesTDTSP/tdtsp_bench_255_6h00_12h30_mirrored.txt
# ALGORITHM: TSP MEDIAN NOOVERLAP RESTART
# NUMBER OF VISITS: 20
# NUMBER OF TIME WINDOWS: 130
# TIME LIMIT: 3600
* 0.001 22306 22296
* 0.001 21056 21052
* 0.001 16538 17943
* 0.004 14938 -1
* 0.007 14872 -1
* 0.034 14797 16171
* 0.035 14757 15959
* 0.035 14642 -1
* 0.036 14414 22296
* 0.067 14281 -1
* 0.067 14248 -1
* 0.074 13936 -1
* 0.076 13800 -1
* 0.079 13765 -1
* 0.08 13763 -1
* 0.504 13622 16071
* 0.515 13410 15739
* 0.518 13288 15739
# SOLUTION FOUND
# OPTIMALITY PROVED
# BEST TSP SOLUTION: 13288
# NUMBER OF BRANCHES: 69327
# END TIME: 1.377
## Solution with TDTSP times: 
20
234 0
200 1169
119 1540
37 2230
156 2898
160 3339
143 4390
247 6159
14 7135
224 8409
222 9445
226 9772
211 10570
206 10956
85 11172
185 12853
176 13314
145 13926
124 14824
62 15391
# BEST TD SOLUTION: 15739
