# INSTANCE: InstancesTDTSP/NewTWinstances/inst_20_10_TW.txt InstancesTDTSP/tdtsp_bench_255_6h00_12h30_20p_ti_mirrored.txt
# ALGORITHM: TSP MEDIAN NOOVERLAP RESTART
# NUMBER OF VISITS: 20
# NUMBER OF TIME WINDOWS: 130
# TIME LIMIT: 3600
* 0.002 14512 -1
* 0.006 12619 -1
* 0.025 12508 -1
* 0.114 12341 -1
* 0.258 12137 -1
* 0.261 12073 -1
* 0.264 12048 -1
* 0.265 12034 -1
* 0.417 12033 -1
* 0.435 11980 -1
* 0.436 11834 -1
# SOLUTION FOUND
# OPTIMALITY PROVED
# BEST TSP SOLUTION: 11834
# NUMBER OF BRANCHES: 25978
# END TIME: 0.437
## Solution with TDTSP times: 
20
60 0
135 488
48 795
228 1172
50 1635
100 2241
134 3305
105 3539
55 4462
123 5256
231 5800
142 6523
153 7303
182 8423
4 13168
216 15666
23 15995
89 16557
