# INSTANCE: InstancesTDTSP/inst_30_15.txt InstancesTDTSP/tdtsp_bench_255_6h00_12h30_10p_ti_mirrored.txt
# ALGORITHM: TSP MEDIAN NOOVERLAP RESTART
# NUMBER OF VISITS: 30
# NUMBER OF TIME WINDOWS: 130
# TIME LIMIT: 3600
* 0 24550 27014
* 0 16835 18814
* 0.01 16696 18532
* 0.08 16650 18457
* 0.09 16464 18277
* 0.09 16350 18093
* 0.09 16205 18007
* 0.11 16203 18082
* 0.17 16160 18061
* 0.19 16135 18390
* 0.21 16032 18390
* 0.22 15951 18392
* 0.23 15925 18230
* 0.26 15724 18359
* 0.28 15715 18360
* 0.29 15686 18277
* 0.29 15634 18128
* 0.3 15632 18174
* 1.82 15605 18125
* 1.82 15603 18169
# SOLUTION FOUND
# OPTIMALITY NOT PROVED
# BEST TSP SOLUTION: 15603
# NUMBER OF BRANCHES: 124141319
# END TIME: 3600
## Solution with TDTSP times: 
30
85 0
168 251
11 857
186 1207
185 1688
114 2903
8 3246
10 3817
109 5304
35 8323
51 8566
101 9814
104 10423
234 10790
23 11647
123 11947
49 12336
140 12534
38 12804
191 13263
154 13701
149 14063
22 14722
217 14918
254 15203
116 15455
200 15954
249 16718
129 17546
70 18010
# BEST TD SOLUTION: 18169
