# INSTANCE: InstancesTDTSP/inst_100_8.txt InstancesTDTSP/tdtsp_bench_255_6h00_12h30_10p_ti_mirrored.txt
# ALGORITHM: TSP MEDIAN NOOVERLAP RESTART
# NUMBER OF VISITS: 100
# NUMBER OF TIME WINDOWS: 130
# TIME LIMIT: 7200
* 0.01 78907 82222
* 0.01 43520 46226
* 0.03 43442 46379
* 0.24 43393 46099
* 0.26 43344 46217
* 0.26 43277 46154
* 0.32 43212 45833
* 0.33 43199 45833
* 0.33 43090 45833
* 0.34 43013 45752
* 0.36 42967 45752
* 0.37 42947 45927
* 0.41 42926 45833
* 0.43 42888 45857
* 0.46 42786 45645
* 0.47 42753 45645
* 0.54 42664 45598
* 0.54 42620 45618
* 0.54 42597 45645
* 0.54 42579 45429
* 0.55 42472 45217
* 0.55 42455 45309
* 0.56 42422 45353
* 0.61 42343 45141
* 0.62 42137 44659
* 0.69 42124 44659
* 0.7 42097 44622
* 0.71 42055 44622
* 0.77 41989 44486
* 0.87 41971 44435
* 0.92 41862 44379
* 1 41847 44379
* 1.06 41792 44329
* 1.22 41742 44329
* 1.31 41679 44068
* 1.35 41621 44068
* 1.5 41606 44068
* 12.18 41557 44068
* 12.38 41502 44068
* 12.56 41487 44068
* 12.85 41439 43985
* 12.96 41435 43819
* 13.11 41346 43779
* 13.92 41318 43170
* 13.93 41309 43061
* 13.95 41280 42868
* 14.11 41238 42868
* 14.15 41235 42857
* 14.63 41160 42802
* 14.82 41150 42796
* 14.9 41085 42470
* 15.08 41048 42450
* 15.13 40959 42028
* 15.19 40926 42244
* 15.25 40900 42234
* 15.61 40891 42269
* 15.62 40890 42095
* 15.82 40874 42090
* 16.24 40851 42076
* 16.33 40819 42063
* 16.75 40799 41608
* 16.94 40789 41476
* 16.95 40664 41097
* 17.18 40661 41150
* 17.26 40648 41424
* 17.31 40549 41399
* 17.4 40410 41399
* 17.66 40310 41289
* 17.82 40299 41304
* 18.17 40257 41301
* 18.27 40256 41260
* 18.71 40229 41459
* 19.7 40064 41289
* 19.96 40061 41289
* 20.19 40019 40915
* 20.26 39994 41155
* 20.29 39954 41155
* 20.33 39927 41130
* 21.29 39914 40961
* 22.33 39814 40716
* 22.76 39797 40689
* 23.68 39767 40690
* 30.02 39747 40804
* 30.63 39734 40685
* 30.72 39679 40685
* 31.01 39670 40685
* 37.66 39651 40629
* 37.91 39594 40493
* 39.9 39578 40382
* 39.93 39478 40326
* 47.15 39466 40272
* 48.44 39451 40709
* 50.87 39362 40486
* 55.38 39357 40379
* 56.5 39310 40252
* 56.82 39209 39963
* 57.19 39161 39988
* 58.39 39152 40013
* 58.78 39122 39751
* 59.24 39119 39751
* 59.26 39075 39751
* 59.32 39048 39734
* 60.47 38959 39680
* 60.64 38924 39543
* 60.66 38850 39382
* 66.55 38833 39201
# SOLUTION FOUND
# OPTIMALITY NOT PROVED
# BEST TSP SOLUTION: 38833
# NUMBER OF BRANCHES: 74496024
# END TIME: 7200.01
## Solution with TDTSP times: 
100
235 0
211 233
204 593
78 955
82 1207
69 1380
128 1647
83 2156
75 2378
80 2619
77 3002
213 3189
168 3404
183 3745
208 4374
32 4967
46 5576
122 5848
47 6057
42 6428
123 6948
19 7441
135 8050
57 8266
48 8625
60 9020
61 9563
242 9726
140 10086
167 10558
156 10875
159 11321
36 11923
125 12352
248 12715
232 12980
33 13390
228 13724
35 14009
50 14454
227 14732
41 14974
199 15420
98 15982
104 16336
88 16731
234 17168
87 17688
105 17946
89 18358
238 18860
117 19592
102 20042
218 20679
220 21045
215 21400
25 21687
237 21939
201 22417
198 22942
249 23391
207 23999
132 24463
222 24970
68 25143
66 25518
223 26429
139 27742
8 28311
9 28420
115 28755
110 28964
112 29268
14 29482
2 29606
111 30091
3 30512
179 30907
180 31218
184 31596
182 31974
11 32187
181 32418
186 32622
143 33351
190 33648
145 34171
192 34509
153 34755
146 34973
188 35346
141 35570
150 35931
144 36388
147 36768
154 36998
158 37356
40 37782
34 38284
54 38489
# BEST TD SOLUTION: 39201
