# INSTANCE: InstancesTDTSP/inst_30_18.txt InstancesTDTSP/tdtsp_bench_255_6h00_12h30_mirrored.txt
# ALGORITHM: TSP MEDIAN NOOVERLAP RESTART
# NUMBER OF VISITS: 30
# NUMBER OF TIME WINDOWS: 130
# TIME LIMIT: 3600
* 0.01 17685 18868
* 0.01 17448 18574
* 0.04 17302 18512
* 0.06 17132 18356
* 0.11 17100 18357
* 0.25 17092 18310
* 0.57 16963 18272
* 0.74 16831 18136
* 0.97 16812 18107
* 0.99 16760 17956
* 1.02 16633 17806
* 1.54 16580 17788
* 1.83 16430 17742
* 1.88 16309 17668
* 1.88 16238 17588
* 1.88 16172 17577
* 1.91 16068 17669
# SOLUTION FOUND
# OPTIMALITY NOT PROVED
# BEST TSP SOLUTION: 16068
# NUMBER OF BRANCHES: 132382593
# END TIME: 3600
## Solution with TDTSP times: 
30
229 0
140 273
163 748
156 1319
56 1825
227 2721
96 3999
135 5368
76 6713
211 6887
205 7186
82 7462
128 7782
79 8225
71 8574
173 9251
195 9604
182 9848
239 10898
17 11552
2 12338
6 12556
115 13086
112 13562
207 14519
249 15436
246 16095
31 16683
52 17052
127 17410
# BEST TD SOLUTION: 17669
