# INSTANCE: InstancesTDTSP/inst_100_13.txt InstancesTDTSP/tdtsp_bench_255_6h00_12h30_mirrored.txt
# ALGORITHM: TDNOOVERLAP RESTART
# NUMBER OF VISITS: 100
# NUMBER OF TIME WINDOWS: 130
# TIME LIMIT: 7200
# EXTRACTION TIME: 233.63
* 0.05 44432
* 0.22 44325
* 16.37 44290
* 16.45 44209
* 17.01 44089
* 17.35 44083
* 17.38 44074
* 17.71 44072
* 17.74 43569
* 17.88 43520
* 17.92 43366
* 18.16 43324
* 18.36 43292
* 18.67 43291
* 18.81 42853
* 18.99 42781
* 19.71 42091
* 20.24 42079
* 21.18 42074
* 21.47 42051
* 110.57 42020
* 110.76 42016
* 111.48 41990
* 122.05 41988
* 129.32 41974
* 129.96 41947
* 134.97 41885
* 135.04 41840
* 151.41 41806
* 202.14 41789
* 207.16 41736
* 207.59 41726
* 239.26 41724
* 239.41 41652
* 239.62 41634
* 239.66 41597
* 239.91 41592
* 240.22 41564
* 240.82 41554
* 244.76 41530
* 251.74 41529
* 266.92 41305
* 270.72 41156
* 299.06 41088
* 299.29 40927
* 304.23 40923
* 307.69 40918
* 309.39 40889
* 310.38 40837
* 310.86 40740
* 312.05 40681
* 312.38 40671
* 315.37 40625
* 315.39 40607
* 337.15 40604
* 341.43 40603
* 346.52 40584
* 408.48 40569
* 408.61 40523
* 409.96 40521
* 410.16 40519
* 446.37 40479
* 448.26 40439
* 448.85 40246
* 470.02 40219
* 470.82 40206
* 496.29 40201
* 703.09 40173
* 799.53 40120
* 800.94 40119
* 884.64 40007
* 885.36 39990
* 921.01 39983
* 930.29 39889
* 1014.47 39887
* 1022.98 39878
* 1089.81 39873
* 1096.17 39869
* 1097.08 39728
* 1134.72 39720
* 1186.12 39682
* 1196.51 39674
* 1269.9 39592
* 1273.11 39588
* 1275.36 39541
* 1278.92 39525
* 1279.55 39514
* 1283.88 39500
* 1304.6 39484
* 1307.04 39480
* 2912.31 39477
* 2912.92 39471
* 2932.75 39439
# SOLUTION FOUND
# OPTIMALITY NOT PROVED
# BEST SOLUTION: 39439
# NUMBER OF BRANCHES: 9888158
# END TIME: 7433.65
## Solution: 
100
27 0
215 458
119 833
254 1201
116 1523
31 1867
24 2211
40 2621
47 2964
126 3238
46 3450
37 3691
229 4138
242 4512
42 5165
123 5678
19 6081
92 6485
99 6755
55 7163
57 7509
48 7777
59 8455
238 9291
87 9951
133 10423
96 11264
98 11922
41 12476
35 12962
33 13268
125 13736
248 14099
159 14677
164 15195
165 15353
142 15663
163 16006
188 16192
160 16415
162 16654
153 16768
161 16988
192 17275
147 17675
154 17872
53 18451
81 18891
79 18990
74 19317
213 19655
170 19936
83 20225
130 20610
85 21024
70 21410
76 21782
235 22041
72 22432
206 22701
205 23088
202 23276
241 23490
68 23815
224 24792
115 25512
110 25778
16 25950
12 26327
107 26588
4 26790
138 27368
17 27946
0 28447
247 28673
106 29392
13 29828
7 29927
113 30229
194 30680
175 31447
169 31764
184 32323
11 32848
212 33171
149 33651
187 33774
191 34067
152 34403
251 35258
218 35430
102 36166
117 36690
20 37058
200 37477
25 37799
244 38229
237 38439
236 38625
22 39079
# BEST TD SOLUTION: 39439
