# INSTANCE: InstancesTDTSP/inst_30_14.txt InstancesTDTSP/tdtsp_bench_255_6h00_12h30_10p_ti_mirrored.txt
# ALGORITHM: TSP MEDIAN NOOVERLAP RESTART
# NUMBER OF VISITS: 30
# NUMBER OF TIME WINDOWS: 130
# TIME LIMIT: 3600
* 0 21713 24351
* 0.01 17597 19190
* 0.01 17524 19275
* 0.08 17522 19281
* 0.09 17431 19187
* 0.09 17271 19308
* 0.11 17197 19332
* 0.11 16925 19155
* 0.13 16881 18920
* 0.14 16838 18944
* 0.15 16783 18685
* 0.16 16772 18686
* 0.22 16703 18690
* 0.23 16670 18916
* 0.86 16655 18961
* 1.18 16640 18959
* 19.39 16616 18961
# SOLUTION FOUND
# OPTIMALITY NOT PROVED
# BEST TSP SOLUTION: 16616
# NUMBER OF BRANCHES: 133258381
# END TIME: 3600
## Solution with TDTSP times: 
30
62 0
48 420
60 722
142 1310
160 1513
32 2060
166 2216
157 2689
80 3045
130 3404
206 4068
70 4411
207 5638
240 6995
5 8163
239 8887
109 9856
174 11246
145 11806
46 12404
120 12956
220 13330
25 13750
198 14330
249 14569
197 15303
196 15667
90 16632
96 17437
228 18445
# BEST TD SOLUTION: 18961
