# INSTANCE: InstancesTDTSP/inst_50_13.txt InstancesTDTSP/tdtsp_bench_255_6h00_12h30_mirrored.txt
# ALGORITHM: TSP MEDIAN NOOVERLAP RESTART
# NUMBER OF VISITS: 50
# NUMBER OF TIME WINDOWS: 130
# TIME LIMIT: 7200
* 0 26648 27761
* 0.01 25986 26981
* 0.02 25625 26564
* 0.03 25624 26590
* 0.05 25606 26549
* 0.07 25593 26513
* 0.11 25468 26362
* 0.13 25372 26303
* 0.13 25297 26283
* 0.13 25243 26227
* 0.14 24912 26078
* 0.14 24779 25984
* 0.14 24752 25933
* 0.14 24694 25841
* 0.15 24616 25714
* 0.18 24170 25215
* 0.19 24129 25161
* 0.22 24020 25145
* 0.25 24010 25269
* 0.26 23974 25251
* 0.54 23841 24892
* 0.56 23833 24969
* 0.56 23715 24842
* 0.6 22867 24016
* 0.61 22847 23938
* 0.63 22778 23935
* 0.63 22770 23906
* 0.64 22749 23864
* 0.74 22663 23692
* 0.75 22616 23678
* 2.56 22601 23629
* 2.57 22582 23672
* 2.59 22543 23639
* 2.68 22526 23577
* 3.09 22502 23617
* 3.13 22490 23548
* 3.24 22488 23575
* 3.28 22370 23413
* 3.28 22240 23285
* 3.33 22220 23209
* 3.79 22127 23078
# SOLUTION FOUND
# OPTIMALITY NOT PROVED
# BEST TSP SOLUTION: 22127
# NUMBER OF BRANCHES: 176275226
# END TIME: 7200.01
## Solution with TDTSP times: 
50
193 0
71 737
81 936
79 1062
157 1430
166 1628
161 2062
144 2609
191 3065
43 3454
61 3907
230 3995
243 4170
52 4852
219 5402
124 5905
36 6438
228 7142
35 7670
103 8282
99 9211
97 9626
87 9990
134 10444
104 10931
96 11420
89 12241
102 12883
93 13084
119 13619
30 13977
118 14242
218 14450
254 15014
116 15094
44 15300
27 15728
72 16293
78 16434
76 16843
211 17080
235 17425
68 17856
222 18188
226 18603
223 19635
9 20613
2 20947
247 21727
3 22476
# BEST TD SOLUTION: 23078
