# INSTANCE: InstancesTDTSP/inst_100_7.txt InstancesTDTSP/tdtsp_bench_255_6h00_12h30_10p_ti_mirrored.txt
# ALGORITHM: TSP MEDIAN NOOVERLAP RESTART
# NUMBER OF VISITS: 100
# NUMBER OF TIME WINDOWS: 130
# TIME LIMIT: 7200
* 0 77936 79826
* 0 43216 46052
* 0.01 42652 45392
* 0.01 42577 45368
* 0.03 42394 44560
* 0.04 42194 43447
* 0.22 42053 43613
* 0.23 42011 43412
* 0.24 41935 43442
* 0.26 41884 43596
* 0.27 41764 43185
* 0.33 41685 43176
* 0.34 41648 42715
* 0.35 41622 43205
* 0.38 41562 43288
* 0.4 41538 42673
* 0.44 41402 42652
* 0.47 41354 42544
* 0.48 41344 42691
* 0.49 41336 42282
* 0.5 41305 42350
* 0.63 41291 42147
* 0.75 41258 41827
* 0.76 41160 42268
* 0.88 41099 41645
* 0.91 41023 41571
* 1.02 40967 41552
* 2.15 40918 41596
* 2.17 40831 41536
* 2.19 40819 41351
* 2.22 40773 41659
* 2.25 40742 41684
* 2.26 40732 41936
* 2.33 40721 41970
* 10.17 40682 41764
* 10.89 40673 41624
* 11.07 40641 41863
* 11.36 40633 41713
* 11.45 40545 41087
* 11.84 40535 41277
* 11.91 40489 41091
* 12.06 40427 40928
* 12.21 40409 40940
* 12.98 40377 41115
* 13.21 40373 41112
* 13.85 40370 41187
* 13.89 40338 41134
* 15.46 40273 40918
* 15.85 40233 40662
* 21.98 40215 40653
* 25.49 40200 40560
* 25.49 40167 40533
* 25.5 40131 40575
* 27.31 40095 40589
* 27.63 40073 40537
* 29.61 40062 40349
* 29.63 40049 40561
* 30.12 40046 40520
* 30.2 40039 40589
* 31.09 39876 40255
* 34.23 39811 40164
* 37.52 39719 39971
* 40.8 39711 39960
* 40.8 39683 40103
* 40.96 39674 39968
* 63.51 39606 39896
* 172.68 39592 39932
* 174.26 39583 39864
* 177.61 39556 39864
* 213.09 39515 39864
# SOLUTION FOUND
# OPTIMALITY NOT PROVED
# BEST TSP SOLUTION: 39515
# NUMBER OF BRANCHES: 87685991
# END TIME: 7200.02
## Solution with TDTSP times: 
100
246 0
21 228
233 587
245 973
200 1132
26 1410
217 1777
254 2130
24 2519
63 2821
54 3163
149 3519
155 3796
187 4159
166 4525
32 4739
148 4953
37 5471
167 5787
152 6182
142 6675
156 7258
164 7715
144 8246
161 8605
154 9061
130 9566
131 10009
81 10462
84 10876
78 11268
72 11680
204 11886
73 12212
211 12604
235 13009
222 13416
68 13743
66 14062
209 14491
202 14677
82 14806
27 15290
22 15627
118 16023
30 16390
216 16577
220 16943
252 17230
93 17899
238 18184
23 18611
124 18904
60 19213
248 19432
228 19815
50 20423
51 20701
88 21335
234 21742
39 22627
242 22768
49 23041
122 23387
121 23731
65 23885
34 24283
85 24537
210 24728
168 25069
176 25616
180 25988
184 26390
185 26872
173 27152
186 27373
212 27643
175 27988
18 28531
177 28920
3 29360
112 29810
7 30140
12 30406
8 30621
115 30830
106 31274
6 31609
1 31946
136 32323
17 33072
15 33466
111 33654
109 34003
96 35372
91 36111
117 37311
198 38156
249 38681
201 39503
# BEST TD SOLUTION: 39864
