# INSTANCE: InstancesTDTSP/inst_100_11.txt InstancesTDTSP/tdtsp_bench_255_6h00_12h30_10p_ti_mirrored.txt
# ALGORITHM: TDNOOVERLAP RESTART
# NUMBER OF VISITS: 100
# NUMBER OF TIME WINDOWS: 130
# TIME LIMIT: 7200
# EXTRACTION TIME: 246.38
* 0.04 46426
* 0.21 46096
* 0.25 45897
* 1.18 45852
* 1.22 45813
* 1.28 45811
* 2.01 45623
* 2.69 45615
* 3.55 45417
* 3.9 45407
* 4.02 45237
* 4.19 45117
* 121.44 44910
* 121.48 44621
* 124.51 44528
* 143.09 44500
* 143.45 44491
* 143.57 44439
* 143.77 44436
* 143.96 44363
* 144.2 44229
* 144.55 44023
* 144.75 44005
* 146.11 44002
* 149.64 43845
* 151.61 43832
* 152.29 43660
* 157.55 43617
* 162.6 43554
* 163.68 43531
* 163.72 43514
* 165.7 43504
* 167.84 43478
* 168.3 43423
* 173.85 43388
* 174.8 43361
* 189.19 43321
* 192.37 43264
* 196.07 43243
* 197.1 43190
* 197.67 43097
* 210.15 43058
* 213.15 43057
* 216.87 42927
* 220.67 42869
* 237.77 42849
* 250.61 42847
* 252 42801
* 259.08 42736
* 260.54 42731
* 260.68 42730
* 263.34 42728
* 267.53 42670
* 270.78 42542
* 270.81 42514
* 274.29 42475
* 277.43 42054
* 277.9 42042
* 278.46 41952
* 289.48 41938
* 293.02 41913
* 293.07 41906
* 295.39 41821
* 324.43 41773
* 328.86 41740
* 329.83 41695
* 343.94 41688
* 344 41641
* 364.78 41629
* 387.67 41628
* 393.3 41622
* 403.82 41558
* 425.21 41400
* 425.37 41397
* 427.25 41373
* 428.54 41362
* 435.49 41355
* 436.59 41350
* 462.09 41348
* 471.85 41322
* 473.54 41307
* 493.78 41306
* 564.2 41247
* 571.98 41227
* 582.4 41206
* 584.52 41110
* 588.55 41109
* 608.01 41018
* 614.22 41001
* 3565.92 40968
* 7126.07 40967
* 7126.83 40962
* 7127.06 40937
# SOLUTION FOUND
# OPTIMALITY NOT PROVED
# BEST SOLUTION: 40937
# NUMBER OF BRANCHES: 11839916
# END TIME: 7446.39
## Solution: 
100
63 0
53 251
158 516
187 839
155 1219
189 1527
147 1782
32 2028
126 2424
46 2653
231 3057
58 3520
56 3993
60 4458
125 4770
248 5166
228 5830
51 6409
227 6734
41 6982
100 7837
98 8331
104 8673
88 9283
59 9824
62 10180
55 10454
135 10754
92 11086
219 11664
23 11837
19 12253
252 12840
251 13212
28 13554
217 13724
31 13925
116 14057
120 14373
215 14737
118 15132
26 15558
233 15916
237 16149
201 16548
203 17230
76 17636
72 17917
205 18105
202 18253
18 19002
3 19267
247 19786
0 20147
111 20470
239 20895
14 21196
2 21342
4 21652
1 21856
137 22355
9 23024
10 23440
5 23651
179 24403
193 24826
176 25165
178 25252
171 25411
182 25636
173 25968
195 26303
153 26971
167 27586
188 27814
141 28142
165 28397
190 29231
212 29863
208 30281
131 30567
75 30796
81 31004
84 31216
222 31798
223 32637
240 33351
68 33659
207 34132
198 34869
196 35158
20 35820
102 36361
94 36939
89 37394
91 37929
105 38546
97 38891
123 39833
44 40457
# BEST TD SOLUTION: 40937
