# INSTANCE: InstancesTDTSP/inst_100_7_TW.txt InstancesTDTSP/tdtsp_bench_255_6h00_12h30_20p_ti_mirrored.txt
# ALGORITHM: TDNOOVERLAP RESTART
# NUMBER OF VISITS: 100
# NUMBER OF TIME WINDOWS: 130
# TIME LIMIT: 7200
# EXTRACTION TIME: 274.98
* 0.23 50618
* 0.26 50543
* 0.49 50507
* 0.58 50498
* 0.91 50472
* 1.4 50233
* 2.33 50209
* 2.44 50126
* 2.53 49859
* 2.69 49854
* 2.72 49773
* 14.49 49382
* 14.52 49141
* 15.09 49071
* 15.15 49026
* 15.26 48715
* 15.3 48573
* 15.86 48563
* 16.62 48551
* 17.06 48488
* 125 48475
* 278.16 48373
* 278.23 48327
* 421.96 48323
* 476.22 48212
* 476.29 47711
* 476.47 47572
* 476.5 47468
* 477.09 47459
* 477.39 47442
* 477.69 47440
* 477.92 47409
* 478.25 47391
* 478.39 47255
* 478.54 47250
* 479.19 47237
* 479.61 47232
* 479.69 47185
* 479.73 47109
* 558.63 47014
* 559.51 46900
* 560.26 46760
* 560.48 46576
* 560.51 46538
* 580.61 46428
* 756.5 46358
* 756.71 46294
* 1115.63 46256
* 1152.27 46087
* 1208.85 46075
* 1209.05 46006
* 1225.36 45843
* 1238.08 45739
* 1271.45 45707
* 1373.83 45698
* 1401.96 45260
* 1415.48 44844
* 1685.76 44840
* 1685.79 44729
* 2510.18 44727
* 2510.19 44672
* 2511.25 44662
* 2511.56 44342
* 2511.59 44274
* 2511.61 44231
* 2511.76 44165
* 2511.78 44154
* 2512.3 44146
* 2512.35 44136
* 2512.37 44129
* 2512.47 44044
* 2512.58 44039
* 2531.06 44035
* 2531.72 43973
* 2536.14 43933
* 2545.96 43918
* 2546.12 43886
# SOLUTION FOUND
# OPTIMALITY NOT PROVED
# BEST SOLUTION: 43886
# NUMBER OF BRANCHES: 31647503
# END TIME: 7474.98
## Solution: 
100
246 0
21 225
233 569
245 945
118 1190
216 1567
30 1900
252 2147
220 2648
22 3398
200 4177
26 4456
217 5077
254 5471
23 6151
124 6557
60 6965
248 7284
228 7898
51 8497
50 9171
88 10107
234 10603
122 11614
121 12043
65 12243
167 12692
37 13147
49 13344
39 13702
242 13834
32 14291
166 14397
187 14509
149 14823
155 14996
148 15373
54 15837
63 16008
24 16306
34 16622
85 16858
210 17049
81 17362
131 17705
130 18075
84 18453
78 18741
204 19085
73 19365
211 19689
209 20048
202 20232
82 20358
72 20609
235 20887
27 21368
222 22033
68 22315
66 22626
168 23173
176 23691
180 24074
177 24581
18 25223
3 25571
7 25942
112 26187
12 26515
6 26598
8 27007
115 27209
106 27620
1 27934
136 28316
17 29013
111 29315
15 29458
109 29805
185 30625
184 30871
173 31399
186 31607
175 31983
212 32494
161 32825
154 33160
144 33535
164 33806
142 34206
156 34637
152 34993
91 36199
96 36827
117 38421
198 39357
249 39922
201 40777
93 42036
238 42408
# BEST TD SOLUTION: 43886
