# INSTANCE: InstancesTDTSP/inst_100_1.txt InstancesTDTSP/tdtsp_bench_255_6h00_12h30_mirrored.txt
# ALGORITHM: TDNOOVERLAP RESTART
# NUMBER OF VISITS: 100
# NUMBER OF TIME WINDOWS: 130
# TIME LIMIT: 7200
# EXTRACTION TIME: 224.95
* 0.04 45694
* 0.11 44343
* 0.14 44049
* 0.22 43315
* 0.25 42943
* 0.34 42936
* 0.54 42880
* 1.37 42842
* 1.5 42751
* 1.63 42748
* 1.71 42526
* 1.75 42505
* 1.98 42248
* 14.03 42235
* 14.9 42150
* 15.02 42129
* 15.06 42112
* 16.07 41999
* 16.15 41771
* 16.94 41738
* 17.3 41727
* 17.75 41529
* 18.07 41464
* 119.87 41448
* 137.13 41409
* 157.29 41323
* 157.39 41322
* 157.49 41311
* 158.01 41301
* 158.06 41278
* 160.54 41260
* 160.76 41206
* 162.4 41190
* 162.47 41185
* 166.87 41025
* 169.14 41018
* 179.36 40995
* 185.07 40992
* 192.77 40880
* 192.84 40793
* 193.3 40776
* 197.5 40715
* 198.21 40662
* 198.25 40620
* 224.13 40605
* 233.93 40523
* 249.43 40515
* 270.77 40482
* 286.27 40475
* 312.37 40338
* 320.29 40318
* 320.68 40078
* 329.11 39972
* 345.44 39928
* 349.42 39905
* 349.79 39903
* 379.31 39890
* 386.93 39864
* 429.06 39842
* 445.1 39840
* 456.93 39828
* 496.95 39825
* 536.18 39824
* 536.52 39636
* 542.33 39595
* 555.75 39505
* 564.73 39485
* 640.96 39481
* 648.43 39368
* 648.82 39364
* 648.99 39362
* 649.41 39335
* 649.63 39283
* 650.23 39249
# SOLUTION FOUND
# OPTIMALITY NOT PROVED
# BEST SOLUTION: 39249
# NUMBER OF BRANCHES: 10574883
# END TIME: 7424.96
## Solution: 
100
231 0
230 266
140 543
167 953
159 1470
141 1814
163 2058
164 2463
165 2701
162 3327
151 3810
32 4283
158 4694
126 5371
121 5712
46 5906
43 6377
45 6956
123 7141
19 7383
219 7736
23 7974
124 8356
60 8685
36 9002
64 9252
62 9630
55 10015
135 10260
92 10603
99 10893
88 11522
103 11906
227 12263
35 12606
134 13451
105 13573
102 14223
253 14880
252 15288
119 15671
118 16096
215 16447
26 16902
233 17283
25 17462
21 17837
237 17905
236 18201
201 18620
207 19407
203 20095
73 20534
204 20819
78 21101
72 21385
210 21810
74 22056
214 22351
77 22517
213 22648
168 22786
208 22981
83 23196
75 23510
81 23754
84 24046
183 24609
169 25113
178 25381
180 25719
193 25982
172 26194
171 26545
185 27009
195 27454
173 27795
186 28087
212 28465
181 28761
113 29548
194 29816
0 30601
111 30956
14 31504
12 31796
6 31943
4 32094
1 32356
136 32944
115 33673
16 33910
10 34279
223 35504
132 36758
22 37324
27 37777
254 38338
52 38622
58 39048
# BEST TD SOLUTION: 39249
