# INSTANCE: InstancesTDTSP/inst_50_2.txt InstancesTDTSP/tdtsp_bench_255_6h00_12h30_mirrored.txt
# ALGORITHM: TSP MEDIAN NOOVERLAP RESTART
# NUMBER OF VISITS: 50
# NUMBER OF TIME WINDOWS: 130
# TIME LIMIT: 7200
* 0 24131 25213
* 0.01 23847 24907
* 0.06 23792 24818
* 0.16 23782 24804
* 0.37 23514 24663
* 1.21 23429 24679
* 1.25 23281 24485
* 1.25 23266 24487
* 1.26 23107 24379
* 1.28 22994 24316
* 1.28 22949 24316
* 1.32 22915 24211
* 1.34 22894 24199
* 1.61 22893 24166
* 1.61 22884 24166
* 1.65 22787 24031
* 1.66 22757 24054
* 1.75 22721 23989
* 9.32 22631 24089
* 10.74 22628 24099
# SOLUTION FOUND
# OPTIMALITY NOT PROVED
# BEST TSP SOLUTION: 22628
# NUMBER OF BRANCHES: 204020063
# END TIME: 7200
## Solution with TDTSP times: 
50
213 0
71 201
81 573
75 908
158 1356
166 1691
191 2117
127 2670
140 2970
39 3430
45 3883
119 4534
21 5076
236 5385
22 5850
217 6215
216 6486
30 6649
200 7132
197 8006
238 9086
104 9789
96 10340
98 10978
199 11518
103 12103
248 12810
36 13026
62 13406
55 13733
31 14596
85 15202
84 15341
70 15705
82 16088
73 16446
241 16857
226 17425
67 17853
113 18327
7 18673
14 19068
109 19982
184 20946
180 21367
193 21453
169 21860
173 22346
143 23013
208 23779
# BEST TD SOLUTION: 24099
