# INSTANCE: InstancesTDTSP/inst_10_20.txt InstancesTDTSP/tdtsp_bench_255_6h00_12h30_10p_ti_mirrored.txt
# ALGORITHM: CPP_NEXT
# NUMBER OF VISITS: 10
# NUMBER OF TIME WINDOWS: 130
# TIME LIMIT: 7200
* 0.047 9073
* 0.749 8881
* 0.749 8839
* 0.749 8766
* 0.765 8617
* 0.765 8608
* 4.774 8481
* 4.774 8462
* 12.558 8453
* 12.558 8343
* 12.59 8147
* 12.605 8137
# SOLUTION FOUND
# OPTIMALITY PROVED
# BEST SOLUTION: 8137
# NUMBER OF BRANCHES: 139108
# END TIME: 13.947
## Solution: 
10
7 0
94 1476
248 2490
144 3927
192 4347
154 4717
208 5192
53 5727
203 6610
241 7176
# BEST TD SOLUTION: 8137
