# INSTANCE: InstancesTDTSP/inst_50_10.txt InstancesTDTSP/tdtsp_bench_255_6h00_12h30_mirrored.txt
# ALGORITHM: TSP MEDIAN NOOVERLAP RESTART
# NUMBER OF VISITS: 50
# NUMBER OF TIME WINDOWS: 130
# TIME LIMIT: 7200
* 0 43596 46800
* 0.01 23489 24655
* 0.02 23227 24351
* 0.08 23170 24350
* 0.34 23055 24164
* 0.35 23032 24169
* 0.36 23029 24085
* 0.36 22898 23925
* 0.37 22875 23900
* 0.38 22849 23890
* 0.38 22600 23675
* 0.4 22553 23686
* 0.44 22436 23576
* 2.18 22373 23577
* 2.18 22355 23664
* 2.52 22311 23747
* 2.56 22217 23555
* 2.65 22141 23543
* 2.66 22048 23398
* 2.68 22007 23307
* 2.78 21990 23291
* 2.8 21980 23314
* 3.59 21974 23332
* 4133.81 21950 23187
* 4134.53 21943 23191
* 4141.58 21892 22960
* 4141.87 21890 22987
* 4141.91 21799 22979
* 4141.94 21770 22936
* 4142.37 21573 22745
* 4142.53 21544 22731
* 4142.54 21487 22652
* 4142.55 21430 22567
* 4151.36 21364 22414
* 4151.54 21255 22295
# SOLUTION FOUND
# OPTIMALITY NOT PROVED
# BEST TSP SOLUTION: 21255
# NUMBER OF BRANCHES: 170295225
# END TIME: 7200
## Solution with TDTSP times: 
50
93 0
197 862
198 1444
236 1971
237 2090
22 2522
216 3028
31 3412
65 3892
81 4594
210 4906
84 5210
221 5611
213 6150
168 6279
171 6970
11 7371
176 7739
225 8515
113 9127
177 9435
0 10252
106 10765
6 10994
1 11298
7 11836
110 12105
5 12256
241 13017
132 13151
209 13481
202 13758
78 14069
34 14485
54 14733
191 15143
37 15532
152 15975
58 16484
230 16635
19 17255
57 17730
48 17823
248 18349
228 18752
35 19236
62 19897
88 20378
91 21187
105 21546
# BEST TD SOLUTION: 22295
