# INSTANCE: InstancesTDTSP/inst_30_17.txt InstancesTDTSP/tdtsp_bench_255_6h00_12h30_10p_ti_mirrored.txt
# ALGORITHM: TSP MEDIAN NOOVERLAP RESTART
# NUMBER OF VISITS: 30
# NUMBER OF TIME WINDOWS: 130
# TIME LIMIT: 3600
* 0.01 26384 28929
* 0.01 17231 19456
* 0.01 17048 19039
* 0.02 17003 19090
* 0.03 16959 18959
* 0.04 16786 19020
* 0.08 16725 18957
* 0.08 16666 18991
* 0.09 16633 19089
* 0.09 16474 19026
* 0.09 16247 18797
* 0.09 16120 18417
* 0.1 15778 17962
* 0.1 15672 17863
* 0.64 15446 17788
* 0.64 15373 17731
* 0.8 15144 17345
* 0.95 15130 17260
* 0.96 15108 17187
# SOLUTION FOUND
# OPTIMALITY NOT PROVED
# BEST TSP SOLUTION: 15108
# NUMBER OF BRANCHES: 129911551
# END TIME: 3600
## Solution with TDTSP times: 
30
27 0
86 398
47 660
45 1161
219 1509
90 2037
55 2664
35 3824
51 4117
159 5426
150 6296
153 6785
189 7354
85 8227
80 8451
170 8781
11 9472
175 9980
225 10410
194 11002
239 11472
17 12004
136 12734
7 13498
221 14235
209 14655
207 15222
198 15882
246 16345
233 16681
# BEST TD SOLUTION: 17187
