# INSTANCE: InstancesTDTSP/inst_10_8.txt InstancesTDTSP/tdtsp_bench_255_6h00_12h30_20p_ti_mirrored.txt
# ALGORITHM: CPP_NEXT
# NUMBER OF VISITS: 10
# NUMBER OF TIME WINDOWS: 130
# TIME LIMIT: 7200
* 0.047 8999
* 0.062 8843
* 0.078 8449
* 0.577 8296
* 12.833 8283
* 12.989 8254
* 13.036 8123
* 13.036 8110
* 13.036 8008
* 13.036 8000
* 13.052 7972
* 13.052 7850
* 13.067 7713
* 13.067 7691
* 13.067 7492
# SOLUTION FOUND
# OPTIMALITY PROVED
# BEST SOLUTION: 7492
# NUMBER OF BRANCHES: 171112
# END TIME: 16.53
## Solution: 
10
93 0
196 716
53 1823
151 2289
45 3089
19 3472
125 4507
232 4978
135 5970
57 6346
# BEST TD SOLUTION: 7492
