# INSTANCE: InstancesTDTSP/inst_50_7.txt InstancesTDTSP/tdtsp_bench_255_6h00_12h30_mirrored.txt
# ALGORITHM: TSP MEDIAN NOOVERLAP RESTART
# NUMBER OF VISITS: 50
# NUMBER OF TIME WINDOWS: 130
# TIME LIMIT: 7200
* 0.01 23899 25164
* 0.02 23798 25022
* 0.14 23629 24892
* 0.14 23605 24798
* 0.16 23568 24745
* 0.18 23266 24441
* 0.2 23169 24351
* 0.43 23158 24365
* 0.44 23135 24369
* 0.44 23124 24364
* 0.44 23107 24317
* 0.44 23100 24317
* 0.53 22871 24132
* 0.57 22778 24068
* 2.04 22765 24036
* 3.32 22694 23882
* 3.41 22677 23842
* 3.62 22662 23850
* 3.93 22583 23841
* 14.38 22570 23683
* 18.57 22565 23746
* 18.69 22510 23681
* 19.15 22419 23599
* 19.34 22406 23590
* 615.96 22397 23536
* 616.25 22383 23533
* 616.42 22334 23490
* 616.5 22325 23464
# SOLUTION FOUND
# OPTIMALITY NOT PROVED
# BEST TSP SOLUTION: 22325
# NUMBER OF BRANCHES: 169384774
# END TIME: 7200
## Solution with TDTSP times: 
50
121 0
46 189
229 521
42 860
119 1317
30 1639
26 2027
245 2280
237 2646
215 3226
216 3685
120 4134
48 5129
124 5523
36 6067
64 6389
232 6660
35 7385
87 8326
102 9384
249 10359
207 11238
209 12051
66 12358
139 13214
9 13783
110 14109
113 14613
13 14942
2 15304
17 15784
0 16185
247 16506
11 17745
145 18458
153 18720
146 18889
160 19196
152 19538
38 19806
54 20284
128 20665
210 21022
84 21158
67 21654
71 22015
77 22296
83 22630
149 22926
158 22995
# BEST TD SOLUTION: 23464
