# INSTANCE: InstancesTDTSP/inst_30_18.txt InstancesTDTSP/tdtsp_bench_255_6h00_12h30_20p_ti_mirrored.txt
# ALGORITHM: TSP MEDIAN NOOVERLAP RESTART
# NUMBER OF VISITS: 30
# NUMBER OF TIME WINDOWS: 130
# TIME LIMIT: 3600
* 0 21380 24314
* 0.01 16328 18861
* 0.01 15892 18430
* 0.02 15883 18440
* 0.08 15806 18279
* 0.09 15804 18455
* 0.1 15671 18213
* 0.1 15664 18147
* 0.16 15430 17772
* 0.17 15388 17383
* 0.55 15353 17443
* 0.56 15336 17671
* 0.56 15329 17598
* 0.65 15323 17589
* 0.66 15243 17457
* 0.76 15237 17460
* 0.85 15212 17590
* 0.86 15155 17632
* 0.86 15097 17517
* 1.02 15090 17517
* 1.07 14989 17540
* 1.08 14938 17507
* 1.16 14910 17463
# SOLUTION FOUND
# OPTIMALITY NOT PROVED
# BEST TSP SOLUTION: 14910
# NUMBER OF BRANCHES: 121642632
# END TIME: 3600
## Solution with TDTSP times: 
30
229 0
79 466
76 841
211 1012
205 1260
82 1516
128 1787
71 2339
173 3117
195 3539
182 3895
17 5938
239 6752
2 7394
6 7637
115 8317
112 8898
207 10268
249 11413
246 11967
31 12466
52 12875
140 13312
163 13752
156 14220
56 14674
227 15308
96 16023
135 16807
127 17255
# BEST TD SOLUTION: 17463
