# INSTANCE: InstancesTDTSP/inst_20_17.txt InstancesTDTSP/tdtsp_bench_255_6h00_12h30_10p_ti_mirrored.txt
# ALGORITHM: TSP MEDIAN NOOVERLAP RESTART
# NUMBER OF VISITS: 20
# NUMBER OF TIME WINDOWS: 130
# TIME LIMIT: 3600
* 0 15518 18484
* 0 11587 14242
* 0 11512 14229
* 0.06 11487 14187
* 0.07 11483 14114
* 0.07 11298 14028
* 0.08 11275 13984
* 1.82 11262 13790
* 1.87 11137 13636
* 1.87 11038 13451
* 1.87 10950 13409
* 6.62 10885 13836
* 6.7 10786 13939
* 6.7 10768 13847
# SOLUTION FOUND
# OPTIMALITY PROVED
# BEST TSP SOLUTION: 10768
# NUMBER OF BRANCHES: 1802983
# END TIME: 37.58
## Solution with TDTSP times: 
20
173 0
195 378
178 710
14 1607
12 1724
137 2347
109 3477
51 6643
227 6934
104 8142
234 8731
251 9877
118 10271
25 10521
44 11301
73 12128
129 12503
214 12811
213 13067
168 13175
# BEST TD SOLUTION: 13847
