# INSTANCE: InstancesTDTSP/inst_100_15.txt InstancesTDTSP/tdtsp_bench_255_6h00_12h30_10p_ti_mirrored.txt
# ALGORITHM: TSP MEDIAN NOOVERLAP RESTART
# NUMBER OF VISITS: 100
# NUMBER OF TIME WINDOWS: 130
# TIME LIMIT: 7200
* 0.01 82361 84784
* 0.02 42885 45549
* 0.02 42865 45523
* 0.05 42628 45291
* 0.07 42555 45088
* 0.08 42522 45088
* 0.12 42447 45039
* 0.17 42365 44673
* 0.22 42335 44655
* 0.23 42324 44686
* 0.24 42302 44637
* 0.25 42221 45009
* 0.26 42205 45009
* 0.27 42122 44948
* 0.28 42101 44944
* 0.3 42076 44571
* 0.35 41969 44477
* 0.42 41949 44306
* 0.42 41882 44245
* 0.45 41743 43750
* 0.52 41675 43602
* 0.57 41650 43592
* 0.58 41645 43886
* 0.59 41598 43596
* 0.59 41543 43259
* 0.67 41220 42968
* 0.69 41158 42775
* 0.75 41098 42739
* 0.75 41053 42662
* 0.77 40994 42662
* 0.82 40846 42339
* 0.84 40823 42034
* 0.95 40815 42041
* 1.01 40801 42051
* 1.09 40769 42130
* 1.12 40766 42121
* 1.14 40634 41930
* 1.16 40546 41625
* 1.31 40509 41518
* 1.4 40486 41757
* 1.42 40467 41895
* 1.46 40440 41496
* 2.65 40438 41424
* 2.92 40411 41424
* 3.02 40389 41666
* 3.07 40351 41257
* 3.33 40324 41187
* 3.34 40311 40954
* 3.37 40287 40954
* 3.4 40109 40826
* 3.45 40108 40826
* 3.53 40050 40714
* 3.54 39995 40625
* 3.61 39978 40687
* 3.64 39955 40649
* 3.65 39888 40591
* 3.67 39862 40564
* 3.73 39792 40451
* 12.24 39781 40465
* 12.26 39778 40453
* 12.3 39768 40228
* 12.64 39748 40452
* 12.64 39695 40462
* 12.66 39641 40411
* 12.79 39610 40096
* 12.8 39503 40077
* 12.87 39495 40077
* 12.96 39461 40203
* 13.05 39431 40230
* 14.15 39422 39938
* 14.16 39385 39807
* 14.22 39331 39807
* 14.41 39329 39783
* 14.6 39298 39756
* 14.61 39278 39882
* 14.67 39269 39938
* 15.22 39263 40053
* 15.34 39252 39938
* 15.67 39200 39938
* 15.77 39193 39937
* 15.82 39178 39937
* 16.71 39176 39908
* 16.83 39157 39964
* 16.91 39155 39881
* 17.01 39139 39774
* 17.38 39136 39762
* 17.99 39135 39873
* 19.31 38926 39507
* 20.6 38911 39586
* 20.79 38907 39598
* 20.85 38897 39639
* 23.64 38890 39639
* 27.48 38888 39818
* 27.77 38857 39721
* 27.77 38838 39850
* 28.42 38830 39624
* 28.61 38828 39587
* 28.72 38814 39575
* 28.76 38741 39390
# SOLUTION FOUND
# OPTIMALITY NOT PROVED
# BEST TSP SOLUTION: 38741
# NUMBER OF BRANCHES: 69469416
# END TIME: 7200.01
## Solution with TDTSP times: 
100
209 0
202 345
82 694
69 990
70 1255
85 1672
71 1987
183 2304
178 2715
180 2982
184 3577
182 4274
173 4687
186 5154
181 5720
179 6557
18 7156
113 7472
7 7936
114 8316
108 8523
115 8909
12 9465
8 9822
250 10230
4 10763
247 11590
109 11866
239 12509
138 13197
224 14356
226 15139
240 15261
68 15718
66 15959
221 16227
241 16786
118 17294
30 17554
252 17736
220 18023
119 18206
216 18560
31 18989
121 19230
40 19510
127 19639
61 19955
230 20073
39 20272
45 20687
123 20858
19 21220
219 21611
124 21952
36 22237
64 22463
59 22936
57 23296
99 23542
97 23937
88 24403
35 25002
51 25353
227 25640
199 25940
100 26366
98 26752
101 27068
91 27471
105 27971
93 28613
238 28942
90 29026
117 29605
196 30117
29 30881
246 31148
233 31513
25 31772
22 32172
86 32442
34 32639
54 32885
166 33193
37 33575
167 33824
156 34162
163 34469
146 34984
147 35354
131 35847
75 36039
81 36427
235 37051
203 37512
211 38060
206 38403
78 38724
205 39016
# BEST TD SOLUTION: 39390
