# INSTANCE: InstancesTDTSP/inst_100_9.txt InstancesTDTSP/tdtsp_bench_255_6h00_12h30_mirrored.txt
# ALGORITHM: TSP MEDIAN NOOVERLAP RESTART
# NUMBER OF VISITS: 100
# NUMBER OF TIME WINDOWS: 130
# TIME LIMIT: 7200
* 0.02 41669 44000
* 0.03 41660 43978
* 0.04 41643 43889
* 0.13 41370 43433
* 0.56 41366 43427
* 0.57 41325 43260
* 0.59 41174 43259
* 0.6 41132 43234
* 0.6 41121 43195
* 0.64 40932 42943
* 0.64 40840 42625
* 0.64 40798 42585
* 0.65 40790 42585
* 0.68 40782 42688
* 0.72 40735 42642
* 0.76 40683 42556
* 0.81 40473 42219
* 0.82 40262 41933
* 0.87 40127 41808
* 0.91 40115 41781
* 0.93 40096 41781
* 0.99 39943 41383
* 1.15 39934 41360
* 2.37 39922 41357
* 2.4 39871 41354
* 2.42 39866 41333
* 2.55 39864 41329
* 2.83 39849 41300
* 2.93 39816 41104
* 2.95 39596 40960
* 3.08 39492 40965
* 3.14 39459 40793
* 3.26 39431 40851
* 3.31 39427 40845
* 3.32 39375 40779
* 3.53 39356 40550
* 3.55 39308 40467
* 3.56 39295 40452
* 3.67 39188 40276
* 3.68 39145 40235
* 3.69 39130 40213
* 3.84 39114 40217
* 3.99 39083 40270
* 4.03 39074 40269
* 13.11 38941 40036
* 13.14 38803 39990
* 13.32 38781 39970
* 13.88 38756 39936
* 14.07 38737 39948
* 15.01 38732 39907
* 15.08 38676 39815
* 15.09 38542 39607
* 15.31 38540 39531
* 15.64 38375 39357
* 16.24 38353 39279
* 16.36 38132 38924
* 16.37 38129 38924
* 16.97 38095 38828
* 19.12 38067 38807
* 20.28 38066 38810
* 21.42 37939 38682
* 21.47 37857 38591
* 21.48 37848 38912
* 21.63 37772 38805
* 21.82 37681 38650
* 22.04 37668 38642
* 22.25 37658 38658
* 22.26 37644 38598
* 23.18 37642 38632
* 27.75 37634 38609
* 27.94 37624 38519
* 28.07 37563 38515
* 29.64 37553 38526
* 32.69 37541 38527
* 32.73 37538 38476
* 32.91 37471 38410
* 32.93 37406 38317
* 33 37347 38249
* 33.04 37326 38225
* 33.71 37307 38180
* 50.87 37206 38081
# SOLUTION FOUND
# OPTIMALITY NOT PROVED
# BEST TSP SOLUTION: 37206
# NUMBER OF BRANCHES: 76136899
# END TIME: 7200.01
## Solution with TDTSP times: 
100
243 0
49 167
140 393
38 790
43 929
122 1264
47 1548
126 1776
53 2046
79 2358
74 2733
77 3057
130 3387
34 3905
254 4398
31 4805
44 5299
52 5614
19 6146
219 6470
23 6782
234 7635
55 8132
135 8306
57 8490
36 9159
64 9570
125 9798
232 10020
41 10758
50 11136
96 11982
104 12528
89 12947
94 13454
102 13959
93 14158
238 14507
117 15360
20 15646
200 16023
118 16392
215 16821
25 17211
246 17650
198 18233
249 18538
132 19330
203 19768
76 20051
73 20351
204 20634
205 20913
202 21223
82 21550
226 22074
224 22821
139 23923
8 24473
9 24802
250 24915
110 25183
16 25310
5 25510
14 25895
12 26145
108 26438
1 26791
0 27496
247 27795
109 27919
15 28509
177 29182
194 29340
179 29854
178 30417
171 30675
11 30978
195 31208
174 31341
212 31663
162 32282
151 32552
142 32838
164 33170
165 33417
160 33724
144 33918
147 34135
154 34330
155 34637
189 34869
166 35085
46 35405
37 35556
167 35930
159 36538
56 37151
61 37472
230 37794
# BEST TD SOLUTION: 38081
