# INSTANCE: InstancesTDTSP/inst_50_16.txt InstancesTDTSP/tdtsp_bench_255_6h00_12h30_mirrored.txt
# ALGORITHM: TSP MEDIAN NOOVERLAP RESTART
# NUMBER OF VISITS: 50
# NUMBER OF TIME WINDOWS: 130
# TIME LIMIT: 7200
* 0.01 24757 25968
* 0.02 24670 26003
* 0.06 24512 25811
* 0.32 24460 25740
* 0.33 24372 25562
* 0.35 24304 25511
* 0.36 24300 25547
* 0.37 24258 25471
* 0.39 24054 25346
* 0.41 24011 25312
* 0.44 23850 25153
* 0.46 23807 25103
* 0.48 23789 25028
* 0.5 23783 25028
* 0.51 23780 25023
* 0.52 23641 24953
* 0.52 23560 24897
* 0.53 23460 24644
* 0.54 23450 24562
* 0.77 23373 24548
* 0.83 23293 24393
* 0.87 23267 24416
* 0.91 23262 24461
* 0.94 23212 24383
* 2.93 23152 24378
* 3.01 23081 24233
* 1993.34 23039 24199
* 1993.44 22838 23929
* 1993.84 22770 23874
# SOLUTION FOUND
# OPTIMALITY NOT PROVED
# BEST TSP SOLUTION: 22770
# NUMBER OF BRANCHES: 194193362
# END TIME: 7200
## Solution with TDTSP times: 
50
163 0
160 313
162 567
49 989
122 1273
31 1791
254 2004
217 2267
245 2688
197 3505
249 4481
21 5400
118 5848
251 6308
252 6754
253 7137
93 7656
97 8252
104 8628
100 9321
227 10033
232 10870
56 11417
231 11714
61 11981
19 12583
23 12822
42 13339
24 13824
157 14259
213 14769
183 15210
169 15541
194 16356
113 16753
5 17087
10 17312
110 17605
2 18029
107 18442
109 19131
106 19616
138 20244
205 21403
235 21786
206 22018
85 22365
77 22709
149 23116
189 23326
# BEST TD SOLUTION: 23874
