# INSTANCE: InstancesTDTSP/inst_100_2_TW.txt InstancesTDTSP/tdtsp_bench_255_6h00_12h30_10p_ti_mirrored.txt
# ALGORITHM: TDNOOVERLAP RESTART
# NUMBER OF VISITS: 100
# NUMBER OF TIME WINDOWS: 130
# TIME LIMIT: 7200
# EXTRACTION TIME: 242.76
* 98.36 55321
* 327.37 55289
* 327.53 55223
* 327.6 55199
* 327.73 55180
* 328.19 55085
* 328.21 55071
* 328.44 54982
* 328.5 54854
* 328.53 54771
* 329.27 54720
* 329.47 54515
* 330.41 54024
* 330.45 53922
* 330.58 53257
* 330.64 53142
* 330.77 53110
* 330.92 53095
* 330.95 53087
* 331.23 52964
* 331.29 52649
* 331.41 52608
* 331.47 52435
* 331.51 52290
* 331.57 52275
* 331.66 52269
* 332.05 52055
* 332.45 51977
* 332.78 51952
* 332.9 51951
* 334.41 51882
* 335.4 50718
* 335.42 50564
* 336.16 50489
* 336.77 49986
* 336.8 49743
* 339.71 49678
* 340.01 49675
* 340.08 49663
* 340.57 49662
* 340.62 49653
* 417.61 49644
* 417.8 49570
* 418.82 49532
* 418.86 48470
* 419.3 47984
* 419.46 47980
* 419.77 46731
* 419.86 46687
* 419.89 46465
* 423.5 46032
* 423.53 45823
* 423.55 45416
* 423.57 45200
* 441.32 45080
* 448.81 45026
* 548.48 43988
* 548.5 43983
* 548.6 43962
* 548.72 43824
* 548.95 43805
* 549.43 43723
* 549.46 43482
* 549.64 43463
* 549.77 43430
* 549.86 43347
* 550.03 42453
* 550.1 42302
* 550.16 42156
* 551.15 42125
* 551.65 41991
* 551.71 41932
* 551.74 41761
* 551.77 41721
* 551.85 41680
* 551.9 41508
* 551.92 41465
* 551.97 41432
* 552 41389
* 553.26 41361
* 553.29 41360
* 555.4 41350
* 555.51 41264
* 555.67 41131
* 556.32 40938
* 556.55 40820
* 556.67 40781
* 556.81 40759
* 558.97 40336
* 558.98 40318
* 559.13 40259
* 559.15 40228
* 561.44 40203
* 561.63 40124
* 561.69 40091
* 561.83 40073
* 561.91 40010
* 564.11 39926
* 564.24 39898
* 564.76 39885
* 567.19 39859
* 567.44 39828
* 568.54 39765
* 568.61 39728
* 568.94 39726
* 569.21 39690
* 569.53 39668
* 571.09 39427
* 577.18 39398
* 578.81 39396
* 610.13 39357
* 610.17 39326
* 610.32 39324
* 610.94 39311
* 611.55 39301
* 612 39298
* 612.85 39241
* 614.24 39239
* 614.66 39238
* 615.7 39210
* 781.55 39186
* 782.9 39172
* 784.17 39144
* 786.13 39101
* 806.44 39079
* 809.56 39019
* 1999.25 39007
* 1999.85 38999
* 4266.4 38968
* 4271.9 38930
* 4272.66 38918
* 4273.07 38680
* 4276.63 38634
* 4276.85 38541
* 4278.39 38535
* 4285.34 38533
* 4331.24 38488
* 4348.46 38486
* 4474.5 38477
* 6649.1 38464
# SOLUTION FOUND
# OPTIMALITY NOT PROVED
# BEST SOLUTION: 38464
# NUMBER OF BRANCHES: 32334358
# END TIME: 7442.77
## Solution: 
100
80 0
210 369
77 659
208 885
131 1172
75 1357
79 1496
221 1992
240 2376
68 2796
205 3423
209 3606
69 3906
70 4265
204 4694
73 4965
76 5356
27 6205
215 6587
26 7099
245 7430
233 7684
218 8036
220 8628
254 9098
116 9340
52 9602
122 9928
126 10145
46 10380
37 10739
38 10945
43 11172
229 11418
45 11772
123 11916
125 12478
232 12728
62 13097
55 13415
135 13688
48 13986
124 14340
61 14671
230 14738
47 14952
121 15094
65 15315
40 15438
34 15811
155 16187
189 16387
154 16746
192 17036
145 17268
162 17617
151 17985
156 18386
144 18830
161 19114
186 19583
195 19796
173 20207
182 20545
11 20848
183 21385
179 21846
14 22428
12 22564
1 22859
9 23188
110 23438
112 23725
5 24015
106 24564
111 25082
109 25394
247 25580
17 26033
137 26590
136 27078
118 28215
117 28773
94 29203
238 29788
90 29972
234 30573
105 31026
104 31434
95 31758
103 32151
50 32606
35 32937
159 33585
164 34075
160 34490
197 35835
198 36368
249 36862
85 38068
# BEST TD SOLUTION: 38464
