# INSTANCE: InstancesTDTSP/inst_20_17_TW.txt InstancesTDTSP/tdtsp_bench_255_6h00_12h30_10p_ti_mirrored.txt
# ALGORITHM: TSP MEDIAN NOOVERLAP RESTART
# NUMBER OF VISITS: 20
# NUMBER OF TIME WINDOWS: 130
# TIME LIMIT: 3600
* 0 11847 14242
# TSP SOLUTION FOUND
# TSP OPTIMALITY PROVED
# BEST TSP SOLUTION: 11847
# NUMBER OF BRANCHES: 75
# END TIME: 0
## Solution with TDTSP times: 
20
173 0
195 378
178 710
168 1414
213 1810
214 2017
73 2601
129 3108
44 3932
251 4851
118 5307
25 5602
104 7278
234 7885
51 9051
227 9325
109 11593
14 12243
12 12362
137 12974
# BEST TD SOLUTION: 14242
