# INSTANCE: InstancesTDTSP/inst_20_8_TW.txt InstancesTDTSP/tdtsp_bench_255_6h00_12h30_20p_ti_mirrored.txt
# ALGORITHM: TSP MEDIAN NOOVERLAP RESTART
# NUMBER OF VISITS: 20
# NUMBER OF TIME WINDOWS: 130
# TIME LIMIT: 3600
* 0.01 12251 -1
* 0.01 11132 14876
* 0.01 10744 14487
* 0.02 10490 14015
* 0.29 10481 14019
* 0.31 10458 13993
* 29.37 10457 13964
# TSP SOLUTION FOUND
# TSP OPTIMALITY PROVED
# BEST TSP SOLUTION: 10457
# NUMBER OF BRANCHES: 2030113
# END TIME: 43.5
## Solution with TDTSP times: 
20
160 0
164 200
192 526
158 1001
32 1306
120 1820
19 2310
45 2852
42 3164
251 3936
118 4312
31 4795
130 5682
3 7254
226 8512
238 10375
96 11415
98 11833
227 12507
59 13158
# BEST TD SOLUTION: 13964
