# INSTANCE: InstancesTDTSP/inst_10_6.txt InstancesTDTSP/tdtsp_bench_255_6h00_12h30_10p_ti_mirrored.txt
# ALGORITHM: CPP_NEXT
# NUMBER OF VISITS: 10
# NUMBER OF TIME WINDOWS: 130
# TIME LIMIT: 7200
* 0.031 10528
* 0.062 10451
* 0.062 10334
* 0.078 10199
* 0.094 10154
* 0.109 10142
* 0.14 10140
* 0.14 9916
* 0.14 9915
* 0.187 9797
* 0.187 9794
* 0.265 9709
* 0.374 9544
* 0.546 9487
* 1.388 9391
* 1.388 9387
* 2.246 9361
* 5.275 9336
* 9.939 9173
* 9.986 9154
* 10.033 9098
* 10.173 9092
* 17.973 9046
* 17.989 8749
# SOLUTION FOUND
# OPTIMALITY PROVED
# BEST SOLUTION: 8749
# NUMBER OF BRANCHES: 165994
# END TIME: 18.129
## Solution: 
10
24 0
199 1158
8 2947
12 3651
213 5314
158 5852
152 6660
38 7161
126 7495
120 8210
# BEST TD SOLUTION: 8749
