# INSTANCE: InstancesTDTSP/NewTWinstances/inst_10_8_TW.txt InstancesTDTSP/tdtsp_bench_255_6h00_12h30_10p_ti_mirrored.txt
# ALGORITHM: TDNOOVERLAP RESTART
# NUMBER OF VISITS: 10
# NUMBER OF TIME WINDOWS: 130
# TIME LIMIT: 3600
# EXTRACTION TIME: 0.123
* 0.001 9749
* 0.001 9669
* 0.001 9569
* 0.001 9132
* 0.002 8637
* 0.004 8565
* 0.006 8503
* 0.016 8501
* 0.017 8495
* 0.038 8430
* 0.041 8407
* 0.041 8365
* 0.041 8210
* 0.042 8081
* 0.044 7682
* 0.044 7538
# SOLUTION FOUND
# OPTIMALITY PROVED
# BEST SOLUTION: 7538
# NUMBER OF BRANCHES: 3798
# END TIME: 0.171
## Solution: 
10
93 0
196 780
53 1992
151 2579
45 3391
19 3773
125 4735
232 5187
135 6109
57 6472
# BEST TD SOLUTION: 7538
