# INSTANCE: InstancesTDTSP/inst_100_5.txt InstancesTDTSP/tdtsp_bench_255_6h00_12h30_10p_ti_mirrored.txt
# ALGORITHM: TSP MEDIAN NOOVERLAP RESTART
# NUMBER OF VISITS: 100
# NUMBER OF TIME WINDOWS: 130
# TIME LIMIT: 7200
* 0 61977 64641
* 0 39674 40621
* 0.03 39671 40621
* 0.05 39660 40591
* 0.23 39645 40600
* 0.33 39621 40609
* 1.26 39620 40609
* 1.29 39564 40544
* 1.3 39484 40305
* 1.33 39457 40305
* 1.34 39411 40265
* 1.44 39409 40242
* 1.45 39278 40217
* 1.51 39260 40205
* 1.63 39117 39766
* 1.64 39071 39640
* 1.65 39046 39496
* 1.68 39026 39305
* 1.69 38997 39278
* 1.81 38965 39578
* 1.82 38900 39244
* 1.87 38898 39244
* 1.88 38878 39198
* 1.89 38873 39130
* 1.9 38816 38975
* 1.94 38753 38869
* 1.96 38647 38780
* 2 38644 38757
* 2.03 38564 38651
* 3.21 38508 38623
* 3.26 38432 38563
* 3.27 38405 38637
* 3.32 38403 38595
* 3.34 38329 38238
* 3.43 38202 38183
* 3.47 38178 38181
* 3.47 38162 37989
* 3.71 38147 37990
* 3.77 38071 37879
* 3.81 38068 37877
* 3.83 38033 38087
* 3.88 37948 38055
* 3.89 37944 38037
* 3.98 37937 38034
* 4.02 37909 37928
* 4.03 37894 37928
* 11.58 37868 37715
* 11.59 37858 37546
* 11.64 37856 37735
* 11.8 37839 37718
* 12.05 37815 37713
* 13.05 37812 37722
* 13.06 37768 37501
* 13.1 37733 37548
* 13.18 37705 37533
* 13.83 37614 37400
* 14.05 37593 37460
* 14.11 37578 37400
* 14.23 37552 37446
* 14.23 37537 37386
* 14.87 37496 37377
* 15.17 37483 37388
* 15.2 37479 37372
* 15.87 37459 37354
* 15.87 37437 37348
* 15.95 37406 37271
* 16.28 37399 37274
* 16.71 37398 37236
* 17.64 37348 37276
* 21.4 37337 37236
* 22.4 37282 37201
* 27.68 37225 36969
* 28.28 37220 36943
* 30.25 37215 37080
# SOLUTION FOUND
# OPTIMALITY NOT PROVED
# BEST TSP SOLUTION: 37215
# NUMBER OF BRANCHES: 85632531
# END TIME: 7200.01
## Solution with TDTSP times: 
100
96 0
98 587
100 940
103 1382
41 1879
227 2206
33 2983
248 3516
58 4290
231 4515
39 4846
42 5230
44 5522
126 5847
121 6161
46 6421
37 6610
43 6955
122 7132
47 7361
86 7797
34 8228
63 8605
53 8932
166 9269
32 9628
149 9997
158 10273
189 10609
155 10885
81 11471
74 11858
77 12101
183 12619
225 13004
18 13470
177 13827
12 14331
108 14420
8 14746
9 14961
10 15196
16 15507
2 15767
106 16206
111 16715
15 16892
239 17239
138 17701
222 18646
221 19105
202 19545
82 19855
69 20108
78 20381
76 20739
211 20924
235 21197
203 21511
205 21765
209 22013
241 22204
215 22650
25 22977
245 23209
31 23612
23 23909
92 24107
133 24666
59 25200
62 25611
55 25768
135 25874
60 26302
159 26813
164 27224
144 27437
146 27720
153 27926
179 28813
180 29259
193 29339
178 29714
176 29831
186 30139
212 30361
130 30763
27 31325
237 31736
21 31847
201 32282
246 32543
198 32964
196 33357
102 34185
94 34610
238 35265
134 35859
105 36088
101 36639
# BEST TD SOLUTION: 37080
