# INSTANCE: InstancesTDTSP/inst_50_8.txt InstancesTDTSP/tdtsp_bench_255_6h00_12h30_mirrored.txt
# ALGORITHM: TSP MEDIAN NOOVERLAP RESTART
# NUMBER OF VISITS: 50
# NUMBER OF TIME WINDOWS: 130
# TIME LIMIT: 7200
* 0 24732 25653
* 0 24499 25420
* 0.01 24398 25235
* 0.08 24382 25258
* 0.2 24367 25230
* 0.79 24235 25092
* 0.79 24212 25100
* 0.81 23940 24905
* 1.05 23909 24861
* 1.07 23907 24898
* 1.1 23828 24828
* 1.13 23680 24644
* 1.18 23560 24511
* 1.21 23440 24404
* 1.27 23393 24305
* 1.27 23354 24235
* 1.31 23353 24243
* 2.86 23315 24349
* 2.96 23213 24254
* 3.02 23190 24167
* 3.36 23189 24159
* 11.06 23021 24204
* 11.56 22934 24144
* 11.58 22848 24043
* 11.58 22843 24036
* 12.11 22756 23967
* 12.11 22755 23968
* 12.11 22701 23955
* 12.12 22671 23944
* 12.15 22642 23894
* 12.16 22641 23917
* 12.19 22615 23915
* 12.32 22544 23832
* 12.42 22529 23832
* 15.6 22517 23953
* 16.65 22509 23904
* 16.68 22443 23735
* 16.98 22314 23667
* 3563.81 22301 23707
* 3568.45 22283 23581
* 3576.05 22254 23595
* 3576.11 22232 23571
* 3576.13 22163 23510
# SOLUTION FOUND
# OPTIMALITY NOT PROVED
# BEST TSP SOLUTION: 22163
# NUMBER OF BRANCHES: 177215713
# END TIME: 7200
## Solution with TDTSP times: 
50
206 0
202 369
222 782
66 1314
69 1621
225 2264
18 2613
3 3018
107 3658
1 3967
115 4569
6 5091
4 5348
109 6316
172 7810
212 8411
192 8997
143 9630
162 10213
164 10613
165 10936
163 11296
229 11737
122 12057
47 12411
43 12655
39 13012
231 13244
56 13623
60 13917
59 14507
33 15177
199 15988
96 16499
98 17099
89 17606
220 18370
216 18825
200 19211
29 19624
201 20230
236 20521
237 20644
21 20904
86 21329
34 21532
53 21820
129 22485
74 22732
83 23076
# BEST TD SOLUTION: 23510
