# INSTANCE: InstancesTDTSP/inst_30_5_TW.txt InstancesTDTSP/tdtsp_bench_255_6h00_12h30_20p_ti_mirrored.txt
# ALGORITHM: TSP MEDIAN NOOVERLAP RESTART
# NUMBER OF VISITS: 30
# NUMBER OF TIME WINDOWS: 130
# TIME LIMIT: 3600
* 0 14466 -1
* 0.01 14218 -1
* 0.06 14211 -1
* 0.06 14209 16663
* 0.07 13472 16117
* 0.08 13465 16186
* 0.13 13320 -1
* 0.14 13296 -1
* 0.15 13151 -1
* 0.17 13136 -1
* 0.18 13111 15942
* 0.19 13106 16093
* 0.19 13096 16112
* 0.2 13032 -1
* 0.53 13016 -1
* 0.62 12995 -1
* 0.62 12859 -1
* 0.63 12844 -1
* 0.75 12800 -1
* 0.79 12775 -1
* 0.8 12754 -1
* 0.8 12751 -1
* 0.84 12723 -1
* 0.87 12709 -1
* 0.88 12690 -1
* 1.1 12688 -1
* 1.14 12674 -1
* 1.24 12644 -1
* 1.29 12621 -1
* 4.11 12612 -1
# TSP SOLUTION FOUND
# TSP OPTIMALITY NOT PROVED
# BEST TSP SOLUTION: 12612
# NUMBER OF BRANCHES: 126881915
# END TIME: 3600
## Solution with TDTSP times: 
30
214 0
74 329
213 492
157 960
24 1411
65 1670
121 2033
229 2294
123 2774
19 3129
125 4070
248 4531
59 5436
86 6911
211 7797
222 8398
68 8728
132 9158
245 10084
129 10842
204 11559
209 11828
16 12519
178 13480
172 13634
11 13881
173 14105
192 14717
150 15132
149 15683
# BEST TD SOLUTION: 16112
