# INSTANCE: InstancesTDTSP/inst_100_7.txt InstancesTDTSP/tdtsp_bench_255_6h00_12h30_mirrored.txt
# ALGORITHM: TSP MEDIAN NOOVERLAP RESTART
# NUMBER OF VISITS: 100
# NUMBER OF TIME WINDOWS: 130
# TIME LIMIT: 7200
* 0.02 42038 43965
* 0.03 42014 43864
* 0.04 41849 43572
* 0.05 41780 43595
* 0.07 41774 43580
* 0.09 41731 43482
* 0.13 41669 43564
* 0.17 41530 43275
* 0.18 41425 43284
* 0.26 41361 43261
* 0.26 41357 43268
* 0.31 41319 43074
* 0.34 41155 42847
* 0.34 41143 42847
* 0.35 41124 42847
* 0.35 41119 42899
* 0.4 40920 42600
* 0.46 40851 42454
* 0.56 40840 42611
* 0.59 40720 42450
* 0.59 40710 42374
* 0.63 40694 42264
* 0.65 40653 42264
* 0.69 40571 42263
* 0.78 40570 42263
* 0.89 40560 42259
* 0.97 40300 41821
* 2.27 40186 41670
* 2.29 40140 41733
* 2.45 40108 41646
* 2.53 40057 41613
* 2.71 40028 41608
* 12.04 40020 41601
* 12.54 40014 41580
* 12.56 39985 41552
* 13.51 39972 41559
* 13.52 39970 41600
* 13.8 39910 41448
* 14.11 39839 41177
* 14.35 39786 41180
* 14.61 39740 41169
* 15.38 39738 41169
* 15.43 39666 41055
* 16.04 39546 40943
* 16.05 39543 41006
* 16.54 39541 40997
* 16.54 39512 40997
* 16.64 39511 40997
* 17.6 39502 40990
* 17.65 39500 40990
* 18.25 39449 40917
* 18.34 39393 40776
* 18.4 39330 40703
* 18.42 39300 40761
* 18.43 39288 40761
* 18.49 39284 40834
* 19.93 39281 40781
* 25.49 39240 40663
* 30.51 39229 40633
* 30.57 39183 40603
* 60.07 39115 40499
* 263.1 39083 40502
* 5337.81 39011 40448
* 5338.05 38970 40394
* 5338.21 38967 40369
* 5339.73 38940 40350
* 5346.24 38929 40337
* 5349.23 38887 40288
* 5365.64 38831 40222
* 5385.03 38808 40193
* 5388.83 38681 39980
* 5403.1 38654 39937
* 5536.91 38637 39938
# SOLUTION FOUND
# OPTIMALITY NOT PROVED
# BEST TSP SOLUTION: 38637
# NUMBER OF BRANCHES: 90263072
# END TIME: 7200.02
## Solution with TDTSP times: 
100
246 0
21 242
22 627
217 1042
254 1390
216 1624
30 1947
220 2216
252 2539
93 3205
238 3551
23 4270
124 4657
60 5046
248 5346
228 5920
51 6491
50 7139
96 8102
91 8877
88 9573
234 10035
39 11115
242 11332
49 11677
122 12088
34 12620
54 12800
130 13123
131 13528
81 13937
84 14318
78 14662
72 15042
204 15209
73 15500
211 15864
235 16243
222 16689
68 16991
66 17327
209 17778
202 17973
82 18105
85 18369
210 18561
168 18934
175 19376
18 19964
3 20367
106 20829
15 21308
111 21463
109 21869
17 22455
136 23101
1 23731
6 23917
8 24364
115 24584
112 24911
7 25255
12 25555
177 25917
180 26643
176 26898
184 27410
185 27916
173 28409
186 28641
212 28923
161 29318
144 29788
154 29981
155 30178
149 30555
187 30709
166 30992
32 31130
148 31274
37 31687
167 31895
156 32323
142 32568
164 32913
152 33393
121 33839
65 34025
24 34455
63 34731
27 35186
118 35636
233 36021
200 36501
26 36778
245 37064
117 37573
198 38378
249 38881
201 39597
# BEST TD SOLUTION: 39938
