# INSTANCE: InstancesTDTSP/inst_10_14.txt InstancesTDTSP/tdtsp_bench_255_6h00_12h30_mirrored.txt
# ALGORITHM: CPP_NEXT
# NUMBER OF VISITS: 10
# NUMBER OF TIME WINDOWS: 130
# TIME LIMIT: 7200
* 0.031 9765
* 0.031 9490
* 0.062 9484
* 0.187 9433
* 1.966 9413
* 2.293 9379
* 2.418 9364
* 3.65 9358
* 3.65 9334
* 7.647 9171
* 8.677 9163
* 8.677 9150
* 14.543 8950
* 14.543 8912
# SOLUTION FOUND
# OPTIMALITY PROVED
# BEST SOLUTION: 8912
# NUMBER OF BRANCHES: 148160
# END TIME: 15.011
## Solution: 
10
94 0
136 1588
183 3242
204 4106
76 4358
128 4843
61 5850
230 6144
52 6882
105 8137
# BEST TD SOLUTION: 8912
