# INSTANCE: InstancesTDTSP/inst_100_6.txt InstancesTDTSP/tdtsp_bench_255_6h00_12h30_10p_ti_mirrored.txt
# ALGORITHM: TSP MEDIAN NOOVERLAP RESTART
# NUMBER OF VISITS: 100
# NUMBER OF TIME WINDOWS: 130
# TIME LIMIT: 7200
* 0.01 72413 75938
* 0.02 39405 40366
* 0.04 39359 40225
* 0.37 39332 40199
* 0.4 39125 39964
* 0.47 39101 39981
* 0.49 38857 39520
* 0.53 38795 39463
* 0.61 38746 39131
* 0.65 38727 39209
* 0.66 38707 39172
* 0.69 38630 38939
* 0.69 38606 38900
* 0.71 38605 38964
* 0.73 38495 38736
* 0.89 38470 38663
* 0.99 38404 38740
* 2.12 38390 38606
* 2.26 38299 38511
* 2.31 38279 38511
* 2.31 38250 38501
* 10.94 38220 38250
* 11.14 38192 38195
* 11.39 38171 38212
* 11.55 38145 38264
* 11.56 38140 38277
* 12.4 38123 38239
* 12.44 38078 38189
* 12.66 38058 38189
* 13.78 38020 38158
* 13.8 38001 38160
* 13.88 37998 38008
* 13.99 37972 38056
* 14.07 37951 38071
* 14.24 37910 38269
* 14.29 37904 38197
* 14.48 37856 38008
* 15.38 37835 37969
* 15.64 37830 37938
* 16.17 37808 37926
* 19.63 37786 37825
* 21.93 37781 37858
* 22.25 37754 37841
* 22.35 37724 37900
* 22.55 37678 37839
* 22.61 37654 37823
* 22.68 37562 37730
* 22.91 37541 37731
* 22.95 37539 37737
* 23.07 37538 36895
* 29.93 37534 37003
* 159.22 37531 37631
* 159.38 37525 37647
* 159.59 37492 37625
* 160.23 37469 37575
* 160.25 37435 37176
* 163.92 37426 37202
* 181.81 37418 37148
# SOLUTION FOUND
# OPTIMALITY NOT PROVED
# BEST TSP SOLUTION: 37418
# NUMBER OF BRANCHES: 80933312
# END TIME: 7200.01
## Solution with TDTSP times: 
100
79 0
74 295
214 528
208 769
83 1044
128 1431
63 1899
53 2342
157 2605
191 3172
47 3635
122 3920
123 4584
61 5138
230 5387
243 5630
49 5757
58 6312
56 6780
36 7230
59 7625
62 8139
55 8566
48 8991
92 9523
234 10115
97 10480
105 10723
89 11255
91 11759
96 12411
88 13113
133 13540
35 14157
51 14352
228 14831
33 15148
64 15444
125 15554
156 16310
142 16534
163 16692
188 16888
164 17117
165 17439
146 17778
161 18124
189 18568
126 18934
40 19184
86 19480
116 19768
220 20182
252 20496
216 20972
215 21163
246 21523
236 21814
237 22112
22 22430
27 22600
118 22927
26 23181
20 23656
117 24033
249 24692
207 25417
203 25858
205 26151
82 26434
70 26736
72 26983
204 27265
210 27502
84 27864
221 28255
174 28969
195 29218
11 29466
172 29647
169 29929
178 30090
180 30481
184 30853
15 31592
108 32022
8 32351
250 32511
16 32868
13 33180
114 33397
2 33530
6 33719
4 33957
1 34267
139 34956
211 35908
129 36334
81 36659
80 36862
# BEST TD SOLUTION: 37148
