# INSTANCE: InstancesTDTSP/inst_100_18.txt InstancesTDTSP/tdtsp_bench_255_6h00_12h30_20p_ti_mirrored.txt
# ALGORITHM: TSP MEDIAN NOOVERLAP RESTART
# NUMBER OF VISITS: 100
# NUMBER OF TIME WINDOWS: 130
# TIME LIMIT: 7200
* 0.01 67349 72362
* 0.01 42104 46800
* 0.02 42097 46800
* 0.04 41728 45844
* 0.06 41719 45841
* 0.07 41709 45954
* 0.16 41632 45836
* 0.2 41625 45835
* 0.4 41616 45826
* 0.53 41547 45947
* 0.54 41539 45709
* 0.59 41535 45516
* 0.62 41527 45587
* 0.64 41478 45516
* 0.64 41470 45516
* 0.69 41450 45516
* 0.7 41330 45709
* 0.72 41277 45473
* 0.76 41137 45302
* 1.98 41068 44828
* 2.07 41057 44831
* 2.11 40953 44799
* 2.14 40948 44830
* 2.19 40868 44591
* 2.21 40860 44645
* 2.21 40851 44643
* 2.22 40659 44608
* 2.45 40608 44603
* 2.45 40561 44603
* 2.45 40548 44768
* 2.5 40462 44685
* 2.53 40453 44352
* 2.65 40451 44270
* 2.79 40367 44205
* 2.85 40328 44005
* 11.23 40255 43581
* 11.32 40178 43293
* 11.48 40157 43197
* 11.49 40067 43157
* 12.12 39945 43239
* 12.14 39918 43300
* 12.15 39901 43307
* 12.38 39838 43669
* 12.38 39752 43595
* 12.53 39699 43572
* 12.92 39688 43584
* 13.31 39680 43926
* 13.33 39635 43926
* 13.6 39525 43249
* 13.85 39510 42601
* 15.27 39485 41914
* 15.28 39484 42534
* 15.29 39377 42185
* 15.34 39371 42185
* 15.52 39358 42431
* 15.56 39350 42676
* 15.79 39286 42398
* 16.41 39283 42386
* 16.5 39265 42382
* 16.58 39183 42260
* 16.6 39038 42097
* 16.62 38930 41677
* 16.8 38920 41569
* 17.12 38893 41652
* 19.34 38865 41522
* 19.39 38848 41522
* 19.49 38775 41116
* 19.68 38747 41102
* 19.9 38733 40628
* 20.42 38631 41349
* 20.8 38626 41153
* 21.45 38592 41032
* 21.52 38587 41112
* 21.81 38582 41140
* 21.96 38577 41112
* 21.97 38436 40953
* 22.02 38420 40705
* 22.03 38397 40583
* 22.34 38385 40804
* 22.57 38376 40773
* 22.75 38352 40843
* 22.88 38339 40819
* 23.12 38320 40779
* 23.7 38315 41065
* 24.43 38303 40943
* 24.43 38301 40943
* 26.48 38292 40356
* 26.61 38207 40375
* 27.01 38206 40375
* 27.02 38182 40471
* 28.24 38073 40471
* 28.55 38007 39292
* 34.74 37981 39889
* 36.51 37974 39937
* 177.29 37968 39875
* 231.69 37948 39879
* 250.16 37943 39879
* 888.96 37929 40049
# SOLUTION FOUND
# OPTIMALITY NOT PROVED
# BEST TSP SOLUTION: 37929
# NUMBER OF BRANCHES: 59938841
# END TIME: 7200.01
## Solution with TDTSP times: 
100
67 0
213 284
208 634
130 953
85 1367
79 1727
221 2092
240 2675
226 2860
224 4224
68 5817
66 6205
205 6879
207 7880
241 8738
132 8904
209 9408
211 9793
129 10274
84 10787
70 11063
128 11502
24 11887
34 12315
54 12520
149 12869
158 13070
189 13256
148 13644
191 13860
65 14142
167 14444
152 14678
150 14928
122 15221
52 15512
61 15849
242 15915
243 16171
49 16404
45 16768
123 17050
119 17343
28 17710
217 17881
254 18050
216 18358
220 18643
251 18734
25 19097
245 19422
244 19633
236 19861
246 20093
201 20353
198 20949
93 21570
90 21759
89 22200
91 22689
96 23227
88 23771
41 24418
50 24686
228 25222
92 25917
99 26137
124 26495
60 26883
159 27367
163 27894
188 28016
160 28168
146 28538
153 28876
161 29065
192 29347
190 29851
212 30239
195 30643
173 30928
185 31300
171 31841
175 32383
18 32938
194 33301
239 33626
111 34113
106 34541
137 34990
8 35807
9 36136
115 36311
14 36737
12 36932
114 37170
6 37493
107 37873
1 38195
179 39265
# BEST TD SOLUTION: 40049
