# INSTANCE: InstancesTDTSP/inst_100_14_TW.txt InstancesTDTSP/tdtsp_bench_255_6h00_12h30_mirrored.txt
# ALGORITHM: TDNOOVERLAP RESTART
# NUMBER OF VISITS: 100
# NUMBER OF TIME WINDOWS: 130
# TIME LIMIT: 7200
# EXTRACTION TIME: 233.43
* 0.19 45741
* 1.31 45726
* 1.37 45640
* 1.39 45531
* 1.5 45523
* 1.76 45520
* 1.82 45513
* 1.93 45507
* 2.02 45495
* 2.19 45491
* 82.85 45483
* 106.96 45439
* 124.03 45355
* 124.05 45218
* 124.89 45147
* 125.24 45140
* 125.26 45134
* 125.29 45132
* 128.89 45064
* 157.35 44969
* 157.5 44921
* 157.76 44867
* 157.79 44850
* 157.95 44823
* 157.98 44777
* 158.01 44744
* 158.09 44683
* 158.3 44616
* 158.34 44129
* 158.37 44103
* 158.74 44092
* 158.98 43902
* 159.14 43719
* 159.54 43699
* 159.74 43604
* 159.8 43580
* 160.55 43547
* 160.58 43458
* 160.61 43453
* 160.93 43205
* 161.1 43131
* 161.18 43130
* 161.54 43042
* 161.58 42891
* 161.6 42773
* 161.78 42767
* 163.17 42687
* 163.29 42633
* 163.33 42473
* 163.77 42470
* 164.59 42457
* 171.67 42435
* 172.51 42361
* 172.59 42360
* 172.62 42326
* 172.67 42310
* 184.05 42298
* 185.09 42270
* 185.39 42260
* 185.42 42242
* 188.97 42199
* 188.99 42190
* 190.71 42188
* 197.53 42166
* 198.52 42070
* 198.54 41988
* 198.56 41985
* 199.13 41963
* 199.15 41852
* 210.51 41844
* 210.55 41783
* 210.8 41781
* 220.37 41778
* 223.77 41692
* 223.83 41682
* 223.85 41644
* 223.87 41615
* 224.08 41263
* 228.73 41187
* 228.75 40902
* 228.77 40888
# SOLUTION FOUND
# OPTIMALITY NOT PROVED
# BEST SOLUTION: 40888
# NUMBER OF BRANCHES: 31585604
# END TIME: 7433.44
## Solution: 
100
32 0
53 302
157 487
63 855
65 1193
40 1507
44 1833
52 2158
127 2549
43 2940
229 3073
242 3373
243 3527
123 4093
120 4790
86 5206
216 5940
30 6128
251 6518
218 6909
252 7301
253 7733
102 8450
89 9228
105 9629
87 9804
55 10257
92 10672
99 10931
60 11453
64 11886
51 12417
41 12720
199 13206
101 13826
96 14156
100 14661
35 15324
228 15748
232 16221
167 17082
146 17536
192 17972
145 18236
130 18747
75 19052
214 19379
168 19708
70 20139
78 20466
72 20776
206 20977
204 21233
73 21367
211 21549
209 21954
202 22153
226 22730
169 23407
178 23593
193 23812
176 24034
172 24328
11 24583
173 24736
83 25459
241 26154
132 26247
22 26740
244 27015
21 27219
236 27505
201 28010
246 28325
245 28632
26 28797
197 29407
196 29773
68 30935
10 31492
5 31650
16 31957
14 32484
12 32635
2 32801
4 32983
1 33300
8 33720
9 33957
250 34185
114 34655
115 34992
194 35529
113 35938
3 36288
15 36876
111 37181
247 37694
17 38390
190 39954
# BEST TD SOLUTION: 40888
