# INSTANCE: InstancesTDTSP/NewTWinstances/inst_10_2_TW.txt InstancesTDTSP/tdtsp_bench_255_6h00_12h30_20p_ti_mirrored.txt
# ALGORITHM: CPP_NEXT
# NUMBER OF VISITS: 10
# NUMBER OF TIME WINDOWS: 130
# TIME LIMIT: 7200
* 0.317 10290
* 0.599 10263
* 0.609 9430
* 0.623 9409
* 0.635 9032
* 0.792 9022
* 0.873 8971
* 1.079 8714
* 1.79 8690
* 1.87 8614
* 1.89 8086
* 1.913 8077
* 5.083 8008
* 8.129 7868
* 8.208 7726
* 9.022 7686
* 9.137 7633
* 9.172 7388
* 9.986 7213
* 10.05 7212
* 10.334 7006
* 10.425 6759
# SOLUTION FOUND
# OPTIMALITY PROVED
# BEST SOLUTION: 6759
# NUMBER OF BRANCHES: 130918
# END TIME: 15.366
## Solution: 
10
68 0
10 482
201 1295
22 1788
60 2582
164 3508
158 4393
71 5061
81 5470
70 6015
# BEST TD SOLUTION: 6759
