# INSTANCE: InstancesTDTSP/inst_30_15.txt InstancesTDTSP/tdtsp_bench_255_6h00_12h30_mirrored.txt
# ALGORITHM: TSP MEDIAN NOOVERLAP RESTART
# NUMBER OF VISITS: 30
# NUMBER OF TIME WINDOWS: 130
# TIME LIMIT: 3600
* 0 25664 27290
* 0 18099 19362
* 0.01 17808 19061
* 0.08 17702 18930
* 0.08 17571 18832
* 0.09 17454 18688
* 0.12 17285 18622
* 0.13 17086 18357
* 0.23 17045 18357
* 0.74 17033 18374
* 0.89 16959 18161
* 0.94 16894 18020
* 0.95 16696 18081
* 0.96 16621 18103
* 1.01 16475 17946
* 1.02 16364 17955
* 1.03 16313 17939
* 1.2 16126 17635
* 2.98 16086 17399
* 2.99 15952 17255
* 4.42 15858 17142
# SOLUTION FOUND
# OPTIMALITY NOT PROVED
# BEST TSP SOLUTION: 15858
# NUMBER OF BRANCHES: 139197815
# END TIME: 3600
## Solution with TDTSP times: 
30
85 0
70 265
8 978
10 1411
114 1790
109 2527
185 3883
11 4522
186 4948
168 5737
149 6366
154 6884
191 7453
49 8015
140 8238
38 8538
123 9164
23 9516
35 10516
51 10733
101 11789
104 12385
234 12699
217 13667
254 13956
116 14208
200 14742
249 15585
22 16341
129 16737
# BEST TD SOLUTION: 17142
