# INSTANCE: DATA_TDTSP_randomd/10/bench_10_selected/ALL/inst_10_15.txt DATA_TDTSP/tdtsp_bench_255_6h00_12h30_10p_ti_mirrored.txt
# ALGORITHM: TDNOOVERLAP RESTART
# NUMBER OF VISITS: 10
# NUMBER OF TIME WINDOWS: 130
# TIME LIMIT: 7200
 ! ----------------------------------------------------------------------------
 ! Minimization problem - 13 variables, 5 constraints, 1 phase
 ! Presolve      : 1 extractable eliminated
 ! SearchType           = DepthFirst
 ! Workers              = 1
 ! RelativeOptimalityTolerance = 1e-009
 ! Initial process time : 0.09s (0.09s extraction + 0.00s propagation)
 # Extraction breakdown : 0.09s concert translation + 0.00s presolve
 !  . Log search space  : 34.6 (before), 34.6 (after)
 !  . Memory usage      : 545.5 kB (before), 545.5 kB (after)
 ! Using sequential search.
 # Presolve memory usage: 35.4 kB
 #  . Model: 9.8 kB (original) + 0 bytes (presolved)
 #  . Master: 9.2 kB (extractor) + 8.2 kB (converter) + 8.2 kB (other)
 ! ----------------------------------------------------------------------------
 !          Best Branches  Non-fixed            Branch decision
 *          8099       18 0.09s                 on 10
* 0.099 8099
 *          8043      375 0.10s                 on 10
* 0.104 8043
 *          7944      464 0.10s                 on 10
* 0.105 7944
            7944     1000         11            on 4
 *          7269     1063 0.11s                 on 10
* 0.111 7269
 *          7224     1114 0.11s                 on 10
* 0.112 7224
 *          7180     1148 0.11s                 on 10
* 0.112 7180
 *          7124     1169 0.11s                 on 10
* 0.112 7124
 ! ----------------------------------------------------------------------------
 ! Search terminated normally, 7 solutions found.
 ! Best objective         : 7124 (optimal - effective tol. is 0)
 ! Number of branches     : 1690
 ! Number of fails        : 847
 ! Total memory usage     : 7.5 MB (0.6 MB CP Optimizer + 6.9 MB Concert)
 ! Time spent in solve    : 0.11s (0.01s engine + 0.09s extraction)
 # Extraction breakdown   : 0.09s concert translation + 0.00s presolve
 ! Search speed (br. / s) : 88947.4
 ! ----------------------------------------------------------------------------
# SOLUTION FOUND
# OPTIMALITY PROVED
# BEST SOLUTION: 7124
# NUMBER OF BRANCHES: 1690
# END TIME: 0.118
## Solution: 
10
222 0
250 835
6 1115
111 1550
251 2932
229 3946
63 4645
157 5200
214 5769
69 6275
# BEST TD SOLUTION: 7124
