# INSTANCE: InstancesTDTSP/inst_30_20.txt InstancesTDTSP/tdtsp_bench_255_6h00_12h30_20p_ti_mirrored.txt
# ALGORITHM: TSP MEDIAN NOOVERLAP RESTART
# NUMBER OF VISITS: 30
# NUMBER OF TIME WINDOWS: 130
# TIME LIMIT: 3600
* 0 23325 26879
* 0 15688 18586
* 0 15675 18574
* 0 15504 18458
* 0.08 15458 18574
* 0.08 15432 18606
* 0.09 15412 18754
* 0.09 15009 18284
* 0.57 14934 17989
* 0.61 14914 18169
* 0.82 14899 18110
* 2.24 14838 17968
* 2.3 14829 17968
* 10.17 14733 17871
* 12.29 14660 17657
# SOLUTION FOUND
# OPTIMALITY NOT PROVED
# BEST TSP SOLUTION: 14660
# NUMBER OF BRANCHES: 126908842
# END TIME: 3600
## Solution with TDTSP times: 
30
212 0
83 485
32 928
150 1309
156 1836
231 2498
49 2862
47 3349
52 3806
120 4467
99 5499
87 6328
91 7243
117 8890
102 9351
252 10110
22 10957
244 11392
8 12154
115 12402
5 12752
177 13294
247 14014
15 14418
106 14808
137 15257
138 15656
66 16523
70 16854
77 17200
# BEST TD SOLUTION: 17657
