# INSTANCE: InstancesTDTSP/inst_100_6.txt InstancesTDTSP/tdtsp_bench_255_6h00_12h30_mirrored.txt
# ALGORITHM: TDNOOVERLAP RESTART
# NUMBER OF VISITS: 100
# NUMBER OF TIME WINDOWS: 130
# TIME LIMIT: 7200
# EXTRACTION TIME: 229
* 0.05 41677
* 0.21 41537
* 0.25 41523
* 0.34 41450
* 0.43 41440
* 0.73 41371
* 2.39 41354
* 2.53 41329
* 2.56 41181
* 3.24 41133
* 3.28 41035
* 3.55 40904
* 3.89 40822
* 4.47 40608
* 177.22 40538
* 178.21 40510
* 178.26 40499
* 179.04 40443
* 179.23 40392
* 179.3 40295
* 181.17 40287
* 218.27 40211
* 218.43 40138
* 221.83 40106
* 222.69 39918
* 223.08 39861
* 223.76 39828
* 246.22 39783
* 246.73 39577
* 246.83 39489
* 246.87 39455
* 246.98 39395
* 248.34 39298
* 248.97 39212
* 257.72 39201
* 259.4 39199
* 259.51 39198
* 260.16 39146
* 272.52 39127
* 275.02 39102
* 280.06 39100
* 286.4 39080
* 306.77 39071
* 310.32 39030
* 322.58 39024
* 342.35 38975
* 353.98 38924
* 366.02 38911
* 390.97 38867
* 392.94 38861
* 398.57 38794
* 403.15 38764
* 434.05 38757
* 436.81 38752
* 440.63 38720
* 447.52 38712
* 471.6 38696
* 471.82 38618
* 491.79 38604
* 525.14 38541
* 525.95 38537
* 528.3 38497
* 554.95 38459
* 555 38455
* 560.48 38448
* 666.41 38386
* 671.83 38347
* 673.63 38318
* 3602.66 38312
# SOLUTION FOUND
# OPTIMALITY NOT PROVED
# BEST SOLUTION: 38312
# NUMBER OF BRANCHES: 8903914
# END TIME: 7429.02
## Solution: 
100
79 0
81 270
210 550
84 938
221 1358
82 1848
70 2180
128 2441
86 3033
63 3343
53 3794
157 4068
191 4669
126 5118
40 5427
47 5701
122 5965
61 6439
230 6684
243 6917
49 7035
56 7654
36 8067
64 8299
125 8451
33 8987
228 9270
35 9852
51 10093
133 10687
88 11131
234 11502
97 11818
89 12270
91 12727
96 13389
105 14077
220 14832
252 15149
216 15643
215 15852
118 16098
27 16443
72 16866
204 17156
205 17312
211 17691
129 18051
74 18334
214 18549
169 19060
178 19225
180 19629
172 19858
11 20293
174 20481
195 20738
184 21248
15 22041
13 22491
114 22685
108 22793
8 23138
250 23308
16 23683
2 23953
6 24109
4 24320
1 24594
139 25332
203 26245
207 26788
249 27540
117 28214
20 28536
26 29072
246 29548
236 29846
237 30144
22 30485
116 30751
123 31253
92 31757
55 32148
62 32551
59 33029
48 33427
58 33975
156 34414
165 34695
142 34930
163 35122
188 35339
164 35573
146 36044
161 36438
189 36992
208 37421
83 37728
80 38028
# BEST TD SOLUTION: 38312
