# INSTANCE: InstancesTDTSP/inst_30_14.txt InstancesTDTSP/tdtsp_bench_255_6h00_12h30_20p_ti_mirrored.txt
# ALGORITHM: TSP MEDIAN NOOVERLAP RESTART
# NUMBER OF VISITS: 30
# NUMBER OF TIME WINDOWS: 130
# TIME LIMIT: 3600
* 0 20249 23541
* 0 16967 19205
* 0.01 16755 19087
* 0.01 16735 19228
* 0.08 16724 19221
* 0.09 16722 19495
* 0.09 16653 19621
* 0.09 16471 19356
* 0.1 16124 19191
* 0.11 16114 18711
* 0.18 16038 18821
* 0.19 16017 18898
* 0.21 15968 18783
* 0.21 15791 18528
* 0.21 15775 18703
* 0.23 15726 18553
* 0.23 15637 18427
* 0.72 15635 18472
* 0.97 15623 18391
* 0.99 15593 18575
* 3.84 15575 18681
# SOLUTION FOUND
# OPTIMALITY NOT PROVED
# BEST TSP SOLUTION: 15575
# NUMBER OF BRANCHES: 125863494
# END TIME: 3600
## Solution with TDTSP times: 
30
62 0
48 405
60 692
120 1232
46 1592
142 2060
160 2308
32 3066
166 3238
157 3820
80 4280
240 5256
5 6676
239 7490
109 8584
174 10174
145 10788
130 11374
206 11901
70 12169
207 13000
197 13891
196 14232
249 14901
198 15378
25 15708
220 16105
90 16533
96 17257
228 18189
# BEST TD SOLUTION: 18681
