# INSTANCE: InstancesTDTSP/inst_30_13_TW.txt InstancesTDTSP/tdtsp_bench_255_6h00_12h30_mirrored.txt
# ALGORITHM: CPP_NEXT
# NUMBER OF VISITS: 30
# NUMBER OF TIME WINDOWS: 130
# TIME LIMIT: 3600
* 380.1 24003
* 389.4 23606
* 390.29 23550
* 390.75 23325
* 391.44 23173
* 392.21 23159
* 392.76 23105
* 393.52 23061
* 394.24 22918
* 398.18 22905
* 406.74 22723
* 409.58 22563
* 413.39 22491
* 414.02 22439
* 415.92 22238
* 431.38 22196
* 432.96 21968
* 439.15 21915
* 442.5 21914
* 474.35 21742
* 475.64 21737
* 476.34 21434
* 500.64 21400
* 519.99 21383
* 596.53 21327
* 646.71 21300
* 721.16 21196
* 725.65 21164
* 1083.77 21158
* 1086.3 21087
* 1086.9 20996
* 1118.76 20916
* 1164.27 20902
* 1187.86 20835
* 1372.88 20818
* 1375.58 20815
# SOLUTION FOUND
# OPTIMALITY NOT PROVED
# BEST SOLUTION: 20815
# NUMBER OF BRANCHES: 5580054
# END TIME: 3600.04
## Solution: 
30
108 0
250 369
110 610
111 1239
193 2300
195 2836
143 3579
121 4867
75 5538
214 5810
70 6381
203 7122
237 7996
236 8323
233 8688
30 9194
220 9722
101 10888
51 11887
62 12580
59 12981
48 13340
148 14159
240 15189
68 15497
196 16762
90 17734
57 18333
60 18727
164 19502
# BEST TD SOLUTION: 20815
