# INSTANCE: InstancesTDTSP/inst_100_1_TW.txt InstancesTDTSP/tdtsp_bench_255_6h00_12h30_10p_ti_mirrored.txt
# ALGORITHM: TDNOOVERLAP RESTART
# NUMBER OF VISITS: 100
# NUMBER OF TIME WINDOWS: 130
# TIME LIMIT: 7200
# EXTRACTION TIME: 228
* 0.63 53446
* 0.75 53177
* 0.86 52957
* 0.97 52730
* 1.09 52261
* 1.2 51949
* 1.45 51660
* 1.85 51365
* 3.16 51332
* 3.37 51303
* 3.49 51299
* 4.01 51267
* 4.47 50493
* 4.97 50408
* 69.52 50398
* 118.15 50366
* 125.69 50150
* 125.77 50140
* 127.75 49969
* 128.18 49844
* 128.75 49836
* 146.73 49827
* 147.06 49788
* 147.15 49597
* 148 49514
* 171.22 49405
* 171.25 49387
* 171.49 49316
* 171.51 49291
* 173.67 49188
* 174.03 49179
* 186.27 48930
* 190.09 48892
* 191.28 48845
* 195.61 48836
* 195.62 48798
* 195.92 48756
* 196.47 48730
* 200.94 48723
* 205.61 48636
* 224.13 48628
* 224.41 48609
* 225.71 48606
* 229.65 48603
* 229.66 48514
* 229.69 48513
* 233.34 48465
* 233.41 48355
* 233.45 48327
* 233.46 48316
* 247.6 48224
* 422.31 48157
* 422.57 48132
* 422.95 48130
* 422.99 47907
* 691.55 47890
* 691.57 47843
* 692.08 47835
* 693.01 47706
* 693.17 47602
* 693.41 47487
* 693.45 47480
* 693.49 47438
* 693.51 47400
* 693.71 47336
* 693.86 47319
* 694.25 47293
* 694.28 46969
* 700.53 46965
* 700.68 46850
* 700.74 46718
* 700.76 46694
* 701.28 46675
* 701.31 46568
* 701.63 46430
* 701.65 46400
* 701.73 46362
* 702.04 46354
* 704.42 46353
* 704.78 46351
* 704.94 46350
* 705.71 46336
* 706.22 46234
* 706.25 46223
* 706.28 46222
* 706.69 46207
* 706.83 46184
* 708.23 46179
* 708.27 46178
* 708.69 46167
* 709.37 46090
* 709.64 46089
* 709.92 46050
* 710.17 46042
* 710.21 46037
* 710.3 46033
* 712.55 46016
* 714.08 46007
* 714.63 45969
* 714.66 45964
* 714.69 45906
* 714.92 45858
* 1091.15 45618
* 1091.2 45596
* 2655.76 45524
* 2671.37 45497
* 7011.14 45403
* 7011.88 45402
* 7012.56 45355
* 7012.68 45341
* 7013.44 45335
* 7013.74 45242
* 7026.25 45070
* 7027.16 45014
* 7028.74 45004
* 7030.74 44719
* 7030.83 44716
* 7030.88 44655
* 7030.99 44430
* 7031.34 44426
* 7032.16 44299
* 7032.26 44264
* 7032.74 44047
* 7032.86 44046
* 7033.79 44020
* 7034.12 43991
* 7034.39 43986
* 7034.6 43869
* 7035.21 43867
* 7040.93 43816
* 7042.99 43790
* 7045.91 43712
* 7046.26 43709
* 7047.83 43701
* 7050.93 43697
* 7056.03 43601
* 7057.98 43544
* 7058.06 43446
* 7059.84 43401
* 7135.16 43395
* 7135.39 43377
* 7157.41 43373
* 7158.05 43310
* 7159.7 43281
* 7159.8 43279
* 7160.01 43277
* 7160.1 43276
* 7161.54 43274
* 7163.2 43249
* 7163.91 43235
* 7185.11 43222
* 7185.16 43129
* 7185.78 43100
* 7187.9 43093
* 7188.71 43072
* 7188.86 43065
* 7191.02 43064
* 7192.36 43059
* 7192.58 43048
* 7192.62 43039
* 7192.64 43005
# SOLUTION FOUND
# OPTIMALITY NOT PROVED
# BEST SOLUTION: 43005
# NUMBER OF BRANCHES: 30086466
# END TIME: 7428.01
## Solution: 
100
231 0
230 267
43 554
121 866
126 1034
46 1357
32 1797
158 2151
151 2728
140 3261
167 3795
141 4254
163 4567
164 5029
165 5303
162 5981
186 6942
212 7403
208 7766
77 8084
214 8271
74 8462
81 8834
84 9164
213 9648
168 9816
183 10151
169 10723
178 11032
172 11315
171 11697
173 12175
195 12486
181 12922
83 13390
210 13764
132 14223
215 14723
21 15148
237 15216
233 15610
25 15788
119 16282
252 16675
253 17020
102 17576
254 18306
52 18456
123 18679
45 18803
219 19075
23 19277
124 19597
60 19868
36 20175
62 20464
55 20803
135 21006
92 21287
99 21539
105 22073
134 22168
88 22504
103 22836
227 23155
35 23470
64 24082
159 24513
27 25295
118 25728
26 26092
236 26530
201 26925
203 27583
73 28008
204 28290
78 28563
72 28836
75 29249
194 30050
113 30462
10 30852
16 31185
6 31578
4 31722
1 31981
136 32497
115 33170
14 33481
12 33805
111 34185
0 34546
180 35616
193 35920
185 36315
223 38099
207 39999
22 41215
19 42222
58 42774
# BEST TD SOLUTION: 43005
