# INSTANCE: InstancesTDTSP/inst_100_2.txt InstancesTDTSP/tdtsp_bench_255_6h00_12h30_10p_ti_mirrored.txt
# ALGORITHM: TDNOOVERLAP RESTART
# NUMBER OF VISITS: 100
# NUMBER OF TIME WINDOWS: 130
# TIME LIMIT: 7200
# EXTRACTION TIME: 246.39
* 0.06 38726
* 0.13 38515
* 0.76 38501
* 0.83 38474
* 0.94 38151
* 1.24 38142
* 1.26 38053
* 1.31 37817
* 1.8 37803
* 2.37 37763
* 2.61 37737
* 2.91 37461
* 3.45 37443
* 4.37 37332
* 5.14 37279
* 20.5 37272
* 144.24 37186
* 144.39 37179
* 147.12 37144
* 148.85 37101
* 153.98 37087
* 156.42 36831
* 162.97 36737
* 163.32 36719
* 177.88 36703
* 199.67 36693
* 201.24 36660
* 203.63 36614
* 204.92 36610
* 205.09 36605
* 217.66 36549
* 226.08 36523
* 226.49 36513
* 252.7 36474
* 253.8 36464
* 253.95 36449
* 255.3 36441
* 256.02 36385
* 257.28 36379
* 268.78 36376
* 269.85 36372
* 272.31 36362
* 274.59 36346
* 278.14 36238
* 279.13 36220
* 280.58 36191
* 285.47 36182
* 367.41 36121
* 368 35973
* 368.61 35956
* 374.52 35954
* 376.45 35940
* 376.57 35939
* 386.06 35895
* 386.26 35867
* 392.61 35836
* 395.03 35788
* 396.83 35772
* 424.53 35766
* 480.38 35755
* 485.78 35720
* 486.38 35715
* 494.52 35708
* 498.23 35705
* 504.09 35628
* 512.12 35608
* 525.99 35587
* 528.52 35584
* 547.51 35549
* 548.2 35538
* 548.93 35536
* 552.25 35524
* 552.32 35495
* 552.87 35487
* 552.91 35467
* 552.99 35410
* 553.19 35374
* 554.02 35373
* 555.79 35358
* 563.36 35335
* 575.11 35328
* 585.9 35296
* 620.71 35287
* 637.96 35279
* 644.92 35259
* 667.4 35255
* 670.54 35253
* 673.05 35248
* 675.48 35240
* 692.4 35239
* 716.48 35235
* 739.4 35227
* 744 35219
* 744.19 35108
* 746.19 35089
* 747.74 35065
# SOLUTION FOUND
# OPTIMALITY NOT PROVED
# BEST SOLUTION: 35065
# NUMBER OF BRANCHES: 10316803
# END TIME: 7446.4
## Solution: 
100
80 0
79 301
210 659
77 949
208 1175
131 1462
75 1647
183 2010
173 2463
182 2887
11 3240
186 3588
195 3895
161 4805
192 5071
145 5375
154 5836
155 6195
189 6469
65 7133
121 7322
46 7625
37 7999
229 8213
38 8292
122 8508
47 8712
52 8921
45 9348
123 9498
124 9991
62 10559
55 10895
135 11176
48 11520
234 12205
90 12747
238 12933
105 13437
104 13847
95 14167
103 14560
50 15015
35 15336
125 15768
232 15985
159 16371
156 16677
164 17060
160 17439
144 17673
162 17874
151 18245
43 18534
61 18812
230 18879
126 19120
40 19307
254 19694
116 19899
34 20173
85 20536
70 20889
204 21220
73 21453
76 21781
209 21992
205 22072
69 22216
221 22602
240 22959
68 23281
118 23817
218 24026
220 24496
27 24858
215 25122
233 25461
245 25630
26 25850
117 26374
94 26808
197 27533
198 27945
249 28357
9 29417
110 29667
5 29955
112 30197
14 30640
12 30776
1 31056
136 31461
137 31815
17 32529
247 32897
109 33089
111 33432
106 33733
179 34485
# BEST TD SOLUTION: 35065
