# INSTANCE: InstancesTDTSP/inst_50_10.txt InstancesTDTSP/tdtsp_bench_255_6h00_12h30_10p_ti_mirrored.txt
# ALGORITHM: TSP MEDIAN NOOVERLAP RESTART
# NUMBER OF VISITS: 50
# NUMBER OF TIME WINDOWS: 130
# TIME LIMIT: 7200
* 0 37807 41516
* 0 23524 24578
* 0 23464 24502
* 0.01 23151 24328
* 0.13 23137 24278
* 0.19 22988 24095
* 0.33 22854 23967
* 0.34 22825 23882
* 0.54 22798 23859
* 0.58 22778 23859
* 0.58 22759 23892
* 0.58 22720 23789
* 0.59 22680 23707
* 0.61 22654 23681
* 0.61 22653 23691
* 0.64 22633 23691
* 0.7 22515 23681
* 0.7 22478 23560
* 0.71 22412 23529
* 2.07 22363 23743
* 2.07 22361 23762
* 2.1 22343 23819
* 2.2 22282 23556
* 2.2 22262 23579
* 2.28 22229 23529
* 2.29 22227 23527
* 2.29 22215 23565
* 2.3 22207 23569
* 2.5 22205 23567
* 2.51 21907 23133
* 2.52 21904 23115
* 2.52 21866 23166
* 2.82 21837 23218
* 2.89 21767 23141
* 2.92 21760 23164
* 2.94 21735 23087
* 2.94 21734 23110
* 2.95 21724 23292
* 2.97 21694 23282
* 2.98 21672 23376
* 3.2 21608 23081
* 3.34 21606 23077
* 3.38 21569 22867
* 4.09 21510 22727
* 4.17 21441 22762
* 4.35 21427 22621
* 4.42 21391 22720
* 4.42 21317 22497
* 6.17 21237 22437
* 6.3 21236 22478
* 6.33 21171 22508
* 6.33 21103 22492
* 6.49 21044 22440
* 6.49 21040 22516
* 6.49 20962 22455
* 6.5 20954 22456
* 6.75 20948 22308
* 6.77 20914 22293
* 6.78 20895 22291
* 9.92 20890 22209
* 9.93 20807 22137
* 9.93 20805 22137
* 9.94 20800 22163
* 9.97 20764 22134
* 9.99 20757 22141
* 9.99 20691 22182
* 10.05 20639 22065
* 139.88 20633 22011
# SOLUTION FOUND
# OPTIMALITY NOT PROVED
# BEST TSP SOLUTION: 20633
# NUMBER OF BRANCHES: 155989087
# END TIME: 7200
## Solution with TDTSP times: 
50
93 0
91 678
105 1007
88 1470
35 2200
228 2795
248 3409
62 4147
57 4694
48 4850
19 5677
58 6288
230 6508
37 7066
152 7601
191 8067
65 8602
81 9258
84 9594
221 9960
78 10495
202 10849
209 11103
241 11484
132 11623
22 12132
216 12603
31 12870
34 13294
54 13570
210 13969
213 14212
168 14306
176 14832
171 15035
11 15372
225 15951
113 16464
177 16705
0 17327
106 17765
6 17949
1 18185
7 18691
110 18930
5 19050
236 19940
237 20032
198 20742
197 21092
# BEST TD SOLUTION: 22011
