# INSTANCE: InstancesTDTSP/NewTWinstances/inst_10_10_TW.txt InstancesTDTSP/tdtsp_bench_255_6h00_12h30_20p_ti_mirrored.txt
# ALGORITHM: CPP_NEXT
# NUMBER OF VISITS: 10
# NUMBER OF TIME WINDOWS: 130
# TIME LIMIT: 7200
* 0.209 11136
* 0.535 10911
* 0.547 10794
* 0.564 10698
* 0.872 10682
* 1.662 10681
* 3.383 10560
* 3.395 10191
* 3.406 10003
* 3.443 9976
* 4.163 9913
* 4.25 9707
* 4.271 9677
* 4.302 9555
* 4.37 9524
* 16.43 9411
* 16.731 9369
# SOLUTION FOUND
# OPTIMALITY PROVED
# BEST SOLUTION: 9369
# NUMBER OF BRANCHES: 138711
# END TIME: 21.104
## Solution: 
10
48 0
107 1427
7 1706
11 2887
187 4025
123 5080
19 5534
133 6761
98 7812
105 8464
# BEST TD SOLUTION: 9369
