# INSTANCE: InstancesTDTSP/inst_100_10.txt InstancesTDTSP/tdtsp_bench_255_6h00_12h30_mirrored.txt
# ALGORITHM: TDNOOVERLAP RESTART
# NUMBER OF VISITS: 100
# NUMBER OF TIME WINDOWS: 130
# TIME LIMIT: 7200
# EXTRACTION TIME: 223.73
* 0.05 44903
* 0.08 44688
* 0.22 44637
* 0.24 44177
* 0.35 44059
* 1.3 43858
* 1.59 43856
* 1.87 43797
* 1.97 43678
* 2.15 43555
* 2.77 43506
* 3.04 43486
* 4.04 43446
* 4.11 43376
* 4.3 43092
* 4.44 43044
* 4.6 43014
* 4.85 43009
* 5.26 42970
* 5.35 42644
* 5.59 42630
* 5.9 42474
* 6.22 42473
* 6.57 42270
* 9.73 42200
* 10.42 42178
* 10.9 41979
* 11.58 41941
* 28.82 41815
* 29 41788
* 29.55 41735
* 29.6 41714
* 29.98 41710
* 31.02 41695
* 31.89 41658
* 183.23 41597
* 192.9 41501
* 193.37 41497
* 194.97 41338
* 201.05 41261
* 214.63 41258
* 230.11 41256
* 265.46 41194
* 267.25 41004
* 267.82 40926
* 269.15 40727
* 276.36 40715
* 291.55 40660
* 295.93 40645
* 338.29 40516
* 340.43 40496
* 342.77 40482
* 351.39 40433
* 351.58 40430
* 380.91 40413
* 385.12 40368
* 386.62 40321
* 395.12 40275
* 406.97 40266
* 456.41 40180
* 468.54 40179
* 474.56 40178
* 484.24 40151
* 484.73 40039
* 484.85 40029
* 485.84 40027
* 496.85 40026
* 518.76 40021
# SOLUTION FOUND
# OPTIMALITY NOT PROVED
# BEST SOLUTION: 40021
# NUMBER OF BRANCHES: 11704325
# END TIME: 7423.74
## Solution: 
100
108 0
250 319
16 750
112 969
13 1341
7 1488
3 1808
239 2197
109 2959
17 3764
136 4755
139 5373
132 6580
241 6873
203 7312
76 7727
73 7933
206 8198
78 8393
210 8775
77 9107
170 9372
208 9644
83 9923
158 10480
189 10716
155 11094
157 11525
54 11871
46 12354
37 12671
38 12964
127 13106
58 13585
231 13794
243 13960
49 14138
140 14334
151 14638
163 14876
160 14967
146 15184
162 15400
153 15649
161 15987
32 16489
191 16806
121 17127
27 17567
245 18073
26 18322
25 18661
237 18976
236 19280
201 19643
246 20064
29 20483
196 20933
20 21643
102 22051
89 22659
134 22975
234 23376
99 23714
135 24031
48 24397
248 24925
227 25539
50 25793
199 26350
96 26984
101 27197
95 27696
59 28378
123 28844
45 28982
220 29392
253 29591
251 29911
217 30273
34 30814
129 31284
79 31585
84 31956
70 32276
209 32642
69 32990
67 33411
225 33735
193 34316
171 34668
182 35088
11 35393
181 35720
175 36099
226 36685
224 37575
9 38492
4 39139
114 39674
# BEST TD SOLUTION: 40021
