# INSTANCE: InstancesTDTSP/inst_20_18_TW.txt InstancesTDTSP/tdtsp_bench_255_6h00_12h30_10p_ti_mirrored.txt
# ALGORITHM: TSP MEDIAN NOOVERLAP RESTART
# NUMBER OF VISITS: 20
# NUMBER OF TIME WINDOWS: 130
# TIME LIMIT: 3600
* 0 15383 -1
* 0 14718 -1
* 0.01 13891 -1
* 0.01 13775 -1
* 0.05 13590 -1
* 0.05 13584 -1
* 0.19 13500 -1
* 0.19 13455 -1
* 0.19 13395 22848
* 0.2 13195 -1
* 0.2 13011 -1
* 0.2 12653 -1
* 0.2 12343 -1
* 0.21 12336 -1
* 0.21 12050 -1
* 0.25 11977 -1
# TSP SOLUTION FOUND
# TSP OPTIMALITY PROVED
# BEST TSP SOLUTION: 11977
# NUMBER OF BRANCHES: 98792
# END TIME: 2.06
## Solution with TDTSP times: 
20
202 0
221 372
81 880
130 1134
131 1420
83 1683
208 2042
189 2556
176 3607
172 3813
171 4150
200 6320
31 6995
98 8668
230 9926
9 11613
17 12285
239 12838
161 13903
87 15035
# BEST TD SOLUTION: 22848
