# INSTANCE: InstancesTDTSP/inst_50_13.txt InstancesTDTSP/tdtsp_bench_255_6h00_12h30_20p_ti_mirrored.txt
# ALGORITHM: TSP MEDIAN NOOVERLAP RESTART
# NUMBER OF VISITS: 50
# NUMBER OF TIME WINDOWS: 130
# TIME LIMIT: 7200
* 0 33324 36184
* 0 24559 26437
* 0 24427 26406
* 0 23504 25513
* 0.05 23287 25152
* 0.15 22753 24529
* 0.59 22600 24366
* 0.62 22545 24457
* 0.65 22498 24365
* 0.88 22496 24313
* 0.89 22350 24385
* 0.89 22317 23997
* 0.97 22289 24118
* 0.98 22236 23923
* 0.99 22235 23889
* 1 22061 23830
* 1.01 22015 23585
* 2.39 21973 23622
* 2.42 21918 23626
* 2.59 21888 23776
* 2.96 21885 23826
* 3.19 21834 23898
* 3.32 21823 23953
* 4.93 21818 23768
* 5.03 21796 23848
* 19.76 21769 23852
* 19.77 21766 23667
* 363.73 21742 23744
* 379.31 21726 23505
* 379.32 21724 23477
* 385.09 21686 23567
* 400.81 21661 23160
* 400.85 21649 23266
* 400.89 21637 23293
* 400.9 21583 23500
* 401.28 21549 23517
* 401.3 21478 23290
* 401.38 21361 23489
* 401.55 21219 22969
* 401.69 21213 22969
* 401.78 21139 22774
* 401.79 21061 22782
* 401.82 21053 22696
* 402.3 21041 22730
* 404.12 20964 22751
* 404.16 20962 22718
* 408.19 20927 22906
* 408.64 20889 22945
* 408.64 20888 22944
* 412.18 20854 22872
* 415.27 20839 22928
* 1831.4 20810 22459
# SOLUTION FOUND
# OPTIMALITY NOT PROVED
# BEST TSP SOLUTION: 20810
# NUMBER OF BRANCHES: 149360770
# END TIME: 7200
## Solution with TDTSP times: 
50
193 0
161 686
144 1138
166 1538
43 1851
219 2357
124 2864
36 3445
228 4301
35 4965
103 5736
99 6900
97 7408
134 7832
87 8186
104 8888
96 9528
89 10536
102 11191
93 11429
119 12056
118 12483
27 12782
30 13227
218 13450
254 13965
116 14045
44 14196
52 14424
61 14710
230 14771
243 14889
191 15339
157 15602
81 15862
71 16046
79 16217
235 16530
72 16814
78 16917
76 17303
211 17540
68 18043
222 18344
226 18705
223 19584
9 20400
2 20665
247 21344
3 21965
# BEST TD SOLUTION: 22459
