# INSTANCE: InstancesTDTSP/inst_30_14.txt InstancesTDTSP/tdtsp_bench_255_6h00_12h30_mirrored.txt
# ALGORITHM: TSP MEDIAN NOOVERLAP RESTART
# NUMBER OF VISITS: 30
# NUMBER OF TIME WINDOWS: 130
# TIME LIMIT: 3600
* 0 24795 26371
* 0 18522 19720
* 0.01 18486 19789
* 0.04 18465 19783
* 0.19 18445 19620
* 0.19 18384 19453
* 0.28 18358 19619
* 0.28 18343 19605
* 0.29 18122 19291
* 0.29 18004 19278
* 0.3 17984 19212
* 0.31 17922 19076
* 0.32 17823 19056
* 0.32 17804 19081
* 0.34 17789 19047
* 0.34 17788 19041
* 0.36 17733 19171
* 0.81 17679 18886
* 0.89 17567 18839
* 0.89 17530 18683
* 0.89 17522 18750
* 0.91 17408 18645
* 0.92 17351 18737
* 1.28 17321 18640
# SOLUTION FOUND
# OPTIMALITY NOT PROVED
# BEST TSP SOLUTION: 17321
# NUMBER OF BRANCHES: 137752324
# END TIME: 3600
## Solution with TDTSP times: 
30
62 0
48 436
60 753
142 1383
160 1602
46 2236
32 2635
166 2792
157 3293
206 3980
240 4549
5 5769
239 6512
109 7511
174 8941
145 9497
130 10046
80 10315
70 10737
207 11641
249 12542
198 13092
196 13346
197 13897
25 14692
120 15213
220 15563
90 16074
96 16972
228 18094
# BEST TD SOLUTION: 18640
