# INSTANCE: InstancesTDTSP/NewTWinstances/inst_10_4_TW.txt InstancesTDTSP/tdtsp_bench_255_6h00_12h30_20p_ti_mirrored.txt
# ALGORITHM: TDNOOVERLAP RESTART
# NUMBER OF VISITS: 10
# NUMBER OF TIME WINDOWS: 130
# TIME LIMIT: 3600
# EXTRACTION TIME: 0.117
* 0 9049
* 0 9020
* 0.001 8790
* 0.001 8651
* 0.002 8403
* 0.002 8270
* 0.003 8143
* 0.004 8081
* 0.004 7966
* 0.004 7656
* 0.006 7593
# SOLUTION FOUND
# OPTIMALITY PROVED
# BEST SOLUTION: 7593
# NUMBER OF BRANCHES: 976
# END TIME: 0.128
## Solution: 
10
168 0
70 289
69 545
11 1272
155 1846
89 3332
39 4908
38 5302
153 6308
161 6605
# BEST TD SOLUTION: 7593
