# INSTANCE: InstancesTDTSP/inst_30_11.txt InstancesTDTSP/tdtsp_bench_255_6h00_12h30_10p_ti_mirrored.txt
# ALGORITHM: TSP MEDIAN NOOVERLAP RESTART
# NUMBER OF VISITS: 30
# NUMBER OF TIME WINDOWS: 130
# TIME LIMIT: 3600
* 0 26493 29097
* 0 16671 18730
* 0 16173 18378
* 0.01 16084 18280
* 0.04 16076 18280
* 0.05 16074 18367
* 0.2 16050 18331
* 0.65 16005 18367
* 0.66 15984 18331
* 0.71 15972 18367
* 0.79 15908 18360
* 0.79 15877 18088
* 0.8 15852 17972
* 3.11 15837 17921
* 3.15 15785 17775
* 3.36 15681 17629
* 3.39 15655 17794
* 3.43 15628 17640
* 3.64 15594 17624
# SOLUTION FOUND
# OPTIMALITY NOT PROVED
# BEST TSP SOLUTION: 15594
# NUMBER OF BRANCHES: 119734875
# END TIME: 3600
## Solution with TDTSP times: 
30
63 0
44 528
52 909
243 1205
163 1652
60 2231
19 2914
92 3406
41 4855
197 7154
196 7618
29 8569
26 9107
10 10641
8 11093
115 11416
12 11790
6 11947
107 12334
106 12644
109 13195
184 14002
185 14365
178 14774
183 15373
69 15851
70 16140
75 16566
86 17113
24 17320
# BEST TD SOLUTION: 17624
