# INSTANCE: InstancesTDTSP/NewTWinstances/inst_10_1_TW.txt InstancesTDTSP/tdtsp_bench_255_6h00_12h30_20p_ti_mirrored.txt
# ALGORITHM: CPP_NEXT
# NUMBER OF VISITS: 10
# NUMBER OF TIME WINDOWS: 130
# TIME LIMIT: 7200
* 0.041 8707
* 0.085 8671
* 0.328 8668
* 0.331 8519
* 0.364 8516
* 0.365 8498
* 0.703 8491
* 0.703 8479
* 0.707 8459
* 0.756 8435
* 0.77 8402
* 1.107 8385
* 1.112 8182
* 1.112 8178
* 1.654 8152
* 1.655 8120
* 1.878 8100
* 1.952 8089
* 1.958 8030
* 1.967 7847
* 1.967 7846
# SOLUTION FOUND
# OPTIMALITY PROVED
# BEST SOLUTION: 7846
# NUMBER OF BRANCHES: 66636
# END TIME: 6.615
## Solution: 
10
222 0
240 390
9 1171
190 2507
150 3616
127 4446
32 5249
81 6046
74 6333
132 7156
# BEST TD SOLUTION: 7846
