# INSTANCE: InstancesTDTSP/inst_50_17.txt InstancesTDTSP/tdtsp_bench_255_6h00_12h30_20p_ti_mirrored.txt
# ALGORITHM: TSP MEDIAN NOOVERLAP RESTART
# NUMBER OF VISITS: 50
# NUMBER OF TIME WINDOWS: 130
# TIME LIMIT: 7200
* 0.01 36141 39151
* 0.01 23880 26006
* 0.02 22940 25201
* 0.12 22898 25112
* 0.15 22860 25105
* 0.15 22810 24985
* 0.15 22808 24743
* 0.16 22676 24670
* 0.17 22640 24683
* 0.19 22551 24522
* 0.2 22508 24654
* 0.23 22410 24250
* 0.25 22377 24497
* 0.25 22271 24205
* 0.26 22189 24031
* 0.26 22164 23777
* 0.28 22098 23612
* 0.28 22080 23763
* 0.31 22067 23550
* 0.35 22055 23509
* 0.36 21955 23836
* 0.58 21934 23839
* 0.59 21820 23676
* 2.04 21807 23608
* 2.06 21688 23550
* 2.06 21624 23472
* 2.06 21499 23352
* 2.1 21445 23249
* 2.13 21376 23219
* 2.48 21364 23375
* 2.66 21355 23375
* 3.04 21344 23371
* 3.49 21292 23268
* 3.57 21278 23253
* 3.61 21212 23291
* 3.66 21210 23285
* 4.25 21201 23283
# SOLUTION FOUND
# OPTIMALITY NOT PROVED
# BEST TSP SOLUTION: 21201
# NUMBER OF BRANCHES: 154385665
# END TIME: 7200
## Solution with TDTSP times: 
50
44 0
254 303
24 604
242 1107
61 1339
230 1558
243 1673
159 2150
163 2900
164 3318
165 3541
146 4220
192 4698
212 5397
178 6186
173 6619
195 7104
155 7986
131 8662
74 8963
214 9103
77 9376
225 10011
18 10393
0 11350
17 11857
14 12516
2 12695
1 12932
8 13255
223 14307
70 15265
72 15552
73 15874
21 16428
200 16934
251 17243
30 17438
252 17769
253 18210
94 18827
90 19410
99 19716
100 20280
103 20620
248 21274
36 21696
59 22121
135 22525
123 23006
# BEST TD SOLUTION: 23283
