# INSTANCE: InstancesTDTSP/inst_50_5.txt InstancesTDTSP/tdtsp_bench_255_6h00_12h30_20p_ti_mirrored.txt
# ALGORITHM: TSP MEDIAN NOOVERLAP RESTART
# NUMBER OF VISITS: 50
# NUMBER OF TIME WINDOWS: 130
# TIME LIMIT: 7200
* 0 32694 35059
* 0 20997 22785
* 0.01 20727 22440
* 0.12 20555 22305
* 0.13 20508 22359
* 0.17 20440 22358
* 0.19 20326 22266
* 0.21 20305 22208
* 0.23 20295 22182
* 0.41 20221 22188
* 1.96 20213 22291
* 2 20163 22239
* 2.22 20155 22298
* 2.28 20110 22200
* 2.38 19991 22057
* 2.4 19956 21979
* 2.72 19942 21785
* 2.74 19901 21606
* 2.98 19891 21587
* 3.68 19850 21606
* 4.1 19834 21838
* 7.09 19831 21737
* 13.69 19827 21616
* 19.62 19811 21743
* 19.82 19808 21744
* 1284.41 19792 21659
* 1284.65 19761 21601
# SOLUTION FOUND
# OPTIMALITY NOT PROVED
# BEST TSP SOLUTION: 19761
# NUMBER OF BRANCHES: 147095061
# END TIME: 7200
## Solution with TDTSP times: 
50
175 0
184 575
172 1054
169 1161
173 1437
195 1759
182 2152
11 2294
212 2797
192 3389
145 3696
147 4179
154 4342
163 5107
160 5334
141 6082
152 6610
127 7194
39 7564
56 8205
125 8844
58 9645
61 9928
242 10220
243 10464
43 10746
229 11002
38 11291
40 11758
128 12298
69 12826
225 13221
194 13608
7 14100
112 14291
106 14795
17 15258
138 15917
139 16242
245 17175
93 17848
105 18298
234 18699
253 19480
217 19908
24 20263
85 20718
81 20977
80 21137
74 21317
# BEST TD SOLUTION: 21601
