# INSTANCE: InstancesTDTSP/inst_30_12.txt InstancesTDTSP/tdtsp_bench_255_6h00_12h30_20p_ti_mirrored.txt
# ALGORITHM: TSP MEDIAN NOOVERLAP RESTART
# NUMBER OF VISITS: 30
# NUMBER OF TIME WINDOWS: 130
# TIME LIMIT: 3600
* 0.01 20522 23760
* 0.01 16377 19091
* 0.01 15667 18377
* 0.1 15152 17704
* 0.1 15131 17782
* 0.11 14898 18016
* 0.11 14863 17767
* 0.57 14852 17939
* 0.58 14829 17875
* 0.64 14802 17889
* 0.64 14731 17880
* 0.67 14613 17773
* 0.85 14511 17737
* 0.86 14504 17899
* 1.72 14491 17830
* 16.18 14473 17798
* 16.18 14423 17843
* 16.21 14393 17710
* 16.23 14392 17799
# SOLUTION FOUND
# OPTIMALITY NOT PROVED
# BEST TSP SOLUTION: 14392
# NUMBER OF BRANCHES: 116397266
# END TIME: 3600
## Solution with TDTSP times: 
30
219 0
243 457
37 816
150 1063
146 1451
144 1836
63 2397
200 3430
246 4294
223 6849
10 8440
13 9085
7 9283
15 10056
1 10576
2 10979
178 12052
182 12564
174 12825
212 13179
77 13659
130 13824
81 14018
24 14492
60 15047
33 15425
103 16085
199 16507
88 16969
57 17397
# BEST TD SOLUTION: 17799
