# INSTANCE: InstancesTDTSP/inst_100_19_TW.txt InstancesTDTSP/tdtsp_bench_255_6h00_12h30_10p_ti_mirrored.txt
# ALGORITHM: TDNOOVERLAP RESTART
# NUMBER OF VISITS: 100
# NUMBER OF TIME WINDOWS: 130
# TIME LIMIT: 7200
# EXTRACTION TIME: 229.62
* 57.16 54516
* 121.96 54436
* 327.85 54432
* 328.09 54356
* 328.31 54249
* 328.33 54052
* 328.37 54047
* 328.4 53588
* 328.54 53456
* 328.57 53445
* 328.71 53371
* 329.13 53193
* 329.17 53059
* 329.25 52588
* 330.1 52442
* 330.18 52364
* 330.98 51675
* 331.01 51623
* 331.61 51567
* 331.63 51525
* 331.65 51322
* 332.89 51318
* 332.94 51175
* 333.38 51058
* 334.29 51054
* 345.54 50893
* 345.56 50734
* 345.6 50698
* 345.73 50552
* 345.95 50424
* 346.15 50388
* 346.24 50377
* 347.14 50376
* 347.23 50004
* 347.39 49988
* 430.64 49858
* 430.68 49740
* 431 49723
* 431.02 49721
* 431.05 49718
* 431.66 49659
* 431.75 49261
* 432.92 49259
* 434.41 49188
* 434.45 49180
* 434.52 49175
* 435.05 49173
* 436.35 49169
* 436.71 48445
* 454 48433
* 454.07 48397
* 454.09 48283
* 461.84 48216
* 473.42 48205
* 488.71 47845
* 641.79 47840
* 667.56 47806
* 667.67 47643
* 684.5 47629
* 684.55 47600
* 684.63 47350
* 1143.66 47276
* 1143.68 46915
* 1143.79 46184
* 1144.43 45794
* 1145.06 45719
* 1145.18 45681
* 1145.26 45576
* 1146.44 45555
* 1146.51 45543
* 1146.53 45425
* 1146.66 45411
* 1160.83 45256
* 1160.87 45150
* 1162.07 45120
* 1162.43 44932
* 1162.48 44909
* 1162.51 44851
* 1165.99 44760
* 1238.88 44603
# SOLUTION FOUND
# OPTIMALITY NOT PROVED
# BEST SOLUTION: 44603
# NUMBER OF BRANCHES: 38691964
# END TIME: 7429.63
## Solution: 
100
106 0
239 266
4 545
2 972
12 1285
7 1679
16 1914
177 2529
194 2615
179 3229
225 4234
18 4673
168 5770
213 6169
74 6517
83 6937
128 7483
69 8060
78 8470
206 8872
221 9502
226 10037
240 10193
171 11186
173 11498
174 11855
195 12172
186 12548
181 12871
176 13329
178 13495
184 13905
145 14653
192 14994
153 15265
160 15677
154 15926
155 16298
157 16659
54 16908
65 17240
40 17500
126 17720
121 17988
229 18149
122 18429
52 18761
231 19000
61 19242
49 19523
39 19770
45 20012
44 20369
31 20725
254 20890
116 20968
217 21455
215 21829
233 22129
244 22336
246 22670
201 22940
29 23360
20 23743
117 24098
102 24582
238 24813
57 25319
124 25741
60 26082
125 26462
64 26804
228 27034
35 27593
227 27829
199 28153
100 28529
103 28794
88 29317
55 29755
135 29968
56 30440
159 30857
156 31060
152 31319
163 31566
140 32126
218 32868
252 33180
119 33618
198 34335
196 34730
89 35682
96 36260
207 38201
129 39311
17 41392
136 42298
0 43606
247 43845
# BEST TD SOLUTION: 44603
