# INSTANCE: InstancesTDTSP/inst_20_19.txt InstancesTDTSP/tdtsp_bench_255_6h00_12h30_20p_ti_mirrored.txt
# ALGORITHM: TSP MEDIAN NOOVERLAP RESTART
# NUMBER OF VISITS: 20
# NUMBER OF TIME WINDOWS: 130
# TIME LIMIT: 3600
* 0 13266 16636
* 0 11060 14447
* 0 10800 14159
* 0 10371 14080
* 0.01 10354 14001
* 0.02 10310 13879
* 0.03 10225 14106
* 0.05 10103 13867
* 0.08 10083 13954
* 1.01 10051 14212
* 1.02 10016 14211
* 1.09 9958 13807
* 79.2 9948 13641
* 79.23 9939 13641
* 1371.33 9909 13825
# SOLUTION FOUND
# OPTIMALITY NOT PROVED
# BEST TSP SOLUTION: 9909
# NUMBER OF BRANCHES: 178829026
# END TIME: 3600
## Solution with TDTSP times: 
20
147 0
178 532
212 927
128 1577
54 1877
210 2351
67 2897
223 5046
1 7006
201 8871
30 9899
23 10565
39 11105
231 11403
242 11732
43 12253
37 12458
140 12695
142 13027
153 13466
# BEST TD SOLUTION: 13825
