# INSTANCE: InstancesTDTSP/inst_30_11_TW.txt InstancesTDTSP/tdtsp_bench_255_6h00_12h30_10p_ti_mirrored.txt
# ALGORITHM: TSP MEDIAN NOOVERLAP RESTART
# NUMBER OF VISITS: 30
# NUMBER OF TIME WINDOWS: 130
# TIME LIMIT: 3600
* 0 17010 18716
* 0.01 16064 17726
* 0.06 16029 -1
* 0.08 16005 -1
* 0.09 15993 -1
* 0.1 15969 -1
* 0.83 15895 -1
* 0.83 15887 -1
* 0.83 15793 -1
* 1.12 15728 -1
* 1.14 15634 -1
* 1.16 15567 -1
* 1.19 15488 -1
# TSP SOLUTION FOUND
# TSP OPTIMALITY NOT PROVED
# BEST TSP SOLUTION: 15488
# NUMBER OF BRANCHES: 139981706
# END TIME: 3600.01
## Solution with TDTSP times: 
30
63 0
24 403
86 789
44 1094
52 1475
19 1754
92 2170
60 2895
243 3507
163 4276
75 5412
70 6032
69 6503
183 7210
178 7774
185 8439
184 8952
6 9916
107 10314
12 10629
8 10893
115 11218
10 11667
106 12211
109 12766
41 14287
197 15521
196 15863
29 16646
26 17057
# BEST TD SOLUTION: 17726
