# INSTANCE: InstancesTDTSP/inst_50_1.txt InstancesTDTSP/tdtsp_bench_255_6h00_12h30_20p_ti_mirrored.txt
# ALGORITHM: TSP MEDIAN NOOVERLAP RESTART
# NUMBER OF VISITS: 50
# NUMBER OF TIME WINDOWS: 130
# TIME LIMIT: 7200
* 0 32487 35038
* 0 22937 24213
* 0.02 22475 23942
* 0.15 22443 23810
* 0.15 22402 23805
* 0.16 22246 23805
* 0.17 22144 23748
* 0.18 22128 23771
* 0.18 22097 23834
* 0.18 21933 23714
* 0.19 21863 23804
* 0.2 21848 23540
* 1.49 21723 23139
* 1.52 21601 23110
* 1.52 21445 23123
* 1.57 21429 23127
* 1.6 21355 23132
* 1.76 21252 22991
* 1.88 21237 22909
* 2.18 21213 22688
* 2.25 21144 22810
* 2.35 21120 22810
* 2.42 21089 22923
* 2.44 21042 22780
* 2.54 21021 22759
* 2.78 20967 22702
* 3.38 20878 22702
* 3.81 20875 22788
* 3.9 20868 22685
* 3.92 20837 22653
# SOLUTION FOUND
# OPTIMALITY NOT PROVED
# BEST TSP SOLUTION: 20837
# NUMBER OF BRANCHES: 157280464
# END TIME: 7200
## Solution with TDTSP times: 
50
231 0
58 307
123 578
19 744
124 1012
36 1365
64 1566
227 2012
62 2951
99 3619
105 4492
119 5722
215 6278
233 6760
26 7218
237 7864
22 8394
27 8881
52 9711
140 10137
167 10619
141 10982
165 11320
163 11858
151 12324
208 12794
204 13245
73 13564
203 14017
132 14461
10 15082
16 15408
1 15840
136 16330
4 16942
113 17444
183 17966
169 18425
178 18687
181 19036
185 19489
212 20068
75 20369
210 20597
214 20825
213 21012
158 21320
126 21761
46 22060
43 22399
# BEST TD SOLUTION: 22653
