# INSTANCE: InstancesTDTSP/inst_100_13.txt InstancesTDTSP/tdtsp_bench_255_6h00_12h30_20p_ti_mirrored.txt
# ALGORITHM: TDNOOVERLAP RESTART
# NUMBER OF VISITS: 100
# NUMBER OF TIME WINDOWS: 130
# TIME LIMIT: 7200
# EXTRACTION TIME: 289.71
* 0.06 40277
* 0.14 40214
* 0.33 40185
* 1.37 40086
* 1.41 40082
* 86.4 40074
* 117.89 40071
* 118.41 40005
* 130.57 39910
* 130.86 39886
* 130.9 39850
* 133.14 39847
* 175.49 39696
* 177.69 39686
* 177.72 39684
* 183.48 39573
* 184.32 39463
* 207.9 39425
* 251.99 39410
* 273.17 39336
* 276.83 39095
* 281.39 39088
* 325.02 38946
* 326 38907
* 328.31 38905
* 328.44 38442
* 351.54 38423
* 352.34 38404
* 370.07 38382
* 375.89 38269
* 383.63 38266
* 397.87 38222
* 428.15 38172
* 431.96 38170
* 433.88 38149
* 436.87 37991
* 452.95 37939
* 477.51 37937
* 477.68 37887
* 479.38 37804
* 479.8 37744
* 479.83 37728
* 479.91 37719
* 480.45 37716
* 483.55 37715
* 483.58 37682
* 492.25 37659
* 494.06 37652
* 494.59 37638
* 494.69 37635
* 497.56 37573
* 498.12 37547
* 503.61 37532
* 503.65 37508
* 518.28 37427
* 530.92 37415
* 531.16 37414
* 533.57 37382
* 533.61 37367
* 538.41 37361
* 549.67 37342
* 549.75 37338
* 567.41 37328
* 568.24 37316
* 570.72 37272
* 571.35 37219
* 678.96 37209
* 1524.66 37200
* 1570.94 37176
* 1572.42 37157
* 1573.01 37141
* 5410.58 37135
* 5684.36 37132
* 5685.14 37097
* 5690.47 37084
* 5696.26 37074
* 5696.63 37023
# SOLUTION FOUND
# OPTIMALITY NOT PROVED
# BEST SOLUTION: 37023
# NUMBER OF BRANCHES: 11656535
# END TIME: 7489.73
## Solution: 
100
27 0
22 367
119 754
218 981
251 1449
200 1720
25 2037
244 2477
237 2687
236 2883
215 3442
254 4042
116 4385
31 4828
40 5299
47 5679
46 6091
37 6348
229 6804
42 7168
123 7703
19 8124
92 8551
99 8829
55 9264
57 9623
48 9896
125 10506
248 10924
33 11436
59 11928
133 12584
87 12997
96 13508
98 14061
41 14522
35 14958
159 15525
163 15969
188 16155
160 16366
164 16603
165 16746
142 17035
152 17409
242 17886
126 18277
191 18444
149 18643
187 18726
147 18960
154 19157
162 19591
153 19705
161 19909
192 20179
212 20646
170 20957
130 21184
79 21463
74 21777
81 22029
83 22186
24 22663
53 23009
235 23511
72 23874
206 24142
76 24497
205 24711
202 24892
70 25009
85 25293
213 25599
175 25904
169 26183
11 26606
184 26926
194 27567
113 27954
13 28360
7 28455
12 28658
4 28828
138 29301
17 29779
0 30243
247 30455
106 31075
107 31386
115 31675
110 31912
16 32084
224 32872
68 33521
241 34007
20 34812
117 35036
102 35473
238 35890
# BEST TD SOLUTION: 37023
