# INSTANCE: DATA_TDTSP_randomd/10/bench_10_selected/ALL/inst_10_3.txt DATA_TDTSP/tdtsp_bench_255_6h00_12h30_mirrored.txt
# ALGORITHM: TDNOOVERLAP RESTART
# NUMBER OF VISITS: 10
# NUMBER OF TIME WINDOWS: 130
# TIME LIMIT: 7200
 ! ----------------------------------------------------------------------------
 ! Minimization problem - 13 variables, 5 constraints, 1 phase
 ! Presolve      : 1 extractable eliminated
 ! SearchType           = DepthFirst
 ! Workers              = 1
 ! RelativeOptimalityTolerance = 1e-009
 ! Initial process time : 0.09s (0.09s extraction + 0.00s propagation)
 # Extraction breakdown : 0.09s concert translation + 0.00s presolve
 !  . Log search space  : 34.6 (before), 34.6 (after)
 !  . Memory usage      : 545.5 kB (before), 545.5 kB (after)
 ! Using sequential search.
 # Presolve memory usage: 35.4 kB
 #  . Model: 9.8 kB (original) + 0 bytes (presolved)
 #  . Master: 9.2 kB (extractor) + 8.2 kB (converter) + 8.2 kB (other)
 ! ----------------------------------------------------------------------------
 !          Best Branches  Non-fixed            Branch decision
 *         10780       18 0.09s                 on 10
* 0.094 10780
 *          9974       39 0.09s                 on 10
* 0.094 9974
 *          9773       62 0.09s                 on 10
* 0.094 9773
 *          9711      832 0.10s                 on 10
* 0.102 9711
            9711     1000         11            on 1
 *          9669     1848 0.11s                 on 10
* 0.113 9669
            9669     2000         11            on 7
            9669     3000         11        F   on 6
 *          9518     3511 0.13s                 on 10
* 0.131 9518
 *          9461     3534 0.13s                 on 10
* 0.131 9461
 *          9379     3555 0.13s                 on 10
* 0.131 9379
 *          9311     3692 0.13s                 on 10
* 0.133 9311
            9311     4000         11            on 1
 *          9206     4487 0.14s                 on 10
* 0.141 9206
 ! ----------------------------------------------------------------------------
 ! Search terminated normally, 10 solutions found.
 ! Best objective         : 9206 (optimal - effective tol. is 0)
 ! Number of branches     : 4536
 ! Number of fails        : 2270
 ! Total memory usage     : 8.0 MB (0.6 MB CP Optimizer + 7.4 MB Concert)
 ! Time spent in solve    : 0.14s (0.04s engine + 0.09s extraction)
 # Extraction breakdown   : 0.09s concert translation + 0.00s presolve
 ! Search speed (br. / s) : 92571.4
 ! ----------------------------------------------------------------------------
# SOLUTION FOUND
# OPTIMALITY PROVED
# BEST SOLUTION: 9206
# NUMBER OF BRANCHES: 4536
# END TIME: 0.142
## Solution: 
10
165 0
111 1246
91 3272
100 4206
228 5264
38 6498
79 7349
77 7654
168 7979
155 8394
# BEST TD SOLUTION: 9206
