# INSTANCE: InstancesTDTSP/inst_20_5.txt InstancesTDTSP/tdtsp_bench_255_6h00_12h30_mirrored.txt
# ALGORITHM: TSP MEDIAN NOOVERLAP RESTART
# NUMBER OF VISITS: 20
# NUMBER OF TIME WINDOWS: 130
# TIME LIMIT: 3600
* 0.01 18218 19631
* 0.01 12358 13778
* 0.05 12346 13776
* 0.06 12311 13799
* 0.07 12251 13784
* 0.07 11950 13491
* 0.07 11782 13535
* 0.07 11757 13535
* 0.07 11754 13535
* 0.08 11748 13437
* 0.08 11684 13433
* 0.08 11659 13376
* 0.08 11657 13399
* 0.08 11629 13398
# SOLUTION FOUND
# OPTIMALITY PROVED
# BEST TSP SOLUTION: 11629
# NUMBER OF BRANCHES: 15136722
# END TIME: 308.79
## Solution with TDTSP times: 
20
82 0
81 402
213 800
170 1169
144 1801
164 2198
88 4000
40 5601
27 6096
118 6512
215 6943
21 7307
249 8309
110 9872
16 9998
2 10302
137 10966
241 12071
211 12591
204 12958
# BEST TD SOLUTION: 13398
