# INSTANCE: InstancesTDTSP/inst_100_16.txt InstancesTDTSP/tdtsp_bench_255_6h00_12h30_10p_ti_mirrored.txt
# ALGORITHM: TSP MEDIAN NOOVERLAP RESTART
# NUMBER OF VISITS: 100
# NUMBER OF TIME WINDOWS: 130
# TIME LIMIT: 7200
* 0.01 66331 68845
* 0.01 42670 45718
* 0.03 42451 44739
* 0.05 42384 44838
* 0.12 42167 44107
* 0.17 42154 43787
* 0.21 42007 44108
* 0.57 42004 44134
* 0.59 41934 43385
* 0.61 41918 43442
* 0.61 41916 43435
* 0.62 41888 43434
* 0.65 41738 42911
* 0.72 41681 43064
* 0.74 41647 42770
* 0.8 41619 42759
* 0.8 41614 42742
* 0.86 41598 43057
* 0.87 41496 42874
* 0.88 41479 42758
* 0.9 41392 42506
* 0.92 41385 42382
* 0.92 41297 42438
* 0.93 41255 42322
* 0.94 40905 41705
* 0.95 40880 41753
* 1.03 40781 41813
* 1.15 40556 41660
* 1.2 40489 41188
* 1.21 40389 40846
* 1.3 40377 40898
* 1.33 40312 40764
* 10.07 40296 40943
* 10.9 40257 41098
* 11.05 40227 41009
* 11.63 40156 40924
* 11.81 40086 40577
* 12 40076 40565
* 12.11 40062 40493
* 12.14 40042 40543
* 12.3 40033 40543
* 13.06 40015 40522
* 13.15 40003 40522
* 13.24 39955 40472
* 13.33 39916 40355
* 13.83 39910 40309
* 14.18 39893 40186
* 14.44 39823 40174
* 14.45 39812 40081
* 14.46 39782 39836
* 14.53 39779 39836
* 14.8 39776 39980
* 15 39716 39797
* 15 39642 39983
* 15.05 39573 39742
* 15.13 39536 39759
* 15.26 39534 39830
* 15.81 39514 39711
* 15.93 39453 39650
* 16.01 39439 39655
* 16.63 39433 39761
* 16.64 39380 39838
* 16.8 39347 39690
* 16.93 39320 39485
* 16.95 39274 39485
* 17.03 39258 39743
* 17.13 39247 39697
* 17.29 39161 39485
* 17.48 39120 39324
* 17.93 39116 39233
* 19.23 39042 39241
* 19.78 39041 39241
* 22.02 38976 39109
* 23.61 38940 39109
* 24.25 38896 39201
* 30.19 38877 39199
* 116.87 38820 39550
* 124.95 38807 39171
* 125.04 38804 39066
* 149.27 38802 39176
# SOLUTION FOUND
# OPTIMALITY NOT PROVED
# BEST TSP SOLUTION: 38802
# NUMBER OF BRANCHES: 70838120
# END TIME: 7200.01
## Solution with TDTSP times: 
100
172 0
195 389
212 668
208 1006
131 1271
157 1626
149 1967
187 2106
155 2423
189 2793
162 3376
163 4061
142 4336
141 4581
152 5144
151 5457
46 6135
43 6561
127 7004
23 7757
124 8170
36 8672
59 9158
62 9595
57 10041
48 10322
45 10995
123 11242
251 11737
218 12107
253 12376
28 12868
254 13089
116 13351
120 13594
34 14077
54 14424
53 14501
206 14896
76 15276
211 15446
209 15625
202 15954
70 16075
128 16327
85 16697
210 16965
18 17749
5 18114
2 18427
1 18657
107 19051
17 19596
247 19947
14 20630
114 20823
12 20995
108 21269
224 22060
66 22796
207 23531
201 24278
246 24687
237 25042
244 25268
25 25579
29 25873
197 26234
20 26737
102 27164
90 27480
97 27846
105 28172
96 28884
88 29412
133 29854
41 30498
227 30655
50 30968
35 31376
125 31842
248 32033
232 32272
56 32766
231 33179
49 33389
47 33712
126 34061
121 34191
65 34488
40 34741
24 35160
235 35800
129 36185
80 36575
79 36875
74 37235
181 37780
180 38390
176 38856
# BEST TD SOLUTION: 39176
