# INSTANCE: InstancesTDTSP/inst_50_17.txt InstancesTDTSP/tdtsp_bench_255_6h00_12h30_mirrored.txt
# ALGORITHM: TSP MEDIAN NOOVERLAP RESTART
# NUMBER OF VISITS: 50
# NUMBER OF TIME WINDOWS: 130
# TIME LIMIT: 7200
* 0.01 26812 28253
* 0.02 26713 28132
* 0.06 26605 27907
* 0.08 26558 27815
* 0.15 26421 27796
* 0.37 25883 26970
* 0.49 25744 26901
* 0.62 25674 26871
* 0.63 25611 26850
* 0.63 25534 26775
* 0.64 25282 26489
* 0.64 25191 26316
* 0.64 25017 26106
* 0.65 25007 26144
* 0.66 24973 26058
* 0.66 24907 26015
* 0.68 24844 25985
* 0.68 24663 25708
* 0.69 24600 25656
* 0.7 24288 25400
* 0.7 24275 25433
* 0.7 24086 25342
* 0.72 24066 25297
* 0.74 23989 25077
* 0.74 23898 24985
* 0.78 23781 24991
* 0.78 23691 24908
* 0.78 23681 24908
* 0.81 23570 24810
* 0.82 23450 24752
* 1.1 23425 24649
* 1.15 23418 24614
* 1.21 23388 24530
* 1.24 23326 24482
* 1.25 23279 24471
* 1.29 23250 24456
* 1.3 23235 24456
* 1.34 23169 24393
* 1.36 23159 24393
* 2.9 23133 24388
* 4.04 23094 24368
# SOLUTION FOUND
# OPTIMALITY NOT PROVED
# BEST TSP SOLUTION: 23094
# NUMBER OF BRANCHES: 182070502
# END TIME: 7200
## Solution with TDTSP times: 
50
44 0
24 304
254 800
200 1232
21 1579
251 2229
30 2467
253 2864
252 3348
94 4492
90 5383
99 5919
100 6813
103 7287
135 8016
61 8741
230 8959
242 9233
243 9389
155 9994
74 10599
214 10736
77 10995
131 11216
72 11631
73 11995
70 12403
225 13045
18 13344
14 13879
2 14019
17 14541
0 14883
1 15521
8 15884
223 17113
178 18774
173 19050
195 19446
212 19800
192 20224
146 20632
163 20884
164 21222
165 21354
159 21980
248 22551
36 22936
59 23400
123 24051
# BEST TD SOLUTION: 24368
