# INSTANCE: InstancesTDTSP/inst_30_13.txt InstancesTDTSP/tdtsp_bench_255_6h00_12h30_20p_ti_mirrored.txt
# ALGORITHM: TSP MEDIAN NOOVERLAP RESTART
# NUMBER OF VISITS: 30
# NUMBER OF TIME WINDOWS: 130
# TIME LIMIT: 3600
* 0 21413 24806
* 0 15472 18347
* 0.04 15457 18321
* 0.06 15307 18081
* 0.54 15287 18163
* 0.56 15272 18099
* 0.82 15189 17990
* 3.21 15119 17980
* 3.21 15111 18006
* 3.37 14959 17686
* 3.38 14951 18016
* 3.39 14815 18006
* 9.6 14781 18088
# SOLUTION FOUND
# OPTIMALITY NOT PROVED
# BEST TSP SOLUTION: 14781
# NUMBER OF BRANCHES: 120041204
# END TIME: 3600
## Solution with TDTSP times: 
30
108 0
111 537
193 1388
195 1782
143 2437
164 3644
60 4801
59 5589
48 6090
57 6332
62 6884
51 7902
101 9230
90 10391
220 11198
30 11492
196 12221
233 12806
237 13157
236 13478
203 13997
70 14467
214 14860
148 15233
121 15600
75 16046
240 16518
68 16771
110 17481
250 17825
# BEST TD SOLUTION: 18088
