# INSTANCE: InstancesTDTSP/inst_50_12.txt InstancesTDTSP/tdtsp_bench_255_6h00_12h30_mirrored.txt
# ALGORITHM: TSP MEDIAN NOOVERLAP RESTART
# NUMBER OF VISITS: 50
# NUMBER OF TIME WINDOWS: 130
# TIME LIMIT: 7200
* 0.01 43574 46503
* 0.01 25674 26731
* 0.02 25540 26619
* 0.02 25515 26562
* 0.03 25497 26538
* 0.04 25471 26515
* 0.06 25450 26540
* 0.07 25239 26274
* 0.08 25182 26227
* 0.08 25145 26221
* 0.1 25133 26221
* 0.11 24747 25792
* 0.11 24744 25821
* 0.12 24573 25701
* 0.14 24546 25644
* 0.16 24523 25572
* 0.2 24470 25493
* 0.21 24404 25427
* 0.22 24216 25176
* 0.23 24213 25285
* 0.25 24065 25209
* 0.25 23925 25092
* 0.28 23922 25061
* 2.37 23886 25042
* 2.41 23724 24782
* 2.42 23652 24766
* 2.47 23634 24766
* 4.6 23505 24709
# SOLUTION FOUND
# OPTIMALITY NOT PROVED
# BEST TSP SOLUTION: 23505
# NUMBER OF BRANCHES: 188513114
# END TIME: 7200
## Solution with TDTSP times: 
50
102 0
217 662
254 951
86 1219
65 1618
43 1829
42 2178
19 2742
97 3551
89 4268
91 4940
101 5523
98 6148
133 6847
199 7657
50 8391
64 9289
36 9621
232 10106
230 10813
163 11497
188 11787
149 12582
54 12952
53 13210
63 13535
85 13868
82 14420
70 14513
205 14833
76 15217
129 15647
131 15927
75 16155
168 16426
170 16664
11 17234
113 18133
3 18404
14 18783
108 19127
115 19643
106 20230
239 20595
4 21063
138 21682
68 22651
236 23267
29 23764
20 24163
# BEST TD SOLUTION: 24709
