# INSTANCE: InstancesTDTSP/inst_100_20.txt InstancesTDTSP/tdtsp_bench_255_6h00_12h30_10p_ti_mirrored.txt
# ALGORITHM: TDNOOVERLAP RESTART
# NUMBER OF VISITS: 100
# NUMBER OF TIME WINDOWS: 130
# TIME LIMIT: 7200
# EXTRACTION TIME: 229.32
* 0.05 44851
* 0.08 44464
* 0.13 44307
* 0.23 43801
* 0.28 43706
* 0.46 43660
* 0.57 43646
* 2.16 43515
* 2.49 43498
* 3.48 43426
* 4.57 43387
* 4.61 43278
* 4.78 43104
* 4.88 43094
* 5.02 43065
* 5.09 43021
* 5.51 42982
* 5.83 42694
* 6.01 42451
* 6.41 42397
* 23.47 42395
* 142.02 42394
* 144.99 42340
* 145.07 42332
* 146.9 42080
* 146.94 41707
* 150.25 41638
* 153.99 41472
* 154.03 41444
* 154.96 41423
* 171.05 41309
* 171.15 41305
* 183.91 41242
* 189.65 41238
* 207.74 41046
* 210.01 41039
* 210.19 40934
* 214.9 40869
* 225.71 40740
* 233.06 40714
* 243.18 40654
* 259.92 40247
* 260.33 40105
* 260.37 40053
* 271.08 40051
* 285.25 39991
* 299.37 39928
* 309.82 39739
* 314.76 39709
* 316.81 39696
* 320.16 39692
* 322.2 39418
* 324.73 39382
* 338.71 39344
* 348.82 39319
* 360.14 39258
* 373.8 39198
* 382.69 39175
* 385.4 39048
* 386.19 39041
* 404.8 39031
* 430.65 38997
* 431.95 38746
* 441.21 38686
* 457.86 38627
* 457.93 38625
* 458.59 38611
* 471.68 38589
* 480.63 38587
* 493.83 38576
* 499.45 38504
* 530.82 38477
* 541.57 38474
* 542.32 38441
* 566.82 38355
* 602.78 38348
* 607.76 38326
* 644.25 38288
* 727.95 38242
* 729.13 38223
* 747.19 38213
* 1862 38212
# SOLUTION FOUND
# OPTIMALITY NOT PROVED
# BEST SOLUTION: 38212
# NUMBER OF BRANCHES: 10780249
# END TIME: 7429.33
## Solution: 
100
101 0
105 339
134 505
97 913
87 1109
133 1612
199 2462
103 3019
35 3755
228 4480
33 4681
64 5056
232 5429
62 6118
135 6563
57 6768
123 7371
23 7730
231 8338
49 8577
140 8917
167 9306
156 9708
165 10242
163 10734
162 11095
153 11439
151 11708
154 11987
149 12327
158 12579
191 12890
46 13309
229 13638
122 13750
47 14047
40 14375
86 14639
34 14867
53 15149
63 15458
129 15867
75 16084
79 16265
84 16599
82 16866
69 17021
78 17340
206 17623
76 17970
73 18247
202 18563
209 18806
222 19246
224 19891
9 20640
250 20780
112 21093
10 21253
7 21688
12 22075
6 22363
4 22613
107 22948
136 23328
0 24000
247 24295
106 24778
225 25633
18 25978
179 26338
193 26721
176 26902
182 27275
195 27525
212 27957
213 28455
74 28826
81 29049
128 29381
120 29836
44 30061
52 30383
127 30730
220 31281
252 31431
251 31715
216 31957
118 32308
25 32703
244 32944
233 33299
200 33693
29 33988
249 34641
117 35436
93 35949
94 36675
89 37318
91 37748
# BEST TD SOLUTION: 38212
