# INSTANCE: InstancesTDTSP/inst_10_9.txt InstancesTDTSP/tdtsp_bench_255_6h00_12h30_20p_ti_mirrored.txt
# ALGORITHM: CPP_NEXT
# NUMBER OF VISITS: 10
# NUMBER OF TIME WINDOWS: 130
# TIME LIMIT: 7200
* 0.047 8984
* 0.062 8953
* 0.218 8834
* 3.09 8792
* 3.09 8584
* 3.09 8539
* 3.09 8411
* 8.88 8386
* 8.911 7918
* 8.911 7863
* 8.927 7729
# SOLUTION FOUND
# OPTIMALITY PROVED
# BEST SOLUTION: 7729
# NUMBER OF BRANCHES: 76916
# END TIME: 9.223
## Solution: 
10
148 0
199 1091
95 1560
80 2706
225 3701
178 4563
176 4715
172 4872
186 5433
190 6593
# BEST TD SOLUTION: 7729
