# INSTANCE: InstancesTDTSP/inst_20_1.txt InstancesTDTSP/tdtsp_bench_255_6h00_12h30_10p_ti_mirrored.txt
# ALGORITHM: TDNOOVERLAP RESTART
# NUMBER OF VISITS: 20
# NUMBER OF TIME WINDOWS: 130
# TIME LIMIT: 3600
# EXTRACTION TIME: 1.41
* 0 14294
* 0.56 14286
* 0.6 14191
* 0.61 14066
* 0.62 14025
* 5.89 13910
* 5.9 13735
* 5.9 13628
* 5.9 13622
* 5.91 13530
* 5.93 13454
* 5.94 13430
* 27.72 13375
* 27.95 13359
* 133.53 13354
* 137 13309
* 137.11 13250
* 137.11 13234
* 137.23 13210
* 137.24 13055
# SOLUTION FOUND
# OPTIMALITY PROVED
# BEST SOLUTION: 13055
# NUMBER OF BRANCHES: 5115773
# END TIME: 387.41
## Solution: 
20
30 0
87 636
228 1247
127 1907
44 2248
148 2729
188 3632
164 4068
185 5459
182 5892
181 6397
175 6727
170 7342
130 7681
128 8240
240 9105
8 10229
207 11397
236 12362
245 12704
# BEST TD SOLUTION: 13055
