# INSTANCE: InstancesTDTSP/NewTWinstances/inst_10_9_TW.txt InstancesTDTSP/tdtsp_bench_255_6h00_12h30_10p_ti_mirrored.txt
# ALGORITHM: CPP_NEXT
# NUMBER OF VISITS: 10
# NUMBER OF TIME WINDOWS: 130
# TIME LIMIT: 7200
* 0.183 12184
* 0.445 12073
* 0.457 10141
* 0.495 10025
* 0.974 10011
* 2.502 9972
* 2.565 9908
* 2.594 9424
* 2.627 9388
* 3.456 9350
* 4.023 9074
* 4.034 8942
* 4.109 8921
* 4.149 8840
* 4.554 8410
* 4.796 8370
* 4.886 8345
* 5.006 8217
* 16.682 8135
# SOLUTION FOUND
# OPTIMALITY PROVED
# BEST SOLUTION: 8135
# NUMBER OF BRANCHES: 155021
# END TIME: 20.302
## Solution: 
10
148 0
199 1213
95 1711
80 3495
225 4479
178 5258
176 5402
172 5552
186 6067
190 7117
# BEST TD SOLUTION: 8135
