# INSTANCE: InstancesTDTSP/inst_100_6.txt InstancesTDTSP/tdtsp_bench_255_6h00_12h30_20p_ti_mirrored.txt
# ALGORITHM: TDNOOVERLAP RESTART
# NUMBER OF VISITS: 100
# NUMBER OF TIME WINDOWS: 130
# TIME LIMIT: 7200
# EXTRACTION TIME: 289.33
* 0.05 39716
* 0.15 39684
* 0.21 38980
* 0.25 38397
* 0.28 38115
* 0.31 38098
* 0.34 38026
* 0.65 37978
* 0.8 37934
* 0.84 37898
* 0.96 37888
* 13.76 37849
* 13.92 37777
* 13.96 37759
* 14.23 37752
* 14.27 37675
* 14.31 37654
* 14.58 37597
* 14.7 37191
* 14.73 37147
* 91.4 37087
* 93.39 37085
* 93.46 37063
* 110.9 37003
* 115.79 36964
* 115.9 36960
* 116.36 36958
* 122.61 36930
* 124 36929
* 137.74 36884
* 139.88 36853
* 140.1 36843
* 142.37 36769
* 144.45 36764
* 147.36 36734
* 148.6 36714
* 151.18 36713
* 166.9 36664
* 168.44 36627
* 169.33 36610
* 175.37 36543
* 181.71 36524
* 205.36 36489
* 206.88 36468
* 216.83 36458
* 222.02 36384
* 225.01 36193
* 246.79 36162
* 247.5 36111
* 249.4 36081
* 252.96 36074
* 253.06 36072
* 259.66 36057
* 261.72 36000
* 283.25 35860
* 285.22 35857
* 287.91 35855
* 296.86 35854
* 394.94 35804
* 395.31 35797
* 397.35 35764
* 397.38 35758
* 397.52 35748
* 398.05 35724
* 480.45 35663
* 481.46 35480
* 481.5 35393
* 485.9 35385
* 486.62 35374
* 487.88 35372
* 628.73 35339
* 845.26 35328
* 845.77 35324
* 890.42 35289
* 890.48 35280
* 893.66 35271
* 907.05 35253
* 920.79 35162
* 945.26 35160
* 946.9 35096
* 947.85 35011
* 951.25 35007
* 951.37 35006
* 958.87 34994
* 1007.19 34951
* 1014.67 34950
# SOLUTION FOUND
# OPTIMALITY NOT PROVED
# BEST SOLUTION: 34950
# NUMBER OF BRANCHES: 11821367
# END TIME: 7489.34
## Solution: 
100
79 0
84 351
221 735
72 1235
211 1632
203 1922
204 2182
205 2390
82 2780
70 3140
128 3467
210 3993
81 4438
80 4648
74 5005
214 5240
208 5622
83 5973
63 6691
53 7189
157 7465
189 7982
146 8522
164 8946
165 9338
163 9693
188 9916
142 10135
156 10528
56 10928
36 11342
64 11572
125 11727
228 12228
33 12589
35 12983
51 13224
133 13693
88 14055
234 14373
97 14618
105 14793
92 15276
48 15609
123 16038
230 16392
243 16576
49 16646
122 16934
47 17186
40 17373
86 17658
27 17915
22 18120
215 18305
116 18537
220 18927
252 19238
216 19693
118 19868
26 20113
237 20416
236 20619
246 21022
249 21575
20 22132
117 22497
89 23053
91 23454
96 24026
59 24907
62 25276
55 25626
58 26097
61 26278
126 26612
191 26881
161 27277
174 27831
195 28073
11 28313
178 28482
172 28760
169 29039
180 29295
184 29633
15 30304
13 30681
114 30826
2 30923
6 31076
4 31276
1 31545
8 31900
250 32054
16 32397
108 32642
139 33224
207 34108
129 34663
# BEST TD SOLUTION: 34950
