# INSTANCE: InstancesTDTSP/inst_100_8.txt InstancesTDTSP/tdtsp_bench_255_6h00_12h30_20p_ti_mirrored.txt
# ALGORITHM: TSP MEDIAN NOOVERLAP RESTART
# NUMBER OF VISITS: 100
# NUMBER OF TIME WINDOWS: 130
# TIME LIMIT: 7200
* 0.01 73615 77898
* 0.02 41858 45393
* 0.02 41836 45013
* 0.11 41769 44791
* 0.13 41764 44777
* 0.13 41645 44096
* 0.2 41609 44975
* 0.29 41608 44987
* 0.31 41603 44713
* 0.32 41562 45246
* 0.33 41550 45246
* 0.34 41549 45028
* 0.39 41530 45143
* 0.42 41343 44405
* 0.45 41230 44169
* 0.45 41121 44169
* 0.45 41107 43920
* 0.48 41018 44005
* 0.54 40969 44349
* 0.55 40950 44272
* 0.56 40865 44175
* 1.8 40847 43477
* 1.8 40845 43776
* 2.08 40799 43776
* 2.19 40783 44329
* 2.32 40778 44145
* 2.4 40712 44145
* 2.63 40674 44149
* 2.82 40535 43360
* 2.84 40530 43360
* 3.15 40335 43244
* 3.18 40297 43010
* 3.2 40248 43047
* 3.23 40163 42796
* 3.25 40098 42663
* 3.37 40029 42475
* 3.38 39968 42466
* 3.38 39920 42505
* 3.59 39899 42505
* 3.67 39894 42507
* 3.75 39891 42222
* 3.76 39848 42326
* 3.8 39815 42326
* 3.8 39765 41881
* 3.81 39752 41881
* 3.87 39722 41862
* 3.91 39705 41884
* 3.92 39686 41818
* 4.1 39683 41717
* 4.11 39667 41699
* 4.13 39580 41672
* 4.33 39575 41701
* 4.36 39498 41644
* 4.49 39489 41459
* 4.51 39459 41148
* 4.52 39457 41371
* 4.59 39417 41424
* 4.67 39398 41295
* 4.97 39283 40959
* 5.14 39132 40676
* 5.22 39121 40670
* 5.24 39116 40241
* 14.22 39093 40329
* 17.51 39072 40406
* 18.29 39055 40446
* 18.39 39026 40828
* 18.6 39012 41056
* 19.75 38992 41021
* 20.93 38931 40828
* 22.84 38915 40671
* 26.27 38864 40524
* 50.05 38839 40057
* 50.64 38836 40164
* 50.99 38787 40125
* 51.04 38726 39893
* 51.24 38716 40136
* 53.37 38708 40146
* 53.54 38701 39903
* 54.41 38634 39576
* 59.91 38610 39238
* 70.4 38606 39238
* 77.97 38604 39238
* 921.52 38554 38948
* 926.24 38552 38948
* 926.28 38538 38855
# SOLUTION FOUND
# OPTIMALITY NOT PROVED
# BEST TSP SOLUTION: 38538
# NUMBER OF BRANCHES: 66987502
# END TIME: 7200.01
## Solution with TDTSP times: 
100
235 0
211 218
204 586
78 958
82 1197
69 1372
128 1621
34 2119
54 2318
158 2787
32 3094
46 3743
122 4049
40 4380
47 4793
42 5206
123 5762
19 6288
60 6911
36 7369
125 7857
248 8269
232 8616
33 9092
228 9487
159 10231
156 10681
141 11009
188 11323
144 11639
146 12030
143 12621
190 12918
186 13551
182 13942
11 14153
181 14374
183 14672
179 15075
180 15360
184 15708
111 16333
3 16789
112 17006
110 17107
8 17579
9 17682
115 18012
14 18293
2 18414
139 19081
223 20197
222 21069
68 21235
132 21595
66 22051
207 22647
215 23278
218 23555
220 23898
25 24272
237 24513
201 24964
198 25450
249 25878
117 26333
102 26764
238 27160
89 27707
105 28121
87 28349
104 28745
98 29139
227 29670
41 29874
50 30345
35 30590
199 31086
88 31697
234 32118
135 32585
57 32728
48 33033
61 33496
242 33660
140 33941
167 34397
150 34643
153 35114
192 35409
145 35579
147 35992
154 36223
77 36876
213 37057
168 37267
208 37468
83 37765
75 38003
80 38249
# BEST TD SOLUTION: 38855
