# INSTANCE: InstancesTDTSP/inst_20_7.txt InstancesTDTSP/tdtsp_bench_255_6h00_12h30_mirrored.txt
# ALGORITHM: TDNOOVERLAP RESTART
# NUMBER OF VISITS: 20
# NUMBER OF TIME WINDOWS: 130
# TIME LIMIT: 3600
# EXTRACTION TIME: 1.25
* 0 14569
* 0.01 14564
* 0.02 14326
* 0.02 14198
* 0.19 14183
* 0.29 14079
* 0.33 13928
* 0.33 13927
* 0.36 13914
* 0.36 13878
* 0.38 13861
* 0.39 13732
* 1.16 13730
* 1.18 13610
* 26.41 13593
* 28.25 13548
* 28.25 13476
* 28.26 13390
* 28.34 13244
* 28.35 13183
* 28.4 13053
* 28.49 13049
# SOLUTION FOUND
# OPTIMALITY PROVED
# BEST SOLUTION: 13049
# NUMBER OF BRANCHES: 4248545
# END TIME: 411.38
## Solution: 
20
88 0
122 823
140 1254
156 1659
150 2029
158 2353
54 2890
210 3535
181 4151
145 4794
161 5292
190 6067
111 7805
110 8722
222 9553
209 10338
76 10752
244 11260
216 11845
97 12679
# BEST TD SOLUTION: 13049
