# INSTANCE: InstancesTDTSP/inst_50_4.txt InstancesTDTSP/tdtsp_bench_255_6h00_12h30_10p_ti_mirrored.txt
# ALGORITHM: TSP MEDIAN NOOVERLAP RESTART
# NUMBER OF VISITS: 50
# NUMBER OF TIME WINDOWS: 130
# TIME LIMIT: 7200
* 0.01 44068 48379
* 0.01 25135 26512
* 0.01 25110 26408
* 0.06 25090 26439
* 0.07 24904 26318
* 0.08 24631 26214
* 0.09 24569 26278
* 0.1 24529 26163
* 0.11 24466 26239
* 0.13 24321 26012
* 1.92 24301 25840
* 1.93 24240 25809
* 1.93 24238 25879
* 2.1 24219 26059
* 2.1 24184 26033
* 2.24 24102 25877
* 2.44 24074 25744
* 2.48 24053 25840
* 2.48 24022 25782
* 2.8 24002 25570
* 2.98 23960 25575
* 2.99 23871 25328
* 3.02 23865 25328
* 3.03 23796 25328
* 3.19 23743 25166
* 3.2 23689 25113
* 3.24 23620 25026
* 3.24 23613 25039
* 3.64 23545 25004
* 3.87 23543 25085
* 4.12 23435 24909
* 4.13 23418 24831
* 4.13 23343 24821
* 4.25 23257 24808
* 4.27 23248 24813
* 4.33 23234 24789
* 4.33 23175 24781
* 4.35 23091 24796
* 4.45 23049 24526
* 4.53 23047 24639
* 5.57 23025 24644
* 5.57 22888 24690
# SOLUTION FOUND
# OPTIMALITY NOT PROVED
# BEST TSP SOLUTION: 22888
# NUMBER OF BRANCHES: 152256476
# END TIME: 7200
## Solution with TDTSP times: 
50
120 0
44 327
121 564
149 952
63 1237
75 1723
71 2158
67 2584
226 3353
223 4720
14 6532
12 6796
4 7236
109 8178
18 9602
194 9879
177 10031
180 10733
193 10956
176 11172
146 12027
188 12333
150 12729
122 13037
229 13414
61 13606
39 13844
219 14310
60 14777
59 15292
135 15524
48 15791
227 16542
100 17150
89 17748
91 18082
134 18590
102 19200
20 19786
197 20309
198 20795
249 21129
201 21612
203 22122
204 22397
205 22657
235 23105
25 23634
218 23864
251 24364
# BEST TD SOLUTION: 24690
