# INSTANCE: InstancesTDTSP/inst_100_19.txt InstancesTDTSP/tdtsp_bench_255_6h00_12h30_20p_ti_mirrored.txt
# ALGORITHM: TSP MEDIAN NOOVERLAP RESTART
# NUMBER OF VISITS: 100
# NUMBER OF TIME WINDOWS: 130
# TIME LIMIT: 7200
* 0.01 58422 62322
* 0.02 41489 45074
* 0.02 41276 43919
* 0.03 41176 43610
* 0.03 41082 44085
* 0.05 40963 43758
* 0.12 40937 43596
* 0.24 40897 43596
* 0.25 40882 43766
* 0.3 40863 43511
* 0.34 40755 43482
* 0.38 40664 43303
* 0.38 40653 42939
* 0.44 40585 43289
* 1.69 40532 42895
* 1.75 40518 42895
* 1.75 40514 42916
* 1.76 40465 42907
* 1.83 40463 42895
* 1.94 40322 42623
* 1.96 40135 41991
* 1.99 40089 41862
* 2.03 39969 41915
* 2.09 39897 41602
* 2.21 39866 41572
* 2.42 39847 41569
* 10.92 39829 40983
* 10.95 39747 41312
* 11.64 39728 41312
* 12.42 39696 41312
* 12.68 39680 41312
* 13.02 39628 41122
* 13.02 39549 41179
* 13.17 39522 41106
* 13.75 39487 41045
* 13.81 39447 42707
* 14.02 39407 42691
* 14.06 39389 42553
* 14.1 39362 42415
* 14.54 39298 42321
* 14.97 39189 42081
* 15.23 38993 41536
* 15.23 38991 41760
* 15.26 38962 42455
* 15.4 38868 42455
* 15.49 38863 42455
* 15.59 38753 41450
* 15.6 38732 42177
* 16.08 38633 41929
* 17.46 38389 39722
* 17.74 38360 39804
* 17.75 38324 39721
* 17.75 38284 39716
* 17.83 38247 39649
* 18.09 38225 39602
* 18.1 38213 39505
* 18.14 38196 39298
* 18.42 38176 39303
* 18.56 38173 38865
* 18.57 38102 38822
* 18.6 38093 38732
* 18.67 38071 38470
* 19.7 38001 38063
* 20.3 37940 38080
* 20.33 37938 38075
* 27.67 37878 37831
* 27.71 37871 38125
* 30.94 37848 37790
* 38.56 37845 37790
* 38.83 37799 37790
* 38.86 37767 37790
* 39.22 37762 37792
* 41.01 37749 37826
* 45.28 37731 38184
* 45.59 37724 37835
* 46.47 37694 37551
* 48.31 37683 37660
* 52.56 37677 38171
* 52.61 37656 37743
* 170.17 37617 37528
* 170.24 37593 37472
* 238.41 37589 37472
* 239.51 37587 37472
* 1227.11 37578 37472
* 1365.43 37575 37577
* 1651.1 37567 37472
# SOLUTION FOUND
# OPTIMALITY NOT PROVED
# BEST TSP SOLUTION: 37567
# NUMBER OF BRANCHES: 64903587
# END TIME: 7200.02
## Solution with TDTSP times: 
100
106 0
239 249
179 798
184 1471
178 1943
176 2138
171 2388
186 2786
173 3010
174 3411
195 3801
181 4505
213 5286
168 5526
74 6022
83 6462
128 7040
40 7761
229 8183
122 8529
126 8885
121 9211
65 9365
44 9818
52 10132
140 10527
49 10976
231 11274
61 11541
56 12035
39 12410
45 12721
119 13147
218 13432
252 13737
217 14179
31 14409
254 14572
116 14650
215 15168
233 15456
244 15656
201 16068
246 16330
29 16548
198 17052
196 17421
20 17870
117 18215
102 18676
238 18897
89 19375
96 19869
100 20468
103 20717
35 21295
227 21520
199 21815
88 22318
55 22659
135 22869
57 22988
124 23394
60 23729
64 24167
125 24285
228 24643
159 25304
156 25495
152 25737
163 25958
160 26258
153 26485
192 26868
145 27053
154 27430
155 27791
157 28141
54 28380
129 28902
206 29395
78 29694
69 30007
207 30706
240 31459
226 31678
221 31955
225 32471
18 32705
177 32905
194 32991
7 33408
16 33694
12 34082
2 34352
4 34674
136 35287
17 36235
247 36626
0 36954
# BEST TD SOLUTION: 37472
