# INSTANCE: InstancesTDTSP/inst_100_5.txt InstancesTDTSP/tdtsp_bench_255_6h00_12h30_mirrored.txt
# ALGORITHM: TSP MEDIAN NOOVERLAP RESTART
# NUMBER OF VISITS: 100
# NUMBER OF TIME WINDOWS: 130
# TIME LIMIT: 7200
* 0.01 63208 64895
* 0.01 40885 42462
* 0.02 40869 42363
* 0.14 40853 42362
* 0.14 40750 42104
* 0.15 40610 41890
* 0.15 40034 41473
* 0.16 39893 41220
* 0.17 39409 40619
* 0.23 39148 40455
* 0.28 39139 40221
* 0.3 39079 40090
* 0.39 39016 40034
* 0.41 38881 39670
* 0.42 38799 39572
* 0.48 38790 39562
* 0.53 38737 39503
* 0.58 38716 39691
* 0.63 38562 39637
* 0.66 38461 39489
* 0.67 38451 39489
* 0.75 38158 39088
* 0.82 38037 38981
* 0.85 38018 38919
* 0.86 37960 38873
* 0.92 37882 38874
* 0.94 37825 38801
* 1.04 37773 38731
* 1.19 37760 38728
* 10.8 37744 38723
* 10.83 37706 38683
* 10.84 37669 38575
* 10.84 37635 38571
* 10.85 37602 38488
* 11.18 37585 38395
* 11.73 37492 38302
* 12.02 37430 38218
* 12.55 37422 38206
* 12.85 37408 38239
* 12.93 37356 38223
* 13.17 37320 38167
* 13.87 37298 38158
* 14.24 37209 38070
* 14.44 37206 38120
* 14.87 37146 38043
* 15.56 37107 37998
* 17.9 37013 37818
* 29.1 37006 37801
* 29.69 37005 37803
* 30.1 36994 37877
* 30.34 36993 37655
* 30.73 36959 37630
* 30.82 36849 37513
* 6824.59 36827 37491
# SOLUTION FOUND
# OPTIMALITY NOT PROVED
# BEST TSP SOLUTION: 36827
# NUMBER OF BRANCHES: 81386291
# END TIME: 7200.01
## Solution with TDTSP times: 
100
96 0
101 399
98 864
100 1206
103 1669
41 2152
227 2481
33 3266
248 3797
159 4520
60 5205
58 5649
231 5859
39 6173
42 6533
43 6821
122 6989
47 7211
126 7444
46 7767
37 7941
121 8254
44 8604
31 9023
86 9176
34 9580
63 9938
53 10239
81 10593
130 10988
74 11330
77 11568
183 12124
225 12536
18 12982
177 13365
106 13878
12 14283
108 14374
8 14716
9 14936
10 15187
16 15509
2 15783
138 16428
15 17216
111 17435
239 17759
179 18369
180 18849
193 18931
176 19291
178 19434
186 19778
212 20010
153 20555
146 20820
164 21097
144 21372
32 21756
166 22008
149 22407
158 22668
189 22962
155 23197
235 23834
76 24140
211 24325
209 24612
205 24726
202 24973
82 25286
69 25539
221 25872
241 26371
222 26623
203 27214
78 27501
27 28191
215 28615
245 28983
25 29259
21 29476
237 29671
246 29938
201 30243
198 30816
196 31227
102 32105
94 32487
238 33071
23 33606
92 33827
133 34429
59 35012
62 35463
55 35655
135 35800
134 36577
105 36806
# BEST TD SOLUTION: 37491
