# INSTANCE: InstancesTDTSP/NewTWinstances/inst_10_4_TW.txt InstancesTDTSP/tdtsp_bench_255_6h00_12h30_10p_ti_mirrored.txt
# ALGORITHM: CPP_NEXT
# NUMBER OF VISITS: 10
# NUMBER OF TIME WINDOWS: 130
# TIME LIMIT: 7200
* 0.268 8820
* 0.513 8765
* 0.522 8743
* 0.541 8090
* 0.666 7938
* 0.878 7859
* 0.886 7831
* 0.92 7528
* 1.187 7448
* 1.228 7349
# SOLUTION FOUND
# OPTIMALITY PROVED
# BEST SOLUTION: 7349
# NUMBER OF BRANCHES: 172941
# END TIME: 24.915
## Solution: 
10
168 0
70 317
69 585
11 1272
155 1890
89 3371
39 4825
38 5191
153 6132
161 6414
# BEST TD SOLUTION: 7349
