# INSTANCE: InstancesTDTSP/inst_50_18.txt InstancesTDTSP/tdtsp_bench_255_6h00_12h30_20p_ti_mirrored.txt
# ALGORITHM: TSP MEDIAN NOOVERLAP RESTART
# NUMBER OF VISITS: 50
# NUMBER OF TIME WINDOWS: 130
# TIME LIMIT: 7200
* 0 33346 36139
* 0 20830 22999
* 0.01 20625 22730
* 0.01 20575 22757
* 0.03 20574 22774
* 0.03 20506 22792
* 0.04 20374 22705
* 0.04 20305 22665
* 0.05 20262 22529
* 0.06 20244 22421
* 0.1 20065 22328
* 0.11 19983 22209
* 0.12 19958 22248
* 0.12 19831 22002
* 0.15 19765 22064
* 0.35 19690 22009
* 0.4 19632 21979
* 1.54 19607 21983
* 1.56 19582 21903
* 1.66 19543 21917
* 2.02 19521 21900
* 2.07 19485 21858
* 2.08 19461 21791
* 2.08 19415 21676
* 2.13 19370 21566
* 2.23 19315 21561
* 2.24 19257 21543
* 2.34 19231 21400
* 2.59 19156 21271
* 2.9 19141 21266
* 3.13 19087 21133
* 3.31 19049 21188
* 3.41 19007 21168
* 3.54 18991 21156
* 3.55 18990 21145
* 4.57 18961 21138
* 4.72 18950 21115
* 4.77 18905 21146
* 6.81 18889 20966
* 6.83 18886 20996
* 7.74 18827 20977
# SOLUTION FOUND
# OPTIMALITY NOT PROVED
# BEST TSP SOLUTION: 18827
# NUMBER OF BRANCHES: 152449168
# END TIME: 7200
## Solution with TDTSP times: 
50
131 0
75 242
155 586
189 879
154 1126
145 1494
161 1868
162 2258
151 2583
49 3021
231 3298
56 3928
248 4502
51 5470
227 5735
95 6842
104 7424
91 8284
134 8857
87 9227
90 10025
23 10688
135 11235
216 12011
218 12243
253 12519
25 12931
244 13168
236 13308
26 13847
28 14214
217 14469
120 14571
34 14917
63 15125
53 15415
157 15575
74 15893
183 16277
18 16745
194 17052
0 17704
4 18244
68 19047
211 19555
73 19882
204 20016
205 20207
69 20502
70 20639
# BEST TD SOLUTION: 20977
