# INSTANCE: InstancesTDTSP/inst_30_12.txt InstancesTDTSP/tdtsp_bench_255_6h00_12h30_10p_ti_mirrored.txt
# ALGORITHM: TDNOOVERLAP RESTART
# NUMBER OF VISITS: 30
# NUMBER OF TIME WINDOWS: 130
# TIME LIMIT: 3600
# EXTRACTION TIME: 5.14
* 0 18178
* 0 18121
* 0.02 17890
* 0.31 17885
* 0.32 17823
* 0.33 17787
* 0.34 17752
* 0.35 17715
* 2.02 17701
* 2.06 17659
* 2.39 17648
* 2.39 17568
* 2.91 17558
* 2.95 17556
* 2.98 17551
* 3.14 17536
* 3.15 17471
* 3.15 17457
* 3.2 17368
* 3.3 17339
* 3.55 17290
* 81.78 17224
* 81.79 17104
* 82.08 16958
* 82.99 16900
* 83.11 16895
* 83.21 16894
* 87.01 16808
* 87.08 16766
* 88.81 16701
* 89.48 16695
* 114.74 16634
* 114.76 16554
* 114.85 16533
* 132.92 16508
# SOLUTION FOUND
# OPTIMALITY NOT PROVED
# BEST SOLUTION: 16508
# NUMBER OF BRANCHES: 53260971
# END TIME: 3605.14
## Solution: 
30
219 0
57 416
88 893
199 1402
103 1804
33 2485
60 3290
243 3850
37 4372
150 4800
144 5302
146 5600
212 6501
174 7037
182 7412
178 7851
15 9221
1 9732
2 10125
13 10601
7 10787
10 11243
223 12463
77 13589
130 13771
81 13972
24 14471
63 14710
246 15359
200 15845
# BEST TD SOLUTION: 16508
