# INSTANCE: InstancesTDTSP/inst_20_18_TW.txt InstancesTDTSP/tdtsp_bench_255_6h00_12h30_mirrored.txt
# ALGORITHM: TSP MEDIAN NOOVERLAP RESTART
# NUMBER OF VISITS: 20
# NUMBER OF TIME WINDOWS: 130
# TIME LIMIT: 3600
* 0 15723 22848
* 0 14841 22848
* 0.01 14769 -1
* 0.05 14629 -1
* 0.06 14569 22848
* 0.06 14494 22848
* 0.06 14324 22848
* 0.26 14298 -1
* 0.26 14165 -1
* 0.26 13954 -1
* 0.26 13826 -1
* 0.27 13821 -1
* 0.27 13692 -1
* 0.3 13679 -1
* 0.3 13511 -1
* 0.36 13071 -1
* 0.36 13068 -1
* 0.38 12997 -1
* 0.79 12981 -1
# TSP SOLUTION FOUND
# TSP OPTIMALITY PROVED
# BEST TSP SOLUTION: 12981
# NUMBER OF BRANCHES: 50549
# END TIME: 1.29
## Solution with TDTSP times: 
20
202 0
221 393
81 934
130 1188
131 1487
189 1912
171 2669
176 3302
172 3500
208 4347
83 4682
31 5454
200 6181
98 8098
17 10256
9 11197
239 11694
161 12919
230 13595
87 14652
# BEST TD SOLUTION: 22848
