# INSTANCE: InstancesTDTSP/inst_100_8_TW.txt InstancesTDTSP/tdtsp_bench_255_6h00_12h30_10p_ti_mirrored.txt
# ALGORITHM: TDNOOVERLAP RESTART
# NUMBER OF VISITS: 100
# NUMBER OF TIME WINDOWS: 130
# TIME LIMIT: 7200
# EXTRACTION TIME: 249.26
* 482.43 52550
* 543.12 52392
* 845.74 52375
* 845.77 52333
* 845.92 52297
* 846.23 52272
* 846.54 52244
* 846.99 51869
* 847.41 51841
* 847.73 51791
* 848.39 51786
* 848.83 51779
* 849.63 51698
* 866.29 51626
* 866.61 51620
* 866.66 51360
* 867.3 51295
* 867.51 51162
* 867.72 51097
* 867.9 51067
* 868.17 50904
* 973.38 50882
* 973.55 50601
* 973.8 50598
* 974.15 50572
* 974.18 50557
* 974.89 50534
* 975.21 50524
* 985.51 50415
* 985.76 50061
* 985.81 49735
* 985.84 49653
* 985.87 49646
* 989.97 49632
* 1008.45 49318
* 1008.61 49315
* 1008.64 49280
* 1008.68 49277
* 1051.88 49242
* 1052.21 49227
* 1052.37 49043
* 1052.93 49036
* 1083.25 49023
* 1083.43 48886
* 1083.48 48848
* 1083.85 48638
* 1086.65 48588
* 1087.22 48564
* 1087.26 48412
* 1093.45 48356
* 1095 48353
* 1115.25 48349
* 1119.93 48343
* 1144.71 48328
* 1144.93 48315
* 1145.01 48265
* 1189.88 48211
* 1215.41 48181
* 1236.18 48141
* 1237.67 48053
* 1238.28 48031
* 1238.75 47874
* 1248.58 47873
* 1250.54 47808
* 1252.41 47747
* 1298.49 47741
* 1412.8 47733
* 1465.22 47677
* 1466.68 47636
* 1467.96 47621
* 1469.58 47606
* 1469.63 47500
* 1469.69 47366
* 1486.93 47351
* 1520.81 47254
* 2157.33 47153
* 2167.34 47141
* 2167.93 47085
# SOLUTION FOUND
# OPTIMALITY NOT PROVED
# BEST SOLUTION: 47085
# NUMBER OF BRANCHES: 24869811
# END TIME: 7449.31
## Solution: 
100
235 0
132 223
204 720
78 1082
82 1334
69 1507
128 1774
75 2203
80 2440
83 2790
77 3195
213 3392
168 3607
208 3840
158 4341
32 4679
54 5259
40 5746
47 6141
122 6378
46 6709
61 7078
242 7244
140 7637
167 8144
150 8519
153 9017
146 9253
192 9760
145 9930
147 10336
154 10565
181 11215
180 11635
179 12026
183 12428
11 12852
182 13127
186 13483
3 14462
14 14698
2 14822
8 15208
139 15653
66 16217
68 16516
211 17116
25 17815
237 18065
201 18543
215 18998
42 19471
123 19884
19 20287
57 20665
135 21011
48 21165
232 21599
33 21973
228 22318
125 22572
248 22899
159 23357
144 23969
60 24735
36 25114
105 25884
104 26251
234 26614
88 27137
98 27703
41 28244
199 28694
50 29317
227 29595
35 29861
87 30521
89 30991
238 31502
117 32234
102 32676
218 33334
34 34001
222 34562
223 35258
9 36339
115 36719
110 37003
112 37357
111 38028
184 39277
143 40556
190 40853
188 42053
156 42635
141 43138
220 44536
198 45352
249 45859
207 46465
# BEST TD SOLUTION: 47085
