# INSTANCE: InstancesTDTSP/inst_100_2.txt InstancesTDTSP/tdtsp_bench_255_6h00_12h30_10p_ti_mirrored.txt
# ALGORITHM: TSP MEDIAN NOOVERLAP RESTART
# NUMBER OF VISITS: 100
# NUMBER OF TIME WINDOWS: 130
# TIME LIMIT: 7200
* 0 74001 75667
* 0 38344 39505
* 0.01 38305 39721
* 0.01 38124 39068
* 0.02 38076 38815
* 0.04 38062 39167
* 0.25 38055 39064
* 0.25 37949 38922
* 0.25 37904 38865
* 0.26 37751 38485
* 0.26 37739 38379
* 0.29 37734 38379
* 0.38 37729 38499
* 0.42 37628 38363
* 0.46 37585 38251
* 0.49 37399 37946
* 0.5 37393 38004
* 0.57 37360 37934
* 0.68 37326 37969
* 0.74 37324 37967
* 0.77 37281 37967
* 0.8 37263 37848
* 2.05 37208 37743
* 2.07 37173 37760
* 2.1 37162 37692
* 2.13 37122 37609
* 2.15 37105 37591
* 2.26 37098 37576
* 2.26 37060 37583
* 2.39 37045 37550
* 2.39 37038 37571
* 2.4 37032 37754
* 2.41 37013 37649
* 11.38 37011 37644
* 11.41 36946 37353
* 11.48 36923 37346
* 11.88 36908 37169
* 11.95 36803 37236
* 12.4 36784 37244
* 12.61 36687 37330
* 13.77 36647 37154
* 14.47 36626 37155
* 19.25 36623 36690
* 19.37 36615 36690
* 19.87 36610 36698
* 20.04 36588 36714
* 20.05 36584 36950
* 20.08 36550 36958
* 20.64 36476 36693
* 20.72 36463 36562
* 21.71 36444 36624
* 21.76 36438 36625
* 22.19 36433 36620
* 36.26 36426 36624
* 98.86 36390 36720
* 98.9 36347 36659
* 98.94 36345 36640
* 246.64 36313 36549
* 247.04 36283 36455
* 247.06 36261 36474
* 247.15 36240 36493
* 259.73 36234 36280
* 373.28 36228 36467
# SOLUTION FOUND
# OPTIMALITY NOT PROVED
# BEST TSP SOLUTION: 36228
# NUMBER OF BRANCHES: 74644951
# END TIME: 7200.01
## Solution with TDTSP times: 
100
80 0
79 301
70 784
204 1130
73 1401
76 1765
209 2037
205 2153
69 2396
221 2858
240 3366
68 3880
118 4844
27 5339
215 5730
233 6167
245 6416
26 6735
254 7341
116 7586
52 7870
43 8233
229 8485
38 8563
121 8867
46 9160
37 9524
61 9875
230 9967
123 10415
45 10702
124 11118
125 11509
232 11769
62 12152
55 12473
135 12745
48 13079
159 13771
156 14076
164 14460
160 14837
144 15070
162 15270
161 15576
192 15747
145 15977
151 16477
122 16751
47 16900
40 17026
34 17395
85 17757
210 18017
77 18291
183 18569
173 18946
186 19256
195 19469
182 19843
11 20146
179 20693
14 21255
12 21391
1 21688
137 22058
136 22539
17 23205
247 23589
109 23777
111 24116
106 24373
9 24946
110 25197
5 25485
112 25727
249 27101
198 27536
197 27997
117 28425
94 28856
105 29577
104 29985
95 30309
103 30761
50 31216
35 31537
234 31992
90 32526
238 32705
220 33264
218 33514
126 34252
65 34459
155 34776
189 35016
154 35419
208 35842
131 36161
75 36356
# BEST TD SOLUTION: 36467
