# INSTANCE: InstancesTDTSP/inst_30_3.txt InstancesTDTSP/tdtsp_bench_255_6h00_12h30_10p_ti_mirrored.txt
# ALGORITHM: TSP MEDIAN NOOVERLAP RESTART
# NUMBER OF VISITS: 30
# NUMBER OF TIME WINDOWS: 130
# TIME LIMIT: 3600
* 0.01 23234 25947
* 0.01 16649 18441
* 0.01 16228 17956
* 0.02 16223 18123
* 0.08 15991 17987
* 0.09 15825 17403
* 0.11 15784 17696
* 0.11 15769 17696
* 0.11 15768 17696
* 0.13 15634 17486
* 0.19 15602 17533
* 0.21 15543 17613
* 0.65 15480 17612
* 0.86 15417 17594
* 0.87 15367 17610
* 0.87 15347 17598
* 1.26 15257 17386
* 1.27 15242 17435
* 4.97 15239 17356
* 5.12 15235 17310
# SOLUTION FOUND
# OPTIMALITY NOT PROVED
# BEST TSP SOLUTION: 15235
# NUMBER OF BRANCHES: 124713837
# END TIME: 3600
## Solution with TDTSP times: 
30
66 0
207 680
203 1284
22 1909
47 2365
191 2814
140 3292
151 3668
142 4086
164 4387
152 4996
229 5599
39 5998
92 6949
96 8311
87 9070
90 9855
29 10771
252 11302
216 11675
120 12079
54 12458
77 12861
186 13513
18 14256
13 14699
112 14891
16 15046
223 16028
68 16977
# BEST TD SOLUTION: 17310
