# INSTANCE: InstancesTDTSP/inst_50_8.txt InstancesTDTSP/tdtsp_bench_255_6h00_12h30_20p_ti_mirrored.txt
# ALGORITHM: TSP MEDIAN NOOVERLAP RESTART
# NUMBER OF VISITS: 50
# NUMBER OF TIME WINDOWS: 130
# TIME LIMIT: 7200
* 0 35757 39335
* 0.01 22403 24151
* 0.02 22330 24057
* 0.16 22301 24032
* 0.19 22179 23943
* 0.19 21845 23603
* 0.22 21776 23599
* 0.24 21735 23626
* 0.24 21656 23372
* 0.25 21583 23236
* 0.28 21577 23308
* 0.3 21513 23252
* 1.85 21471 23227
* 1.85 21361 23135
* 1.88 21307 23308
* 2.73 21249 23268
* 2.86 21239 23267
* 2.88 21234 23293
* 3.17 21219 23252
* 3.24 21210 23121
* 3.66 21140 23547
* 3.75 21128 23638
* 3.76 21055 23547
* 3.83 21046 23582
* 3.85 20963 23265
* 3.95 20935 23497
* 4.02 20875 23444
* 4.19 20810 23352
* 4.37 20807 23194
* 4.37 20779 23246
* 4.44 20706 23124
* 4.84 20679 23006
* 5.25 20654 23169
* 5.47 20621 22983
* 5.52 20581 22973
# SOLUTION FOUND
# OPTIMALITY NOT PROVED
# BEST TSP SOLUTION: 20581
# NUMBER OF BRANCHES: 157299993
# END TIME: 7200
## Solution with TDTSP times: 
50
206 0
202 333
222 690
66 1172
69 1431
225 1981
18 2343
3 2785
6 3351
4 3633
1 3898
115 4590
107 5345
109 6535
172 8278
192 9196
162 9592
164 10044
165 10392
163 10793
143 11396
212 12009
83 12491
74 12793
86 13367
34 13611
53 13821
43 14280
229 14520
122 14795
47 15115
39 15354
231 15555
56 15873
60 16146
59 16681
33 17243
199 17922
98 18300
96 18662
89 19318
220 19976
216 20366
200 20684
29 21030
201 21567
237 21817
21 22077
236 22186
129 22663
# BEST TD SOLUTION: 22973
