# INSTANCE: InstancesTDTSP/inst_20_10.txt InstancesTDTSP/tdtsp_bench_255_6h00_12h30_mirrored.txt
# ALGORITHM: TSP MEDIAN NOOVERLAP RESTART
# NUMBER OF VISITS: 20
# NUMBER OF TIME WINDOWS: 130
# TIME LIMIT: 3600
* 0 18339 19833
* 0 13159 14606
* 0 12934 14363
* 0 12789 14435
* 0.05 12782 14435
* 0.06 12752 14353
* 0.07 12506 14066
* 0.07 12379 13979
* 0.07 12360 13979
* 24.73 12318 13945
* 25.96 12104 13810
* 25.96 12036 13870
* 26.03 12012 13766
# SOLUTION FOUND
# OPTIMALITY PROVED
# BEST TSP SOLUTION: 12012
# NUMBER OF BRANCHES: 1641276
# END TIME: 35.57
## Solution with TDTSP times: 
20
60 0
123 504
23 885
231 1258
142 1728
153 2301
182 3302
4 4895
216 6774
196 7643
89 9004
91 9400
105 10020
134 10224
100 11018
50 11880
228 12458
55 12939
135 13228
48 13555
# BEST TD SOLUTION: 13766
