# INSTANCE: InstancesTDTSP/inst_20_13_TW.txt InstancesTDTSP/tdtsp_bench_255_6h00_12h30_mirrored.txt
# ALGORITHM: CPP_NEXT
# NUMBER OF VISITS: 20
# NUMBER OF TIME WINDOWS: 130
# TIME LIMIT: 3600
* 2.37 16006
* 4.25 15981
* 4.36 15754
* 4.57 15753
* 4.82 15576
* 4.97 15552
* 5.07 15476
* 5.25 13807
* 5.43 13796
* 5.67 13785
* 5.93 13620
* 6.02 13577
* 6.16 13569
* 6.3 13556
* 7.01 13493
* 7.19 13480
* 7.63 13478
* 8.63 13464
* 9.52 13433
* 9.86 13418
* 9.99 13397
* 10.41 13336
* 10.51 12692
* 10.61 12674
* 10.82 12670
* 10.93 12622
* 11.03 12620
* 13.11 12609
* 13.21 12581
* 13.89 12522
* 14.09 12506
# SOLUTION FOUND
# OPTIMALITY NOT PROVED
# BEST SOLUTION: 12506
# NUMBER OF BRANCHES: 8435169
# END TIME: 3600.01
## Solution: 
20
79 0
166 440
126 732
43 914
49 1255
151 1670
192 2030
53 2798
34 3348
209 4183
30 5396
23 6016
125 6767
159 7406
184 9104
114 10075
108 10208
2 10655
112 11119
3 11460
# BEST TD SOLUTION: 12506
