# INSTANCE: InstancesTDTSP/inst_100_9.txt InstancesTDTSP/tdtsp_bench_255_6h00_12h30_10p_ti_mirrored.txt
# ALGORITHM: TSP MEDIAN NOOVERLAP RESTART
# NUMBER OF VISITS: 100
# NUMBER OF TIME WINDOWS: 130
# TIME LIMIT: 7200
* 0.01 69412 71327
* 0.01 40965 42173
* 0.04 40507 41474
* 0.06 40425 41771
* 0.09 40369 41783
* 0.3 40261 41212
* 0.31 40259 41213
* 0.32 40246 41167
* 0.33 40205 41349
* 0.35 40174 41620
* 0.37 40158 41622
* 0.37 39915 41236
* 0.37 39894 41172
* 0.38 39791 41090
* 0.38 39646 40985
* 0.4 39625 40974
* 0.52 39468 40319
* 0.53 39452 40122
* 0.54 39404 40070
* 9.79 39380 40080
* 9.84 39344 40104
* 10.38 39316 40032
* 10.45 39254 40152
* 10.59 39250 40250
* 10.8 39246 40266
* 11.13 39220 40235
* 11.17 39216 40231
* 11.56 39085 39915
* 11.57 39039 39878
* 11.84 39021 39844
* 12.54 38997 39628
* 12.57 38867 39621
* 12.62 38782 39472
* 12.84 38752 39379
* 13.43 38717 39421
* 14.13 38676 39090
* 14.83 38604 39063
* 15.21 38571 39100
* 15.22 38533 38983
* 15.32 38398 38873
* 15.5 38397 38809
* 15.55 38346 38696
* 15.57 38333 38691
* 15.66 38248 38691
* 15.96 38240 38684
* 16.41 38119 38621
* 16.86 38092 38621
* 17.06 38087 38528
* 17.98 38068 38712
* 19.6 38037 38731
* 20.3 38027 38764
* 22.39 38011 38306
* 22.44 37965 38207
* 22.45 37926 38165
* 22.56 37892 38160
* 24.45 37852 38102
* 25.21 37801 38033
* 25.92 37788 37901
* 27.72 37777 37975
* 27.78 37748 37992
* 27.86 37634 37981
* 28.08 37599 37815
* 28.26 37369 37697
* 28.41 37342 37738
* 28.8 37329 37702
* 34.3 37325 37702
* 741.36 37267 37491
* 741.46 37246 37453
# SOLUTION FOUND
# OPTIMALITY NOT PROVED
# BEST TSP SOLUTION: 37246
# NUMBER OF BRANCHES: 72765474
# END TIME: 7200.01
## Solution with TDTSP times: 
100
243 0
49 163
140 377
38 760
43 903
122 1239
47 1528
126 1761
46 1964
37 2116
167 2510
160 3020
144 3255
147 3561
154 3769
155 4173
189 4460
166 4763
151 5155
162 5594
164 6033
165 6332
142 6659
159 7467
56 8155
36 8567
64 8996
125 9233
232 9475
50 10351
41 10908
96 11691
104 12241
234 12614
55 13063
135 13223
57 13389
19 13984
219 14213
23 14486
34 15082
53 15218
204 15634
73 15884
205 16185
202 16495
82 16819
226 17286
224 17954
139 18941
8 19511
9 19835
250 19942
16 20194
110 20352
5 20515
14 20882
12 21130
108 21421
1 21736
0 22373
247 22664
109 22777
15 23292
194 23929
177 24099
179 24565
178 25084
171 25264
11 25557
195 25752
174 25882
212 26179
130 26677
79 26810
74 27155
77 27432
76 27928
203 28318
132 28632
215 29119
118 29518
25 29917
200 30282
246 30688
198 31231
249 31515
20 32162
117 32356
102 32656
93 32844
238 33220
89 33869
94 34406
31 35283
254 35605
44 36091
52 36387
61 36841
230 37164
# BEST TD SOLUTION: 37453
