# INSTANCE: InstancesTDTSP/inst_100_14.txt InstancesTDTSP/tdtsp_bench_255_6h00_12h30_20p_ti_mirrored.txt
# ALGORITHM: TSP MEDIAN NOOVERLAP RESTART
# NUMBER OF VISITS: 100
# NUMBER OF TIME WINDOWS: 130
# TIME LIMIT: 7200
* 0.01 74586 77935
* 0.02 38409 39527
* 0.06 38363 39505
* 0.28 38228 39406
* 0.31 38214 39346
* 0.36 38190 39486
* 0.36 38122 39747
* 0.41 38069 39600
* 0.41 38059 39575
* 0.44 37993 39420
* 1.59 37970 39106
* 1.86 37938 39069
* 1.91 37759 39070
* 1.98 37753 39088
* 2.31 37710 38729
* 2.34 37678 38582
* 2.36 37647 38570
* 2.47 37618 38552
* 2.48 37615 38376
* 2.62 37579 38325
* 2.72 37529 38223
* 2.88 37512 38184
* 2.97 37495 38151
* 3.25 37486 38202
* 3.53 37476 38206
* 3.6 37465 38209
* 3.7 37412 38226
* 3.89 37278 38131
* 3.9 37274 38131
* 3.91 37270 38133
* 3.92 37217 38131
* 11.44 37146 38122
* 11.89 37141 38128
* 12.2 37118 38131
* 12.74 37077 37986
* 13.28 37066 37992
* 13.39 36960 37847
* 13.61 36943 37782
* 14.62 36933 37787
* 14.78 36912 37724
* 15.1 36911 37669
* 15.17 36866 37323
* 15.18 36852 37320
* 15.36 36842 37328
* 16.03 36781 37328
* 16.13 36731 37328
* 16.18 36724 37328
* 16.6 36684 37328
* 16.61 36680 37310
* 16.82 36633 37329
* 16.83 36630 37326
* 16.91 36622 37195
* 17.07 36607 37227
* 18.85 36577 37152
* 18.93 36531 36980
* 18.98 36529 36980
* 19.13 36524 36938
* 19.22 36495 36980
* 19.46 36489 36948
* 19.56 36459 36898
* 20.42 36456 36911
* 20.77 36414 36931
* 21.05 36399 36873
* 21.87 36381 36853
* 638.5 36367 37065
* 638.77 36363 36824
* 643.81 36336 36725
* 645.56 36314 36927
* 645.77 36307 36712
* 646.08 36306 36712
* 651.76 36296 36712
* 679.89 36279 36699
* 817.33 36250 36699
# SOLUTION FOUND
# OPTIMALITY NOT PROVED
# BEST TSP SOLUTION: 36250
# NUMBER OF BRANCHES: 83860347
# END TIME: 7200.01
## Solution with TDTSP times: 
100
32 0
65 254
44 620
52 960
127 1310
242 1694
243 1834
167 2238
43 2757
229 2893
40 3263
63 3803
53 4168
157 4395
214 5057
168 5459
130 5881
83 6374
75 6714
70 7291
78 7655
72 8032
206 8280
204 8585
73 8759
211 8998
209 9476
202 9729
68 10390
226 10934
241 11437
132 11573
218 12260
252 12641
253 12956
251 13415
216 13751
30 13877
26 14313
245 14480
197 14897
196 15219
102 15964
89 16564
105 16847
87 16977
92 17352
99 17568
60 17943
64 18313
232 18526
228 18859
35 19337
51 19586
41 19833
199 20272
96 20778
101 21002
100 21459
55 22002
123 22436
120 22912
86 23187
22 23665
21 23907
244 24165
201 24581
246 24863
236 25033
8 25930
9 26135
115 26331
14 26595
114 26742
12 26853
2 27016
4 27152
1 27434
250 27885
10 28329
5 28476
16 28774
17 29472
247 29860
111 30341
15 30633
3 31164
113 31485
194 31887
193 32485
178 32714
176 32844
172 33172
169 33321
11 33632
173 33815
190 34524
145 35109
146 35590
192 36109
# BEST TD SOLUTION: 36699
