# INSTANCE: InstancesTDTSP/inst_10_19.txt InstancesTDTSP/tdtsp_bench_255_6h00_12h30_20p_ti_mirrored.txt
# ALGORITHM: CPP_NEXT
# NUMBER OF VISITS: 10
# NUMBER OF TIME WINDOWS: 130
# TIME LIMIT: 7200
* 0.046 7836
* 0.046 7778
* 0.062 7728
* 0.062 7670
* 0.093 7608
* 0.093 7528
* 0.296 6768
* 0.312 6430
* 0.312 6383
* 0.327 6292
* 0.343 6262
* 0.343 6240
* 1.875 6199
* 1.921 6105
# SOLUTION FOUND
# OPTIMALITY PROVED
# BEST SOLUTION: 6105
# NUMBER OF BRANCHES: 52540
# END TIME: 5.105
## Solution: 
10
11 0
176 394
6 1154
142 2239
141 2364
65 3180
86 3674
24 4171
53 4544
186 5628
# BEST TD SOLUTION: 6105
