# INSTANCE: InstancesTDTSP/inst_20_15.txt InstancesTDTSP/tdtsp_bench_255_6h00_12h30_10p_ti_mirrored.txt
# ALGORITHM: TSP MEDIAN NOOVERLAP RESTART
# NUMBER OF VISITS: 20
# NUMBER OF TIME WINDOWS: 130
# TIME LIMIT: 3600
* 0 15470 18346
* 0 12444 15039
* 0.02 12437 14973
* 0.02 12322 14848
* 0.03 12026 14766
* 0.43 12020 14711
* 2.1 11987 14768
* 2.11 11906 14571
* 2.12 11744 14472
* 168.14 11657 14431
* 176.6 11608 14414
* 177.4 11408 14123
* 177.41 11307 14164
# SOLUTION FOUND
# OPTIMALITY PROVED
# BEST TSP SOLUTION: 11307
# NUMBER OF BRANCHES: 16296405
# END TIME: 314.63
## Solution with TDTSP times: 
20
234 0
119 860
200 1266
211 1872
206 2268
85 2502
222 3425
226 3826
224 5062
14 6518
247 7622
185 8925
176 9479
145 10238
143 10791
160 11674
37 12255
156 12852
124 13324
62 13850
# BEST TD SOLUTION: 14164
