# INSTANCE: InstancesTDTSP/inst_100_18.txt InstancesTDTSP/tdtsp_bench_255_6h00_12h30_mirrored.txt
# ALGORITHM: TDNOOVERLAP RESTART
# NUMBER OF VISITS: 100
# NUMBER OF TIME WINDOWS: 130
# TIME LIMIT: 7200
# EXTRACTION TIME: 215.03
* 0.04 46556
* 0.06 46313
* 0.21 46198
* 0.25 46159
* 0.29 46075
* 0.58 45881
* 0.66 45830
* 2.36 45793
* 2.49 45748
* 2.56 45702
* 2.67 45668
* 2.71 45393
* 2.82 45041
* 19.64 44922
* 19.99 44877
* 20.1 44775
* 20.52 44613
* 20.71 44589
* 21.28 44501
* 21.37 44497
* 21.54 44471
* 23.35 44454
* 23.39 44250
* 23.6 44191
* 23.77 44181
* 25.11 44134
* 25.27 44043
* 25.31 44040
* 25.64 43947
* 26.16 43751
* 26.26 43597
* 26.35 43534
* 26.78 43375
* 27.35 43227
* 28.07 43118
* 28.55 42993
* 28.72 42915
* 29.08 42871
* 29.43 42868
* 29.77 42634
* 29.89 42611
* 29.92 42572
* 123.34 42504
* 124.34 42498
* 124.4 42468
* 124.77 42461
* 129.81 42115
* 134.6 42102
* 134.71 41910
* 134.95 41819
* 159.47 41793
* 159.51 41610
* 161.24 41578
* 162.16 41492
* 170.77 41356
* 175.41 41137
* 176.03 41095
* 178.78 41059
* 180.71 40942
* 194.07 40899
* 201.86 40894
* 231.46 40618
* 233.52 40602
* 233.67 40596
* 233.82 40551
* 235.05 40549
* 235.18 40540
* 244.9 40535
* 246.68 40481
* 251.05 40330
* 251.14 40327
* 251.3 40324
* 251.45 40321
* 251.58 40320
* 251.68 40319
* 253.7 40293
* 256.9 40208
* 263.48 40198
* 268.84 40196
* 270.26 40132
* 273.03 40130
* 280.23 40109
* 296.36 40079
* 297.74 39989
* 314.1 39985
* 314.37 39879
* 321.93 39877
* 337.15 39867
* 337.42 39792
* 337.69 39790
* 352.67 39679
* 354.81 39664
* 413.55 39660
* 440.89 39655
* 751.2 39621
* 751.83 39582
# SOLUTION FOUND
# OPTIMALITY NOT PROVED
# BEST SOLUTION: 39582
# NUMBER OF BRANCHES: 14208895
# END TIME: 7415.06
## Solution: 
100
67 0
175 264
171 696
185 1139
195 1653
173 1972
212 2325
208 2753
130 3124
79 3559
85 3777
84 4136
70 4440
128 4889
34 5327
54 5560
149 6023
158 6228
189 6431
148 6854
191 7140
122 7599
61 8046
242 8141
243 8442
49 8718
167 9190
152 9480
150 9792
163 10087
188 10231
160 10428
146 10859
153 11256
161 11485
190 12046
192 12504
213 13140
209 13747
205 13938
211 14352
129 14704
24 15206
65 15564
52 15862
45 16248
123 16531
92 16885
99 17116
124 17571
60 17990
159 18529
228 19366
50 20110
41 20598
88 21103
96 21813
91 22402
89 22978
90 23431
93 23839
220 24264
251 24363
119 24649
216 25018
28 25280
217 25462
254 25638
245 26160
25 26370
244 26696
236 26930
201 27298
246 27703
198 28168
207 28904
132 29327
241 29686
68 29927
66 30192
221 30613
226 31064
240 31374
224 32071
9 32894
8 33043
115 33381
114 33665
14 33988
12 34163
6 34371
107 34712
1 35010
137 35444
111 36303
106 36723
239 37053
18 37974
194 38416
179 38908
# BEST TD SOLUTION: 39582
