# INSTANCE: InstancesTDTSP/inst_20_20.txt InstancesTDTSP/tdtsp_bench_255_6h00_12h30_mirrored.txt
# ALGORITHM: TSP MEDIAN NOOVERLAP RESTART
# NUMBER OF VISITS: 20
# NUMBER OF TIME WINDOWS: 130
# TIME LIMIT: 3600
* 0 19723 21036
* 0 12848 14417
* 0 12586 14004
* 0.06 12364 13973
* 0.06 12304 13949
* 0.06 12209 13784
* 0.07 12114 13722
* 0.07 11968 13603
* 0.08 11933 13519
* 0.09 11657 13407
* 0.75 11614 13149
* 0.76 11610 13170
* 15.74 11587 13078
* 15.95 11566 13064
# SOLUTION FOUND
# OPTIMALITY PROVED
# BEST TSP SOLUTION: 11566
# NUMBER OF BRANCHES: 1883019
# END TIME: 40.59
## Solution with TDTSP times: 
20
235 0
201 674
246 943
245 1236
104 2391
99 3256
48 3923
60 4384
231 4887
61 5093
151 5686
143 6740
54 7782
131 8291
226 9163
239 10319
1 10553
136 11184
66 12216
205 12784
# BEST TD SOLUTION: 13064
