# INSTANCE: InstancesTDTSP/inst_50_18.txt InstancesTDTSP/tdtsp_bench_255_6h00_12h30_10p_ti_mirrored.txt
# ALGORITHM: TDNOOVERLAP RESTART
# NUMBER OF VISITS: 50
# NUMBER OF TIME WINDOWS: 130
# TIME LIMIT: 7200
# EXTRACTION TIME: 26.44
* 0.02 24218
* 0.02 24080
* 0.23 23956
* 0.28 23846
* 0.29 23751
* 0.33 23664
* 0.41 23289
* 0.44 23270
* 0.45 23247
* 1.69 23210
* 1.84 23209
* 1.87 23143
* 1.88 23067
* 1.91 22771
* 2.04 22734
* 7.92 22558
* 7.93 22486
* 8.71 22393
* 10.79 22274
* 10.96 22163
* 11.32 22145
* 13.92 22073
* 14.13 22071
* 18.81 22050
* 18.83 22029
* 19.45 22023
* 20.02 21883
* 20.06 21879
* 22.81 21722
* 23.65 21652
* 23.71 21620
* 23.73 21618
* 23.74 21573
* 23.95 21515
* 28.12 21461
* 28.19 21433
* 28.66 21430
* 30.16 21411
* 30.17 21406
* 30.19 21402
* 34.28 21343
* 102.08 21329
* 102.15 21293
* 102.16 21289
* 102.2 21126
* 102.22 21108
* 103.15 21070
* 104.48 21032
* 105.5 20935
* 106.85 20905
* 106.9 20900
* 107.31 20896
* 152.51 20871
* 152.98 20854
* 155.81 20852
* 155.94 20836
* 157.58 20785
# SOLUTION FOUND
# OPTIMALITY NOT PROVED
# BEST SOLUTION: 20785
# NUMBER OF BRANCHES: 35596093
# END TIME: 7226.44
## Solution: 
50
131 0
74 274
183 690
18 1218
194 1550
0 2260
4 3074
68 4716
205 5467
211 5954
73 6348
204 6524
69 6860
70 7059
155 7911
189 8257
154 8553
145 9001
161 9407
162 9883
151 10195
49 10565
231 10799
56 11301
248 11605
51 12151
227 12356
95 13079
104 13463
91 14025
134 14396
87 14706
135 15240
23 15739
90 16270
26 17001
25 17353
244 17536
236 17632
218 18164
253 18432
216 18708
28 18885
217 19145
120 19253
34 19638
63 19856
53 20158
157 20320
75 20592
# BEST TD SOLUTION: 20785
