# INSTANCE: InstancesTDTSP/inst_100_19.txt InstancesTDTSP/tdtsp_bench_255_6h00_12h30_10p_ti_mirrored.txt
# ALGORITHM: TDNOOVERLAP RESTART
# NUMBER OF VISITS: 100
# NUMBER OF TIME WINDOWS: 130
# TIME LIMIT: 7200
# EXTRACTION TIME: 236.65
* 0.05 45137
* 0.08 45095
* 0.21 44882
* 0.24 44604
* 0.27 44464
* 0.3 44417
* 0.34 44358
* 0.36 44302
* 0.4 44226
* 0.51 44200
* 1 44041
* 1.07 43644
* 1.39 43597
* 1.42 43553
* 1.56 43513
* 108.13 43511
* 111.29 43457
* 126.24 43432
* 127.56 43426
* 135.54 43400
* 136.21 43398
* 136.26 43305
* 136.97 43253
* 137.02 43204
* 137.28 43177
* 139.1 43171
* 139.85 43138
* 152.24 43089
* 152.42 42442
* 160.1 42439
* 160.12 42352
* 162.45 42311
* 163.15 42274
* 163.18 42264
* 163.77 42254
* 168.1 42230
* 168.87 42219
* 169.32 42150
* 179.84 42137
* 180.42 42059
* 180.49 42047
* 184.37 41883
* 185.14 41876
* 192.47 41864
* 193.7 41812
* 217.15 41719
* 218.06 41650
* 219.96 41551
* 221.3 41478
* 229.16 41423
* 249.29 41412
* 249.71 41376
* 254.34 41234
* 257.47 40942
* 258.04 40937
* 258.2 40447
* 259.61 40383
* 259.81 40323
* 260.97 40320
* 280.73 40281
* 281.37 40231
* 282.76 40096
* 285.71 40080
* 293.95 40068
* 294.08 39980
* 294.74 39969
* 295.35 39870
* 312.83 39846
* 318.09 39838
* 342.68 39764
* 344.9 39712
* 367.68 39613
* 368.78 39604
* 372.05 39585
* 381.81 39485
* 383.1 39481
* 383.13 39427
* 384.31 39237
* 384.33 39228
* 384.37 39198
* 384.92 39134
* 385.51 38995
* 389.46 38867
* 391.58 38850
* 412.53 38769
* 412.83 38764
* 414.9 38730
* 415 38568
* 421 38547
* 433.07 38469
* 448.31 38461
* 567.29 38459
# SOLUTION FOUND
# OPTIMALITY NOT PROVED
# BEST SOLUTION: 38459
# NUMBER OF BRANCHES: 8568486
# END TIME: 7436.66
## Solution: 
100
106 0
239 266
4 545
194 1141
177 1317
179 1712
184 2578
178 3289
176 3498
171 3794
173 4205
174 4600
195 4967
186 5410
181 5797
213 6515
168 6749
74 7219
83 7636
206 8300
78 8650
69 9053
221 9490
226 10025
240 10181
207 11219
129 12024
128 12538
54 12981
229 13424
122 13704
39 14046
231 14200
61 14442
49 14723
140 14974
152 15433
163 15676
160 15978
153 16221
192 16612
145 16802
154 17189
155 17560
40 18033
52 18295
45 18546
124 18917
60 19265
159 19816
156 20018
56 20307
64 20684
125 20808
228 21191
35 21703
227 21940
199 22265
96 22763
100 23395
103 23661
88 24190
55 24558
135 24770
57 24896
89 25695
238 26038
102 26540
20 26908
117 27261
196 27817
198 28245
29 28709
233 28963
244 29174
201 29612
246 29893
215 30187
218 30485
252 30797
119 31154
217 31459
31 31693
254 31858
116 31936
44 32318
126 32579
121 32845
65 32940
157 33279
225 33944
18 34245
7 34612
16 34889
12 35273
2 35543
136 36175
17 37103
247 37629
0 37951
# BEST TD SOLUTION: 38459
