# INSTANCE: DATA_TDTSP_randomd/10/bench_10_selected/ALL/inst_10_5.txt DATA_TDTSP/tdtsp_bench_255_6h00_12h30_10p_ti_mirrored.txt
# ALGORITHM: TDNOOVERLAP RESTART
# NUMBER OF VISITS: 10
# NUMBER OF TIME WINDOWS: 130
# TIME LIMIT: 7200
 ! ----------------------------------------------------------------------------
 ! Minimization problem - 13 variables, 5 constraints, 1 phase
 ! Presolve      : 1 extractable eliminated
 ! SearchType           = DepthFirst
 ! Workers              = 1
 ! RelativeOptimalityTolerance = 1e-009
 ! Initial process time : 0.09s (0.09s extraction + 0.00s propagation)
 # Extraction breakdown : 0.09s concert translation + 0.00s presolve
 !  . Log search space  : 34.6 (before), 34.6 (after)
 !  . Memory usage      : 545.5 kB (before), 545.5 kB (after)
 ! Using sequential search.
 # Presolve memory usage: 35.4 kB
 #  . Model: 9.8 kB (original) + 0 bytes (presolved)
 #  . Master: 9.2 kB (extractor) + 8.2 kB (converter) + 8.2 kB (other)
 ! ----------------------------------------------------------------------------
 !          Best Branches  Non-fixed            Branch decision
 *         10741       18 0.09s                 on 10
* 0.097 10741
 *         10688       42 0.09s                 on 10
* 0.098 10688
 *          9982       66 0.09s                 on 10
* 0.098 9982
 *          9933      103 0.09s                 on 10
* 0.098 9933
 *          9801      125 0.09s                 on 10
* 0.098 9801
 *          9458      155 0.09s                 on 10
* 0.098 9458
            9458     1000         11        F   on 6
            9458     2000         11            on 9
 *          9428     2846 0.12s                 on 10
* 0.126 9428
            9428     3000         11            on 1
 *          9140     3953 0.13s                 on 10
* 0.137 9140
 *          8910     3974 0.13s                 on 10
* 0.137 8910
 *          8840     3998 0.13s                 on 10
* 0.137 8840
            8840     4000          2        F        -
 ! ----------------------------------------------------------------------------
 ! Search terminated normally, 10 solutions found.
 ! Best objective         : 8840 (optimal - effective tol. is 0)
 ! Number of branches     : 4232
 ! Number of fails        : 2118
 ! Total memory usage     : 7.4 MB (0.6 MB CP Optimizer + 6.8 MB Concert)
 ! Time spent in solve    : 0.14s (0.04s engine + 0.09s extraction)
 # Extraction breakdown   : 0.09s concert translation + 0.00s presolve
 ! Search speed (br. / s) : 98418.6
 ! ----------------------------------------------------------------------------
# SOLUTION FOUND
# OPTIMALITY PROVED
# BEST SOLUTION: 8840
# NUMBER OF BRANCHES: 4232
# END TIME: 0.14
## Solution: 
10
202 0
108 757
4 1090
50 2544
231 4119
147 5093
175 5940
168 6418
77 6737
236 7829
# BEST TD SOLUTION: 8840
