# INSTANCE: InstancesTDTSP/NewTWinstances/inst_10_10_TW.txt InstancesTDTSP/tdtsp_bench_255_6h00_12h30_10p_ti_mirrored.txt
# ALGORITHM: CPP_NEXT
# NUMBER OF VISITS: 10
# NUMBER OF TIME WINDOWS: 130
# TIME LIMIT: 7200
* 0.201 10804
* 0.511 10784
* 0.524 10456
* 0.54 10282
* 0.826 10248
* 1.423 9873
* 1.513 9687
* 1.538 9674
* 4.85 9520
* 4.896 9331
* 4.912 9304
* 14.396 9188
* 14.433 9159
# SOLUTION FOUND
# OPTIMALITY PROVED
# BEST SOLUTION: 9159
# NUMBER OF BRANCHES: 124869
# END TIME: 18.914
## Solution: 
10
48 0
107 1578
7 1882
11 3084
187 4135
123 5107
19 5541
133 6690
98 7675
105 8293
# BEST TD SOLUTION: 9159
