# INSTANCE: InstancesTDTSP/inst_100_3.txt InstancesTDTSP/tdtsp_bench_255_6h00_12h30_10p_ti_mirrored.txt
# ALGORITHM: TDNOOVERLAP RESTART
# NUMBER OF VISITS: 100
# NUMBER OF TIME WINDOWS: 130
# TIME LIMIT: 7200
# EXTRACTION TIME: 247.01
* 0.04 42120
* 0.09 42107
* 0.14 41643
* 0.27 41579
* 1.33 41451
* 1.55 41434
* 1.6 41363
* 1.67 41207
* 1.77 41196
* 1.84 40664
* 1.9 40658
* 1.97 40558
* 2.17 40544
* 2.21 40532
* 2.56 40526
* 3.1 40455
* 131.98 40410
* 132.14 40308
* 134.22 40292
* 137 40271
* 137.07 40173
* 174.77 40171
* 174.86 40133
* 193.31 39983
* 193.75 39969
* 193.84 39966
* 193.87 39909
* 199.76 39900
* 201.83 39898
* 219.58 39891
* 230.01 39828
* 230.04 39801
* 232.58 39666
* 232.65 39640
* 248.51 39630
* 248.85 39555
* 249.36 39535
* 249.4 39445
* 250.68 39330
* 262.81 39223
* 264.4 38895
* 277.06 38866
* 278.91 38856
* 286.26 38853
* 287.17 38730
* 300.07 38725
* 300.21 38608
* 303.64 38599
* 304.2 38580
* 308.87 38563
* 309.62 38519
* 320.65 38515
* 322.02 38512
* 323.26 38511
* 345.07 38455
* 345.96 38432
* 346.94 38376
* 347.19 38331
* 347.67 38179
* 349.46 38172
* 349.71 38118
* 351.15 38030
* 381.74 37995
* 382.52 37994
* 383.33 37991
* 386.7 37951
* 387.35 37935
* 390.99 37870
* 393.37 37858
* 393.63 37847
* 398.12 37813
* 398.59 37802
* 400 37640
* 400.04 37586
* 408.02 37512
* 408.09 37490
* 408.27 37295
* 408.51 37268
* 409.28 37259
* 410.95 37240
# SOLUTION FOUND
# OPTIMALITY NOT PROVED
# BEST SOLUTION: 37240
# NUMBER OF BRANCHES: 13234771
# END TIME: 7447.03
## Solution: 
100
225 0
18 292
113 497
111 1080
0 1434
109 1765
239 2354
6 2698
108 2981
250 3389
5 3969
112 4145
10 4546
114 5234
2 5561
177 6254
179 6828
183 7565
71 7918
213 8134
168 8375
208 8632
75 9073
81 9432
210 9680
85 9981
69 10363
204 10620
209 10981
241 11215
22 11852
86 12167
24 12506
63 12712
129 13081
32 13494
166 13700
148 14065
191 14331
47 14587
52 14773
123 15088
45 15217
220 15663
252 15757
238 16089
57 16574
48 16681
62 17140
55 17397
99 17711
134 18204
105 18408
87 18657
234 19087
41 19736
50 20239
228 20896
248 21199
232 21472
56 21989
58 22368
231 22495
61 22565
230 22720
49 23026
229 23271
140 23432
188 23968
144 24158
192 24579
190 25070
212 25525
169 26017
11 26310
173 26542
174 26702
186 26887
145 27374
187 27679
53 28114
44 28529
120 28984
217 29317
30 29572
251 29803
233 30128
25 30322
200 30562
117 31214
197 31632
29 32086
246 32328
21 32667
139 33662
224 34520
223 34994
226 35982
221 36450
67 36868
# BEST TD SOLUTION: 37240
