# INSTANCE: InstancesTDTSP/inst_30_16.txt InstancesTDTSP/tdtsp_bench_255_6h00_12h30_20p_ti_mirrored.txt
# ALGORITHM: TSP MEDIAN NOOVERLAP RESTART
# NUMBER OF VISITS: 30
# NUMBER OF TIME WINDOWS: 130
# TIME LIMIT: 3600
* 0 16001 18901
* 0 15276 17798
* 0 15157 17659
* 0 14972 17475
* 0.01 14928 17465
* 0.08 14850 17779
* 0.08 14659 17571
* 0.1 14288 17229
* 0.12 14210 17234
* 0.12 14200 17234
* 0.12 14180 17421
* 0.14 14157 17501
* 0.15 14118 17180
* 0.16 14113 17211
* 0.17 14098 16917
* 0.17 14093 16939
* 0.18 14073 16839
* 0.18 14034 16869
* 0.18 13990 16472
* 0.18 13922 16469
* 0.18 13803 16264
* 0.19 13795 16547
* 0.19 13657 16370
* 0.75 13613 16267
* 0.76 13590 16255
* 0.77 13570 16192
* 0.83 13530 16239
* 0.87 13456 16075
* 1.14 13317 15636
* 1.16 13252 15548
* 1.17 13234 15698
* 1.34 13198 15566
* 1.35 13163 15763
* 1.37 13146 15707
* 1.71 13092 15500
* 1.74 13080 15479
# SOLUTION FOUND
# OPTIMALITY NOT PROVED
# BEST TSP SOLUTION: 13080
# NUMBER OF BRANCHES: 125803442
# END TIME: 3600
## Solution with TDTSP times: 
30
104 0
103 578
55 1154
58 1555
243 1820
140 2051
167 2490
142 3059
156 3739
122 4673
47 5073
116 5608
54 6457
72 7114
85 7556
170 8116
71 8585
213 8915
18 9844
3 10322
13 10611
9 11175
115 11478
2 11980
6 12302
107 12644
139 13255
245 14229
97 14931
134 15271
# BEST TD SOLUTION: 15479
