# INSTANCE: InstancesTDTSP/inst_50_7.txt InstancesTDTSP/tdtsp_bench_255_6h00_12h30_20p_ti_mirrored.txt
# ALGORITHM: TSP MEDIAN NOOVERLAP RESTART
# NUMBER OF VISITS: 50
# NUMBER OF TIME WINDOWS: 130
# TIME LIMIT: 7200
* 0 35733 40153
* 0 23051 24765
* 0.01 22328 24278
* 0.02 22036 23930
* 0.03 21921 23805
* 0.13 21906 23912
* 0.13 21870 23965
* 0.13 21866 23977
* 0.16 21843 24083
* 0.17 21830 24071
* 0.17 21797 23718
* 0.19 21758 23727
* 1.95 21745 23622
* 2.01 21737 23576
* 2.16 21596 23372
* 2.2 21595 23372
* 2.36 21496 23589
* 2.66 21492 23162
* 2.67 21439 23182
* 2.73 21420 23533
* 2.81 21398 23470
* 2.84 21383 23395
* 2.86 21350 23477
* 2.96 21334 23402
* 2.96 21303 23153
* 3.04 21295 23224
* 3.06 21179 23060
* 3.37 21133 23052
* 3.46 21089 23013
* 3.57 21081 23013
* 4.22 21072 23033
# SOLUTION FOUND
# OPTIMALITY NOT PROVED
# BEST TSP SOLUTION: 21072
# NUMBER OF BRANCHES: 154927181
# END TIME: 7200
## Solution with TDTSP times: 
50
121 0
46 175
42 584
119 980
216 1339
30 1593
26 1934
245 2216
237 2617
215 3253
120 3903
48 5051
124 5485
36 6100
64 6453
232 6753
35 7578
87 8664
102 9864
249 11005
207 11988
209 12729
210 13042
83 13305
84 13540
77 13891
71 14177
11 14710
67 15338
113 15785
2 16154
17 16564
247 16963
0 17384
13 18011
110 18313
9 18720
139 19217
66 19755
128 20283
54 20724
149 20890
158 20959
145 21314
153 21550
146 21694
160 21978
152 22273
229 22511
38 22734
# BEST TD SOLUTION: 23033
