# INSTANCE: InstancesTDTSP/inst_100_9.txt InstancesTDTSP/tdtsp_bench_255_6h00_12h30_mirrored.txt
# ALGORITHM: TDNOOVERLAP RESTART
# NUMBER OF VISITS: 100
# NUMBER OF TIME WINDOWS: 130
# TIME LIMIT: 7200
# EXTRACTION TIME: 233.92
* 0.05 43354
* 0.24 43116
* 0.28 42941
* 0.64 42885
* 2.52 42385
* 2.68 42184
* 21.15 41957
* 155.98 41955
* 156.78 41933
* 161.89 41924
* 177.39 41915
* 185.39 41841
* 195.8 41840
* 201.98 41770
* 206.83 41688
* 208.81 41687
* 208.86 41496
* 219.02 41426
* 226.37 41257
* 236.87 41100
* 237 41014
* 239.16 40903
* 239.27 40901
* 239.82 40661
* 240.11 40650
* 257.4 40640
* 259.46 40595
* 264.58 40507
* 265.14 40357
* 265.63 40281
* 268.06 40184
* 268.57 40124
* 272.63 39982
* 273.27 39307
* 311.54 39304
* 311.7 39303
* 316.79 39283
* 348.74 39282
* 351.69 39270
* 420.87 39129
* 423.41 39073
* 423.53 38892
* 429.73 38889
* 430.24 38858
* 437.59 38822
* 440.58 38815
* 443.45 38797
* 443.58 38765
* 443.65 38759
* 445.94 38742
* 456.99 38721
* 521.43 38711
* 521.48 38709
* 525.19 38694
* 533.69 38691
* 534.85 38689
* 542.19 38685
* 551.73 38624
* 551.77 38618
* 551.82 38600
* 552.61 38578
* 558.91 38574
* 561.19 38559
* 561.46 38558
* 564.95 38549
* 565.72 38542
* 567.18 38529
* 570.82 38505
* 576.37 38316
* 576.41 38313
* 580.92 38311
* 595.64 38299
* 636.12 38261
* 636.28 38235
* 641.46 38198
* 642.3 38190
* 644.25 38189
# SOLUTION FOUND
# OPTIMALITY NOT PROVED
# BEST SOLUTION: 38189
# NUMBER OF BRANCHES: 11372158
# END TIME: 7433.94
## Solution: 
100
243 0
49 167
38 375
122 501
47 785
126 1013
46 1209
37 1353
151 1707
147 2028
154 2225
166 2599
189 2868
155 3066
53 3478
79 3853
74 4228
77 4576
130 4921
34 5432
31 5941
254 6274
44 6793
52 7100
43 7488
140 7964
167 8450
142 8916
164 9289
165 9556
160 9898
144 10108
162 10338
212 10873
174 11398
195 11610
11 11851
171 12042
178 12527
179 12953
177 13460
194 13618
14 14082
12 14332
108 14625
8 14907
9 15235
250 15349
5 15647
110 15910
16 16037
1 16425
15 17015
0 17432
247 17731
109 17855
139 19067
203 19859
76 20142
73 20442
204 20725
205 21004
202 21317
82 21644
226 22168
224 22893
132 23779
118 24303
215 24729
200 25170
25 25450
246 25898
249 26562
198 27014
20 27398
117 27609
102 27941
94 28262
93 28778
238 29128
219 29759
23 30032
19 30326
57 30677
55 31152
135 31279
234 31788
89 32369
104 32858
96 33335
41 34087
50 34435
64 35163
125 35384
36 35672
232 36142
159 36646
56 37259
61 37580
230 37902
# BEST TD SOLUTION: 38189
