# INSTANCE: DATA_TDTSP_randomd/10/bench_10_selected/ALL/inst_10_19.txt DATA_TDTSP/tdtsp_bench_255_6h00_12h30_mirrored.txt
# ALGORITHM: TDNOOVERLAP RESTART
# NUMBER OF VISITS: 10
# NUMBER OF TIME WINDOWS: 130
# TIME LIMIT: 7200
 ! ----------------------------------------------------------------------------
 ! Minimization problem - 13 variables, 5 constraints, 1 phase
 ! Presolve      : 1 extractable eliminated
 ! SearchType           = DepthFirst
 ! Workers              = 1
 ! RelativeOptimalityTolerance = 1e-009
 ! Initial process time : 0.09s (0.09s extraction + 0.00s propagation)
 # Extraction breakdown : 0.09s concert translation + 0.00s presolve
 !  . Log search space  : 34.6 (before), 34.6 (after)
 !  . Memory usage      : 545.5 kB (before), 545.5 kB (after)
 ! Using sequential search.
 # Presolve memory usage: 35.4 kB
 #  . Model: 9.8 kB (original) + 0 bytes (presolved)
 #  . Master: 9.2 kB (extractor) + 8.2 kB (converter) + 8.2 kB (other)
 ! ----------------------------------------------------------------------------
 !          Best Branches  Non-fixed            Branch decision
 *          7467       18 0.09s                 on 10
* 0.097 7467
 *          7394       40 0.09s                 on 10
* 0.097 7394
 *          7170       68 0.09s                 on 10
* 0.097 7170
 *          7099       89 0.09s                 on 10
* 0.097 7099
 *          7098      116 0.09s                 on 8
* 0.097 7098
 *          6842      137 0.09s                 on 10
* 0.097 6842
 *          6613      161 0.09s                 on 10
* 0.098 6613
 *          6572      182 0.09s                 on 10
* 0.098 6572
 *          6549      207 0.09s                 on 10
* 0.098 6549
 *          6544      228 0.09s                 on 10
* 0.098 6544
 *          6483      253 0.09s                 on 10
* 0.098 6483
 *          6424      274 0.09s                 on 10
* 0.098 6424
 *          6351      546 0.10s                 on 10
* 0.101 6351
 *          6335      567 0.10s                 on 10
* 0.101 6335
            6335     1000         11            on 1
 ! ----------------------------------------------------------------------------
 ! Search terminated normally, 14 solutions found.
 ! Best objective         : 6335 (optimal - effective tol. is 0)
 ! Number of branches     : 1020
 ! Number of fails        : 512
 ! Total memory usage     : 8.0 MB (0.6 MB CP Optimizer + 7.3 MB Concert)
 ! Time spent in solve    : 0.10s (0.01s engine + 0.09s extraction)
 # Extraction breakdown   : 0.09s concert translation + 0.00s presolve
 ! Search speed (br. / s) : 102000.0
 ! ----------------------------------------------------------------------------
# SOLUTION FOUND
# OPTIMALITY PROVED
# BEST SOLUTION: 6335
# NUMBER OF BRANCHES: 1020
# END TIME: 0.107
## Solution: 
10
11 0
176 428
6 1352
86 2733
24 3172
53 3495
65 3884
142 4641
141 4767
186 5926
# BEST TD SOLUTION: 6335
