# INSTANCE: InstancesTDTSP/inst_10_10.txt InstancesTDTSP/tdtsp_bench_255_6h00_12h30_mirrored.txt
# ALGORITHM: CPP_NEXT
# NUMBER OF VISITS: 10
# NUMBER OF TIME WINDOWS: 130
# TIME LIMIT: 7200
* 0.046 10526
* 0.062 10059
* 0.093 9921
* 0.14 9920
* 0.14 9919
* 0.171 9821
* 0.171 9760
* 0.171 9640
* 0.171 9637
* 0.171 9466
* 0.187 9463
* 0.312 9360
* 0.312 9311
* 0.748 9200
* 0.748 9053
* 0.748 9002
# SOLUTION FOUND
# OPTIMALITY PROVED
# BEST SOLUTION: 9002
# NUMBER OF BRANCHES: 31170
# END TIME: 3.512
## Solution: 
10
48 0
123 438
7 1789
107 2359
11 3684
187 4670
19 5622
133 6693
98 7612
105 8188
# BEST TD SOLUTION: 9002
