# INSTANCE: InstancesTDTSP/inst_100_6.txt InstancesTDTSP/tdtsp_bench_255_6h00_12h30_20p_ti_mirrored.txt
# ALGORITHM: TSP MEDIAN NOOVERLAP RESTART
# NUMBER OF VISITS: 100
# NUMBER OF TIME WINDOWS: 130
# TIME LIMIT: 7200
* 0.01 65264 69369
* 0.02 40774 43765
* 0.03 39798 41106
* 0.08 39778 41421
* 0.11 39522 40845
* 0.49 39429 40933
* 0.51 39310 40946
* 0.51 39286 41189
* 0.54 39240 41433
* 0.56 39236 41433
* 0.62 39225 41086
* 0.66 39193 40888
* 0.72 39188 41009
* 0.73 39138 41116
* 0.73 39010 40926
* 0.74 38904 40414
* 0.76 38875 40144
* 0.76 38869 39978
* 0.85 38735 39841
* 0.96 38717 39841
* 0.97 38697 39522
* 0.97 38652 39660
* 1.01 38606 39660
* 1.04 38576 39483
* 1.05 38572 39483
* 1.11 38517 39041
* 1.14 38423 38996
* 1.17 38421 38999
* 1.2 38409 39276
* 1.25 38337 39277
* 1.27 38334 39233
* 1.28 38331 39315
* 1.32 38286 39315
* 2.52 38234 39315
* 2.52 38231 39514
* 2.53 38213 39514
* 2.53 38201 39514
* 2.59 38123 39315
* 2.71 38081 39315
* 10.49 38038 39315
* 11.01 37964 38249
* 11.22 37947 38171
* 11.85 37872 38121
* 11.85 37868 38073
* 11.93 37751 38059
* 12.49 37737 38249
* 12.57 37690 38422
* 12.61 37629 38060
* 13.14 37614 38012
* 13.41 37588 37994
* 13.69 37533 37812
* 14.2 37517 38074
* 14.22 37476 38257
* 14.65 37468 38126
* 15.01 37362 38267
* 15.58 37323 38603
* 16.09 37302 38152
* 16.63 37259 38152
* 16.67 37256 38078
* 16.7 37244 37765
* 16.72 37214 37400
* 16.83 37208 37378
* 16.97 37148 37723
* 18.46 37146 37818
* 19.32 37123 37355
* 19.44 37087 37355
* 19.5 37062 37231
* 19.69 37043 37182
* 19.96 37025 37207
* 22.75 36948 37000
* 23.84 36934 37162
* 27.23 36907 37202
* 30.73 36867 36935
* 54.26 36863 36562
* 56.23 36853 37432
* 58.1 36852 37631
* 84.23 36835 37492
* 185.8 36806 37538
* 204.65 36791 37514
* 204.68 36768 37482
* 214.83 36754 36915
* 5839.74 36722 36501
* 5839.92 36718 36886
# SOLUTION FOUND
# OPTIMALITY NOT PROVED
# BEST TSP SOLUTION: 36718
# NUMBER OF BRANCHES: 75534210
# END TIME: 7200.02
## Solution with TDTSP times: 
100
79 0
74 304
214 539
208 764
83 1031
189 1466
146 1795
164 2175
165 2555
163 2917
188 3144
142 3397
156 3892
56 4413
61 4855
230 5107
243 5357
49 5489
191 6155
161 6833
174 7677
195 8009
11 8394
172 8772
169 9111
178 9331
180 9802
184 10348
15 11317
2 11882
6 12078
4 12329
1 12644
250 13045
16 13460
13 13837
114 13981
108 14084
8 14397
139 14810
221 15620
70 15987
82 16171
211 16622
205 16794
72 17167
204 17456
210 17675
84 18030
128 18437
63 18877
53 19226
157 19441
27 19974
22 20180
116 20389
86 20726
126 20983
40 21227
47 21436
122 21635
58 22015
36 22396
64 22619
125 22723
228 23196
33 23509
35 23897
51 24087
133 24554
88 24916
234 25232
97 25478
89 25843
96 26497
91 27110
105 27591
59 28144
62 28509
55 28859
92 29232
48 29568
123 29999
220 30395
252 30706
216 31156
118 31355
26 31604
215 31942
237 32179
236 32382
246 32781
20 33259
117 33681
249 34280
207 34947
203 35535
129 36051
81 36391
80 36595
# BEST TD SOLUTION: 36886
