# INSTANCE: InstancesTDTSP/inst_100_20.txt InstancesTDTSP/tdtsp_bench_255_6h00_12h30_mirrored.txt
# ALGORITHM: TSP MEDIAN NOOVERLAP RESTART
# NUMBER OF VISITS: 100
# NUMBER OF TIME WINDOWS: 130
# TIME LIMIT: 7200
* 0.02 43621 46446
* 0.03 43469 46800
* 0.03 43363 45837
* 0.04 42928 46325
* 0.05 42764 46148
* 0.07 42590 45768
* 0.23 42575 45495
* 0.31 42558 45476
* 0.32 42555 45538
* 0.33 42360 45231
* 0.4 42328 45173
* 0.42 42289 45135
* 0.45 42030 44670
* 0.47 41903 44584
* 0.47 41898 44581
* 1.82 41847 44541
* 1.92 41786 44515
* 2 41737 44054
* 2.12 41587 43979
* 2.17 41410 43752
* 2.34 41077 43345
* 2.42 41024 43219
* 2.42 41015 43168
* 2.52 41006 43219
* 2.64 40954 43129
* 2.74 40904 43093
* 2.77 40694 42813
* 2.91 40659 42877
* 2.91 40599 42789
* 2.94 40574 42769
* 2.94 40571 42770
* 3.26 40562 42774
* 3.6 40510 42657
* 4.05 40497 42644
* 4.1 40424 42644
* 4.11 40393 42581
* 4.16 40391 42037
* 4.3 40321 41873
* 4.3 40249 41810
* 4.63 40232 41806
* 5.02 40105 41682
* 5.02 40095 41660
* 5.08 40086 41659
* 5.42 40082 41665
* 5.57 40058 41615
* 15.63 40018 41515
* 15.94 40014 41396
* 16.1 39976 41340
* 17.11 39935 41267
* 18.04 39926 41267
* 40.32 39890 41246
* 40.32 39812 41109
* 40.35 39796 41159
* 40.41 39791 41160
* 40.45 39787 41189
* 44.19 39783 41157
* 44.49 39772 41062
* 44.59 39730 41042
* 44.6 39659 40913
* 44.61 39658 40939
* 44.7 39655 40943
* 44.84 39654 40943
* 44.92 39640 40913
* 45.33 39639 40913
* 46.23 39576 40783
* 46.28 39550 40770
* 48.69 39540 40795
* 49.74 39516 40783
* 51.36 39507 40751
* 52.17 39479 40501
* 52.26 39475 40643
* 54.73 39430 40494
* 54.77 39428 40494
* 57.65 39423 40501
* 58.65 39400 40478
* 126.75 39358 40402
# SOLUTION FOUND
# OPTIMALITY NOT PROVED
# BEST TSP SOLUTION: 39358
# NUMBER OF BRANCHES: 90091609
# END TIME: 7200.01
## Solution with TDTSP times: 
100
101 0
91 392
105 809
134 975
87 1291
97 1708
89 2167
94 2616
93 3295
220 3980
252 4189
120 4728
44 5029
40 5428
127 5741
231 6157
49 6401
140 6745
167 7140
156 7547
165 8088
163 8587
153 8985
162 9088
151 9604
154 9892
149 10277
158 10530
191 10895
46 11314
229 11641
122 11799
47 12129
52 12510
23 13048
123 13432
251 13829
216 14080
118 14440
200 14895
233 15137
25 15396
244 15654
29 16132
117 16552
249 17221
129 18305
128 18657
86 19036
34 19273
63 19551
53 19794
75 20138
213 20460
225 21067
18 21433
179 21831
193 22236
176 22423
182 22853
195 23119
212 23574
74 24126
81 24356
79 24526
84 24870
78 25157
76 25475
73 25775
206 26063
82 26405
69 26560
209 27006
202 27297
222 27754
224 28459
9 29306
250 29452
112 29789
10 29960
7 30418
12 30847
6 31176
4 31432
106 31842
107 32134
136 32615
0 33324
247 33647
35 35251
228 35804
33 35957
232 36294
64 36698
135 37167
57 37343
62 37780
133 38381
103 39079
199 39690
# BEST TD SOLUTION: 40402
