# INSTANCE: InstancesTDTSP/inst_10_14.txt InstancesTDTSP/tdtsp_bench_255_6h00_12h30_10p_ti_mirrored.txt
# ALGORITHM: CPP_NEXT
# NUMBER OF VISITS: 10
# NUMBER OF TIME WINDOWS: 130
# TIME LIMIT: 7200
* 0.047 9973
* 0.062 9915
* 0.062 9846
* 0.078 9740
* 0.827 9728
* 0.827 9719
* 0.827 9674
* 0.952 9661
* 2.683 9558
* 2.683 9341
* 9.973 9337
* 16.244 9244
* 16.244 9190
* 16.244 9068
* 16.291 9006
* 16.93 8834
* 16.93 8819
# SOLUTION FOUND
# OPTIMALITY PROVED
# BEST SOLUTION: 8819
# NUMBER OF BRANCHES: 168372
# END TIME: 17.492
## Solution: 
10
94 0
136 1443
183 2798
204 3679
76 3950
128 4475
61 5555
230 5851
52 6616
105 7973
# BEST TD SOLUTION: 8819
