# INSTANCE: InstancesTDTSP/inst_50_11.txt InstancesTDTSP/tdtsp_bench_255_6h00_12h30_20p_ti_mirrored.txt
# ALGORITHM: TSP MEDIAN NOOVERLAP RESTART
# NUMBER OF VISITS: 50
# NUMBER OF TIME WINDOWS: 130
# TIME LIMIT: 7200
* 0 35023 37942
* 0 22984 25374
* 0.01 22826 25431
* 0.02 22782 25226
* 0.03 22749 25156
* 0.04 22614 25058
* 0.04 22602 25053
* 0.05 22569 25137
* 0.06 22521 24975
* 0.08 22454 24882
* 0.1 22437 24763
* 0.1 22387 24763
* 0.13 22368 24647
* 2.01 22350 24717
* 2.03 22338 24708
* 2.03 22203 24721
* 2.1 22143 24680
* 2.13 22134 24563
* 2.2 22081 24685
* 2.2 22043 24763
* 2.24 21842 24306
* 2.24 21717 24047
* 2.27 21693 24004
* 2.32 21596 23906
* 2.48 21529 23859
* 2.48 21524 23908
* 2.49 21276 23584
* 2.5 21151 23496
* 2.66 21115 23423
* 2.75 21098 23486
* 2.83 21094 23501
* 3.67 21047 23443
* 4.08 21034 23328
* 4.12 21003 23306
* 6.39 20902 23372
* 6.71 20871 23340
* 7.24 20801 23302
* 7.26 20762 23126
# SOLUTION FOUND
# OPTIMALITY NOT PROVED
# BEST TSP SOLUTION: 20762
# NUMBER OF BRANCHES: 175731796
# END TIME: 7200
## Solution with TDTSP times: 
50
102 0
93 164
90 291
57 781
135 1054
64 1498
228 1758
35 2162
199 2924
101 3763
91 4562
134 5309
252 6496
254 7143
24 7658
54 8094
157 8341
229 9039
122 9248
47 9545
127 9716
56 10263
230 10573
152 11045
150 11494
192 12122
173 12704
208 13197
168 13454
183 13655
175 13885
18 14442
194 14733
17 15231
247 15722
15 16070
239 16342
7 16755
14 16987
114 17150
9 17390
223 18407
207 19454
205 20114
72 20493
206 20760
78 20900
22 21529
29 22125
198 22546
# BEST TD SOLUTION: 23126
